Log file open, 01/08/19 18:45:47
LogWindows: Failed to load 'aqProf.dll' (GetLastError=126)
LogWindows: File 'aqProf.dll' does not exist
LogWindows: Failed to load 'VSPerf140.dll' (GetLastError=126)
LogWindows: File 'VSPerf140.dll' does not exist
LogWindows: Failed to load 'VtuneApi.dll' (GetLastError=126)
LogWindows: File 'VtuneApi.dll' does not exist
LogWindows: Failed to load 'VtuneApi32e.dll' (GetLastError=126)
LogWindows: File 'VtuneApi32e.dll' does not exist
LogInit: Display: Running engine for game: TempleRun
LogPlatformFile: Not using cached read wrapper
LogTaskGraph: Started task graph with 5 named threads and 11 total threads with 3 sets of task threads.
LogStats: Stats thread started at 0.271157
LogD3D11RHI: Loaded GFSDK_Aftermath_Lib.x64.dll
LogICUInternationalization: Display: ICU TimeZone Detection - Raw Offset: +2:00, Platform Override: ''
LogPluginManager: Mounting plugin Paper2D
LogPluginManager: Mounting plugin AISupport
LogPluginManager: Mounting plugin LightPropagationVolume
LogPluginManager: Mounting plugin CLionSourceCodeAccess
LogPluginManager: Mounting plugin CodeLiteSourceCodeAccess
LogPluginManager: Mounting plugin GitSourceControl
LogPluginManager: Mounting plugin KDevelopSourceCodeAccess
LogPluginManager: Mounting plugin NullSourceCodeAccess
LogPluginManager: Mounting plugin PerforceSourceControl
LogPluginManager: Mounting plugin SubversionSourceControl
LogPluginManager: Mounting plugin UObjectPlugin
LogPluginManager: Mounting plugin VisualStudioCodeSourceCodeAccess
LogPluginManager: Mounting plugin VisualStudioSourceCodeAccess
LogPluginManager: Mounting plugin XCodeSourceCodeAccess
LogPluginManager: Mounting plugin AssetManagerEditor
LogPluginManager: Mounting plugin CryptoKeys
LogPluginManager: Mounting plugin DataValidation
LogPluginManager: Mounting plugin FacialAnimation
LogPluginManager: Mounting plugin GameplayTagsEditor
LogPluginManager: Mounting plugin MacGraphicsSwitching
LogPluginManager: Mounting plugin MeshEditor
LogPluginManager: Mounting plugin MobileLauncherProfileWizard
LogPluginManager: Mounting plugin PluginBrowser
LogPluginManager: Mounting plugin SpeedTreeImporter
LogPluginManager: Mounting plugin DatasmithContent
LogPluginManager: Mounting plugin AlembicImporter
LogPluginManager: Mounting plugin AppleImageUtils
LogPluginManager: Mounting plugin AppleVision
LogPluginManager: Mounting plugin BackChannel
LogPluginManager: Mounting plugin CharacterAI
LogPluginManager: Mounting plugin GeometryCache
LogPluginManager: Mounting plugin HTML5Networking
LogPluginManager: Mounting plugin ProxyLODPlugin
LogPluginManager: Mounting plugin MagicLeap
LogPluginManager: Mounting plugin MagicLeapEmulator
LogPluginManager: Mounting plugin MagicLeapMedia
LogPluginManager: Mounting plugin AndroidMedia
LogPluginManager: Mounting plugin AvfMedia
LogPluginManager: Mounting plugin ImgMedia
LogPluginManager: Mounting plugin LinearTimecode
LogPluginManager: Mounting plugin MediaCompositing
LogPluginManager: Mounting plugin MediaPlayerEditor
LogPluginManager: Mounting plugin WmfMedia
LogPluginManager: Mounting plugin TcpMessaging
LogPluginManager: Mounting plugin UdpMessaging
LogPluginManager: Mounting plugin ActorSequence
LogPluginManager: Mounting plugin LevelSequenceEditor
LogPluginManager: Mounting plugin MatineeToLevelSequence
LogPluginManager: Mounting plugin NetcodeUnitTest
LogPluginManager: Mounting plugin NUTUnrealEngine4
LogPluginManager: Mounting plugin OnlineSubsystemGooglePlay
LogPluginManager: Mounting plugin OnlineSubsystemIOS
LogPluginManager: Mounting plugin OnlineSubsystem
LogPluginManager: Mounting plugin OnlineSubsystemNull
LogPluginManager: Mounting plugin OnlineSubsystemUtils
LogPluginManager: Mounting plugin LauncherChunkInstaller
LogPluginManager: Mounting plugin AndroidDeviceProfileSelector
LogPluginManager: Mounting plugin AndroidMoviePlayer
LogPluginManager: Mounting plugin AndroidPermission
LogPluginManager: Mounting plugin AppleMoviePlayer
LogPluginManager: Mounting plugin ArchVisCharacter
LogPluginManager: Mounting plugin AudioCapture
LogPluginManager: Mounting plugin CableComponent
LogPluginManager: Mounting plugin CustomMeshComponent
LogPluginManager: Mounting plugin EditableMesh
LogPluginManager: Mounting plugin ExampleDeviceProfileSelector
LogPluginManager: Mounting plugin GoogleCloudMessaging
LogPluginManager: Mounting plugin ImmediatePhysics
LogPluginManager: Mounting plugin IOSDeviceProfileSelector
LogPluginManager: Mounting plugin LinuxDeviceProfileSelector
LogPluginManager: Mounting plugin LocationServicesBPLibrary
LogPluginManager: Mounting plugin MobilePatchingUtils
LogPluginManager: Mounting plugin OculusVR
LogPluginManager: Plugin shader directory ../../../Engine/Plugins/Runtime/Oculus/OculusVR/Shaders found
LogPluginManager: Mapping shader source directory ../../../Engine/Plugins/Runtime/Oculus/OculusVR/Shaders to virtual directory /Plugin/OculusVR
LogPluginManager: Mounting plugin PhysXVehicles
LogPluginManager: Mounting plugin ProceduralMeshComponent
LogPluginManager: Mounting plugin RuntimePhysXCooking
LogPluginManager: Mounting plugin SteamVR
LogPluginManager: Mounting plugin WindowsMoviePlayer
LogStreaming: Display: Took  0.108s to configure plugins.
LogInit: Using libcurl 7.55.1-DEV
LogInit:  - built for x86_64-pc-win32
LogInit:  - supports SSL with OpenSSL/1.0.2h
LogInit:  - supports HTTP deflate (compression) using libz 1.2.8
LogInit:  - other features:
LogInit:      CURL_VERSION_SSL
LogInit:      CURL_VERSION_LIBZ
LogInit:      CURL_VERSION_IPV6
LogInit:      CURL_VERSION_ASYNCHDNS
LogInit:      CURL_VERSION_LARGEFILE
LogInit:      CURL_VERSION_IDN
LogInit:  CurlRequestOptions (configurable via config and command line):
LogInit:  - bVerifyPeer = false  - Libcurl will NOT verify peer certificate
LogInit:  - bUseHttpProxy = false  - Libcurl will NOT use HTTP proxy
LogInit:  - bDontReuseConnections = false  - Libcurl will reuse connections
LogInit:  - CertBundlePath = nullptr  - Libcurl will use whatever was configured at build time.
LogInit:  - MaxHostConnections = 16  - Libcurl will limit the number of connections to a host
LogInit:  - LocalHostAddr = Default
LogInit:  - BufferSize = 65536
LogInit: WinSock: version 1.1 (2.2), MaxSocks=32767, MaxUdp=65467
LogInit: Build: ++UE4+Release-4.20-CL-4369336
LogInit: Engine Version: 4.20.3-4369336+++UE4+Release-4.20
LogInit: Compatible Engine Version: 4.20.0-4212847+++UE4+Release-4.20
LogInit: Net CL: 4212847
LogInit: OS: Windows 10 (), CPU: Intel(R) Core(TM) i7-5500U CPU @ 2.40GHz, GPU: Intel(R) HD Graphics 5500
LogInit: Compiled (64-bit): Sep 17 2018 12:26:19
LogInit: Compiled with Visual C++: 19.13.26129.00
LogInit: Build Configuration: Development
LogInit: Branch Name: ++UE4+Release-4.20
LogInit: Command Line:  /Game/ThirdPersonBP/Levels/MainMenu -game -PIEVIACONSOLE -ResX=1280 -ResY=720  -Multiprocess -messaging -SessionName="Play in Standalone Game" -windowed 
LogInit: Base Directory: C:/Program Files/Epic Games/UE_4.20/Engine/Binaries/Win64/
LogInit: Installed Engine Build: 1
LogDevObjectVersion: Number of dev versions registered: 20
LogDevObjectVersion:   Dev-Blueprints (B0D832E4-1F89-4F0D-ACCF-7EB736FD4AA2): 10
LogDevObjectVersion:   Dev-Build (E1C64328-A22C-4D53-A36C-8E866417BD8C): 0
LogDevObjectVersion:   Dev-Core (375EC13C-06E4-48FB-B500-84F0262A717E): 2
LogDevObjectVersion:   Dev-Editor (E4B068ED-F494-42E9-A231-DA0B2E46BB41): 24
LogDevObjectVersion:   Dev-Framework (CFFC743F-43B0-4480-9391-14DF171D2073): 34
LogDevObjectVersion:   Dev-Mobile (B02B49B5-BB20-44E9-A304-32B752E40360): 2
LogDevObjectVersion:   Dev-Networking (A4E4105C-59A1-49B5-A7C5-40C4547EDFEE): 0
LogDevObjectVersion:   Dev-Online (39C831C9-5AE6-47DC-9A44-9C173E1C8E7C): 0
LogDevObjectVersion:   Dev-Physics (78F01B33-EBEA-4F98-B9B4-84EACCB95AA2): 0
LogDevObjectVersion:   Dev-Platform (6631380F-2D4D-43E0-8009-CF276956A95A): 0
LogDevObjectVersion:   Dev-Rendering (12F88B9F-8875-4AFC-A67C-D90C383ABD29): 26
LogDevObjectVersion:   Dev-Sequencer (7B5AE74C-D270-4C10-A958-57980B212A5A): 9
LogDevObjectVersion:   Dev-VR (D7296918-1DD6-4BDD-9DE2-64A83CC13884): 2
LogDevObjectVersion:   Dev-LoadTimes (C2A15278-BFE7-4AFE-6C17-90FF531DF755): 1
LogDevObjectVersion:   Private-Geometry (6EACA3D4-40EC-4CC1-B786-8BED09428FC5): 3
LogDevObjectVersion:   Dev-AnimPhys (29E575DD-E0A3-4627-9D10-D276232CDCEA): 17
LogDevObjectVersion:   Dev-ReflectionCapture (6B266CEC-1EC7-4B8F-A30B-E4D90942FC07): 1
LogDevObjectVersion:   Dev-Automation (0DF73D61-A23F-47EA-B727-89E90C41499A): 1
LogDevObjectVersion:   FortniteMain (601D1886-AC64-4F84-AA16-D3DE0DEAC7D6): 12
LogDevObjectVersion:   Dev-Enterprise (9DFFBCD6-494F-0158-E221-12823C92A888): 1
LogStreaming: Display: Took  0.005s to delete old logs.
LogInit: Presizing for max 8388607 objects, including 0 objects not considered by GC, pre-allocating 0 bytes for permanent pool.
LogInit: Object subsystem initialized
[2019.01.08-16.45.48:360][  0]LogInit: Selected Device Profile: [Windows]
[2019.01.08-16.45.48:360][  0]LogInit: Applying CVar settings loaded from the selected device profile: [Windows]
[2019.01.08-16.45.48:370][  0]LogHAL: Display: Platform has ~ 8 GB [8488329216 / 8589934592 / 8], which maps to Default [LargestMinGB=32, LargerMinGB=12, DefaultMinGB=8, SmallerMinGB=6, SmallestMinGB=0)
[2019.01.08-16.45.48:371][  0]LogInit: Setting Device Profile CVar: [[r.Vulkan.UseRealUBs:1]]
[2019.01.08-16.45.48:371][  0]LogInit: Going up to parent DeviceProfile []
[2019.01.08-16.45.48:372][  0]LogInit: Computer: DESKTOP-GD1OE23
[2019.01.08-16.45.48:372][  0]LogInit: User: אורלי
[2019.01.08-16.45.48:372][  0]LogInit: CPU Page size=4096, Cores=2
[2019.01.08-16.45.48:372][  0]LogInit: High frequency timer resolution =2.340363 MHz
[2019.01.08-16.45.48:373][  0]LogMemory: Memory total: Physical=7.9GB (8GB approx)
[2019.01.08-16.45.48:373][  0]LogMemory: Platform Memory Stats for Windows
[2019.01.08-16.45.48:373][  0]LogMemory: Process Physical Memory: 99.86 MB used, 99.86 MB peak
[2019.01.08-16.45.48:373][  0]LogMemory: Process Virtual Memory: 84.24 MB used, 84.24 MB peak
[2019.01.08-16.45.48:373][  0]LogMemory: Physical Memory: 5483.48 MB used,  2611.63 MB free, 8095.10 MB total
[2019.01.08-16.45.48:373][  0]LogMemory: Virtual Memory: 485.85 MB used,  2611.63 MB free, 134217728.00 MB total
[2019.01.08-16.45.48:422][  0]LogInit: Using OS detected language (he-IL).
[2019.01.08-16.45.48:422][  0]LogInit: Using OS detected locale (he-IL).
[2019.01.08-16.45.48:423][  0]LogTextLocalizationManager: No localization for 'he-IL' exists, so 'en' will be used for the language.
[2019.01.08-16.45.48:423][  0]LogTextLocalizationManager: No localization for 'he-IL' exists, so 'en' will be used for the locale.
[2019.01.08-16.45.49:517][  0]LogStreaming: Display: Took  1.095s to InitEngineTextLocalization.
[2019.01.08-16.45.49:557][  0]LogSlate: New Slate User Created.  User Index 0, Is Virtual User: 0
[2019.01.08-16.45.49:557][  0]LogSlate: Slate User Registered.  User Index 0, Is Virtual User: 0
[2019.01.08-16.45.49:567][  0]LogHMD: Failed to initialize OpenVR with code 110
[2019.01.08-16.45.49:567][  0]LogD3D11RHI: D3D11 adapters:
[2019.01.08-16.45.49:577][  0]LogD3D11RHI:    0. 'Intel(R) HD Graphics 5500' (Feature Level 11_0)
[2019.01.08-16.45.49:577][  0]LogD3D11RHI:       128/0/4047 MB DedicatedVideo/DedicatedSystem/SharedSystem, Outputs:1, VendorId:0x8086
[2019.01.08-16.45.49:580][  0]LogD3D11RHI:    1. 'Microsoft Basic Render Driver' (Feature Level 11_0)
[2019.01.08-16.45.49:581][  0]LogD3D11RHI:       0/0/4047 MB DedicatedVideo/DedicatedSystem/SharedSystem, Outputs:0, VendorId:0x1414
[2019.01.08-16.45.49:581][  0]LogD3D11RHI: Chosen D3D11 Adapter: 0
[2019.01.08-16.45.49:592][  0]LogD3D11RHI: Creating new Direct3DDevice
[2019.01.08-16.45.49:593][  0]LogD3D11RHI:     GPU DeviceId: 0x1616 (for the marketing name, search the web for "GPU Device Id")
[2019.01.08-16.45.49:593][  0]LogWindows: EnumDisplayDevices:
[2019.01.08-16.45.49:593][  0]LogWindows:    0. 'Intel(R) HD Graphics 5500' (P:1 D:1)
[2019.01.08-16.45.49:594][  0]LogWindows:    1. 'Intel(R) HD Graphics 5500' (P:0 D:0)
[2019.01.08-16.45.49:594][  0]LogWindows:    2. 'Intel(R) HD Graphics 5500' (P:0 D:0)
[2019.01.08-16.45.49:595][  0]LogWindows: DebugString: FoundDriverCount:3 
[2019.01.08-16.45.49:595][  0]LogD3D11RHI:     Adapter Name: Intel(R) HD Graphics 5500
[2019.01.08-16.45.49:595][  0]LogD3D11RHI:   Driver Version: 20.19.15.4549 (internal:20.19.15.4549, unified:20.19.15.4549)
[2019.01.08-16.45.49:595][  0]LogD3D11RHI:      Driver Date: 11-10-2016
[2019.01.08-16.45.49:595][  0]LogRHI: Texture pool is 1506 MB (70% of 2151 MB)
[2019.01.08-16.45.49:602][  0]LogD3D11RHI: Async texture creation enabled
[2019.01.08-16.45.49:610][  0]LogD3D11RHI: GPU Timing Frequency: 12.500000 (Debug: 2 0)
[2019.01.08-16.45.49:612][  0]LogShaderCompilers: Guid format shader working directory is -34 characters bigger than the processId version (../../../../../../Users/אורלי/Documents/GitHub/TempelRun-UnrealEngine/TempleRun/Intermediate/Shaders/WorkingDirectory/10116/).
[2019.01.08-16.45.49:612][  0]LogShaderCompilers: Cleaned the shader compiler working directory 'C:/Users/אורלי/AppData/Local/Temp/UnrealShaderWorkingDir/A2D7B8764D65F2041466CDAC9ECF2E10/'.
[2019.01.08-16.45.50:045][  0]LogTemp: Display: Loaded TP WindowsClientTargetPlatform
[2019.01.08-16.45.50:068][  0]LogTemp: Display: Loaded TP WindowsNoEditorTargetPlatform
[2019.01.08-16.45.50:091][  0]LogTemp: Display: Loaded TP WindowsServerTargetPlatform
[2019.01.08-16.45.50:116][  0]LogTemp: Display: Loaded TP WindowsTargetPlatform
[2019.01.08-16.45.50:116][  0]LogTargetPlatformManager: Display: Building Assets For Windows
[2019.01.08-16.45.50:188][  0]LogXGEController: Cannot use XGE Controller as Incredibuild is not installed on this machine.
[2019.01.08-16.45.50:188][  0]LogShaderCompilers: Cannot use XGE Shader Compiler as Incredibuild is not installed on this machine.
[2019.01.08-16.45.50:188][  0]LogShaderCompilers: Display: Using Local Shader Compiler.
[2019.01.08-16.45.51:179][  0]LogDerivedDataCache: Display: Max Cache Size: 512 MB
[2019.01.08-16.45.51:272][  0]LogDerivedDataCache: Loaded boot cache 0.09s 71MB C:/Users/אורלי/AppData/Local/UnrealEngine/4.20/DerivedDataCache/Boot.ddc.
[2019.01.08-16.45.51:273][  0]LogDerivedDataCache: Display: Loaded Boot cache: C:/Users/אורלי/AppData/Local/UnrealEngine/4.20/DerivedDataCache/Boot.ddc
[2019.01.08-16.45.51:273][  0]LogDerivedDataCache: FDerivedDataBackendGraph:  Pak pak cache file ../../../../../../Users/אורלי/Documents/GitHub/TempelRun-UnrealEngine/TempleRun/DerivedDataCache/DDC.ddp not found, will not use a pak cache.
[2019.01.08-16.45.51:273][  0]LogDerivedDataCache: Unable to find inner node Pak for hierarchical cache Hierarchy.
[2019.01.08-16.45.51:273][  0]LogDerivedDataCache: FDerivedDataBackendGraph:  CompressedPak pak cache file ../../../../../../Users/אורלי/Documents/GitHub/TempelRun-UnrealEngine/TempleRun/DerivedDataCache/Compressed.ddp not found, will not use a pak cache.
[2019.01.08-16.45.51:273][  0]LogDerivedDataCache: Unable to find inner node CompressedPak for hierarchical cache Hierarchy.
[2019.01.08-16.45.51:292][  0]LogDerivedDataCache: Display: Pak cache opened for reading ../../../Engine/DerivedDataCache/Compressed.ddp.
[2019.01.08-16.45.51:304][  0]LogDerivedDataCache: Using Local data cache path C:/Users/אורלי/AppData/Local/UnrealEngine/Common/DerivedDataCache: Writable
[2019.01.08-16.45.51:304][  0]LogDerivedDataCache: Shared data cache path not found in *engine.ini, will not use an Shared cache.
[2019.01.08-16.45.51:304][  0]LogDerivedDataCache: Unable to find inner node Shared for hierarchical cache Hierarchy.
[2019.01.08-16.45.51:336][  0]LogMaterial: Verifying Global Shaders for PCD3D_SM5
[2019.01.08-16.45.51:340][  0]LogSlate: Using FreeType 2.6.0
[2019.01.08-16.45.51:340][  0]LogSlate: SlateFontServices - WITH_FREETYPE: 1, WITH_HARFBUZZ: 1
[2019.01.08-16.45.51:396][  0]LogInit: Using OS detected language (he-IL).
[2019.01.08-16.45.51:396][  0]LogInit: Using OS detected locale (he-IL).
[2019.01.08-16.45.51:396][  0]LogTextLocalizationManager: No localization for 'he-IL' exists, so 'en' will be used for the language.
[2019.01.08-16.45.51:396][  0]LogTextLocalizationManager: No localization for 'he-IL' exists, so 'en' will be used for the locale.
[2019.01.08-16.45.51:399][  0]LogStreaming: Display: Took  0.003s to InitGameTextLocalization.
[2019.01.08-16.45.51:407][  0]LogAssetRegistry: FAssetRegistry took 0.0056 seconds to start up
[2019.01.08-16.45.51:716][  0]LogPackageLocalizationCache: Processed 11 localized package path(s) for 1 prioritized culture(s) in 0.029385 seconds
[2019.01.08-16.45.51:951][  0]LogInit: Selected Device Profile: [Windows]
[2019.01.08-16.45.52:210][  0]LogSimplygon: Simplygon DLL not present - disabling.
[2019.01.08-16.45.52:216][  0]LogMeshReduction: Using SimplygonSwarm for distributed automatic mesh merging
[2019.01.08-16.45.52:217][  0]LogMeshReduction: Using ProxyLODMeshReduction for automatic mesh merging
[2019.01.08-16.45.52:217][  0]LogMeshReduction: Using QuadricMeshReduction for automatic static mesh reduction
[2019.01.08-16.45.52:217][  0]LogMeshReduction: No automatic skeletal mesh reduction module available
[2019.01.08-16.45.52:247][  0]LogNetVersion: TempleRun 1.0.0, NetCL: 4212847, EngineNetVer: 5, GameNetVer: 0 (Checksum: 2232543940)
[2019.01.08-16.45.53:036][  0]LogMoviePlayer: Initializing movie player
[2019.01.08-16.45.53:115][  0]LogWindowsTextInputMethodSystem: Display: IME system now deactivated.
[2019.01.08-16.45.53:289][  0]LogTcpMessaging: Initializing TcpMessaging bridge
[2019.01.08-16.45.53:301][  0]LogUdpMessaging: Initializing bridge on interface 0.0.0.0:0 to multicast group 230.0.0.1:6666.
[2019.01.08-16.45.53:462][  0]SourceControl: Source control is disabled
[2019.01.08-16.45.53:463][  0]SourceControl: Source control is disabled
[2019.01.08-16.45.53:465][  0]SourceControl: Source control is disabled
[2019.01.08-16.45.53:641][  0]LogAndroidPermission: UAndroidPermissionCallbackProxy::GetInstance
[2019.01.08-16.45.53:749][  0]LogOcInput: OculusInput pre-init called
[2019.01.08-16.45.53:770][  0]LogUObjectArray: 42168 objects as part of root set at end of initial load.
[2019.01.08-16.45.53:770][  0]LogUObjectAllocator: 7432344 out of 0 bytes used by permanent object pool.
[2019.01.08-16.45.53:770][  0]LogUObjectArray: CloseDisregardForGC: 0/0 objects in disregard for GC pool
[2019.01.08-16.45.53:902][  0]LogEngine: Initializing Engine...
[2019.01.08-16.45.53:903][  0]LogHMD: Failed to initialize OpenVR with code 110
[2019.01.08-16.45.53:917][  0]LogStats: UGameplayTagsManager::ConstructGameplayTagTree: ImportINI prefixes -  0.000 s
[2019.01.08-16.45.53:917][  0]LogStats: UGameplayTagsManager::ConstructGameplayTagTree: Construct from data asset -  0.000 s
[2019.01.08-16.45.53:917][  0]LogStats: UGameplayTagsManager::ConstructGameplayTagTree: ImportINI -  0.000 s
[2019.01.08-16.45.53:917][  0]LogStats: UGameplayTagsManager::ConstructGameplayTagTree: GameplayTagTreeChangedEvent.Broadcast -  0.000 s
[2019.01.08-16.45.54:282][  0]LogInit: Initializing FReadOnlyCVARCache
[2019.01.08-16.45.54:287][  0]LogInit: XAudio2 using 'Speakers (Realtek High Definition Audio)' : 2 channels at 48 kHz using 32 bits per sample (channel mask 0x3)
[2019.01.08-16.45.54:308][  0]LogInit: FAudioDevice initialized.
[2019.01.08-16.45.54:321][  0]LogNetVersion: Set ProjectVersion to 1.0.0.0. Version Checksum will be recalculated on next use.
[2019.01.08-16.45.54:328][  0]LogInit: Texture streaming: Enabled
[2019.01.08-16.45.54:564][  0]LogSlate: Updating window title bar state: overlay mode, drag disabled, window buttons hidden, title bar hidden
[2019.01.08-16.45.54:564][  0]LogInit: Display: Game Engine Initialized.
[2019.01.08-16.45.54:564][  0]LogGameplayTags: Display: UGameplayTagsManager::DoneAddingNativeTags. DelegateIsBound: 0
[2019.01.08-16.45.54:564][  0]LogStats: UGameplayTagsManager::ConstructGameplayTagTree: ImportINI prefixes -  0.000 s
[2019.01.08-16.45.54:564][  0]LogStats: UGameplayTagsManager::ConstructGameplayTagTree: Construct from data asset -  0.000 s
[2019.01.08-16.45.54:564][  0]LogStats: UGameplayTagsManager::ConstructGameplayTagTree: ImportINI -  0.000 s
[2019.01.08-16.45.54:564][  0]LogStats: UGameplayTagsManager::ConstructGameplayTagTree: GameplayTagTreeChangedEvent.Broadcast -  0.000 s
[2019.01.08-16.45.54:581][  0]LogInit: Display: Starting Game.
[2019.01.08-16.45.54:581][  0]LogNet: Browse: /Game/ThirdPersonBP/Levels/MainMenu?Name=Player
[2019.01.08-16.45.54:581][  0]LogLoad: LoadMap: /Game/ThirdPersonBP/Levels/MainMenu?Name=Player
[2019.01.08-16.45.54:657][  0]LogAIModule: Creating AISystem for world MainMenu
[2019.01.08-16.45.54:657][  0]LogLinker: Warning: Can't find file '/Game/ThirdPersonBP/Blueprints/ThirdPersonGameMode'
[2019.01.08-16.45.54:657][  0]LogUObjectGlobals: Warning: Failed to load '/Game/ThirdPersonBP/Blueprints/ThirdPersonGameMode': Can't find file '/Game/ThirdPersonBP/Blueprints/ThirdPersonGameMode'
[2019.01.08-16.45.54:657][  0]LogLinker: Warning: Can't find file '/Game/ThirdPersonBP/Blueprints/ThirdPersonGameMode'
[2019.01.08-16.45.54:657][  0]LogUObjectGlobals: Warning: Failed to load '/Game/ThirdPersonBP/Blueprints/ThirdPersonGameMode': Can't find file '/Game/ThirdPersonBP/Blueprints/ThirdPersonGameMode'
[2019.01.08-16.45.54:657][  0]LogUObjectGlobals: Warning: Failed to find object 'Class /Game/ThirdPersonBP/Blueprints/ThirdPersonGameMode.ThirdPersonGameMode_C'
[2019.01.08-16.45.54:658][  0]LogLoad: Game class is 'GameModeBase'
[2019.01.08-16.45.54:659][  0]LogWorld: Bringing World /Game/ThirdPersonBP/Levels/MainMenu.MainMenu up for play (max tick rate 0) at 2019.01.08-18.45.54
[2019.01.08-16.45.54:659][  0]LogWorld: Bringing up level for play took: 0.000538
[2019.01.08-16.45.54:659][  0]LogGameMode: FindPlayerStart: PATHS NOT DEFINED or NO PLAYERSTART with positive rating
[2019.01.08-16.45.54:665][  0]LogLoad: Took 0.084234 seconds to LoadMap(/Game/ThirdPersonBP/Levels/MainMenu)
[2019.01.08-16.45.54:730][  0]LogRenderer: Reallocating scene render targets to support 1280x720 Format 10 NumSamples 1 (Frame:1).
[2019.01.08-16.45.54:730][  0]LogLoad: (Engine Initialization) Total time: 8.75 seconds
[2019.01.08-16.45.54:730][  0]LogLoad: (Engine Initialization) Total Blueprint compile time: 0.00 seconds
[2019.01.08-16.45.55:087][  0]LogContentStreaming: Texture pool size now 1000 MB
[2019.01.08-16.45.57:417][ 66]LogSlate: FSceneViewport::OnFocusLost() reason 0
[2019.01.08-16.45.57:697][ 70]LogPackageName: SearchForPackageOnDisk took   0.166s to resolve Level1.umap.
[2019.01.08-16.45.57:837][ 70]LogPackageName: SearchForPackageOnDisk took   0.138s to resolve Level1.umap.
[2019.01.08-16.45.57:837][ 70]LogNet: Browse: /Game/ThirdPersonBP/Levels/Level1
[2019.01.08-16.45.57:837][ 70]LogLoad: LoadMap: /Game/ThirdPersonBP/Levels/Level1
[2019.01.08-16.45.59:002][ 70]LogAIModule: Creating AISystem for world Level1
[2019.01.08-16.45.59:002][ 70]LogLoad: Game class is 'RunGameMode_C'
[2019.01.08-16.45.59:006][ 70]LogWorld: Bringing World /Game/ThirdPersonBP/Levels/Level1.Level1 up for play (max tick rate 0) at 2019.01.08-18.45.59
[2019.01.08-16.45.59:007][ 70]LogWorld: Bringing up level for play took: 0.003185
[2019.01.08-16.45.59:059][ 70]LogLoad: Took 1.222374 seconds to LoadMap(/Game/ThirdPersonBP/Levels/Level1)
[2019.01.08-16.46.09:262][223]LogNet: Browse: /Game/ThirdPersonBP/Levels/Level1?restart
[2019.01.08-16.46.09:316][223]LogLoad: LoadMap: /Game/ThirdPersonBP/Levels/Level1
[2019.01.08-16.46.10:204][223]LogAIModule: Creating AISystem for world Level1
[2019.01.08-16.46.10:204][223]LogLoad: Game class is 'RunGameMode_C'
[2019.01.08-16.46.10:206][223]LogWorld: Bringing World /Game/ThirdPersonBP/Levels/Level1.Level1 up for play (max tick rate 0) at 2019.01.08-18.46.10
[2019.01.08-16.46.10:206][223]LogWorld: Bringing up level for play took: 0.001533
[2019.01.08-16.46.10:233][223]LogLoad: Took 0.917105 seconds to LoadMap(/Game/ThirdPersonBP/Levels/Level1)
[2019.01.08-16.46.12:295][265]LogNet: Browse: /Game/ThirdPersonBP/Levels/Level1?restart
[2019.01.08-16.46.12:343][265]LogLoad: LoadMap: /Game/ThirdPersonBP/Levels/Level1
[2019.01.08-16.46.13:592][265]LogAIModule: Creating AISystem for world Level1
[2019.01.08-16.46.13:593][265]LogLoad: Game class is 'RunGameMode_C'
[2019.01.08-16.46.13:596][265]LogWorld: Bringing World /Game/ThirdPersonBP/Levels/Level1.Level1 up for play (max tick rate 0) at 2019.01.08-18.46.13
[2019.01.08-16.46.13:597][265]LogWorld: Bringing up level for play took: 0.002390
[2019.01.08-16.46.13:626][265]LogLoad: Took 1.283702 seconds to LoadMap(/Game/ThirdPersonBP/Levels/Level1)
[2019.01.08-16.46.17:962][355]LogNet: Browse: /Game/ThirdPersonBP/Levels/Level1?restart
[2019.01.08-16.46.18:008][355]LogLoad: LoadMap: /Game/ThirdPersonBP/Levels/Level1
[2019.01.08-16.46.18:879][355]LogAIModule: Creating AISystem for world Level1
[2019.01.08-16.46.18:879][355]LogLoad: Game class is 'RunGameMode_C'
[2019.01.08-16.46.18:881][355]LogWorld: Bringing World /Game/ThirdPersonBP/Levels/Level1.Level1 up for play (max tick rate 0) at 2019.01.08-18.46.18
[2019.01.08-16.46.18:881][355]LogWorld: Bringing up level for play took: 0.001317
[2019.01.08-16.46.18:905][355]LogLoad: Took 0.896863 seconds to LoadMap(/Game/ThirdPersonBP/Levels/Level1)
[2019.01.08-16.46.26:856][489]LogNet: Browse: /Game/ThirdPersonBP/Levels/Level1?restart
[2019.01.08-16.46.26:903][489]LogLoad: LoadMap: /Game/ThirdPersonBP/Levels/Level1
[2019.01.08-16.46.28:290][489]LogAIModule: Creating AISystem for world Level1
[2019.01.08-16.46.28:290][489]LogLoad: Game class is 'RunGameMode_C'
[2019.01.08-16.46.28:292][489]LogWorld: Bringing World /Game/ThirdPersonBP/Levels/Level1.Level1 up for play (max tick rate 0) at 2019.01.08-18.46.28
[2019.01.08-16.46.28:292][489]LogWorld: Bringing up level for play took: 0.001336
[2019.01.08-16.46.28:311][489]LogLoad: Took 1.408570 seconds to LoadMap(/Game/ThirdPersonBP/Levels/Level1)
[2019.01.08-16.46.30:346][521]LogSlate: FSceneViewport::OnFocusLost() reason 2
[2019.01.08-16.46.30:576][527]LogNet: Browse: /Game/ThirdPersonBP/Levels/Level1?restart
[2019.01.08-16.46.30:608][527]LogLoad: LoadMap: /Game/ThirdPersonBP/Levels/Level1
[2019.01.08-16.46.32:655][527]LogAIModule: Creating AISystem for world Level1
[2019.01.08-16.46.32:656][527]LogLoad: Game class is 'RunGameMode_C'
[2019.01.08-16.46.32:660][527]LogWorld: Bringing World /Game/ThirdPersonBP/Levels/Level1.Level1 up for play (max tick rate 0) at 2019.01.08-18.46.32
[2019.01.08-16.46.32:660][527]LogWorld: Bringing up level for play took: 0.003045
[2019.01.08-16.46.32:722][527]LogLoad: Took 2.113856 seconds to LoadMap(/Game/ThirdPersonBP/Levels/Level1)
[2019.01.08-16.46.35:004][574]LogNet: Browse: /Game/ThirdPersonBP/Levels/Level1?restart
[2019.01.08-16.46.35:047][574]LogLoad: LoadMap: /Game/ThirdPersonBP/Levels/Level1
[2019.01.08-16.46.35:932][574]LogAIModule: Creating AISystem for world Level1
[2019.01.08-16.46.35:932][574]LogLoad: Game class is 'RunGameMode_C'
[2019.01.08-16.46.35:934][574]LogWorld: Bringing World /Game/ThirdPersonBP/Levels/Level1.Level1 up for play (max tick rate 0) at 2019.01.08-18.46.35
[2019.01.08-16.46.35:935][574]LogWorld: Bringing up level for play took: 0.002116
[2019.01.08-16.46.35:959][574]LogLoad: Took 0.911599 seconds to LoadMap(/Game/ThirdPersonBP/Levels/Level1)
[2019.01.08-16.46.36:611][582]LogWindowsTextInputMethodSystem: Display: IME system now deactivated.
[2019.01.08-16.46.36:611][582]LogWindowsTextInputMethodSystem: Display: IME system now deactivated.
[2019.01.08-16.46.42:906][690]LogNet: Browse: /Game/ThirdPersonBP/Levels/Level1?restart
[2019.01.08-16.46.42:964][690]LogLoad: LoadMap: /Game/ThirdPersonBP/Levels/Level1
[2019.01.08-16.46.43:896][690]LogAIModule: Creating AISystem for world Level1
[2019.01.08-16.46.43:897][690]LogLoad: Game class is 'RunGameMode_C'
[2019.01.08-16.46.43:898][690]LogWorld: Bringing World /Game/ThirdPersonBP/Levels/Level1.Level1 up for play (max tick rate 0) at 2019.01.08-18.46.43
[2019.01.08-16.46.43:898][690]LogWorld: Bringing up level for play took: 0.001170
[2019.01.08-16.46.43:918][690]LogLoad: Took 0.953443 seconds to LoadMap(/Game/ThirdPersonBP/Levels/Level1)
[2019.01.08-16.46.49:559][777]LogNet: Browse: /Game/ThirdPersonBP/Levels/Level1?restart
[2019.01.08-16.46.49:619][777]LogLoad: LoadMap: /Game/ThirdPersonBP/Levels/Level1
[2019.01.08-16.46.50:595][777]LogAIModule: Creating AISystem for world Level1
[2019.01.08-16.46.50:595][777]LogLoad: Game class is 'RunGameMode_C'
[2019.01.08-16.46.50:598][777]LogWorld: Bringing World /Game/ThirdPersonBP/Levels/Level1.Level1 up for play (max tick rate 0) at 2019.01.08-18.46.50
[2019.01.08-16.46.50:598][777]LogWorld: Bringing up level for play took: 0.001752
[2019.01.08-16.46.50:629][777]LogLoad: Took 1.009892 seconds to LoadMap(/Game/ThirdPersonBP/Levels/Level1)
[2019.01.08-16.46.52:903][812]LogNet: Browse: /Game/ThirdPersonBP/Levels/Level1?restart
[2019.01.08-16.46.52:965][812]LogLoad: LoadMap: /Game/ThirdPersonBP/Levels/Level1
[2019.01.08-16.46.54:208][812]LogAIModule: Creating AISystem for world Level1
[2019.01.08-16.46.54:208][812]LogLoad: Game class is 'RunGameMode_C'
[2019.01.08-16.46.54:210][812]LogWorld: Bringing World /Game/ThirdPersonBP/Levels/Level1.Level1 up for play (max tick rate 0) at 2019.01.08-18.46.54
[2019.01.08-16.46.54:210][812]LogWorld: Bringing up level for play took: 0.001625
[2019.01.08-16.46.54:238][812]LogLoad: Took 1.272724 seconds to LoadMap(/Game/ThirdPersonBP/Levels/Level1)
[2019.01.08-16.47.03:640][964]LogNet: Browse: /Game/ThirdPersonBP/Levels/Level1?restart
[2019.01.08-16.47.03:641][964]LogLoad: LoadMap: /Game/ThirdPersonBP/Levels/Level1
[2019.01.08-16.47.04:872][964]LogAIModule: Creating AISystem for world Level1
[2019.01.08-16.47.04:872][964]LogLoad: Game class is 'RunGameMode_C'
[2019.01.08-16.47.04:876][964]LogWorld: Bringing World /Game/ThirdPersonBP/Levels/Level1.Level1 up for play (max tick rate 0) at 2019.01.08-18.47.04
[2019.01.08-16.47.04:877][964]LogWorld: Bringing up level for play took: 0.002563
[2019.01.08-16.47.04:916][964]LogLoad: Took 1.275209 seconds to LoadMap(/Game/ThirdPersonBP/Levels/Level1)
[2019.01.08-16.47.12:903][ 98]LogNet: Browse: /Game/ThirdPersonBP/Levels/Level1?restart
[2019.01.08-16.47.12:959][ 98]LogLoad: LoadMap: /Game/ThirdPersonBP/Levels/Level1
[2019.01.08-16.47.13:849][ 98]LogAIModule: Creating AISystem for world Level1
[2019.01.08-16.47.13:849][ 98]LogLoad: Game class is 'RunGameMode_C'
[2019.01.08-16.47.13:851][ 98]LogWorld: Bringing World /Game/ThirdPersonBP/Levels/Level1.Level1 up for play (max tick rate 0) at 2019.01.08-18.47.13
[2019.01.08-16.47.13:851][ 98]LogWorld: Bringing up level for play took: 0.001473
[2019.01.08-16.47.13:875][ 98]LogLoad: Took 0.916021 seconds to LoadMap(/Game/ThirdPersonBP/Levels/Level1)
[2019.01.08-16.47.23:725][261]LogNet: Browse: /Game/ThirdPersonBP/Levels/Level1?restart
[2019.01.08-16.47.23:725][261]LogLoad: LoadMap: /Game/ThirdPersonBP/Levels/Level1
[2019.01.08-16.47.25:028][261]LogAIModule: Creating AISystem for world Level1
[2019.01.08-16.47.25:028][261]LogLoad: Game class is 'RunGameMode_C'
[2019.01.08-16.47.25:031][261]LogWorld: Bringing World /Game/ThirdPersonBP/Levels/Level1.Level1 up for play (max tick rate 0) at 2019.01.08-18.47.25
[2019.01.08-16.47.25:031][261]LogWorld: Bringing up level for play took: 0.001704
[2019.01.08-16.47.25:062][261]LogLoad: Took 1.336856 seconds to LoadMap(/Game/ThirdPersonBP/Levels/Level1)
[2019.01.08-16.47.32:352][384]LogNet: Browse: /Game/ThirdPersonBP/Levels/Level1?restart
[2019.01.08-16.47.32:352][384]LogLoad: LoadMap: /Game/ThirdPersonBP/Levels/Level1
[2019.01.08-16.47.33:442][384]LogAIModule: Creating AISystem for world Level1
[2019.01.08-16.47.33:442][384]LogLoad: Game class is 'RunGameMode_C'
[2019.01.08-16.47.33:443][384]LogWorld: Bringing World /Game/ThirdPersonBP/Levels/Level1.Level1 up for play (max tick rate 0) at 2019.01.08-18.47.33
[2019.01.08-16.47.33:443][384]LogWorld: Bringing up level for play took: 0.001381
[2019.01.08-16.47.33:464][384]LogLoad: Took 1.111535 seconds to LoadMap(/Game/ThirdPersonBP/Levels/Level1)
[2019.01.08-16.47.36:737][442]LogNet: Browse: /Game/ThirdPersonBP/Levels/Level1?restart
[2019.01.08-16.47.36:793][442]LogLoad: LoadMap: /Game/ThirdPersonBP/Levels/Level1
[2019.01.08-16.47.38:088][442]LogAIModule: Creating AISystem for world Level1
[2019.01.08-16.47.38:088][442]LogLoad: Game class is 'RunGameMode_C'
[2019.01.08-16.47.38:098][442]LogWorld: Bringing World /Game/ThirdPersonBP/Levels/Level1.Level1 up for play (max tick rate 0) at 2019.01.08-18.47.38
[2019.01.08-16.47.38:098][442]LogWorld: Bringing up level for play took: 0.007765
[2019.01.08-16.47.38:136][442]LogLoad: Took 1.342873 seconds to LoadMap(/Game/ThirdPersonBP/Levels/Level1)
[2019.01.08-16.47.41:421][498]LogNet: Browse: /Game/ThirdPersonBP/Levels/Level1?restart
[2019.01.08-16.47.41:471][498]LogLoad: LoadMap: /Game/ThirdPersonBP/Levels/Level1
[2019.01.08-16.47.42:759][498]LogAIModule: Creating AISystem for world Level1
[2019.01.08-16.47.42:760][498]LogLoad: Game class is 'RunGameMode_C'
[2019.01.08-16.47.42:763][498]LogWorld: Bringing World /Game/ThirdPersonBP/Levels/Level1.Level1 up for play (max tick rate 0) at 2019.01.08-18.47.42
[2019.01.08-16.47.42:763][498]LogWorld: Bringing up level for play took: 0.002327
[2019.01.08-16.47.42:805][498]LogLoad: Took 1.333440 seconds to LoadMap(/Game/ThirdPersonBP/Levels/Level1)
[2019.01.08-16.47.45:100][536]LogNet: Browse: /Game/ThirdPersonBP/Levels/Level1?restart
[2019.01.08-16.47.45:166][536]LogLoad: LoadMap: /Game/ThirdPersonBP/Levels/Level1
[2019.01.08-16.47.46:467][536]LogAIModule: Creating AISystem for world Level1
[2019.01.08-16.47.46:467][536]LogLoad: Game class is 'RunGameMode_C'
[2019.01.08-16.47.46:470][536]LogWorld: Bringing World /Game/ThirdPersonBP/Levels/Level1.Level1 up for play (max tick rate 0) at 2019.01.08-18.47.46
[2019.01.08-16.47.46:471][536]LogWorld: Bringing up level for play took: 0.002159
[2019.01.08-16.47.46:504][536]LogLoad: Took 1.338142 seconds to LoadMap(/Game/ThirdPersonBP/Levels/Level1)
[2019.01.08-16.47.55:124][669]LogNet: Browse: /Game/ThirdPersonBP/Levels/Level1?restart
[2019.01.08-16.47.55:172][669]LogLoad: LoadMap: /Game/ThirdPersonBP/Levels/Level1
[2019.01.08-16.47.56:222][669]LogAIModule: Creating AISystem for world Level1
[2019.01.08-16.47.56:222][669]LogLoad: Game class is 'RunGameMode_C'
[2019.01.08-16.47.56:225][669]LogWorld: Bringing World /Game/ThirdPersonBP/Levels/Level1.Level1 up for play (max tick rate 0) at 2019.01.08-18.47.56
[2019.01.08-16.47.56:225][669]LogWorld: Bringing up level for play took: 0.002037
[2019.01.08-16.47.56:265][669]LogLoad: Took 1.092882 seconds to LoadMap(/Game/ThirdPersonBP/Levels/Level1)
[2019.01.08-16.48.06:089][805]LogNet: Browse: /Game/ThirdPersonBP/Levels/Level1?restart
[2019.01.08-16.48.06:090][805]LogLoad: LoadMap: /Game/ThirdPersonBP/Levels/Level1
[2019.01.08-16.48.07:177][805]LogAIModule: Creating AISystem for world Level1
[2019.01.08-16.48.07:177][805]LogLoad: Game class is 'RunGameMode_C'
[2019.01.08-16.48.07:180][805]LogWorld: Bringing World /Game/ThirdPersonBP/Levels/Level1.Level1 up for play (max tick rate 0) at 2019.01.08-18.48.07
[2019.01.08-16.48.07:180][805]LogWorld: Bringing up level for play took: 0.001552
[2019.01.08-16.48.07:209][805]LogLoad: Took 1.118626 seconds to LoadMap(/Game/ThirdPersonBP/Levels/Level1)
