Log file open, 01/08/19 13:44:00
LogWindows: Failed to load 'aqProf.dll' (GetLastError=126)
LogWindows: File 'aqProf.dll' does not exist
LogWindows: Failed to load 'VSPerf140.dll' (GetLastError=126)
LogWindows: File 'VSPerf140.dll' does not exist
LogWindows: Failed to load 'VtuneApi.dll' (GetLastError=126)
LogWindows: File 'VtuneApi.dll' does not exist
LogWindows: Failed to load 'VtuneApi32e.dll' (GetLastError=126)
LogWindows: File 'VtuneApi32e.dll' does not exist
LogInit: Display: Running engine for game: TempleRun
LogPlatformFile: Not using cached read wrapper
LogTaskGraph: Started task graph with 5 named threads and 11 total threads with 3 sets of task threads.
LogStats: Stats thread started at 0.155098
LogD3D11RHI: Loaded GFSDK_Aftermath_Lib.x64.dll
LogICUInternationalization: Display: ICU TimeZone Detection - Raw Offset: +2:00, Platform Override: ''
LogPluginManager: Mounting plugin Paper2D
LogPluginManager: Mounting plugin AISupport
LogPluginManager: Mounting plugin LightPropagationVolume
LogPluginManager: Mounting plugin CLionSourceCodeAccess
LogPluginManager: Mounting plugin CodeLiteSourceCodeAccess
LogPluginManager: Mounting plugin GitSourceControl
LogPluginManager: Mounting plugin KDevelopSourceCodeAccess
LogPluginManager: Mounting plugin NullSourceCodeAccess
LogPluginManager: Mounting plugin PerforceSourceControl
LogPluginManager: Mounting plugin SubversionSourceControl
LogPluginManager: Mounting plugin UObjectPlugin
LogPluginManager: Mounting plugin VisualStudioCodeSourceCodeAccess
LogPluginManager: Mounting plugin VisualStudioSourceCodeAccess
LogPluginManager: Mounting plugin XCodeSourceCodeAccess
LogPluginManager: Mounting plugin AssetManagerEditor
LogPluginManager: Mounting plugin CryptoKeys
LogPluginManager: Mounting plugin DataValidation
LogPluginManager: Mounting plugin FacialAnimation
LogPluginManager: Mounting plugin GameplayTagsEditor
LogPluginManager: Mounting plugin MacGraphicsSwitching
LogPluginManager: Mounting plugin MeshEditor
LogPluginManager: Mounting plugin MobileLauncherProfileWizard
LogPluginManager: Mounting plugin PluginBrowser
LogPluginManager: Mounting plugin SpeedTreeImporter
LogPluginManager: Mounting plugin DatasmithContent
LogPluginManager: Mounting plugin AlembicImporter
LogPluginManager: Mounting plugin AppleImageUtils
LogPluginManager: Mounting plugin AppleVision
LogPluginManager: Mounting plugin BackChannel
LogPluginManager: Mounting plugin CharacterAI
LogPluginManager: Mounting plugin GeometryCache
LogPluginManager: Mounting plugin HTML5Networking
LogPluginManager: Mounting plugin ProxyLODPlugin
LogPluginManager: Mounting plugin MagicLeap
LogPluginManager: Mounting plugin MagicLeapEmulator
LogPluginManager: Mounting plugin MagicLeapMedia
LogPluginManager: Mounting plugin AndroidMedia
LogPluginManager: Mounting plugin AvfMedia
LogPluginManager: Mounting plugin ImgMedia
LogPluginManager: Mounting plugin LinearTimecode
LogPluginManager: Mounting plugin MediaCompositing
LogPluginManager: Mounting plugin MediaPlayerEditor
LogPluginManager: Mounting plugin WmfMedia
LogPluginManager: Mounting plugin TcpMessaging
LogPluginManager: Mounting plugin UdpMessaging
LogPluginManager: Mounting plugin ActorSequence
LogPluginManager: Mounting plugin LevelSequenceEditor
LogPluginManager: Mounting plugin MatineeToLevelSequence
LogPluginManager: Mounting plugin NetcodeUnitTest
LogPluginManager: Mounting plugin NUTUnrealEngine4
LogPluginManager: Mounting plugin OnlineSubsystemGooglePlay
LogPluginManager: Mounting plugin OnlineSubsystemIOS
LogPluginManager: Mounting plugin OnlineSubsystem
LogPluginManager: Mounting plugin OnlineSubsystemNull
LogPluginManager: Mounting plugin OnlineSubsystemUtils
LogPluginManager: Mounting plugin LauncherChunkInstaller
LogPluginManager: Mounting plugin AndroidDeviceProfileSelector
LogPluginManager: Mounting plugin AndroidMoviePlayer
LogPluginManager: Mounting plugin AndroidPermission
LogPluginManager: Mounting plugin AppleMoviePlayer
LogPluginManager: Mounting plugin ArchVisCharacter
LogPluginManager: Mounting plugin AudioCapture
LogPluginManager: Mounting plugin CableComponent
LogPluginManager: Mounting plugin CustomMeshComponent
LogPluginManager: Mounting plugin EditableMesh
LogPluginManager: Mounting plugin ExampleDeviceProfileSelector
LogPluginManager: Mounting plugin GoogleCloudMessaging
LogPluginManager: Mounting plugin ImmediatePhysics
LogPluginManager: Mounting plugin IOSDeviceProfileSelector
LogPluginManager: Mounting plugin LinuxDeviceProfileSelector
LogPluginManager: Mounting plugin LocationServicesBPLibrary
LogPluginManager: Mounting plugin MobilePatchingUtils
LogPluginManager: Mounting plugin OculusVR
LogPluginManager: Plugin shader directory ../../../Engine/Plugins/Runtime/Oculus/OculusVR/Shaders found
LogPluginManager: Mapping shader source directory ../../../Engine/Plugins/Runtime/Oculus/OculusVR/Shaders to virtual directory /Plugin/OculusVR
LogPluginManager: Mounting plugin PhysXVehicles
LogPluginManager: Mounting plugin ProceduralMeshComponent
LogPluginManager: Mounting plugin RuntimePhysXCooking
LogPluginManager: Mounting plugin SteamVR
LogPluginManager: Mounting plugin WindowsMoviePlayer
LogStreaming: Display: Took  0.121s to configure plugins.
LogInit: Using libcurl 7.55.1-DEV
LogInit:  - built for x86_64-pc-win32
LogInit:  - supports SSL with OpenSSL/1.0.2h
LogInit:  - supports HTTP deflate (compression) using libz 1.2.8
LogInit:  - other features:
LogInit:      CURL_VERSION_SSL
LogInit:      CURL_VERSION_LIBZ
LogInit:      CURL_VERSION_IPV6
LogInit:      CURL_VERSION_ASYNCHDNS
LogInit:      CURL_VERSION_LARGEFILE
LogInit:      CURL_VERSION_IDN
LogInit:  CurlRequestOptions (configurable via config and command line):
LogInit:  - bVerifyPeer = false  - Libcurl will NOT verify peer certificate
LogInit:  - bUseHttpProxy = false  - Libcurl will NOT use HTTP proxy
LogInit:  - bDontReuseConnections = false  - Libcurl will reuse connections
LogInit:  - CertBundlePath = nullptr  - Libcurl will use whatever was configured at build time.
LogInit:  - MaxHostConnections = 16  - Libcurl will limit the number of connections to a host
LogInit:  - LocalHostAddr = Default
LogInit:  - BufferSize = 65536
LogInit: WinSock: version 1.1 (2.2), MaxSocks=32767, MaxUdp=65467
LogInit: Build: ++UE4+Release-4.20-CL-4369336
LogInit: Engine Version: 4.20.3-4369336+++UE4+Release-4.20
LogInit: Compatible Engine Version: 4.20.0-4212847+++UE4+Release-4.20
LogInit: Net CL: 4212847
LogInit: OS: Windows 10 (), CPU: Intel(R) Core(TM) i7-5500U CPU @ 2.40GHz, GPU: Intel(R) HD Graphics 5500
LogInit: Compiled (64-bit): Sep 17 2018 12:26:19
LogInit: Compiled with Visual C++: 19.13.26129.00
LogInit: Build Configuration: Development
LogInit: Branch Name: ++UE4+Release-4.20
LogInit: Command Line: 
LogInit: Base Directory: C:/Program Files/Epic Games/UE_4.20/Engine/Binaries/Win64/
LogInit: Installed Engine Build: 1
LogDevObjectVersion: Number of dev versions registered: 20
LogDevObjectVersion:   Dev-Blueprints (B0D832E4-1F89-4F0D-ACCF-7EB736FD4AA2): 10
LogDevObjectVersion:   Dev-Build (E1C64328-A22C-4D53-A36C-8E866417BD8C): 0
LogDevObjectVersion:   Dev-Core (375EC13C-06E4-48FB-B500-84F0262A717E): 2
LogDevObjectVersion:   Dev-Editor (E4B068ED-F494-42E9-A231-DA0B2E46BB41): 24
LogDevObjectVersion:   Dev-Framework (CFFC743F-43B0-4480-9391-14DF171D2073): 34
LogDevObjectVersion:   Dev-Mobile (B02B49B5-BB20-44E9-A304-32B752E40360): 2
LogDevObjectVersion:   Dev-Networking (A4E4105C-59A1-49B5-A7C5-40C4547EDFEE): 0
LogDevObjectVersion:   Dev-Online (39C831C9-5AE6-47DC-9A44-9C173E1C8E7C): 0
LogDevObjectVersion:   Dev-Physics (78F01B33-EBEA-4F98-B9B4-84EACCB95AA2): 0
LogDevObjectVersion:   Dev-Platform (6631380F-2D4D-43E0-8009-CF276956A95A): 0
LogDevObjectVersion:   Dev-Rendering (12F88B9F-8875-4AFC-A67C-D90C383ABD29): 26
LogDevObjectVersion:   Dev-Sequencer (7B5AE74C-D270-4C10-A958-57980B212A5A): 9
LogDevObjectVersion:   Dev-VR (D7296918-1DD6-4BDD-9DE2-64A83CC13884): 2
LogDevObjectVersion:   Dev-LoadTimes (C2A15278-BFE7-4AFE-6C17-90FF531DF755): 1
LogDevObjectVersion:   Private-Geometry (6EACA3D4-40EC-4CC1-B786-8BED09428FC5): 3
LogDevObjectVersion:   Dev-AnimPhys (29E575DD-E0A3-4627-9D10-D276232CDCEA): 17
LogDevObjectVersion:   Dev-ReflectionCapture (6B266CEC-1EC7-4B8F-A30B-E4D90942FC07): 1
LogDevObjectVersion:   Dev-Automation (0DF73D61-A23F-47EA-B727-89E90C41499A): 1
LogDevObjectVersion:   FortniteMain (601D1886-AC64-4F84-AA16-D3DE0DEAC7D6): 12
LogDevObjectVersion:   Dev-Enterprise (9DFFBCD6-494F-0158-E221-12823C92A888): 1
LogStreaming: Display: Took  0.003s to delete old logs.
LogInit: Presizing for max 8388607 objects, including 0 objects not considered by GC, pre-allocating 0 bytes for permanent pool.
LogInit: Object subsystem initialized
[2019.01.08-11.44.01:091][  0]LogInit: Selected Device Profile: [Windows]
[2019.01.08-11.44.01:091][  0]LogInit: Applying CVar settings loaded from the selected device profile: [Windows]
[2019.01.08-11.44.01:102][  0]LogHAL: Display: Platform has ~ 8 GB [8488329216 / 8589934592 / 8], which maps to Default [LargestMinGB=32, LargerMinGB=12, DefaultMinGB=8, SmallerMinGB=6, SmallestMinGB=0)
[2019.01.08-11.44.01:103][  0]LogInit: Setting Device Profile CVar: [[r.Vulkan.UseRealUBs:1]]
[2019.01.08-11.44.01:103][  0]LogInit: Going up to parent DeviceProfile []
[2019.01.08-11.44.01:103][  0]LogInit: Computer: DESKTOP-GD1OE23
[2019.01.08-11.44.01:103][  0]LogInit: User: אורלי
[2019.01.08-11.44.01:103][  0]LogInit: CPU Page size=4096, Cores=2
[2019.01.08-11.44.01:103][  0]LogInit: High frequency timer resolution =2.340369 MHz
[2019.01.08-11.44.01:103][  0]LogMemory: Memory total: Physical=7.9GB (8GB approx)
[2019.01.08-11.44.01:103][  0]LogMemory: Platform Memory Stats for Windows
[2019.01.08-11.44.01:103][  0]LogMemory: Process Physical Memory: 99.77 MB used, 99.77 MB peak
[2019.01.08-11.44.01:103][  0]LogMemory: Process Virtual Memory: 84.18 MB used, 84.18 MB peak
[2019.01.08-11.44.01:103][  0]LogMemory: Physical Memory: 4016.37 MB used,  4078.73 MB free, 8095.10 MB total
[2019.01.08-11.44.01:103][  0]LogMemory: Virtual Memory: 485.85 MB used,  4078.73 MB free, 134217728.00 MB total
[2019.01.08-11.44.01:116][  0]LogInit: Using OS detected language (he-IL).
[2019.01.08-11.44.01:116][  0]LogInit: Using OS detected locale (he-IL).
[2019.01.08-11.44.01:116][  0]LogTextLocalizationManager: No localization for 'he-IL' exists, so 'en' will be used for the language.
[2019.01.08-11.44.01:558][  0]LogStreaming: Display: Took  0.442s to InitEngineTextLocalization.
[2019.01.08-11.44.01:559][  0]LogInit: Setting process to per monitor DPI aware
[2019.01.08-11.44.01:584][  0]LogSlate: New Slate User Created.  User Index 0, Is Virtual User: 0
[2019.01.08-11.44.01:584][  0]LogSlate: Slate User Registered.  User Index 0, Is Virtual User: 0
[2019.01.08-11.44.01:786][  0]LogHMD: Failed to initialize OpenVR with code 110
[2019.01.08-11.44.01:786][  0]LogD3D11RHI: D3D11 adapters:
[2019.01.08-11.44.01:793][  0]LogD3D11RHI:    0. 'Intel(R) HD Graphics 5500' (Feature Level 11_0)
[2019.01.08-11.44.01:793][  0]LogD3D11RHI:       128/0/4047 MB DedicatedVideo/DedicatedSystem/SharedSystem, Outputs:1, VendorId:0x8086
[2019.01.08-11.44.01:794][  0]LogD3D11RHI:    1. 'Microsoft Basic Render Driver' (Feature Level 11_0)
[2019.01.08-11.44.01:794][  0]LogD3D11RHI:       0/0/4047 MB DedicatedVideo/DedicatedSystem/SharedSystem, Outputs:0, VendorId:0x1414
[2019.01.08-11.44.01:794][  0]LogD3D11RHI: Chosen D3D11 Adapter: 0
[2019.01.08-11.44.01:799][  0]LogD3D11RHI: Creating new Direct3DDevice
[2019.01.08-11.44.01:799][  0]LogD3D11RHI:     GPU DeviceId: 0x1616 (for the marketing name, search the web for "GPU Device Id")
[2019.01.08-11.44.01:799][  0]LogWindows: EnumDisplayDevices:
[2019.01.08-11.44.01:799][  0]LogWindows:    0. 'Intel(R) HD Graphics 5500' (P:1 D:1)
[2019.01.08-11.44.01:799][  0]LogWindows:    1. 'Intel(R) HD Graphics 5500' (P:0 D:0)
[2019.01.08-11.44.01:799][  0]LogWindows:    2. 'Intel(R) HD Graphics 5500' (P:0 D:0)
[2019.01.08-11.44.01:799][  0]LogWindows: DebugString: FoundDriverCount:3 
[2019.01.08-11.44.01:799][  0]LogD3D11RHI:     Adapter Name: Intel(R) HD Graphics 5500
[2019.01.08-11.44.01:799][  0]LogD3D11RHI:   Driver Version: 20.19.15.4549 (internal:20.19.15.4549, unified:20.19.15.4549)
[2019.01.08-11.44.01:799][  0]LogD3D11RHI:      Driver Date: 11-10-2016
[2019.01.08-11.44.01:799][  0]LogRHI: Texture pool is 1506 MB (70% of 2151 MB)
[2019.01.08-11.44.01:808][  0]LogD3D11RHI: Async texture creation enabled
[2019.01.08-11.44.01:814][  0]LogD3D11RHI: GPU Timing Frequency: 12.500000 (Debug: 2 0)
[2019.01.08-11.44.01:815][  0]LogShaderCompilers: Guid format shader working directory is -33 characters bigger than the processId version (../../../../../../Users/אורלי/Documents/GitHub/TempelRun-UnrealEngine/TempleRun/Intermediate/Shaders/WorkingDirectory/3188/).
[2019.01.08-11.44.01:815][  0]LogShaderCompilers: Cleaned the shader compiler working directory 'C:/Users/אורלי/AppData/Local/Temp/UnrealShaderWorkingDir/3C93CA81473420CD74BB569ABE6F8725/'.
[2019.01.08-11.44.02:109][  0]LogTemp: Display: Loaded TP AllDesktopTargetPlatform
[2019.01.08-11.44.02:125][  0]LogTemp: Display: Loaded TP MacClientTargetPlatform
[2019.01.08-11.44.02:146][  0]LogTemp: Display: Loaded TP MacNoEditorTargetPlatform
[2019.01.08-11.44.02:164][  0]LogTemp: Display: Loaded TP MacServerTargetPlatform
[2019.01.08-11.44.02:182][  0]LogTemp: Display: Loaded TP MacTargetPlatform
[2019.01.08-11.44.02:199][  0]LogTemp: Display: Loaded TP WindowsClientTargetPlatform
[2019.01.08-11.44.02:215][  0]LogTemp: Display: Loaded TP WindowsNoEditorTargetPlatform
[2019.01.08-11.44.02:230][  0]LogTemp: Display: Loaded TP WindowsServerTargetPlatform
[2019.01.08-11.44.02:237][  0]LogTemp: Display: Loaded TP WindowsTargetPlatform
[2019.01.08-11.44.02:330][  0]LogTemp: Display: Loaded TP AndroidTargetPlatform
[2019.01.08-11.44.02:330][  0]LogTemp: Display: Loaded TP AndroidTargetPlatform
[2019.01.08-11.44.02:330][  0]LogTemp: Display: Loaded TP AndroidTargetPlatform
[2019.01.08-11.44.02:330][  0]LogTemp: Display: Loaded TP AndroidTargetPlatform
[2019.01.08-11.44.02:330][  0]LogTemp: Display: Loaded TP AndroidTargetPlatform
[2019.01.08-11.44.02:330][  0]LogTemp: Display: Loaded TP AndroidTargetPlatform
[2019.01.08-11.44.02:330][  0]LogTemp: Display: Loaded TP AndroidTargetPlatform
[2019.01.08-11.44.02:330][  0]LogTemp: Display: Loaded TP AndroidTargetPlatform
[2019.01.08-11.44.02:330][  0]LogTemp: Display: Loaded TP AndroidTargetPlatform
[2019.01.08-11.44.02:330][  0]LogTemp: Display: Loaded TP AndroidTargetPlatform
[2019.01.08-11.44.02:330][  0]LogTemp: Display: Loaded TP AndroidTargetPlatform
[2019.01.08-11.44.02:330][  0]LogTemp: Display: Loaded TP AndroidTargetPlatform
[2019.01.08-11.44.02:330][  0]LogTemp: Display: Loaded TP AndroidTargetPlatform
[2019.01.08-11.44.02:330][  0]LogTemp: Display: Loaded TP AndroidTargetPlatform
[2019.01.08-11.44.02:330][  0]LogTemp: Display: Loaded TP AndroidTargetPlatform
[2019.01.08-11.44.02:330][  0]LogTemp: Display: Loaded TP AndroidTargetPlatform
[2019.01.08-11.44.02:330][  0]LogTemp: Display: Loaded TP AndroidTargetPlatform
[2019.01.08-11.44.02:330][  0]LogTemp: Display: Loaded TP AndroidTargetPlatform
[2019.01.08-11.44.02:331][  0]LogTemp: Display: Loaded TP HTML5TargetPlatform
[2019.01.08-11.44.02:399][  0]LogTemp: Display: Loaded TP IOSTargetPlatform
[2019.01.08-11.44.02:399][  0]LogTemp: Display: Loaded TP IOSTargetPlatform
[2019.01.08-11.44.02:430][  0]LogTemp: Display: Loaded TP TVOSTargetPlatform
[2019.01.08-11.44.02:430][  0]LogTemp: Display: Loaded TP TVOSTargetPlatform
[2019.01.08-11.44.02:445][  0]LogTemp: Display: Loaded TP LinuxClientTargetPlatform
[2019.01.08-11.44.02:460][  0]LogTemp: Display: Loaded TP LinuxNoEditorTargetPlatform
[2019.01.08-11.44.02:476][  0]LogTemp: Display: Loaded TP LinuxServerTargetPlatform
[2019.01.08-11.44.02:494][  0]LogTemp: Display: Loaded TP LinuxTargetPlatform
[2019.01.08-11.44.02:507][  0]LogTemp: Display: Loaded TP LuminTargetPlatform
[2019.01.08-11.44.02:507][  0]LogTargetPlatformManager: Display: Building Assets For Windows
[2019.01.08-11.44.02:561][  0]LogXGEController: Cannot use XGE Controller as Incredibuild is not installed on this machine.
[2019.01.08-11.44.02:561][  0]LogShaderCompilers: Cannot use XGE Shader Compiler as Incredibuild is not installed on this machine.
[2019.01.08-11.44.02:561][  0]LogShaderCompilers: Display: Using Local Shader Compiler.
[2019.01.08-11.44.03:625][  0]LogDerivedDataCache: Display: Max Cache Size: 512 MB
[2019.01.08-11.44.03:714][  0]LogDerivedDataCache: Loaded boot cache 0.09s 71MB C:/Users/אורלי/AppData/Local/UnrealEngine/4.20/DerivedDataCache/Boot.ddc.
[2019.01.08-11.44.03:715][  0]LogDerivedDataCache: Display: Loaded Boot cache: C:/Users/אורלי/AppData/Local/UnrealEngine/4.20/DerivedDataCache/Boot.ddc
[2019.01.08-11.44.03:715][  0]LogDerivedDataCache: FDerivedDataBackendGraph:  Pak pak cache file ../../../../../../Users/אורלי/Documents/GitHub/TempelRun-UnrealEngine/TempleRun/DerivedDataCache/DDC.ddp not found, will not use a pak cache.
[2019.01.08-11.44.03:715][  0]LogDerivedDataCache: Unable to find inner node Pak for hierarchical cache Hierarchy.
[2019.01.08-11.44.03:715][  0]LogDerivedDataCache: FDerivedDataBackendGraph:  CompressedPak pak cache file ../../../../../../Users/אורלי/Documents/GitHub/TempelRun-UnrealEngine/TempleRun/DerivedDataCache/Compressed.ddp not found, will not use a pak cache.
[2019.01.08-11.44.03:715][  0]LogDerivedDataCache: Unable to find inner node CompressedPak for hierarchical cache Hierarchy.
[2019.01.08-11.44.03:731][  0]LogDerivedDataCache: Display: Pak cache opened for reading ../../../Engine/DerivedDataCache/Compressed.ddp.
[2019.01.08-11.44.03:743][  0]LogDerivedDataCache: Using Local data cache path C:/Users/אורלי/AppData/Local/UnrealEngine/Common/DerivedDataCache: Writable
[2019.01.08-11.44.03:743][  0]LogDerivedDataCache: Shared data cache path not found in *engine.ini, will not use an Shared cache.
[2019.01.08-11.44.03:743][  0]LogDerivedDataCache: Unable to find inner node Shared for hierarchical cache Hierarchy.
[2019.01.08-11.44.03:769][  0]LogMaterial: Verifying Global Shaders for PCD3D_SM5
[2019.01.08-11.44.03:771][  0]LogSlate: Using FreeType 2.6.0
[2019.01.08-11.44.03:772][  0]LogSlate: SlateFontServices - WITH_FREETYPE: 1, WITH_HARFBUZZ: 1
[2019.01.08-11.44.03:858][  0]LogAssetRegistry: FAssetRegistry took 0.0282 seconds to start up
[2019.01.08-11.44.04:369][  0]LogInit: Selected Device Profile: [Windows]
[2019.01.08-11.44.04:555][  0]LogSimplygon: Simplygon DLL not present - disabling.
[2019.01.08-11.44.04:559][  0]LogMeshReduction: Using SimplygonSwarm for distributed automatic mesh merging
[2019.01.08-11.44.04:559][  0]LogMeshReduction: Using ProxyLODMeshReduction for automatic mesh merging
[2019.01.08-11.44.04:559][  0]LogMeshReduction: Using QuadricMeshReduction for automatic static mesh reduction
[2019.01.08-11.44.04:559][  0]LogMeshReduction: No automatic skeletal mesh reduction module available
[2019.01.08-11.44.04:580][  0]LogNetVersion: TempleRun 1.0.0, NetCL: 4212847, EngineNetVer: 5, GameNetVer: 0 (Checksum: 2232543940)
[2019.01.08-11.44.05:169][  0]LogPackageLocalizationCache: Processed 11 localized package path(s) for 1 prioritized culture(s) in 0.051092 seconds
[2019.01.08-11.44.05:178][  0]LogUObjectArray: 38425 objects as part of root set at end of initial load.
[2019.01.08-11.44.05:178][  0]LogUObjectAllocator: 6690872 out of 0 bytes used by permanent object pool.
[2019.01.08-11.44.05:178][  0]LogUObjectArray: CloseDisregardForGC: 0/0 objects in disregard for GC pool
[2019.01.08-11.44.06:193][  0]LogTcpMessaging: Initializing TcpMessaging bridge
[2019.01.08-11.44.06:207][  0]LogUdpMessaging: Initializing bridge on interface 0.0.0.0:0 to multicast group 230.0.0.1:6666.
[2019.01.08-11.44.06:370][  0]SourceControl: Source control is disabled
[2019.01.08-11.44.06:370][  0]SourceControl: Source control is disabled
[2019.01.08-11.44.06:371][  0]SourceControl: Source control is disabled
[2019.01.08-11.44.06:373][  0]SourceControl: Source control is disabled
[2019.01.08-11.44.06:544][  0]LogAndroidPermission: UAndroidPermissionCallbackProxy::GetInstance
[2019.01.08-11.44.06:577][  0]LogOcInput: OculusInput pre-init called
[2019.01.08-11.44.06:650][  0]LogEngine: Initializing Engine...
[2019.01.08-11.44.06:651][  0]LogHMD: Failed to initialize OpenVR with code 110
[2019.01.08-11.44.06:652][  0]LogStats: UGameplayTagsManager::ConstructGameplayTagTree: ImportINI prefixes -  0.000 s
[2019.01.08-11.44.06:652][  0]LogStats: UGameplayTagsManager::ConstructGameplayTagTree: Construct from data asset -  0.000 s
[2019.01.08-11.44.06:652][  0]LogStats: UGameplayTagsManager::ConstructGameplayTagTree: ImportINI -  0.000 s
[2019.01.08-11.44.06:652][  0]LogStats: UGameplayTagsManager::ConstructGameplayTagTree: GameplayTagTreeChangedEvent.Broadcast -  0.000 s
[2019.01.08-11.44.06:946][  0]LogInit: Initializing FReadOnlyCVARCache
[2019.01.08-11.44.06:976][  0]LogAIModule: Creating AISystem for world Untitled
[2019.01.08-11.44.06:982][  0]LogInit: XAudio2 using 'Speakers (Realtek High Definition Audio)' : 2 channels at 48 kHz using 32 bits per sample (channel mask 0x3)
[2019.01.08-11.44.07:018][  0]LogInit: FAudioDevice initialized.
[2019.01.08-11.44.07:019][  0]LogNetVersion: Set ProjectVersion to 1.0.0.0. Version Checksum will be recalculated on next use.
[2019.01.08-11.44.07:137][  0]LogDerivedDataCache: Saved boot cache 0.12s 71MB C:/Users/אורלי/AppData/Local/UnrealEngine/4.20/DerivedDataCache/Boot.ddc.
[2019.01.08-11.44.07:137][  0]LogInit: Texture streaming: Enabled
[2019.01.08-11.44.07:163][  0]LogEngineSessionManager: EngineSessionManager initialized
[2019.01.08-11.44.07:180][  0]LogInit: Transaction tracking system initialized
[2019.01.08-11.44.07:207][  0]BlueprintLog: New page: Editor Load
[2019.01.08-11.44.07:315][  0]LocalizationService: Localization service is disabled
[2019.01.08-11.44.07:653][  0]LogCook: Display: Max memory allowance for cook 16384mb min free memory 0mb
[2019.01.08-11.44.07:653][  0]LogCook: Display: Mobile HDR setting 1
[2019.01.08-11.44.07:654][  0]LogGameplayTags: Display: UGameplayTagsManager::DoneAddingNativeTags. DelegateIsBound: 0
[2019.01.08-11.44.07:654][  0]LogStats: UGameplayTagsManager::ConstructGameplayTagTree: ImportINI prefixes -  0.000 s
[2019.01.08-11.44.07:654][  0]LogStats: UGameplayTagsManager::ConstructGameplayTagTree: Construct from data asset -  0.000 s
[2019.01.08-11.44.07:655][  0]LogStats: UGameplayTagsManager::ConstructGameplayTagTree: ImportINI -  0.000 s
[2019.01.08-11.44.07:655][  0]LogStats: UGameplayTagsManager::ConstructGameplayTagTree: GameplayTagTreeChangedEvent.Broadcast -  0.000 s
[2019.01.08-11.44.07:839][  0]LogFileCache: Scanning file cache for directory 'C:/Users/אורלי/Documents/GitHub/TempelRun-UnrealEngine/TempleRun/Content/' took 0.02s
[2019.01.08-11.44.07:839][  0]SourceControl: Source control is disabled
[2019.01.08-11.44.07:840][  0]Cmd: MAP LOAD FILE="../../../../../../Users/אורלי/Documents/GitHub/TempelRun-UnrealEngine/TempleRun/Content/ThirdPersonBP/Maps/ThirdPersonExampleMap.umap" TEMPLATE=0 SHOWPROGRESS=1 FEATURELEVEL=3
[2019.01.08-11.44.07:842][  0]LightingResults: New page: Lighting Build
[2019.01.08-11.44.07:846][  0]MapCheck: New page: Map Check
[2019.01.08-11.44.07:846][  0]LightingResults: New page: Lighting Build
[2019.01.08-11.44.08:874][  0]LogAIModule: Creating AISystem for world ThirdPersonExampleMap
[2019.01.08-11.44.08:912][  0]LogEditorServer: Finished looking for orphan Actors (0.000 secs)
[2019.01.08-11.44.08:945][  0]Cmd: MAP CHECKDEP NOCLEARLOG
[2019.01.08-11.44.09:001][  0]MapCheck: Map check complete: 0 Error(s), 0 Warning(s), took 56.053ms to complete.
[2019.01.08-11.44.09:001][  0]LogFileHelpers: Loading map 'ThirdPersonExampleMap' took 1.162
[2019.01.08-11.44.09:061][  0]LogWindowsTextInputMethodSystem: Display: IME system now deactivated.
[2019.01.08-11.44.09:153][  0]LogSlate: Updating window title bar state: overlay mode, drag disabled, window buttons hidden, title bar hidden
[2019.01.08-11.44.09:167][  0]LogSlate: Updating window title bar state: overlay mode, drag disabled, window buttons hidden, title bar hidden
[2019.01.08-11.44.09:177][  0]LogSlate: Updating window title bar state: overlay mode, drag disabled, window buttons hidden, title bar hidden
[2019.01.08-11.44.09:188][  0]LogSlate: Updating window title bar state: overlay mode, drag disabled, window buttons hidden, title bar hidden
[2019.01.08-11.44.09:202][  0]LogCollectionManager: Loaded 0 collections in 0.001405 seconds
[2019.01.08-11.44.09:269][  0]LogFileCache: Scanning file cache for directory 'C:/Users/אורלי/Documents/GitHub/TempelRun-UnrealEngine/TempleRun/Saved/Collections/' took 0.01s
[2019.01.08-11.44.09:269][  0]LogFileCache: Scanning file cache for directory 'C:/Users/אורלי/Documents/GitHub/TempelRun-UnrealEngine/TempleRun/Content/Developers/אורלי/Collections/' took 0.01s
[2019.01.08-11.44.09:269][  0]LogFileCache: Scanning file cache for directory 'C:/Users/אורלי/Documents/GitHub/TempelRun-UnrealEngine/TempleRun/Content/Collections/' took 0.01s
[2019.01.08-11.44.09:269][  0]LogCollectionManager: Rebuilt the GUID cache for 0 collections in 0.000001 seconds
[2019.01.08-11.44.09:287][  0]LogContentBrowser: Native class hierarchy populated in 0.0159 seconds. Added 2572 classes and 603 folders.
[2019.01.08-11.44.09:311][  0]LogContentBrowser: Native class hierarchy updated for 'WidgetCarousel' in 0.0004 seconds. Added 0 classes and 0 folders.
[2019.01.08-11.44.09:377][  0]LogContentBrowser: Native class hierarchy updated for 'AddContentDialog' in 0.0004 seconds. Added 0 classes and 0 folders.
[2019.01.08-11.44.09:393][  0]LogContentBrowser: Native class hierarchy updated for 'SceneOutliner' in 0.0004 seconds. Added 1 classes and 2 folders.
[2019.01.08-11.44.09:611][  0]LogSlate: Took 0.000204 seconds to synchronously load lazily loaded font '../../../Engine/Content/Slate/Fonts/Roboto-Regular.ttf' (155K)
[2019.01.08-11.44.09:613][  0]LogSlate: Took 0.000162 seconds to synchronously load lazily loaded font '../../../Engine/Content/Slate/Fonts/Roboto-Bold.ttf' (160K)
[2019.01.08-11.44.09:624][  0]LogSlate: Took 0.001643 seconds to synchronously load lazily loaded font '../../../Engine/Content/Editor/Slate/Fonts/FontAwesome.ttf' (139K)
[2019.01.08-11.44.09:737][  0]LogRenderer: Reallocating scene render targets to support 816x304 Format 10 NumSamples 1 (Frame:1).
[2019.01.08-11.44.10:149][  0]LogSlate: Took 0.002604 seconds to synchronously load lazily loaded font '../../../Engine/Content/Slate/Fonts/DroidSansFallback.ttf' (3848K)
[2019.01.08-11.44.10:261][  0]LogContentBrowser: Native class hierarchy updated for 'HierarchicalLODOutliner' in 0.0003 seconds. Added 0 classes and 0 folders.
[2019.01.08-11.44.10:261][  0]LogLoad: (Engine Initialization) Total time: 10.50 seconds
[2019.01.08-11.44.10:261][  0]LogLoad: (Engine Initialization) Total Blueprint compile time: 0.00 seconds
[2019.01.08-11.44.10:302][  0]LogContentStreaming: Texture pool size now 1000 MB
[2019.01.08-11.44.10:354][  1]LogAssetRegistry: Asset discovery search completed in 6.5180 seconds
[2019.01.08-11.44.10:356][  1]LogCollectionManager: Rebuilt the object cache for 0 collections in 0.000000 seconds (found 0 objects)
[2019.01.08-11.44.10:356][  1]LogCollectionManager: Fixed up redirectors for 0 collections in 0.000078 seconds (updated 0 objects)
[2019.01.08-11.44.14:427][ 27]LogSlate: Took 0.001410 seconds to synchronously load lazily loaded font '../../../Engine/Content/Slate/Fonts/Roboto-Light.ttf' (167K)
[2019.01.08-11.44.48:373][129]LogWindowsTextInputMethodSystem: Display: IME system now deactivated.
[2019.01.08-11.44.48:373][129]LogWindowsTextInputMethodSystem: Display: IME system now deactivated.
[2019.01.08-11.44.49:567][174]LogSlate: FSceneViewport::OnFocusLost() reason 0
[2019.01.08-11.44.49:703][184]LogSlate: Took 0.000220 seconds to synchronously load lazily loaded font '../../../Engine/Content/Slate/Fonts/Roboto-Light.ttf' (167K)
[2019.01.08-11.44.50:249][184]LogAIModule: Creating AISystem for world Level1
[2019.01.08-11.44.50:258][184]LogAssetEditorManager: Opening Asset editor for World /Game/ThirdPersonBP/Levels/Level1.Level1
[2019.01.08-11.44.50:288][184]Cmd: MAP LOAD FILE="../../../../../../Users/אורלי/Documents/GitHub/TempelRun-UnrealEngine/TempleRun/Content/ThirdPersonBP/Levels/Level1.umap" TEMPLATE=0 SHOWPROGRESS=1 FEATURELEVEL=3
[2019.01.08-11.44.50:288][184]LightingResults: New page: Lighting Build
[2019.01.08-11.44.50:289][184]LoadErrors: New page: Loading map: Level1.umap
[2019.01.08-11.44.50:295][184]MapCheck: New page: Map Check
[2019.01.08-11.44.50:295][184]LightingResults: New page: Lighting Build
[2019.01.08-11.44.50:414][184]LogEditorServer: Finished looking for orphan Actors (0.000 secs)
[2019.01.08-11.44.50:466][184]Cmd: MAP CHECKDEP NOCLEARLOG
[2019.01.08-11.44.50:546][184]MapCheck: Map check complete: 0 Error(s), 0 Warning(s), took 80.217ms to complete.
[2019.01.08-11.44.50:546][184]LogFileHelpers: Loading map 'Level1' took 0.261
