Log file open, 01/08/19 10:51:56
LogWindows: Failed to load 'aqProf.dll' (GetLastError=126)
LogWindows: File 'aqProf.dll' does not exist
LogWindows: Failed to load 'VSPerf140.dll' (GetLastError=126)
LogWindows: File 'VSPerf140.dll' does not exist
LogWindows: Failed to load 'VtuneApi.dll' (GetLastError=126)
LogWindows: File 'VtuneApi.dll' does not exist
LogWindows: Failed to load 'VtuneApi32e.dll' (GetLastError=126)
LogWindows: File 'VtuneApi32e.dll' does not exist
LogInit: Display: Running engine for game: TempleRun
LogPlatformFile: Not using cached read wrapper
LogTaskGraph: Started task graph with 5 named threads and 11 total threads with 3 sets of task threads.
LogStats: Stats thread started at 0.215281
LogD3D11RHI: Loaded GFSDK_Aftermath_Lib.x64.dll
LogICUInternationalization: Display: ICU TimeZone Detection - Raw Offset: +2:00, Platform Override: ''
LogPluginManager: Mounting plugin Paper2D
LogPluginManager: Mounting plugin AISupport
LogPluginManager: Mounting plugin LightPropagationVolume
LogPluginManager: Mounting plugin CLionSourceCodeAccess
LogPluginManager: Mounting plugin CodeLiteSourceCodeAccess
LogPluginManager: Mounting plugin GitSourceControl
LogPluginManager: Mounting plugin KDevelopSourceCodeAccess
LogPluginManager: Mounting plugin NullSourceCodeAccess
LogPluginManager: Mounting plugin PerforceSourceControl
LogPluginManager: Mounting plugin SubversionSourceControl
LogPluginManager: Mounting plugin UObjectPlugin
LogPluginManager: Mounting plugin VisualStudioCodeSourceCodeAccess
LogPluginManager: Mounting plugin VisualStudioSourceCodeAccess
LogPluginManager: Mounting plugin XCodeSourceCodeAccess
LogPluginManager: Mounting plugin AssetManagerEditor
LogPluginManager: Mounting plugin CryptoKeys
LogPluginManager: Mounting plugin DataValidation
LogPluginManager: Mounting plugin FacialAnimation
LogPluginManager: Mounting plugin GameplayTagsEditor
LogPluginManager: Mounting plugin MacGraphicsSwitching
LogPluginManager: Mounting plugin MeshEditor
LogPluginManager: Mounting plugin MobileLauncherProfileWizard
LogPluginManager: Mounting plugin PluginBrowser
LogPluginManager: Mounting plugin SpeedTreeImporter
LogPluginManager: Mounting plugin DatasmithContent
LogPluginManager: Mounting plugin AlembicImporter
LogPluginManager: Mounting plugin AppleImageUtils
LogPluginManager: Mounting plugin AppleVision
LogPluginManager: Mounting plugin BackChannel
LogPluginManager: Mounting plugin CharacterAI
LogPluginManager: Mounting plugin GeometryCache
LogPluginManager: Mounting plugin HTML5Networking
LogPluginManager: Mounting plugin ProxyLODPlugin
LogPluginManager: Mounting plugin MagicLeap
LogPluginManager: Mounting plugin MagicLeapEmulator
LogPluginManager: Mounting plugin MagicLeapMedia
LogPluginManager: Mounting plugin AndroidMedia
LogPluginManager: Mounting plugin AvfMedia
LogPluginManager: Mounting plugin ImgMedia
LogPluginManager: Mounting plugin LinearTimecode
LogPluginManager: Mounting plugin MediaCompositing
LogPluginManager: Mounting plugin MediaPlayerEditor
LogPluginManager: Mounting plugin WmfMedia
LogPluginManager: Mounting plugin TcpMessaging
LogPluginManager: Mounting plugin UdpMessaging
LogPluginManager: Mounting plugin ActorSequence
LogPluginManager: Mounting plugin LevelSequenceEditor
LogPluginManager: Mounting plugin MatineeToLevelSequence
LogPluginManager: Mounting plugin NetcodeUnitTest
LogPluginManager: Mounting plugin NUTUnrealEngine4
LogPluginManager: Mounting plugin OnlineSubsystemGooglePlay
LogPluginManager: Mounting plugin OnlineSubsystemIOS
LogPluginManager: Mounting plugin OnlineSubsystem
LogPluginManager: Mounting plugin OnlineSubsystemNull
LogPluginManager: Mounting plugin OnlineSubsystemUtils
LogPluginManager: Mounting plugin LauncherChunkInstaller
LogPluginManager: Mounting plugin AndroidDeviceProfileSelector
LogPluginManager: Mounting plugin AndroidMoviePlayer
LogPluginManager: Mounting plugin AndroidPermission
LogPluginManager: Mounting plugin AppleMoviePlayer
LogPluginManager: Mounting plugin ArchVisCharacter
LogPluginManager: Mounting plugin AudioCapture
LogPluginManager: Mounting plugin CableComponent
LogPluginManager: Mounting plugin CustomMeshComponent
LogPluginManager: Mounting plugin EditableMesh
LogPluginManager: Mounting plugin ExampleDeviceProfileSelector
LogPluginManager: Mounting plugin GoogleCloudMessaging
LogPluginManager: Mounting plugin ImmediatePhysics
LogPluginManager: Mounting plugin IOSDeviceProfileSelector
LogPluginManager: Mounting plugin LinuxDeviceProfileSelector
LogPluginManager: Mounting plugin LocationServicesBPLibrary
LogPluginManager: Mounting plugin MobilePatchingUtils
LogPluginManager: Mounting plugin OculusVR
LogPluginManager: Plugin shader directory ../../../Engine/Plugins/Runtime/Oculus/OculusVR/Shaders found
LogPluginManager: Mapping shader source directory ../../../Engine/Plugins/Runtime/Oculus/OculusVR/Shaders to virtual directory /Plugin/OculusVR
LogPluginManager: Mounting plugin PhysXVehicles
LogPluginManager: Mounting plugin ProceduralMeshComponent
LogPluginManager: Mounting plugin RuntimePhysXCooking
LogPluginManager: Mounting plugin SteamVR
LogPluginManager: Mounting plugin WindowsMoviePlayer
LogStreaming: Display: Took  0.252s to configure plugins.
LogInit: Using libcurl 7.55.1-DEV
LogInit:  - built for x86_64-pc-win32
LogInit:  - supports SSL with OpenSSL/1.0.2h
LogInit:  - supports HTTP deflate (compression) using libz 1.2.8
LogInit:  - other features:
LogInit:      CURL_VERSION_SSL
LogInit:      CURL_VERSION_LIBZ
LogInit:      CURL_VERSION_IPV6
LogInit:      CURL_VERSION_ASYNCHDNS
LogInit:      CURL_VERSION_LARGEFILE
LogInit:      CURL_VERSION_IDN
LogInit:  CurlRequestOptions (configurable via config and command line):
LogInit:  - bVerifyPeer = false  - Libcurl will NOT verify peer certificate
LogInit:  - bUseHttpProxy = false  - Libcurl will NOT use HTTP proxy
LogInit:  - bDontReuseConnections = false  - Libcurl will reuse connections
LogInit:  - CertBundlePath = nullptr  - Libcurl will use whatever was configured at build time.
LogInit:  - MaxHostConnections = 16  - Libcurl will limit the number of connections to a host
LogInit:  - LocalHostAddr = Default
LogInit:  - BufferSize = 65536
LogInit: WinSock: version 1.1 (2.2), MaxSocks=32767, MaxUdp=65467
LogInit: Build: ++UE4+Release-4.20-CL-4369336
LogInit: Engine Version: 4.20.3-4369336+++UE4+Release-4.20
LogInit: Compatible Engine Version: 4.20.0-4212847+++UE4+Release-4.20
LogInit: Net CL: 4212847
LogInit: OS: Windows 10 (), CPU: Intel(R) Core(TM) i7-5500U CPU @ 2.40GHz, GPU: Intel(R) HD Graphics 5500
LogInit: Compiled (64-bit): Sep 17 2018 12:26:19
LogInit: Compiled with Visual C++: 19.13.26129.00
LogInit: Build Configuration: Development
LogInit: Branch Name: ++UE4+Release-4.20
LogInit: Command Line:  
LogInit: Base Directory: C:/Program Files/Epic Games/UE_4.20/Engine/Binaries/Win64/
LogInit: Installed Engine Build: 1
LogDevObjectVersion: Number of dev versions registered: 20
LogDevObjectVersion:   Dev-Blueprints (B0D832E4-1F89-4F0D-ACCF-7EB736FD4AA2): 10
LogDevObjectVersion:   Dev-Build (E1C64328-A22C-4D53-A36C-8E866417BD8C): 0
LogDevObjectVersion:   Dev-Core (375EC13C-06E4-48FB-B500-84F0262A717E): 2
LogDevObjectVersion:   Dev-Editor (E4B068ED-F494-42E9-A231-DA0B2E46BB41): 24
LogDevObjectVersion:   Dev-Framework (CFFC743F-43B0-4480-9391-14DF171D2073): 34
LogDevObjectVersion:   Dev-Mobile (B02B49B5-BB20-44E9-A304-32B752E40360): 2
LogDevObjectVersion:   Dev-Networking (A4E4105C-59A1-49B5-A7C5-40C4547EDFEE): 0
LogDevObjectVersion:   Dev-Online (39C831C9-5AE6-47DC-9A44-9C173E1C8E7C): 0
LogDevObjectVersion:   Dev-Physics (78F01B33-EBEA-4F98-B9B4-84EACCB95AA2): 0
LogDevObjectVersion:   Dev-Platform (6631380F-2D4D-43E0-8009-CF276956A95A): 0
LogDevObjectVersion:   Dev-Rendering (12F88B9F-8875-4AFC-A67C-D90C383ABD29): 26
LogDevObjectVersion:   Dev-Sequencer (7B5AE74C-D270-4C10-A958-57980B212A5A): 9
LogDevObjectVersion:   Dev-VR (D7296918-1DD6-4BDD-9DE2-64A83CC13884): 2
LogDevObjectVersion:   Dev-LoadTimes (C2A15278-BFE7-4AFE-6C17-90FF531DF755): 1
LogDevObjectVersion:   Private-Geometry (6EACA3D4-40EC-4CC1-B786-8BED09428FC5): 3
LogDevObjectVersion:   Dev-AnimPhys (29E575DD-E0A3-4627-9D10-D276232CDCEA): 17
LogDevObjectVersion:   Dev-ReflectionCapture (6B266CEC-1EC7-4B8F-A30B-E4D90942FC07): 1
LogDevObjectVersion:   Dev-Automation (0DF73D61-A23F-47EA-B727-89E90C41499A): 1
LogDevObjectVersion:   FortniteMain (601D1886-AC64-4F84-AA16-D3DE0DEAC7D6): 12
LogDevObjectVersion:   Dev-Enterprise (9DFFBCD6-494F-0158-E221-12823C92A888): 1
LogStreaming: Display: Took  0.004s to delete old logs.
LogInit: Presizing for max 8388607 objects, including 0 objects not considered by GC, pre-allocating 0 bytes for permanent pool.
LogInit: Object subsystem initialized
[2019.01.08-08.51.57:443][  0]LogInit: Selected Device Profile: [Windows]
[2019.01.08-08.51.57:443][  0]LogInit: Applying CVar settings loaded from the selected device profile: [Windows]
[2019.01.08-08.51.57:459][  0]LogHAL: Display: Platform has ~ 8 GB [8488329216 / 8589934592 / 8], which maps to Default [LargestMinGB=32, LargerMinGB=12, DefaultMinGB=8, SmallerMinGB=6, SmallestMinGB=0)
[2019.01.08-08.51.57:459][  0]LogInit: Setting Device Profile CVar: [[r.Vulkan.UseRealUBs:1]]
[2019.01.08-08.51.57:459][  0]LogInit: Going up to parent DeviceProfile []
[2019.01.08-08.51.57:459][  0]LogInit: Computer: DESKTOP-GD1OE23
[2019.01.08-08.51.57:460][  0]LogInit: User: אורלי
[2019.01.08-08.51.57:460][  0]LogInit: CPU Page size=4096, Cores=2
[2019.01.08-08.51.57:460][  0]LogInit: High frequency timer resolution =2.340369 MHz
[2019.01.08-08.51.57:461][  0]LogMemory: Memory total: Physical=7.9GB (8GB approx)
[2019.01.08-08.51.57:461][  0]LogMemory: Platform Memory Stats for Windows
[2019.01.08-08.51.57:461][  0]LogMemory: Process Physical Memory: 99.92 MB used, 99.92 MB peak
[2019.01.08-08.51.57:461][  0]LogMemory: Process Virtual Memory: 84.49 MB used, 84.49 MB peak
[2019.01.08-08.51.57:461][  0]LogMemory: Physical Memory: 4255.51 MB used,  3839.59 MB free, 8095.10 MB total
[2019.01.08-08.51.57:461][  0]LogMemory: Virtual Memory: 485.85 MB used,  3839.59 MB free, 134217728.00 MB total
[2019.01.08-08.51.57:490][  0]LogInit: Using OS detected language (he-IL).
[2019.01.08-08.51.57:490][  0]LogInit: Using OS detected locale (he-IL).
[2019.01.08-08.51.57:491][  0]LogTextLocalizationManager: No localization for 'he-IL' exists, so 'en' will be used for the language.
[2019.01.08-08.51.58:094][  0]LogStreaming: Display: Took  0.605s to InitEngineTextLocalization.
[2019.01.08-08.51.58:094][  0]LogInit: Setting process to per monitor DPI aware
[2019.01.08-08.51.58:126][  0]LogSlate: New Slate User Created.  User Index 0, Is Virtual User: 0
[2019.01.08-08.51.58:127][  0]LogSlate: Slate User Registered.  User Index 0, Is Virtual User: 0
[2019.01.08-08.51.58:356][  0]LogHMD: Failed to initialize OpenVR with code 110
[2019.01.08-08.51.58:356][  0]LogD3D11RHI: D3D11 adapters:
[2019.01.08-08.51.58:362][  0]LogD3D11RHI:    0. 'Intel(R) HD Graphics 5500' (Feature Level 11_0)
[2019.01.08-08.51.58:362][  0]LogD3D11RHI:       128/0/4047 MB DedicatedVideo/DedicatedSystem/SharedSystem, Outputs:1, VendorId:0x8086
[2019.01.08-08.51.58:363][  0]LogD3D11RHI:    1. 'Microsoft Basic Render Driver' (Feature Level 11_0)
[2019.01.08-08.51.58:363][  0]LogD3D11RHI:       0/0/4047 MB DedicatedVideo/DedicatedSystem/SharedSystem, Outputs:0, VendorId:0x1414
[2019.01.08-08.51.58:363][  0]LogD3D11RHI: Chosen D3D11 Adapter: 0
[2019.01.08-08.51.58:369][  0]LogD3D11RHI: Creating new Direct3DDevice
[2019.01.08-08.51.58:369][  0]LogD3D11RHI:     GPU DeviceId: 0x1616 (for the marketing name, search the web for "GPU Device Id")
[2019.01.08-08.51.58:369][  0]LogWindows: EnumDisplayDevices:
[2019.01.08-08.51.58:369][  0]LogWindows:    0. 'Intel(R) HD Graphics 5500' (P:1 D:1)
[2019.01.08-08.51.58:369][  0]LogWindows:    1. 'Intel(R) HD Graphics 5500' (P:0 D:0)
[2019.01.08-08.51.58:370][  0]LogWindows:    2. 'Intel(R) HD Graphics 5500' (P:0 D:0)
[2019.01.08-08.51.58:370][  0]LogWindows: DebugString: FoundDriverCount:3 
[2019.01.08-08.51.58:370][  0]LogD3D11RHI:     Adapter Name: Intel(R) HD Graphics 5500
[2019.01.08-08.51.58:370][  0]LogD3D11RHI:   Driver Version: 20.19.15.4549 (internal:20.19.15.4549, unified:20.19.15.4549)
[2019.01.08-08.51.58:370][  0]LogD3D11RHI:      Driver Date: 11-10-2016
[2019.01.08-08.51.58:370][  0]LogRHI: Texture pool is 1506 MB (70% of 2151 MB)
[2019.01.08-08.51.58:374][  0]LogD3D11RHI: Async texture creation enabled
[2019.01.08-08.51.58:379][  0]LogD3D11RHI: GPU Timing Frequency: 12.500000 (Debug: 2 0)
[2019.01.08-08.51.58:380][  0]LogShaderCompilers: Guid format shader working directory is -53 characters bigger than the processId version (../../../../../../Users/אורלי/Downloads/TempleRun - tot_ 6 corners/TempleRun - tot_ 4 collect coins/Intermediate/Shaders/WorkingDirectory/9656/).
[2019.01.08-08.51.58:380][  0]LogShaderCompilers: Cleaned the shader compiler working directory 'C:/Users/אורלי/AppData/Local/Temp/UnrealShaderWorkingDir/D37DF4CA48FB5DAABED5308EF5CEC74C/'.
[2019.01.08-08.51.58:747][  0]LogTemp: Display: Loaded TP AllDesktopTargetPlatform
[2019.01.08-08.51.58:766][  0]LogTemp: Display: Loaded TP MacClientTargetPlatform
[2019.01.08-08.51.58:786][  0]LogTemp: Display: Loaded TP MacNoEditorTargetPlatform
[2019.01.08-08.51.58:805][  0]LogTemp: Display: Loaded TP MacServerTargetPlatform
[2019.01.08-08.51.58:825][  0]LogTemp: Display: Loaded TP MacTargetPlatform
[2019.01.08-08.51.58:846][  0]LogTemp: Display: Loaded TP WindowsClientTargetPlatform
[2019.01.08-08.51.58:870][  0]LogTemp: Display: Loaded TP WindowsNoEditorTargetPlatform
[2019.01.08-08.51.58:892][  0]LogTemp: Display: Loaded TP WindowsServerTargetPlatform
[2019.01.08-08.51.58:901][  0]LogTemp: Display: Loaded TP WindowsTargetPlatform
[2019.01.08-08.51.59:035][  0]LogTemp: Display: Loaded TP AndroidTargetPlatform
[2019.01.08-08.51.59:036][  0]LogTemp: Display: Loaded TP AndroidTargetPlatform
[2019.01.08-08.51.59:036][  0]LogTemp: Display: Loaded TP AndroidTargetPlatform
[2019.01.08-08.51.59:036][  0]LogTemp: Display: Loaded TP AndroidTargetPlatform
[2019.01.08-08.51.59:036][  0]LogTemp: Display: Loaded TP AndroidTargetPlatform
[2019.01.08-08.51.59:036][  0]LogTemp: Display: Loaded TP AndroidTargetPlatform
[2019.01.08-08.51.59:036][  0]LogTemp: Display: Loaded TP AndroidTargetPlatform
[2019.01.08-08.51.59:036][  0]LogTemp: Display: Loaded TP AndroidTargetPlatform
[2019.01.08-08.51.59:036][  0]LogTemp: Display: Loaded TP AndroidTargetPlatform
[2019.01.08-08.51.59:036][  0]LogTemp: Display: Loaded TP AndroidTargetPlatform
[2019.01.08-08.51.59:036][  0]LogTemp: Display: Loaded TP AndroidTargetPlatform
[2019.01.08-08.51.59:036][  0]LogTemp: Display: Loaded TP AndroidTargetPlatform
[2019.01.08-08.51.59:036][  0]LogTemp: Display: Loaded TP AndroidTargetPlatform
[2019.01.08-08.51.59:036][  0]LogTemp: Display: Loaded TP AndroidTargetPlatform
[2019.01.08-08.51.59:036][  0]LogTemp: Display: Loaded TP AndroidTargetPlatform
[2019.01.08-08.51.59:036][  0]LogTemp: Display: Loaded TP AndroidTargetPlatform
[2019.01.08-08.51.59:036][  0]LogTemp: Display: Loaded TP AndroidTargetPlatform
[2019.01.08-08.51.59:036][  0]LogTemp: Display: Loaded TP AndroidTargetPlatform
[2019.01.08-08.51.59:037][  0]LogTemp: Display: Loaded TP HTML5TargetPlatform
[2019.01.08-08.51.59:108][  0]LogTemp: Display: Loaded TP IOSTargetPlatform
[2019.01.08-08.51.59:108][  0]LogTemp: Display: Loaded TP IOSTargetPlatform
[2019.01.08-08.51.59:140][  0]LogTemp: Display: Loaded TP TVOSTargetPlatform
[2019.01.08-08.51.59:140][  0]LogTemp: Display: Loaded TP TVOSTargetPlatform
[2019.01.08-08.51.59:159][  0]LogTemp: Display: Loaded TP LinuxClientTargetPlatform
[2019.01.08-08.51.59:177][  0]LogTemp: Display: Loaded TP LinuxNoEditorTargetPlatform
[2019.01.08-08.51.59:194][  0]LogTemp: Display: Loaded TP LinuxServerTargetPlatform
[2019.01.08-08.51.59:212][  0]LogTemp: Display: Loaded TP LinuxTargetPlatform
[2019.01.08-08.51.59:224][  0]LogTemp: Display: Loaded TP LuminTargetPlatform
[2019.01.08-08.51.59:224][  0]LogTargetPlatformManager: Display: Building Assets For Windows
[2019.01.08-08.51.59:288][  0]LogXGEController: Cannot use XGE Controller as Incredibuild is not installed on this machine.
[2019.01.08-08.51.59:288][  0]LogShaderCompilers: Cannot use XGE Shader Compiler as Incredibuild is not installed on this machine.
[2019.01.08-08.51.59:288][  0]LogShaderCompilers: Display: Using Local Shader Compiler.
[2019.01.08-08.52.00:243][  0]LogDerivedDataCache: Display: Max Cache Size: 512 MB
[2019.01.08-08.52.00:329][  0]LogDerivedDataCache: Loaded boot cache 0.09s 71MB C:/Users/אורלי/AppData/Local/UnrealEngine/4.20/DerivedDataCache/Boot.ddc.
[2019.01.08-08.52.00:329][  0]LogDerivedDataCache: Display: Loaded Boot cache: C:/Users/אורלי/AppData/Local/UnrealEngine/4.20/DerivedDataCache/Boot.ddc
[2019.01.08-08.52.00:330][  0]LogDerivedDataCache: FDerivedDataBackendGraph:  Pak pak cache file ../../../../../../Users/אורלי/Downloads/TempleRun - tot_ 6 corners/TempleRun - tot_ 4 collect coins/DerivedDataCache/DDC.ddp not found, will not use a pak cache.
[2019.01.08-08.52.00:330][  0]LogDerivedDataCache: Unable to find inner node Pak for hierarchical cache Hierarchy.
[2019.01.08-08.52.00:330][  0]LogDerivedDataCache: FDerivedDataBackendGraph:  CompressedPak pak cache file ../../../../../../Users/אורלי/Downloads/TempleRun - tot_ 6 corners/TempleRun - tot_ 4 collect coins/DerivedDataCache/Compressed.ddp not found, will not use a pak cache.
[2019.01.08-08.52.00:330][  0]LogDerivedDataCache: Unable to find inner node CompressedPak for hierarchical cache Hierarchy.
[2019.01.08-08.52.00:346][  0]LogDerivedDataCache: Display: Pak cache opened for reading ../../../Engine/DerivedDataCache/Compressed.ddp.
[2019.01.08-08.52.00:636][  0]LogDerivedDataCache: Using Local data cache path C:/Users/אורלי/AppData/Local/UnrealEngine/Common/DerivedDataCache: Writable
[2019.01.08-08.52.00:636][  0]LogDerivedDataCache: Shared data cache path not found in *engine.ini, will not use an Shared cache.
[2019.01.08-08.52.00:636][  0]LogDerivedDataCache: Unable to find inner node Shared for hierarchical cache Hierarchy.
[2019.01.08-08.52.00:677][  0]LogMaterial: Verifying Global Shaders for PCD3D_SM5
[2019.01.08-08.52.00:680][  0]LogSlate: Using FreeType 2.6.0
[2019.01.08-08.52.00:680][  0]LogSlate: SlateFontServices - WITH_FREETYPE: 1, WITH_HARFBUZZ: 1
[2019.01.08-08.52.00:809][  0]LogAssetRegistry: FAssetRegistry took 0.0316 seconds to start up
[2019.01.08-08.52.01:652][  0]LogInit: Selected Device Profile: [Windows]
[2019.01.08-08.52.01:911][  0]LogSimplygon: Simplygon DLL not present - disabling.
[2019.01.08-08.52.01:916][  0]LogMeshReduction: Using SimplygonSwarm for distributed automatic mesh merging
[2019.01.08-08.52.01:916][  0]LogMeshReduction: Using ProxyLODMeshReduction for automatic mesh merging
[2019.01.08-08.52.01:916][  0]LogMeshReduction: Using QuadricMeshReduction for automatic static mesh reduction
[2019.01.08-08.52.01:916][  0]LogMeshReduction: No automatic skeletal mesh reduction module available
[2019.01.08-08.52.01:938][  0]LogNetVersion: TempleRun 1.0.0, NetCL: 4212847, EngineNetVer: 5, GameNetVer: 0 (Checksum: 2232543940)
[2019.01.08-08.52.03:062][  0]LogPackageLocalizationCache: Processed 11 localized package path(s) for 1 prioritized culture(s) in 0.098148 seconds
[2019.01.08-08.52.03:073][  0]LogUObjectArray: 38425 objects as part of root set at end of initial load.
[2019.01.08-08.52.03:073][  0]LogUObjectAllocator: 6690872 out of 0 bytes used by permanent object pool.
[2019.01.08-08.52.03:073][  0]LogUObjectArray: CloseDisregardForGC: 0/0 objects in disregard for GC pool
[2019.01.08-08.52.04:148][  0]LogTcpMessaging: Initializing TcpMessaging bridge
[2019.01.08-08.52.04:162][  0]LogUdpMessaging: Initializing bridge on interface 0.0.0.0:0 to multicast group 230.0.0.1:6666.
[2019.01.08-08.52.05:087][  0]SourceControl: Source control is disabled
[2019.01.08-08.52.05:088][  0]SourceControl: Source control is disabled
[2019.01.08-08.52.05:092][  0]SourceControl: Source control is disabled
[2019.01.08-08.52.05:094][  0]SourceControl: Source control is disabled
[2019.01.08-08.52.05:394][  0]LogAndroidPermission: UAndroidPermissionCallbackProxy::GetInstance
[2019.01.08-08.52.05:490][  0]LogOcInput: OculusInput pre-init called
[2019.01.08-08.52.05:693][  0]LogEngine: Initializing Engine...
[2019.01.08-08.52.05:696][  0]LogHMD: Failed to initialize OpenVR with code 110
[2019.01.08-08.52.05:701][  0]LogStats: UGameplayTagsManager::ConstructGameplayTagTree: ImportINI prefixes -  0.000 s
[2019.01.08-08.52.05:701][  0]LogStats: UGameplayTagsManager::ConstructGameplayTagTree: Construct from data asset -  0.000 s
[2019.01.08-08.52.05:702][  0]LogStats: UGameplayTagsManager::ConstructGameplayTagTree: ImportINI -  0.000 s
[2019.01.08-08.52.05:702][  0]LogStats: UGameplayTagsManager::ConstructGameplayTagTree: GameplayTagTreeChangedEvent.Broadcast -  0.000 s
[2019.01.08-08.52.06:516][  0]LogInit: Initializing FReadOnlyCVARCache
[2019.01.08-08.52.06:549][  0]LogAIModule: Creating AISystem for world Untitled
[2019.01.08-08.52.06:558][  0]LogInit: XAudio2 using 'Speakers (Realtek High Definition Audio)' : 2 channels at 48 kHz using 32 bits per sample (channel mask 0x3)
[2019.01.08-08.52.06:586][  0]LogInit: FAudioDevice initialized.
[2019.01.08-08.52.06:586][  0]LogNetVersion: Set ProjectVersion to 1.0.0.0. Version Checksum will be recalculated on next use.
[2019.01.08-08.52.13:900][  0]LogDerivedDataCache: Saved boot cache 7.31s 71MB C:/Users/אורלי/AppData/Local/UnrealEngine/4.20/DerivedDataCache/Boot.ddc.
[2019.01.08-08.52.13:907][  0]LogInit: Texture streaming: Enabled
[2019.01.08-08.52.13:948][  0]LogEngineSessionManager: EngineSessionManager initialized
[2019.01.08-08.52.13:973][  0]LogInit: Transaction tracking system initialized
[2019.01.08-08.52.14:023][  0]BlueprintLog: New page: Editor Load
[2019.01.08-08.52.14:178][  0]LocalizationService: Localization service is disabled
[2019.01.08-08.52.14:655][  0]LogCook: Display: Max memory allowance for cook 16384mb min free memory 0mb
[2019.01.08-08.52.14:656][  0]LogCook: Display: Mobile HDR setting 1
[2019.01.08-08.52.14:656][  0]LogGameplayTags: Display: UGameplayTagsManager::DoneAddingNativeTags. DelegateIsBound: 0
[2019.01.08-08.52.14:656][  0]LogStats: UGameplayTagsManager::ConstructGameplayTagTree: ImportINI prefixes -  0.000 s
[2019.01.08-08.52.14:656][  0]LogStats: UGameplayTagsManager::ConstructGameplayTagTree: Construct from data asset -  0.000 s
[2019.01.08-08.52.14:656][  0]LogStats: UGameplayTagsManager::ConstructGameplayTagTree: ImportINI -  0.000 s
[2019.01.08-08.52.14:656][  0]LogStats: UGameplayTagsManager::ConstructGameplayTagTree: GameplayTagTreeChangedEvent.Broadcast -  0.000 s
[2019.01.08-08.52.14:786][  0]LogFileCache: Scanning file cache for directory 'C:/Users/אורלי/Downloads/TempleRun - tot_ 6 corners/TempleRun - tot_ 4 collect coins/Content/' took 0.02s
[2019.01.08-08.52.14:786][  0]SourceControl: Source control is disabled
[2019.01.08-08.52.14:789][  0]LightingResults: New page: Lighting Build
[2019.01.08-08.52.14:791][  0]MapCheck: New page: Map Check
[2019.01.08-08.52.14:791][  0]LightingResults: New page: Lighting Build
[2019.01.08-08.52.16:122][  0]LogAIModule: Creating AISystem for world ThirdPersonExampleMap
[2019.01.08-08.52.16:137][  0]LogEditorServer: Finished looking for orphan Actors (0.000 secs)
[2019.01.08-08.52.16:179][  0]Cmd: MAP CHECKDEP NOCLEARLOG
[2019.01.08-08.52.16:234][  0]MapCheck: Map check complete: 0 Error(s), 0 Warning(s), took 55.389ms to complete.
[2019.01.08-08.52.16:234][  0]LogFileHelpers: Loading map 'ThirdPersonExampleMap' took 1.448
[2019.01.08-08.52.16:318][  0]LogSlate: Updating window title bar state: overlay mode, drag disabled, window buttons hidden, title bar hidden
[2019.01.08-08.52.16:327][  0]LogSlate: Updating window title bar state: overlay mode, drag disabled, window buttons hidden, title bar hidden
[2019.01.08-08.52.16:336][  0]LogSlate: Updating window title bar state: overlay mode, drag disabled, window buttons hidden, title bar hidden
[2019.01.08-08.52.16:344][  0]LogSlate: Updating window title bar state: overlay mode, drag disabled, window buttons hidden, title bar hidden
[2019.01.08-08.52.16:350][  0]LogCollectionManager: Loaded 0 collections in 0.001568 seconds
[2019.01.08-08.52.16:389][  0]LogFileCache: Scanning file cache for directory 'C:/Users/אורלי/Downloads/TempleRun - tot_ 6 corners/TempleRun - tot_ 4 collect coins/Saved/Collections/' took 0.01s
[2019.01.08-08.52.16:389][  0]LogFileCache: Scanning file cache for directory 'C:/Users/אורלי/Downloads/TempleRun - tot_ 6 corners/TempleRun - tot_ 4 collect coins/Content/Developers/אורלי/Collections/' took 0.01s
[2019.01.08-08.52.16:389][  0]LogFileCache: Scanning file cache for directory 'C:/Users/אורלי/Downloads/TempleRun - tot_ 6 corners/TempleRun - tot_ 4 collect coins/Content/Collections/' took 0.01s
[2019.01.08-08.52.16:389][  0]LogCollectionManager: Rebuilt the GUID cache for 0 collections in 0.000000 seconds
[2019.01.08-08.52.16:400][  0]LogContentBrowser: Native class hierarchy populated in 0.0108 seconds. Added 2572 classes and 603 folders.
[2019.01.08-08.52.16:406][  0]LogContentBrowser: Native class hierarchy updated for 'WidgetCarousel' in 0.0003 seconds. Added 0 classes and 0 folders.
[2019.01.08-08.52.16:439][  0]LogContentBrowser: Native class hierarchy updated for 'AddContentDialog' in 0.0002 seconds. Added 0 classes and 0 folders.
[2019.01.08-08.52.16:443][  0]LogContentBrowser: Native class hierarchy updated for 'SceneOutliner' in 0.0004 seconds. Added 1 classes and 2 folders.
[2019.01.08-08.52.16:531][  0]LogSlate: Took 0.000169 seconds to synchronously load lazily loaded font '../../../Engine/Content/Slate/Fonts/Roboto-Regular.ttf' (155K)
[2019.01.08-08.52.16:535][  0]LogSlate: Took 0.000294 seconds to synchronously load lazily loaded font '../../../Engine/Content/Slate/Fonts/Roboto-Bold.ttf' (160K)
[2019.01.08-08.52.16:541][  0]LogSlate: Took 0.000183 seconds to synchronously load lazily loaded font '../../../Engine/Content/Editor/Slate/Fonts/FontAwesome.ttf' (139K)
[2019.01.08-08.52.16:641][  0]LogRenderer: Reallocating scene render targets to support 816x304 Format 10 NumSamples 1 (Frame:1).
[2019.01.08-08.52.16:996][  0]LogSlate: Took 0.002627 seconds to synchronously load lazily loaded font '../../../Engine/Content/Slate/Fonts/DroidSansFallback.ttf' (3848K)
[2019.01.08-08.52.17:095][  0]LogContentBrowser: Native class hierarchy updated for 'HierarchicalLODOutliner' in 0.0006 seconds. Added 0 classes and 0 folders.
[2019.01.08-08.52.17:095][  0]LogLoad: (Engine Initialization) Total time: 21.83 seconds
[2019.01.08-08.52.17:095][  0]LogLoad: (Engine Initialization) Total Blueprint compile time: 0.00 seconds
[2019.01.08-08.52.17:132][  0]LogContentStreaming: Texture pool size now 1000 MB
[2019.01.08-08.52.17:157][  0]LogSlate: Took 0.000154 seconds to synchronously load lazily loaded font '../../../Engine/Content/Slate/Fonts/Roboto-Light.ttf' (167K)
[2019.01.08-08.52.17:229][  2]LogAssetRegistry: Asset discovery search completed in 16.4430 seconds
[2019.01.08-08.52.17:231][  2]LogCollectionManager: Rebuilt the object cache for 0 collections in 0.000000 seconds (found 0 objects)
[2019.01.08-08.52.17:231][  2]LogCollectionManager: Fixed up redirectors for 0 collections in 0.000067 seconds (updated 0 objects)
[2019.01.08-08.52.19:932][  7]LogSlate: FSceneViewport::OnFocusLost() reason 0
[2019.01.08-08.52.40:979][521]LogSlate: Took 0.000245 seconds to synchronously load lazily loaded font '../../../Engine/Content/Slate/Fonts/Roboto-Light.ttf' (167K)
[2019.01.08-08.52.40:989][521]LogAssetEditorManager: Opening Asset editor for Blueprint /Game/ThirdPersonBP/Blueprints/RunGameMode.RunGameMode
[2019.01.08-08.52.41:807][521]LogContentBrowser: Native class hierarchy updated for 'BlueprintGraph' in 0.0009 seconds. Added 116 classes and 0 folders.
[2019.01.08-08.52.43:082][521]LogSlate: Took 0.000227 seconds to synchronously load lazily loaded font '../../../Engine/Content/Slate/Fonts/Roboto-BoldCondensed.ttf' (158K)
[2019.01.08-08.52.48:967][969]LogSlate: Took 0.024256 seconds to synchronously load lazily loaded font '../../../Engine/Content/SlateDebug/Fonts/LastResort.ttf' (5269K)
[2019.01.08-08.52.58:326][878]LogTemp: Repeating last play command: Selected Viewport
[2019.01.08-08.52.58:361][878]LogBlueprintUserMessages: Early PlayInEditor Detection: Level '/Game/ThirdPersonBP/Maps/ThirdPersonExampleMap.ThirdPersonExampleMap:PersistentLevel' has LevelScriptBlueprint '/Game/ThirdPersonBP/Maps/ThirdPersonExampleMap.ThirdPersonExampleMap:PersistentLevel.ThirdPersonExampleMap' with GeneratedClass '/Game/ThirdPersonBP/Maps/ThirdPersonExampleMap.ThirdPersonExampleMap_C' with ClassGeneratedBy '/Game/ThirdPersonBP/Maps/ThirdPersonExampleMap.ThirdPersonExampleMap:PersistentLevel.ThirdPersonExampleMap'
[2019.01.08-08.52.58:361][878]LogPlayLevel: PlayLevel: No blueprints needed recompiling
[2019.01.08-08.52.58:379][878]PIE: New page: PIE session: ThirdPersonExampleMap (8 בינו׳ 2019, 12:52:58)
[2019.01.08-08.52.58:379][878]LogPlayLevel: Creating play world package: /Game/ThirdPersonBP/Maps/UEDPIE_0_ThirdPersonExampleMap
[2019.01.08-08.52.58:426][878]LogPlayLevel: PIE: StaticDuplicateObject took: (0.047547s)
[2019.01.08-08.52.58:428][878]LogAIModule: Creating AISystem for world ThirdPersonExampleMap
[2019.01.08-08.52.58:428][878]LogPlayLevel: PIE: World Init took: (0.001650s)
[2019.01.08-08.52.58:428][878]LogPlayLevel: PIE: Created PIE world by copying editor world from /Game/ThirdPersonBP/Maps/ThirdPersonExampleMap.ThirdPersonExampleMap to /Game/ThirdPersonBP/Maps/UEDPIE_0_ThirdPersonExampleMap.ThirdPersonExampleMap (0.049585s)
[2019.01.08-08.52.58:495][878]LogInit: XAudio2 using 'Speakers (Realtek High Definition Audio)' : 2 channels at 48 kHz using 32 bits per sample (channel mask 0x3)
[2019.01.08-08.52.58:506][878]LogInit: FAudioDevice initialized.
[2019.01.08-08.52.58:552][878]LogLinker: Warning: Can't find file '/Game/ThirdPersonBP/Blueprints/ThirdPersonGameMode'
[2019.01.08-08.52.58:552][878]LogLinker: Warning: Can't find file '/Game/ThirdPersonBP/Blueprints/ThirdPersonGameMode'
[2019.01.08-08.52.58:552][878]LogUObjectGlobals: Warning: Failed to find object 'Class /Game/ThirdPersonBP/Blueprints/ThirdPersonGameMode.ThirdPersonGameMode_C'
[2019.01.08-08.52.58:552][878]LogLoad: Game class is 'GameModeBase'
[2019.01.08-08.52.58:560][878]LogWorld: Bringing World /Game/ThirdPersonBP/Maps/UEDPIE_0_ThirdPersonExampleMap.ThirdPersonExampleMap up for play (max tick rate 0) at 2019.01.08-10.52.58
[2019.01.08-08.52.58:560][878]LogWorld: Bringing up level for play took: 0.003284
[2019.01.08-08.52.58:583][878]LogContentBrowser: Native class hierarchy updated for 'MovieSceneCapture' in 0.0005 seconds. Added 10 classes and 0 folders.
[2019.01.08-08.52.58:584][878]PIE: Play in editor start time for /Game/ThirdPersonBP/Maps/UEDPIE_0_ThirdPersonExampleMap ‎-0.414
[2019.01.08-08.52.58:585][878]LogBlueprintUserMessages: Late PlayInEditor Detection: Level '/Game/ThirdPersonBP/Maps/ThirdPersonExampleMap.ThirdPersonExampleMap:PersistentLevel' has LevelScriptBlueprint '/Game/ThirdPersonBP/Maps/ThirdPersonExampleMap.ThirdPersonExampleMap:PersistentLevel.ThirdPersonExampleMap' with GeneratedClass '/Game/ThirdPersonBP/Maps/ThirdPersonExampleMap.ThirdPersonExampleMap_C' with ClassGeneratedBy '/Game/ThirdPersonBP/Maps/ThirdPersonExampleMap.ThirdPersonExampleMap:PersistentLevel.ThirdPersonExampleMap'
[2019.01.08-08.53.02:133][ 13]LogBlueprintUserMessages: Early EndPlayMap Detection: Level '/Game/ThirdPersonBP/Maps/ThirdPersonExampleMap.ThirdPersonExampleMap:PersistentLevel' has LevelScriptBlueprint '/Game/ThirdPersonBP/Maps/ThirdPersonExampleMap.ThirdPersonExampleMap:PersistentLevel.ThirdPersonExampleMap' with GeneratedClass '/Game/ThirdPersonBP/Maps/ThirdPersonExampleMap.ThirdPersonExampleMap_C' with ClassGeneratedBy '/Game/ThirdPersonBP/Maps/ThirdPersonExampleMap.ThirdPersonExampleMap:PersistentLevel.ThirdPersonExampleMap'
[2019.01.08-08.53.02:134][ 13]LogSlate: Updating window title bar state: overlay mode, drag disabled, window buttons hidden, title bar hidden
[2019.01.08-08.53.02:179][ 13]LogPlayLevel: Display: Shutting down PIE online subsystems
[2019.01.08-08.53.02:179][ 13]LogBlueprintUserMessages: Late EndPlayMap Detection: Level '/Game/ThirdPersonBP/Maps/ThirdPersonExampleMap.ThirdPersonExampleMap:PersistentLevel' has LevelScriptBlueprint '/Game/ThirdPersonBP/Maps/ThirdPersonExampleMap.ThirdPersonExampleMap:PersistentLevel.ThirdPersonExampleMap' with GeneratedClass '/Game/ThirdPersonBP/Maps/ThirdPersonExampleMap.ThirdPersonExampleMap_C' with ClassGeneratedBy '/Game/ThirdPersonBP/Maps/ThirdPersonExampleMap.ThirdPersonExampleMap:PersistentLevel.ThirdPersonExampleMap'
[2019.01.08-08.53.02:230][ 13]LogSlate: Updating window title bar state: overlay mode, drag disabled, window buttons hidden, title bar hidden
[2019.01.08-08.53.02:279][ 14]LogPlayLevel: Display: Destroying online subsystem :Context_13
[2019.01.08-08.53.04:070][ 42]LogSlate: FSceneViewport::OnFocusLost() reason 0
[2019.01.08-08.53.05:321][ 74]LogAIModule: Creating AISystem for world Level1
[2019.01.08-08.53.05:329][ 74]LogAssetEditorManager: Opening Asset editor for World /Game/ThirdPersonBP/Levels/Level1.Level1
[2019.01.08-08.53.05:392][ 74]Cmd: MAP LOAD FILE="../../../../../../Users/אורלי/Downloads/TempleRun - tot_ 6 corners/TempleRun - tot_ 4 collect coins/Content/ThirdPersonBP/Levels/Level1.umap" TEMPLATE=0 SHOWPROGRESS=1 FEATURELEVEL=3
[2019.01.08-08.53.05:392][ 74]LightingResults: New page: Lighting Build
[2019.01.08-08.53.05:394][ 74]LoadErrors: New page: Loading map: Level1.umap
[2019.01.08-08.53.05:395][ 74]MapCheck: New page: Map Check
[2019.01.08-08.53.05:395][ 74]LightingResults: New page: Lighting Build
[2019.01.08-08.53.05:661][ 74]LogEditorServer: Finished looking for orphan Actors (0.000 secs)
[2019.01.08-08.53.05:776][ 74]Cmd: MAP CHECKDEP NOCLEARLOG
[2019.01.08-08.53.05:908][ 74]MapCheck: Map check complete: 0 Error(s), 0 Warning(s), took 132.444ms to complete.
[2019.01.08-08.53.05:910][ 74]LogFileHelpers: Loading map 'Level1' took 0.519
[2019.01.08-08.53.07:311][122]LogTemp: Repeating last play command: Selected Viewport
[2019.01.08-08.53.07:356][122]LogPlayLevel: PlayLevel: No blueprints needed recompiling
[2019.01.08-08.53.07:356][122]PIE: New page: PIE session: Level1 (8 בינו׳ 2019, 12:53:07)
[2019.01.08-08.53.07:356][122]LogPlayLevel: Creating play world package: /Game/ThirdPersonBP/Levels/UEDPIE_0_Level1
[2019.01.08-08.53.07:360][122]LogPlayLevel: PIE: StaticDuplicateObject took: (0.004487s)
[2019.01.08-08.53.07:362][122]LogAIModule: Creating AISystem for world Level1
[2019.01.08-08.53.07:362][122]LogPlayLevel: PIE: World Init took: (0.001063s)
[2019.01.08-08.53.07:362][122]LogPlayLevel: PIE: Created PIE world by copying editor world from /Game/ThirdPersonBP/Levels/Level1.Level1 to /Game/ThirdPersonBP/Levels/UEDPIE_0_Level1.Level1 (0.006414s)
[2019.01.08-08.53.07:411][122]LogInit: XAudio2 using 'Speakers (Realtek High Definition Audio)' : 2 channels at 48 kHz using 32 bits per sample (channel mask 0x3)
[2019.01.08-08.53.07:421][122]LogInit: FAudioDevice initialized.
[2019.01.08-08.53.07:457][122]LogLoad: Game class is 'RunGameMode_C'
[2019.01.08-08.53.07:458][122]LogWorld: Bringing World /Game/ThirdPersonBP/Levels/UEDPIE_0_Level1.Level1 up for play (max tick rate 0) at 2019.01.08-10.53.07
[2019.01.08-08.53.07:459][122]LogWorld: Bringing up level for play took: 0.000733
[2019.01.08-08.53.07:511][122]PIE: Play in editor start time for /Game/ThirdPersonBP/Levels/UEDPIE_0_Level1 0.513
[2019.01.08-08.53.16:519][444]Cmd: RestartLevel
[2019.01.08-08.53.16:542][445]LogNet: Browse: /Game/ThirdPersonBP/Levels/Level1?restart
[2019.01.08-08.53.16:566][445]LogLoad: LoadMap: /Game/ThirdPersonBP/Levels/Level1
[2019.01.08-08.53.16:635][445]LogPlayLevel: Creating play world package: /Game/ThirdPersonBP/Levels/UEDPIE_0_Level1
[2019.01.08-08.53.16:638][445]LogPlayLevel: PIE: StaticDuplicateObject took: (0.003290s)
[2019.01.08-08.53.16:639][445]LogAIModule: Creating AISystem for world Level1
[2019.01.08-08.53.16:639][445]LogPlayLevel: PIE: World Init took: (0.000933s)
[2019.01.08-08.53.16:640][445]LogPlayLevel: PIE: Created PIE world by copying editor world from /Game/ThirdPersonBP/Levels/Level1.Level1 to /Game/ThirdPersonBP/Levels/UEDPIE_0_Level1.Level1 (0.004454s)
[2019.01.08-08.53.16:640][445]LogLoad: Game class is 'RunGameMode_C'
[2019.01.08-08.53.16:641][445]LogWorld: Bringing World /Game/ThirdPersonBP/Levels/UEDPIE_0_Level1.Level1 up for play (max tick rate 0) at 2019.01.08-10.53.16
[2019.01.08-08.53.16:641][445]LogWorld: Bringing up level for play took: 0.000985
[2019.01.08-08.53.16:670][445]LogLoad: Took 0.104304 seconds to LoadMap(/Game/ThirdPersonBP/Levels/UEDPIE_0_Level1)
[2019.01.08-08.53.26:549][774]Cmd: RestartLevel
[2019.01.08-08.53.26:573][775]LogNet: Browse: /Game/ThirdPersonBP/Levels/Level1?restart
[2019.01.08-08.53.26:575][775]LogLoad: LoadMap: /Game/ThirdPersonBP/Levels/Level1
[2019.01.08-08.53.26:640][775]LogPlayLevel: Creating play world package: /Game/ThirdPersonBP/Levels/UEDPIE_0_Level1
[2019.01.08-08.53.26:645][775]LogPlayLevel: PIE: StaticDuplicateObject took: (0.004771s)
[2019.01.08-08.53.26:646][775]LogAIModule: Creating AISystem for world Level1
[2019.01.08-08.53.26:646][775]LogPlayLevel: PIE: World Init took: (0.001165s)
[2019.01.08-08.53.26:646][775]LogPlayLevel: PIE: Created PIE world by copying editor world from /Game/ThirdPersonBP/Levels/Level1.Level1 to /Game/ThirdPersonBP/Levels/UEDPIE_0_Level1.Level1 (0.006707s)
[2019.01.08-08.53.26:647][775]LogLoad: Game class is 'RunGameMode_C'
[2019.01.08-08.53.26:648][775]LogWorld: Bringing World /Game/ThirdPersonBP/Levels/UEDPIE_0_Level1.Level1 up for play (max tick rate 0) at 2019.01.08-10.53.26
[2019.01.08-08.53.26:649][775]LogWorld: Bringing up level for play took: 0.001287
[2019.01.08-08.53.26:681][775]LogLoad: Took 0.105477 seconds to LoadMap(/Game/ThirdPersonBP/Levels/UEDPIE_0_Level1)
[2019.01.08-08.53.27:339][793]LogSlate: Updating window title bar state: overlay mode, drag disabled, window buttons hidden, title bar hidden
[2019.01.08-08.53.27:419][793]LogPlayLevel: Display: Shutting down PIE online subsystems
[2019.01.08-08.53.27:477][793]LogSlate: Updating window title bar state: overlay mode, drag disabled, window buttons hidden, title bar hidden
[2019.01.08-08.53.27:517][794]LogPlayLevel: Display: Destroying online subsystem :Context_14
[2019.01.08-08.53.29:162][864]LogSlate: FSceneViewport::OnFocusLost() reason 0
[2019.01.08-08.53.29:544][868]LogSlate: Window 'TempleRun - Unreal Editor' being destroyed
[2019.01.08-08.53.29:544][868]LogWindowsTextInputMethodSystem: Display: IME system now deactivated.
[2019.01.08-08.53.29:764][869]Cmd: QUIT_EDITOR
[2019.01.08-08.53.30:392][869]LogExit: Preparing to exit.
[2019.01.08-08.53.31:377][869]LogExit: Editor shut down
[2019.01.08-08.53.31:378][869]LogExit: Transaction tracking system shut down
[2019.01.08-08.53.32:300][869]LogExit: Object subsystem successfully closed.
[2019.01.08-08.53.32:333][869]LogShaderCompilers: Display: Shaders left to compile 0
[2019.01.08-08.53.32:345][869]LogD3D11RHI: Shutdown
[2019.01.08-08.53.32:345][869]LogD3D11RHI: CleanupD3DDevice
[2019.01.08-08.53.32:386][869]LogD3D11RHI: ~FD3D11DynamicRHI
[2019.01.08-08.53.32:465][869]LogModuleManager: Shutting down and abandoning module MovieSceneCapture (616)
[2019.01.08-08.53.32:465][869]LogModuleManager: Shutting down and abandoning module Voice (614)
[2019.01.08-08.53.32:466][869]LogModuleManager: Shutting down and abandoning module BlueprintGraph (612)
[2019.01.08-08.53.32:466][869]LogModuleManager: Shutting down and abandoning module HierarchicalLODOutliner (610)
[2019.01.08-08.53.32:466][869]LogModuleManager: Shutting down and abandoning module SceneOutliner (608)
[2019.01.08-08.53.32:466][869]LogModuleManager: Shutting down and abandoning module AddContentDialog (606)
[2019.01.08-08.53.32:468][869]LogModuleManager: Shutting down and abandoning module WidgetCarousel (605)
[2019.01.08-08.53.32:468][869]LogModuleManager: Shutting down and abandoning module EditorWidgets (602)
[2019.01.08-08.53.32:468][869]LogModuleManager: Shutting down and abandoning module CollectionManager (600)
[2019.01.08-08.53.32:470][869]LogModuleManager: Shutting down and abandoning module StatsViewer (598)
[2019.01.08-08.53.32:470][869]LogModuleManager: Shutting down and abandoning module FoliageEdit (596)
[2019.01.08-08.53.32:470][869]LogModuleManager: Shutting down and abandoning module LandscapeEditor (594)
[2019.01.08-08.53.32:471][869]LogModuleManager: Shutting down and abandoning module MeshPaintMode (592)
[2019.01.08-08.53.32:471][869]LogModuleManager: Shutting down and abandoning module SceneDepthPickerMode (590)
[2019.01.08-08.53.32:471][869]LogModuleManager: Shutting down and abandoning module ActorPickerMode (588)
[2019.01.08-08.53.32:471][869]LogModuleManager: Shutting down and abandoning module GeometryMode (586)
[2019.01.08-08.53.32:471][869]LogModuleManager: Shutting down and abandoning module TextureAlignMode (584)
[2019.01.08-08.53.32:472][869]LogModuleManager: Shutting down and abandoning module BspMode (582)
[2019.01.08-08.53.32:472][869]LogModuleManager: Shutting down and abandoning module PIEPreviewDeviceProfileSelector (580)
[2019.01.08-08.53.32:472][869]LogModuleManager: Shutting down and abandoning module SequenceRecorderSections (578)
[2019.01.08-08.53.32:472][869]LogModuleManager: Shutting down and abandoning module AutomationWorker (576)
[2019.01.08-08.53.32:472][869]LogModuleManager: Shutting down and abandoning module AudioCaptureEditor (574)
[2019.01.08-08.53.32:472][869]LogModuleManager: Shutting down and abandoning module SequenceRecorder (573)
[2019.01.08-08.53.32:473][869]LogModuleManager: Shutting down and abandoning module MatineeToLevelSequence (570)
[2019.01.08-08.53.32:473][869]LogModuleManager: Shutting down and abandoning module LevelSequenceEditor (568)
[2019.01.08-08.53.32:473][869]LogModuleManager: Shutting down and abandoning module PlacementMode (567)
[2019.01.08-08.53.32:474][869]LogModuleManager: Shutting down and abandoning module MaterialEditor (566)
[2019.01.08-08.53.32:474][869]LogModuleManager: Shutting down and abandoning module WmfMediaFactory (562)
[2019.01.08-08.53.32:474][869]LogModuleManager: Shutting down and abandoning module WmfMediaEditor (560)
[2019.01.08-08.53.32:474][869]LogModuleManager: Shutting down and abandoning module MediaPlayerEditor (558)
[2019.01.08-08.53.32:475][869]LogModuleManager: Shutting down and abandoning module OpenExrWrapper (556)
[2019.01.08-08.53.32:475][869]LogModuleManager: Shutting down and abandoning module ImgMediaFactory (554)
[2019.01.08-08.53.32:475][869]LogModuleManager: Shutting down and abandoning module ImgMediaEditor (552)
[2019.01.08-08.53.32:475][869]LogModuleManager: Shutting down and abandoning module AvfMediaFactory (550)
[2019.01.08-08.53.32:475][869]LogModuleManager: Shutting down and abandoning module AvfMediaEditor (548)
[2019.01.08-08.53.32:475][869]LogModuleManager: Shutting down and abandoning module AndroidMediaFactory (546)
[2019.01.08-08.53.32:476][869]LogModuleManager: Shutting down and abandoning module AndroidMediaEditor (544)
[2019.01.08-08.53.32:476][869]LogModuleManager: Shutting down and abandoning module MagicLeapCameraPreviewFactory (542)
[2019.01.08-08.53.32:476][869]LogModuleManager: Shutting down and abandoning module MagicLeapMediaFactory (540)
[2019.01.08-08.53.32:476][869]LogModuleManager: Shutting down and abandoning module MagicLeapMediaEditor (538)
[2019.01.08-08.53.32:476][869]LogModuleManager: Shutting down and abandoning module CharacterAI (536)
[2019.01.08-08.53.32:476][869]LogModuleManager: Shutting down and abandoning module SmartSnapping (534)
[2019.01.08-08.53.32:477][869]LogModuleManager: Shutting down and abandoning module SessionServices (532)
[2019.01.08-08.53.32:477][869]LogModuleManager: Shutting down and abandoning module ViewportSnapping (530)
[2019.01.08-08.53.32:477][869]LogModuleManager: Shutting down and abandoning module ViewportInteraction (528)
[2019.01.08-08.53.32:477][869]LogModuleManager: Shutting down and abandoning module ClothPainter (526)
[2019.01.08-08.53.32:478][869]LogModuleManager: Shutting down and abandoning module SkeletalMeshEditor (525)
[2019.01.08-08.53.32:478][869]LogModuleManager: Shutting down and abandoning module LogVisualizer (522)
[2019.01.08-08.53.32:478][869]LogModuleManager: Shutting down and abandoning module IntroTutorials (520)
[2019.01.08-08.53.32:478][869]LogModuleManager: Shutting down and abandoning module GameProjectGeneration (519)
[2019.01.08-08.53.32:479][869]LogModuleManager: Shutting down and abandoning module LuminPlatformEditor (516)
[2019.01.08-08.53.32:479][869]LogModuleManager: Shutting down and abandoning module IOSPlatformEditor (514)
[2019.01.08-08.53.32:479][869]LogModuleManager: Shutting down and abandoning module HTML5PlatformEditor (512)
[2019.01.08-08.53.32:479][869]LogModuleManager: Shutting down and abandoning module AndroidPlatformEditor (510)
[2019.01.08-08.53.32:479][869]LogModuleManager: Shutting down and abandoning module AndroidDeviceDetection (509)
[2019.01.08-08.53.33:271][869]LogModuleManager: Shutting down and abandoning module WindowsPlatformEditor (506)
[2019.01.08-08.53.33:271][869]LogModuleManager: Shutting down and abandoning module LuminRuntimeSettings (504)
[2019.01.08-08.53.33:271][869]LogModuleManager: Shutting down and abandoning module IOSRuntimeSettings (502)
[2019.01.08-08.53.33:271][869]LogModuleManager: Shutting down and abandoning module AndroidRuntimeSettings (500)
[2019.01.08-08.53.33:271][869]LogModuleManager: Shutting down and abandoning module InputBindingEditor (498)
[2019.01.08-08.53.33:271][869]LogModuleManager: Shutting down and abandoning module MergeActors (496)
[2019.01.08-08.53.33:271][869]LogModuleManager: Shutting down and abandoning module LocalizationDashboard (494)
[2019.01.08-08.53.33:271][869]LogModuleManager: Shutting down and abandoning module LocalizationService (493)
[2019.01.08-08.53.33:271][869]LogModuleManager: Shutting down and abandoning module HardwareTargeting (490)
[2019.01.08-08.53.33:271][869]LogModuleManager: Shutting down and abandoning module DeviceProfileEditor (488)
[2019.01.08-08.53.33:271][869]LogModuleManager: Shutting down and abandoning module UndoHistory (486)
[2019.01.08-08.53.33:271][869]LogModuleManager: Shutting down and abandoning module XmlParser (484)
[2019.01.08-08.53.33:271][869]LogModuleManager: Shutting down and abandoning module Blutility (482)
[2019.01.08-08.53.33:271][869]LogModuleManager: Shutting down and abandoning module ProjectSettingsViewer (480)
[2019.01.08-08.53.33:272][869]LogModuleManager: Shutting down and abandoning module ProjectTargetPlatformEditor (479)
[2019.01.08-08.53.33:272][869]LogModuleManager: Shutting down and abandoning module EditorSettingsViewer (476)
[2019.01.08-08.53.33:273][869]LogModuleManager: Shutting down and abandoning module SettingsEditor (474)
[2019.01.08-08.53.33:273][869]LogModuleManager: Shutting down and abandoning module ProjectLauncher (472)
[2019.01.08-08.53.33:273][869]LogModuleManager: Shutting down and abandoning module SessionFrontend (470)
[2019.01.08-08.53.33:273][869]LogModuleManager: Shutting down and abandoning module ProfilerClient (468)
[2019.01.08-08.53.33:273][869]LogModuleManager: Shutting down and abandoning module DeviceManager (466)
[2019.01.08-08.53.33:273][869]LogModuleManager: Shutting down and abandoning module TargetDeviceServices (465)
[2019.01.08-08.53.33:341][869]LogModuleManager: Shutting down and abandoning module AutomationController (462)
[2019.01.08-08.53.33:341][869]LogModuleManager: Shutting down and abandoning module AutomationWindow (460)
[2019.01.08-08.53.33:341][869]LogModuleManager: Shutting down and abandoning module Layers (458)
[2019.01.08-08.53.33:341][869]LogModuleManager: Shutting down and abandoning module ComponentVisualizers (456)
[2019.01.08-08.53.33:341][869]LogModuleManager: Shutting down and abandoning module DetailCustomizations (454)
[2019.01.08-08.53.33:341][869]LogModuleManager: Shutting down and abandoning module PackagesDialog (452)
[2019.01.08-08.53.33:341][869]LogModuleManager: Shutting down and abandoning module Persona (450)
[2019.01.08-08.53.33:341][869]LogModuleManager: Shutting down and abandoning module AdvancedPreviewScene (449)
[2019.01.08-08.53.33:341][869]LogModuleManager: Shutting down and abandoning module AnimGraph (447)
[2019.01.08-08.53.33:341][869]LogModuleManager: Shutting down and abandoning module Kismet (444)
[2019.01.08-08.53.33:350][869]LogModuleManager: Shutting down and abandoning module GraphEditor (442)
[2019.01.08-08.53.33:350][869]LogModuleManager: Shutting down and abandoning module ClassViewer (440)
[2019.01.08-08.53.33:350][869]LogModuleManager: Shutting down and abandoning module Toolbox (438)
[2019.01.08-08.53.33:350][869]LogModuleManager: Shutting down and abandoning module ModuleUI (436)
[2019.01.08-08.53.33:351][869]LogModuleManager: Shutting down and abandoning module MovieSceneTools (434)
[2019.01.08-08.53.33:351][869]LogModuleManager: Shutting down and abandoning module OutputLog (432)
[2019.01.08-08.53.33:351][869]LogModuleManager: Shutting down and abandoning module GammaUI (430)
[2019.01.08-08.53.33:351][869]LogModuleManager: Shutting down and abandoning module Documentation (428)
[2019.01.08-08.53.33:351][869]LogModuleManager: Shutting down and abandoning module MovieSceneTracks (426)
[2019.01.08-08.53.33:351][869]LogModuleManager: Shutting down and abandoning module MovieScene (424)
[2019.01.08-08.53.33:351][869]LogModuleManager: Shutting down and abandoning module StreamingPauseRendering (422)
[2019.01.08-08.53.33:351][869]LogModuleManager: Shutting down and abandoning module LauncherPlatform (420)
[2019.01.08-08.53.33:351][869]LogModuleManager: Shutting down and abandoning module AnalyticsET (418)
[2019.01.08-08.53.33:351][869]LogModuleManager: Shutting down and abandoning module PortalServices (416)
[2019.01.08-08.53.33:351][869]LogModuleManager: Shutting down and abandoning module PortalRpc (414)
[2019.01.08-08.53.33:351][869]LogModuleManager: Shutting down and abandoning module MessagingRpc (412)
[2019.01.08-08.53.33:351][869]LogModuleManager: Shutting down and abandoning module AIModule (410)
[2019.01.08-08.53.33:351][869]LogModuleManager: Shutting down and abandoning module GameplayDebugger (409)
[2019.01.08-08.53.33:351][869]LogModuleManager: Shutting down and abandoning module AITestSuite (407)
[2019.01.08-08.53.33:351][869]LogModuleManager: Shutting down and abandoning module NavigationSystem (405)
[2019.01.08-08.53.33:351][869]LogModuleManager: Shutting down and abandoning module DesktopPlatform (402)
[2019.01.08-08.53.33:351][869]LogModuleManager: Shutting down and abandoning module ProfilerService (400)
[2019.01.08-08.53.33:395][869]LogModuleManager: Shutting down and abandoning module TaskGraph (398)
[2019.01.08-08.53.33:396][869]LogModuleManager: Shutting down and abandoning module SteamVRController (396)
[2019.01.08-08.53.33:396][869]LogModuleManager: Shutting down and abandoning module ProceduralMeshComponentEditor (394)
[2019.01.08-08.53.33:396][869]LogModuleManager: Shutting down and abandoning module ProceduralMeshComponent (392)
[2019.01.08-08.53.33:396][869]LogModuleManager: Shutting down and abandoning module OculusInput (390)
[2019.01.08-08.53.33:396][869]LogModuleManager: Shutting down and abandoning module MobilePatchingUtils (388)
[2019.01.08-08.53.33:396][869]LogModuleManager: Shutting down and abandoning module EditableMesh (386)
[2019.01.08-08.53.33:396][869]LogModuleManager: Shutting down and abandoning module CustomMeshComponent (384)
[2019.01.08-08.53.33:396][869]LogModuleManager: Shutting down and abandoning module CableComponent (382)
[2019.01.08-08.53.33:396][869]LogModuleManager: Shutting down and abandoning module AudioCapture (380)
[2019.01.08-08.53.33:396][869]LogModuleManager: Shutting down and abandoning module ArchVisCharacter (378)
[2019.01.08-08.53.33:396][869]LogModuleManager: Shutting down and abandoning module AndroidPermission (376)
[2019.01.08-08.53.33:396][869]LogModuleManager: Shutting down and abandoning module NUTUnrealEngine4 (374)
[2019.01.08-08.53.33:396][869]LogModuleManager: Shutting down and abandoning module NetcodeUnitTest (372)
[2019.01.08-08.53.33:396][869]LogModuleManager: Shutting down and abandoning module MediaCompositingEditor (370)
[2019.01.08-08.53.33:396][869]LogModuleManager: Shutting down and abandoning module MediaCompositing (368)
[2019.01.08-08.53.33:396][869]LogModuleManager: Shutting down and abandoning module LinearTimecode (366)
[2019.01.08-08.53.33:396][869]LogModuleManager: Shutting down and abandoning module ImgMedia (364)
[2019.01.08-08.53.33:402][869]LogModuleManager: Shutting down and abandoning module HTML5Networking (362)
[2019.01.08-08.53.33:402][869]LogModuleManager: Shutting down and abandoning module GeometryCacheTracks (360)
[2019.01.08-08.53.33:402][869]LogModuleManager: Shutting down and abandoning module GeometryCacheSequencer (358)
[2019.01.08-08.53.33:402][869]LogModuleManager: Shutting down and abandoning module BackChannel (356)
[2019.01.08-08.53.33:402][869]LogModuleManager: Shutting down and abandoning module AppleVision (354)
[2019.01.08-08.53.33:402][869]LogModuleManager: Shutting down and abandoning module AppleImageUtils (352)
[2019.01.08-08.53.33:402][869]LogModuleManager: Shutting down and abandoning module AlembicImporter (350)
[2019.01.08-08.53.33:402][869]LogModuleManager: Shutting down and abandoning module AlembicLibrary (349)
[2019.01.08-08.53.33:402][869]LogModuleManager: Shutting down and abandoning module GeometryCache (348)
[2019.01.08-08.53.33:402][869]LogModuleManager: Shutting down and abandoning module GeometryCacheEd (347)
[2019.01.08-08.53.33:403][869]LogModuleManager: Shutting down and abandoning module DatasmithContentEditor (342)
[2019.01.08-08.53.33:403][869]LogModuleManager: Shutting down and abandoning module DatasmithContent (340)
[2019.01.08-08.53.33:403][869]LogModuleManager: Shutting down and abandoning module SpeedTreeImporter (338)
[2019.01.08-08.53.33:403][869]LogModuleManager: Shutting down and abandoning module PluginBrowser (336)
[2019.01.08-08.53.33:403][869]LogModuleManager: Shutting down and abandoning module MobileLauncherProfileWizard (334)
[2019.01.08-08.53.33:403][869]LogModuleManager: Shutting down and abandoning module PolygonModeling (332)
[2019.01.08-08.53.33:404][869]LogModuleManager: Shutting down and abandoning module MeshEditor (330)
[2019.01.08-08.53.33:404][869]LogModuleManager: Shutting down and abandoning module CryptoKeysOpenSSL (328)
[2019.01.08-08.53.33:404][869]LogModuleManager: Shutting down and abandoning module CryptoKeys (326)
[2019.01.08-08.53.33:404][869]LogModuleManager: Shutting down and abandoning module VisualStudioSourceCodeAccess (324)
[2019.01.08-08.53.33:404][869]LogModuleManager: Shutting down and abandoning module VisualStudioCodeSourceCodeAccess (322)
[2019.01.08-08.53.33:404][869]LogModuleManager: Shutting down and abandoning module UObjectPlugin (320)
[2019.01.08-08.53.33:404][869]LogModuleManager: Shutting down and abandoning module SubversionSourceControl (318)
[2019.01.08-08.53.33:404][869]LogModuleManager: Shutting down and abandoning module PerforceSourceControl (316)
[2019.01.08-08.53.33:404][869]LogModuleManager: Shutting down and abandoning module GitSourceControl (314)
[2019.01.08-08.53.33:404][869]LogModuleManager: Shutting down and abandoning module SourceControl (313)
[2019.01.08-08.53.33:404][869]LogModuleManager: Shutting down and abandoning module CLionSourceCodeAccess (310)
[2019.01.08-08.53.33:404][869]LogModuleManager: Shutting down and abandoning module LightPropagationVolumeEditor (308)
[2019.01.08-08.53.33:404][869]LogModuleManager: Shutting down and abandoning module PaperTiledImporter (306)
[2019.01.08-08.53.33:404][869]LogModuleManager: Shutting down and abandoning module PaperSpriteSheetImporter (304)
[2019.01.08-08.53.33:404][869]LogModuleManager: Shutting down and abandoning module Paper2DEditor (302)
[2019.01.08-08.53.33:404][869]LogModuleManager: Shutting down and abandoning module MeshPaint (301)
[2019.01.08-08.53.33:405][869]LogModuleManager: Shutting down and abandoning module RuntimePhysXCooking (298)
[2019.01.08-08.53.33:405][869]LogModuleManager: Shutting down and abandoning module PhysXVehiclesEditor (296)
[2019.01.08-08.53.33:405][869]LogModuleManager: Shutting down and abandoning module PhysXVehicles (294)
[2019.01.08-08.53.33:405][869]LogModuleManager: Shutting down and abandoning module OculusEditor (292)
[2019.01.08-08.53.33:405][869]LogModuleManager: Shutting down and abandoning module LocationServicesBPLibrary (290)
[2019.01.08-08.53.33:405][869]LogModuleManager: Shutting down and abandoning module ImmediatePhysicsEditor (288)
[2019.01.08-08.53.33:405][869]LogModuleManager: Shutting down and abandoning module ImmediatePhysics (286)
[2019.01.08-08.53.33:405][869]LogModuleManager: Shutting down and abandoning module ActorSequence (284)
[2019.01.08-08.53.33:405][869]LogModuleManager: Shutting down and abandoning module UdpMessaging (282)
[2019.01.08-08.53.33:509][869]LogModuleManager: Shutting down and abandoning module TcpMessaging (280)
[2019.01.08-08.53.33:610][869]LogModuleManager: Shutting down and abandoning module MagicLeapAudio (278)
[2019.01.08-08.53.33:610][869]LogModuleManager: Shutting down and abandoning module GameplayTagsEditor (276)
[2019.01.08-08.53.33:610][869]LogModuleManager: Shutting down and abandoning module FacialAnimationEditor (274)
[2019.01.08-08.53.33:610][869]LogModuleManager: Shutting down and abandoning module FacialAnimation (272)
[2019.01.08-08.53.33:610][869]LogModuleManager: Shutting down and abandoning module DataValidation (270)
[2019.01.08-08.53.33:610][869]LogModuleManager: Shutting down and abandoning module AssetManagerEditor (268)
[2019.01.08-08.53.33:610][869]LogModuleManager: Shutting down and abandoning module LevelEditor (267)
[2019.01.08-08.53.33:611][869]LogModuleManager: Shutting down and abandoning module PixelInspectorModule (266)
[2019.01.08-08.53.33:611][869]LogModuleManager: Shutting down and abandoning module CommonMenuExtensions (264)
[2019.01.08-08.53.33:611][869]LogModuleManager: Shutting down and abandoning module MainFrame (262)
[2019.01.08-08.53.33:611][869]LogModuleManager: Shutting down and abandoning module HotReload (261)
[2019.01.08-08.53.33:612][869]LogModuleManager: Shutting down and abandoning module ContentBrowser (257)
[2019.01.08-08.53.33:613][869]LogModuleManager: Shutting down and abandoning module TreeMap (255)
[2019.01.08-08.53.33:613][869]LogModuleManager: Shutting down and abandoning module LightPropagationVolumeRuntime (252)
[2019.01.08-08.53.33:613][869]LogModuleManager: Shutting down and abandoning module AISupportModule (250)
[2019.01.08-08.53.33:613][869]LogModuleManager: Shutting down and abandoning module Paper2D (248)
[2019.01.08-08.53.33:613][869]LogModuleManager: Shutting down and abandoning module WindowsMoviePlayer (246)
[2019.01.08-08.53.33:613][869]LogModuleManager: Shutting down and abandoning module WmfMedia (244)
[2019.01.08-08.53.33:613][869]LogModuleManager: Shutting down and abandoning module Media (243)
[2019.01.08-08.53.33:619][869]LogModuleManager: Shutting down and abandoning module PacketHandler (240)
[2019.01.08-08.53.33:619][869]LogModuleManager: Shutting down and abandoning module ClothingSystemEditor (238)
[2019.01.08-08.53.33:619][869]LogModuleManager: Shutting down and abandoning module ClothingSystemRuntime (236)
[2019.01.08-08.53.33:619][869]LogModuleManager: Shutting down and abandoning module MediaAssets (234)
[2019.01.08-08.53.33:619][869]LogModuleManager: Shutting down and abandoning module Overlay (232)
[2019.01.08-08.53.33:619][869]LogModuleManager: Shutting down and abandoning module OverlayEditor (231)
[2019.01.08-08.53.33:619][869]LogModuleManager: Shutting down and abandoning module VREditor (228)
[2019.01.08-08.53.33:619][869]LogModuleManager: Shutting down and abandoning module StringTableEditor (226)
[2019.01.08-08.53.33:619][869]LogModuleManager: Shutting down and abandoning module GameplayTasksEditor (224)
[2019.01.08-08.53.33:619][869]LogModuleManager: Shutting down and abandoning module BehaviorTreeEditor (222)
[2019.01.08-08.53.33:619][869]LogModuleManager: Shutting down and abandoning module FunctionalTesting (220)
[2019.01.08-08.53.33:620][869]LogModuleManager: Shutting down and abandoning module CollisionAnalyzer (218)
[2019.01.08-08.53.33:620][869]LogModuleManager: Shutting down and abandoning module WorkspaceMenuStructure (217)
[2019.01.08-08.53.33:620][869]LogModuleManager: Shutting down and abandoning module UMG (214)
[2019.01.08-08.53.33:620][869]LogModuleManager: Shutting down and abandoning module UMGEditor (213)
[2019.01.08-08.53.33:620][869]LogModuleManager: Shutting down and abandoning module Sequencer (212)
[2019.01.08-08.53.33:620][869]LogModuleManager: Shutting down and abandoning module MessageLog (209)
[2019.01.08-08.53.33:620][869]LogModuleManager: Shutting down and abandoning module SlateReflector (204)
[2019.01.08-08.53.33:620][869]LogModuleManager: Shutting down and abandoning module Slate (202)
[2019.01.08-08.53.33:620][869]LogModuleManager: Shutting down and abandoning module EditorStyle (200)
[2019.01.08-08.53.33:622][869]LogModuleManager: Shutting down and abandoning module MRMesh (198)
[2019.01.08-08.53.33:622][869]LogModuleManager: Shutting down and abandoning module SourceCodeAccess (196)
[2019.01.08-08.53.33:623][869]LogModuleManager: Shutting down and abandoning module HeadMountedDisplay (194)
[2019.01.08-08.53.33:623][869]LogModuleManager: Shutting down and abandoning module XAudio2 (192)
[2019.01.08-08.53.33:623][869]LogModuleManager: Shutting down and abandoning module Networking (190)
[2019.01.08-08.53.33:623][869]LogModuleManager: Shutting down and abandoning module Core (188)
[2019.01.08-08.53.33:623][869]LogModuleManager: Shutting down and abandoning module LevelSequence (186)
[2019.01.08-08.53.33:623][869]LogModuleManager: Shutting down and abandoning module KismetCompiler (184)
[2019.01.08-08.53.33:623][869]LogModuleManager: Shutting down and abandoning module MeshUtilities (182)
[2019.01.08-08.53.33:623][869]LogModuleManager: Shutting down and abandoning module MeshMergeUtilities (181)
[2019.01.08-08.53.33:623][869]LogModuleManager: Shutting down and abandoning module MeshReductionInterface (180)
[2019.01.08-08.53.33:623][869]LogModuleManager: Shutting down and abandoning module SimplygonSwarm (179)
[2019.01.08-08.53.33:623][869]LogModuleManager: Shutting down and abandoning module ProxyLODMeshReduction (177)
[2019.01.08-08.53.33:623][869]LogModuleManager: Shutting down and abandoning module SimplygonMeshReduction (175)
[2019.01.08-08.53.33:623][869]LogModuleManager: Shutting down and abandoning module QuadricMeshReduction (173)
[2019.01.08-08.53.33:623][869]LogModuleManager: Shutting down and abandoning module MaterialBaking (169)
[2019.01.08-08.53.33:623][869]LogModuleManager: Shutting down and abandoning module DirectoryWatcher (165)
[2019.01.08-08.53.33:624][869]LogModuleManager: Shutting down and abandoning module DerivedDataCache (162)
[2019.01.08-08.53.33:757][869]LogDerivedDataCache: Shutdown
[2019.01.08-08.53.33:757][869]LogModuleManager: Shutting down and abandoning module XGEController (160)
[2019.01.08-08.53.33:757][869]LogModuleManager: Shutting down and abandoning module TargetPlatform (158)
[2019.01.08-08.53.33:758][869]LogModuleManager: Shutting down and abandoning module VulkanShaderFormat (157)
[2019.01.08-08.53.33:758][869]LogModuleManager: Shutting down and abandoning module ShaderFormatVectorVM (155)
[2019.01.08-08.53.33:758][869]LogModuleManager: Shutting down and abandoning module ShaderFormatOpenGL (153)
[2019.01.08-08.53.33:758][869]LogModuleManager: Shutting down and abandoning module ShaderFormatD3D (151)
[2019.01.08-08.53.33:759][869]LogModuleManager: Shutting down and abandoning module MetalShaderFormat (149)
[2019.01.08-08.53.33:759][869]LogModuleManager: Shutting down and abandoning module TextureFormatUncompressed (147)
[2019.01.08-08.53.33:759][869]LogModuleManager: Shutting down and abandoning module TextureFormatPVR (145)
[2019.01.08-08.53.33:759][869]LogModuleManager: Shutting down and abandoning module TextureFormatDXT (143)
[2019.01.08-08.53.33:759][869]LogModuleManager: Shutting down and abandoning module TextureFormatIntelISPCTexComp (141)
[2019.01.08-08.53.33:759][869]LogModuleManager: Shutting down and abandoning module TextureFormatASTC (139)
[2019.01.08-08.53.33:759][869]LogModuleManager: Shutting down and abandoning module ImageWrapper (138)
[2019.01.08-08.53.33:759][869]LogModuleManager: Shutting down and abandoning module TextureFormatAndroid (135)
[2019.01.08-08.53.33:759][869]LogModuleManager: Shutting down and abandoning module AudioFormatOpus (133)
[2019.01.08-08.53.33:759][869]LogModuleManager: Shutting down and abandoning module AudioFormatOgg (131)
[2019.01.08-08.53.33:759][869]LogModuleManager: Shutting down and abandoning module AudioFormatADPCM (129)
[2019.01.08-08.53.33:759][869]LogModuleManager: Shutting down and abandoning module LuminTargetPlatform (127)
[2019.01.08-08.53.33:759][869]LogModuleManager: Shutting down and abandoning module LinuxTargetPlatform (125)
[2019.01.08-08.53.33:759][869]LogModuleManager: Shutting down and abandoning module LinuxServerTargetPlatform (123)
[2019.01.08-08.53.33:759][869]LogModuleManager: Shutting down and abandoning module LinuxNoEditorTargetPlatform (121)
[2019.01.08-08.53.33:759][869]LogModuleManager: Shutting down and abandoning module LinuxClientTargetPlatform (119)
[2019.01.08-08.53.33:759][869]LogModuleManager: Shutting down and abandoning module TVOSTargetPlatform (117)
[2019.01.08-08.53.33:760][869]LogModuleManager: Shutting down and abandoning module Messaging (115)
[2019.01.08-08.53.33:760][869]LogModuleManager: Shutting down and abandoning module IOSTargetPlatform (113)
[2019.01.08-08.53.33:761][869]LogModuleManager: Shutting down and abandoning module HTML5TargetPlatform (111)
[2019.01.08-08.53.33:761][869]LogModuleManager: Shutting down and abandoning module AndroidTargetPlatform (109)
[2019.01.08-08.53.33:769][869]LogModuleManager: Shutting down and abandoning module WindowsTargetPlatform (107)
[2019.01.08-08.53.33:769][869]LogModuleManager: Shutting down and abandoning module WindowsServerTargetPlatform (105)
[2019.01.08-08.53.33:769][869]LogModuleManager: Shutting down and abandoning module WindowsNoEditorTargetPlatform (103)
[2019.01.08-08.53.33:769][869]LogModuleManager: Shutting down and abandoning module WindowsClientTargetPlatform (101)
[2019.01.08-08.53.33:769][869]LogModuleManager: Shutting down and abandoning module MacTargetPlatform (99)
[2019.01.08-08.53.33:769][869]LogModuleManager: Shutting down and abandoning module MacServerTargetPlatform (97)
[2019.01.08-08.53.33:769][869]LogModuleManager: Shutting down and abandoning module MacNoEditorTargetPlatform (95)
[2019.01.08-08.53.33:769][869]LogModuleManager: Shutting down and abandoning module MacClientTargetPlatform (93)
[2019.01.08-08.53.33:769][869]LogModuleManager: Shutting down and abandoning module AllDesktopTargetPlatform (91)
[2019.01.08-08.53.33:769][869]LogModuleManager: Shutting down and abandoning module InputCore (88)
[2019.01.08-08.53.33:769][869]LogModuleManager: Shutting down and abandoning module Settings (86)
[2019.01.08-08.53.33:769][869]LogModuleManager: Shutting down and abandoning module PhysXCooking (84)
[2019.01.08-08.53.33:769][869]LogModuleManager: Shutting down and abandoning module SteamVR (82)
[2019.01.08-08.53.33:769][869]LogModuleManager: Shutting down and abandoning module OculusHMD (80)
[2019.01.08-08.53.33:769][869]LogModuleManager: Shutting down and abandoning module ExampleDeviceProfileSelector (78)
[2019.01.08-08.53.33:769][869]LogModuleManager: Shutting down and abandoning module LauncherChunkInstaller (76)
[2019.01.08-08.53.33:769][869]LogModuleManager: Shutting down and abandoning module OnlineBlueprintSupport (74)
[2019.01.08-08.53.33:769][869]LogModuleManager: Shutting down and abandoning module OnlineSubsystem (70)
[2019.01.08-08.53.33:770][869]LogModuleManager: Shutting down and abandoning module XMPP (65)
[2019.01.08-08.53.33:770][869]LogModuleManager: Shutting down and abandoning module WebSockets (64)
[2019.01.08-08.53.33:836][869]LogModuleManager: Shutting down and abandoning module HTTP (61)
[2019.01.08-08.53.33:836][869]LogHttp: Display: Http module shutting down, but needs to wait on 1 outstanding Http requests:
[2019.01.08-08.53.33:836][869]LogHttp: Display: 	verb=[POST] url=[https://datarouter.ol.epicgames.com/datarouter/api/v1/public/data?SessionID=%7B1E24082B-4DAA-0D04-EA85-C9AA9D3505A6%7D&AppID=UEEditor.Rocket.Release&AppVersion=4.20.3-4369336%2B%2B%2BUE4%2BRelease-4.20&UserID=275563794eb2f285a301eeb9b73aeb10%7C2e359d416f14471aab8308ec227836a8%7C979a699b-0543-4aaa-b7c2-8c9493cd5850&AppEnvironment=datacollector-binary&UploadType=eteventstream] status=Processing
[2019.01.08-08.53.33:869][869]LogModuleManager: Shutting down and abandoning module SSL (60)
[2019.01.08-08.53.33:871][869]LogModuleManager: Shutting down and abandoning module MagicLeapEmulator (56)
[2019.01.08-08.53.33:871][869]LogModuleManager: Shutting down and abandoning module MagicLeapPrivileges (54)
[2019.01.08-08.53.33:871][869]LogModuleManager: Shutting down and abandoning module MagicLeapIdentity (52)
[2019.01.08-08.53.33:871][869]LogModuleManager: Shutting down and abandoning module MagicLeapHelperVulkan (50)
[2019.01.08-08.53.33:871][869]LogModuleManager: Shutting down and abandoning module MagicLeapHelperOpenGL (48)
[2019.01.08-08.53.33:871][869]LogModuleManager: Shutting down and abandoning module MagicLeapSecureStorage (46)
[2019.01.08-08.53.33:871][869]LogModuleManager: Shutting down and abandoning module MagicLeapGestures (44)
[2019.01.08-08.53.33:871][869]LogModuleManager: Shutting down and abandoning module MagicLeapEyeTracker (42)
[2019.01.08-08.53.33:871][869]LogModuleManager: Shutting down and abandoning module MagicLeapController (40)
[2019.01.08-08.53.33:871][869]LogSlate: Slate User Destroyed.  User Index 0, Is Virtual User: 0
[2019.01.08-08.53.33:871][869]LogModuleManager: Shutting down and abandoning module MagicLeap (38)
[2019.01.08-08.53.33:871][869]LogModuleManager: Shutting down and abandoning module AnimationModifiers (36)
[2019.01.08-08.53.33:871][869]LogModuleManager: Shutting down and abandoning module PropertyEditor (35)
[2019.01.08-08.53.33:872][869]LogModuleManager: Shutting down and abandoning module AudioEditor (32)
[2019.01.08-08.53.33:872][869]LogModuleManager: Shutting down and abandoning module TextureCompressor (30)
[2019.01.08-08.53.33:872][869]LogModuleManager: Shutting down and abandoning module ShaderCore (28)
[2019.01.08-08.53.33:872][869]LogModuleManager: Shutting down and abandoning module Landscape (26)
[2019.01.08-08.53.33:872][869]LogModuleManager: Shutting down and abandoning module SlateRHIRenderer (24)
[2019.01.08-08.53.33:874][869]LogModuleManager: Shutting down and abandoning module OpenGLDrv (22)
[2019.01.08-08.53.33:874][869]LogModuleManager: Shutting down and abandoning module D3D11RHI (20)
[2019.01.08-08.53.33:874][869]LogModuleManager: Shutting down and abandoning module AnimGraphRuntime (18)
[2019.01.08-08.53.33:874][869]LogModuleManager: Shutting down and abandoning module Renderer (16)
[2019.01.08-08.53.33:874][869]LogModuleManager: Shutting down and abandoning module Engine (14)
[2019.01.08-08.53.33:874][869]LogModuleManager: Shutting down and abandoning module CoreUObject (12)
[2019.01.08-08.53.33:874][869]LogModuleManager: Shutting down and abandoning module NetworkFile (10)
[2019.01.08-08.53.33:874][869]LogModuleManager: Shutting down and abandoning module CookedIterativeFile (8)
[2019.01.08-08.53.33:874][869]LogModuleManager: Shutting down and abandoning module StreamingFile (6)
[2019.01.08-08.53.33:875][869]LogModuleManager: Shutting down and abandoning module SandboxFile (4)
[2019.01.08-08.53.33:875][869]LogModuleManager: Shutting down and abandoning module PakFile (2)
[2019.01.08-08.53.33:879][869]LogExit: Exiting.
[2019.01.08-08.53.33:890][869]Log file closed, 01/08/19 10:53:33
