Log file open, 01/04/19 15:24:31
LogWindows: Failed to load 'aqProf.dll' (GetLastError=126)
LogWindows: File 'aqProf.dll' does not exist
LogWindows: Failed to load 'VSPerf140.dll' (GetLastError=126)
LogWindows: File 'VSPerf140.dll' does not exist
LogWindows: Failed to load 'VtuneApi.dll' (GetLastError=126)
LogWindows: File 'VtuneApi.dll' does not exist
LogWindows: Failed to load 'VtuneApi32e.dll' (GetLastError=126)
LogWindows: File 'VtuneApi32e.dll' does not exist
LogInit: Display: Running engine for game: TempleRun
LogPlatformFile: Not using cached read wrapper
LogTaskGraph: Started task graph with 5 named threads and 11 total threads with 3 sets of task threads.
LogStats: Stats thread started at 0.640396
LogD3D11RHI: Loaded GFSDK_Aftermath_Lib.x64.dll
LogICUInternationalization: Display: ICU TimeZone Detection - Raw Offset: +2:00, Platform Override: ''
LogPluginManager: Mounting plugin Paper2D
LogPluginManager: Mounting plugin AISupport
LogPluginManager: Mounting plugin LightPropagationVolume
LogPluginManager: Mounting plugin CLionSourceCodeAccess
LogPluginManager: Mounting plugin CodeLiteSourceCodeAccess
LogPluginManager: Mounting plugin GitSourceControl
LogPluginManager: Mounting plugin KDevelopSourceCodeAccess
LogPluginManager: Mounting plugin NullSourceCodeAccess
LogPluginManager: Mounting plugin PerforceSourceControl
LogPluginManager: Mounting plugin SubversionSourceControl
LogPluginManager: Mounting plugin UObjectPlugin
LogPluginManager: Mounting plugin VisualStudioCodeSourceCodeAccess
LogPluginManager: Mounting plugin VisualStudioSourceCodeAccess
LogPluginManager: Mounting plugin XCodeSourceCodeAccess
LogPluginManager: Mounting plugin AssetManagerEditor
LogPluginManager: Mounting plugin CryptoKeys
LogPluginManager: Mounting plugin DataValidation
LogPluginManager: Mounting plugin FacialAnimation
LogPluginManager: Mounting plugin GameplayTagsEditor
LogPluginManager: Mounting plugin MacGraphicsSwitching
LogPluginManager: Mounting plugin MeshEditor
LogPluginManager: Mounting plugin MobileLauncherProfileWizard
LogPluginManager: Mounting plugin PluginBrowser
LogPluginManager: Mounting plugin SpeedTreeImporter
LogPluginManager: Mounting plugin DatasmithContent
LogPluginManager: Mounting plugin AlembicImporter
LogPluginManager: Mounting plugin AppleImageUtils
LogPluginManager: Mounting plugin AppleVision
LogPluginManager: Mounting plugin BackChannel
LogPluginManager: Mounting plugin CharacterAI
LogPluginManager: Mounting plugin GeometryCache
LogPluginManager: Mounting plugin HTML5Networking
LogPluginManager: Mounting plugin ProxyLODPlugin
LogPluginManager: Mounting plugin MagicLeap
LogPluginManager: Mounting plugin MagicLeapEmulator
LogPluginManager: Mounting plugin MagicLeapMedia
LogPluginManager: Mounting plugin AndroidMedia
LogPluginManager: Mounting plugin AvfMedia
LogPluginManager: Mounting plugin ImgMedia
LogPluginManager: Mounting plugin LinearTimecode
LogPluginManager: Mounting plugin MediaCompositing
LogPluginManager: Mounting plugin MediaPlayerEditor
LogPluginManager: Mounting plugin WmfMedia
LogPluginManager: Mounting plugin TcpMessaging
LogPluginManager: Mounting plugin UdpMessaging
LogPluginManager: Mounting plugin ActorSequence
LogPluginManager: Mounting plugin LevelSequenceEditor
LogPluginManager: Mounting plugin MatineeToLevelSequence
LogPluginManager: Mounting plugin NetcodeUnitTest
LogPluginManager: Mounting plugin NUTUnrealEngine4
LogPluginManager: Mounting plugin OnlineSubsystemGooglePlay
LogPluginManager: Mounting plugin OnlineSubsystemIOS
LogPluginManager: Mounting plugin OnlineSubsystem
LogPluginManager: Mounting plugin OnlineSubsystemNull
LogPluginManager: Mounting plugin OnlineSubsystemUtils
LogPluginManager: Mounting plugin LauncherChunkInstaller
LogPluginManager: Mounting plugin AndroidDeviceProfileSelector
LogPluginManager: Mounting plugin AndroidMoviePlayer
LogPluginManager: Mounting plugin AndroidPermission
LogPluginManager: Mounting plugin AppleMoviePlayer
LogPluginManager: Mounting plugin ArchVisCharacter
LogPluginManager: Mounting plugin AudioCapture
LogPluginManager: Mounting plugin CableComponent
LogPluginManager: Mounting plugin CustomMeshComponent
LogPluginManager: Mounting plugin EditableMesh
LogPluginManager: Mounting plugin ExampleDeviceProfileSelector
LogPluginManager: Mounting plugin GoogleCloudMessaging
LogPluginManager: Mounting plugin ImmediatePhysics
LogPluginManager: Mounting plugin IOSDeviceProfileSelector
LogPluginManager: Mounting plugin LinuxDeviceProfileSelector
LogPluginManager: Mounting plugin LocationServicesBPLibrary
LogPluginManager: Mounting plugin MobilePatchingUtils
LogPluginManager: Mounting plugin OculusVR
LogPluginManager: Plugin shader directory ../../../Engine/Plugins/Runtime/Oculus/OculusVR/Shaders found
LogPluginManager: Mapping shader source directory ../../../Engine/Plugins/Runtime/Oculus/OculusVR/Shaders to virtual directory /Plugin/OculusVR
LogPluginManager: Mounting plugin PhysXVehicles
LogPluginManager: Mounting plugin ProceduralMeshComponent
LogPluginManager: Mounting plugin RuntimePhysXCooking
LogPluginManager: Mounting plugin SteamVR
LogPluginManager: Mounting plugin WindowsMoviePlayer
LogStreaming: Display: Took  0.519s to configure plugins.
LogInit: Using libcurl 7.55.1-DEV
LogInit:  - built for x86_64-pc-win32
LogInit:  - supports SSL with OpenSSL/1.0.2h
LogInit:  - supports HTTP deflate (compression) using libz 1.2.8
LogInit:  - other features:
LogInit:      CURL_VERSION_SSL
LogInit:      CURL_VERSION_LIBZ
LogInit:      CURL_VERSION_IPV6
LogInit:      CURL_VERSION_ASYNCHDNS
LogInit:      CURL_VERSION_LARGEFILE
LogInit:      CURL_VERSION_IDN
LogInit:  CurlRequestOptions (configurable via config and command line):
LogInit:  - bVerifyPeer = false  - Libcurl will NOT verify peer certificate
LogInit:  - bUseHttpProxy = false  - Libcurl will NOT use HTTP proxy
LogInit:  - bDontReuseConnections = false  - Libcurl will reuse connections
LogInit:  - CertBundlePath = nullptr  - Libcurl will use whatever was configured at build time.
LogInit:  - MaxHostConnections = 16  - Libcurl will limit the number of connections to a host
LogInit:  - LocalHostAddr = Default
LogInit:  - BufferSize = 65536
LogInit: WinSock: version 1.1 (2.2), MaxSocks=32767, MaxUdp=65467
LogInit: Build: ++UE4+Release-4.20-CL-4369336
LogInit: Engine Version: 4.20.3-4369336+++UE4+Release-4.20
LogInit: Compatible Engine Version: 4.20.0-4212847+++UE4+Release-4.20
LogInit: Net CL: 4212847
LogInit: OS: Windows 10 (), CPU: Intel(R) Core(TM) i7-5500U CPU @ 2.40GHz, GPU: Intel(R) HD Graphics 5500
LogInit: Compiled (64-bit): Sep 17 2018 12:26:19
LogInit: Compiled with Visual C++: 19.13.26129.00
LogInit: Build Configuration: Development
LogInit: Branch Name: ++UE4+Release-4.20
LogInit: Command Line:  
LogInit: Base Directory: C:/Program Files/Epic Games/UE_4.20/Engine/Binaries/Win64/
LogInit: Installed Engine Build: 1
LogDevObjectVersion: Number of dev versions registered: 20
LogDevObjectVersion:   Dev-Blueprints (B0D832E4-1F89-4F0D-ACCF-7EB736FD4AA2): 10
LogDevObjectVersion:   Dev-Build (E1C64328-A22C-4D53-A36C-8E866417BD8C): 0
LogDevObjectVersion:   Dev-Core (375EC13C-06E4-48FB-B500-84F0262A717E): 2
LogDevObjectVersion:   Dev-Editor (E4B068ED-F494-42E9-A231-DA0B2E46BB41): 24
LogDevObjectVersion:   Dev-Framework (CFFC743F-43B0-4480-9391-14DF171D2073): 34
LogDevObjectVersion:   Dev-Mobile (B02B49B5-BB20-44E9-A304-32B752E40360): 2
LogDevObjectVersion:   Dev-Networking (A4E4105C-59A1-49B5-A7C5-40C4547EDFEE): 0
LogDevObjectVersion:   Dev-Online (39C831C9-5AE6-47DC-9A44-9C173E1C8E7C): 0
LogDevObjectVersion:   Dev-Physics (78F01B33-EBEA-4F98-B9B4-84EACCB95AA2): 0
LogDevObjectVersion:   Dev-Platform (6631380F-2D4D-43E0-8009-CF276956A95A): 0
LogDevObjectVersion:   Dev-Rendering (12F88B9F-8875-4AFC-A67C-D90C383ABD29): 26
LogDevObjectVersion:   Dev-Sequencer (7B5AE74C-D270-4C10-A958-57980B212A5A): 9
LogDevObjectVersion:   Dev-VR (D7296918-1DD6-4BDD-9DE2-64A83CC13884): 2
LogDevObjectVersion:   Dev-LoadTimes (C2A15278-BFE7-4AFE-6C17-90FF531DF755): 1
LogDevObjectVersion:   Private-Geometry (6EACA3D4-40EC-4CC1-B786-8BED09428FC5): 3
LogDevObjectVersion:   Dev-AnimPhys (29E575DD-E0A3-4627-9D10-D276232CDCEA): 17
LogDevObjectVersion:   Dev-ReflectionCapture (6B266CEC-1EC7-4B8F-A30B-E4D90942FC07): 1
LogDevObjectVersion:   Dev-Automation (0DF73D61-A23F-47EA-B727-89E90C41499A): 1
LogDevObjectVersion:   FortniteMain (601D1886-AC64-4F84-AA16-D3DE0DEAC7D6): 12
LogDevObjectVersion:   Dev-Enterprise (9DFFBCD6-494F-0158-E221-12823C92A888): 1
LogStreaming: Display: Took  0.015s to delete old logs.
LogInit: Presizing for max 8388607 objects, including 0 objects not considered by GC, pre-allocating 0 bytes for permanent pool.
LogInit: Object subsystem initialized
[2019.01.04-13.24.32:756][  0]LogInit: Selected Device Profile: [Windows]
[2019.01.04-13.24.32:756][  0]LogInit: Applying CVar settings loaded from the selected device profile: [Windows]
[2019.01.04-13.24.32:842][  0]LogHAL: Display: Platform has ~ 8 GB [8488329216 / 8589934592 / 8], which maps to Default [LargestMinGB=32, LargerMinGB=12, DefaultMinGB=8, SmallerMinGB=6, SmallestMinGB=0)
[2019.01.04-13.24.32:843][  0]LogInit: Setting Device Profile CVar: [[r.Vulkan.UseRealUBs:1]]
[2019.01.04-13.24.32:843][  0]LogInit: Going up to parent DeviceProfile []
[2019.01.04-13.24.32:845][  0]LogInit: Computer: DESKTOP-GD1OE23
[2019.01.04-13.24.32:845][  0]LogInit: User: אורלי
[2019.01.04-13.24.32:845][  0]LogInit: CPU Page size=4096, Cores=2
[2019.01.04-13.24.32:845][  0]LogInit: High frequency timer resolution =2.340362 MHz
[2019.01.04-13.24.32:848][  0]LogMemory: Memory total: Physical=7.9GB (8GB approx)
[2019.01.04-13.24.32:848][  0]LogMemory: Platform Memory Stats for Windows
[2019.01.04-13.24.32:848][  0]LogMemory: Process Physical Memory: 99.83 MB used, 99.83 MB peak
[2019.01.04-13.24.32:849][  0]LogMemory: Process Virtual Memory: 84.36 MB used, 84.36 MB peak
[2019.01.04-13.24.32:849][  0]LogMemory: Physical Memory: 4202.05 MB used,  3893.05 MB free, 8095.10 MB total
[2019.01.04-13.24.32:849][  0]LogMemory: Virtual Memory: 485.85 MB used,  3893.05 MB free, 134217728.00 MB total
[2019.01.04-13.24.32:954][  0]LogInit: Using OS detected language (he-IL).
[2019.01.04-13.24.32:954][  0]LogInit: Using OS detected locale (he-IL).
[2019.01.04-13.24.32:958][  0]LogTextLocalizationManager: No localization for 'he-IL' exists, so 'en' will be used for the language.
[2019.01.04-13.24.35:974][  0]LogStreaming: Display: Took  3.021s to InitEngineTextLocalization.
[2019.01.04-13.24.35:975][  0]LogInit: Setting process to per monitor DPI aware
[2019.01.04-13.24.36:164][  0]LogSlate: New Slate User Created.  User Index 0, Is Virtual User: 0
[2019.01.04-13.24.36:164][  0]LogSlate: Slate User Registered.  User Index 0, Is Virtual User: 0
[2019.01.04-13.24.37:119][  0]LogHMD: Failed to initialize OpenVR with code 110
[2019.01.04-13.24.37:119][  0]LogD3D11RHI: D3D11 adapters:
[2019.01.04-13.24.37:141][  0]LogD3D11RHI:    0. 'Intel(R) HD Graphics 5500' (Feature Level 11_0)
[2019.01.04-13.24.37:142][  0]LogD3D11RHI:       128/0/4047 MB DedicatedVideo/DedicatedSystem/SharedSystem, Outputs:1, VendorId:0x8086
[2019.01.04-13.24.37:148][  0]LogD3D11RHI:    1. 'Microsoft Basic Render Driver' (Feature Level 11_0)
[2019.01.04-13.24.37:148][  0]LogD3D11RHI:       0/0/4047 MB DedicatedVideo/DedicatedSystem/SharedSystem, Outputs:0, VendorId:0x1414
[2019.01.04-13.24.37:148][  0]LogD3D11RHI: Chosen D3D11 Adapter: 0
[2019.01.04-13.24.37:164][  0]LogD3D11RHI: Creating new Direct3DDevice
[2019.01.04-13.24.37:165][  0]LogD3D11RHI:     GPU DeviceId: 0x1616 (for the marketing name, search the web for "GPU Device Id")
[2019.01.04-13.24.37:165][  0]LogWindows: EnumDisplayDevices:
[2019.01.04-13.24.37:165][  0]LogWindows:    0. 'Intel(R) HD Graphics 5500' (P:1 D:1)
[2019.01.04-13.24.37:166][  0]LogWindows:    1. 'Intel(R) HD Graphics 5500' (P:0 D:0)
[2019.01.04-13.24.37:167][  0]LogWindows:    2. 'Intel(R) HD Graphics 5500' (P:0 D:0)
[2019.01.04-13.24.37:167][  0]LogWindows: DebugString: FoundDriverCount:3 
[2019.01.04-13.24.37:167][  0]LogD3D11RHI:     Adapter Name: Intel(R) HD Graphics 5500
[2019.01.04-13.24.37:167][  0]LogD3D11RHI:   Driver Version: 20.19.15.4549 (internal:20.19.15.4549, unified:20.19.15.4549)
[2019.01.04-13.24.37:167][  0]LogD3D11RHI:      Driver Date: 11-10-2016
[2019.01.04-13.24.37:167][  0]LogRHI: Texture pool is 1506 MB (70% of 2151 MB)
[2019.01.04-13.24.37:182][  0]LogD3D11RHI: Async texture creation enabled
[2019.01.04-13.24.37:201][  0]LogD3D11RHI: GPU Timing Frequency: 12.500000 (Debug: 2 0)
[2019.01.04-13.24.37:205][  0]LogShaderCompilers: Guid format shader working directory is -44 characters bigger than the processId version (../../../../../../Users/אורלי/Desktop/4-update temple run/TempleRun - tot_ 4 collect coins/Intermediate/Shaders/WorkingDirectory/4448/).
[2019.01.04-13.24.37:206][  0]LogShaderCompilers: Cleaned the shader compiler working directory 'C:/Users/אורלי/AppData/Local/Temp/UnrealShaderWorkingDir/F5ECA97D4B6BECF7FF6941A2AF594CBB/'.
[2019.01.04-13.24.38:821][  0]LogTemp: Display: Loaded TP AllDesktopTargetPlatform
[2019.01.04-13.24.38:911][  0]LogTemp: Display: Loaded TP MacClientTargetPlatform
[2019.01.04-13.24.38:999][  0]LogTemp: Display: Loaded TP MacNoEditorTargetPlatform
[2019.01.04-13.24.39:088][  0]LogTemp: Display: Loaded TP MacServerTargetPlatform
[2019.01.04-13.24.39:173][  0]LogTemp: Display: Loaded TP MacTargetPlatform
[2019.01.04-13.24.39:256][  0]LogTemp: Display: Loaded TP WindowsClientTargetPlatform
[2019.01.04-13.24.39:360][  0]LogTemp: Display: Loaded TP WindowsNoEditorTargetPlatform
[2019.01.04-13.24.39:462][  0]LogTemp: Display: Loaded TP WindowsServerTargetPlatform
[2019.01.04-13.24.39:511][  0]LogTemp: Display: Loaded TP WindowsTargetPlatform
[2019.01.04-13.24.40:049][  0]LogTemp: Display: Loaded TP AndroidTargetPlatform
[2019.01.04-13.24.40:050][  0]LogTemp: Display: Loaded TP AndroidTargetPlatform
[2019.01.04-13.24.40:050][  0]LogTemp: Display: Loaded TP AndroidTargetPlatform
[2019.01.04-13.24.40:050][  0]LogTemp: Display: Loaded TP AndroidTargetPlatform
[2019.01.04-13.24.40:050][  0]LogTemp: Display: Loaded TP AndroidTargetPlatform
[2019.01.04-13.24.40:050][  0]LogTemp: Display: Loaded TP AndroidTargetPlatform
[2019.01.04-13.24.40:050][  0]LogTemp: Display: Loaded TP AndroidTargetPlatform
[2019.01.04-13.24.40:050][  0]LogTemp: Display: Loaded TP AndroidTargetPlatform
[2019.01.04-13.24.40:050][  0]LogTemp: Display: Loaded TP AndroidTargetPlatform
[2019.01.04-13.24.40:050][  0]LogTemp: Display: Loaded TP AndroidTargetPlatform
[2019.01.04-13.24.40:050][  0]LogTemp: Display: Loaded TP AndroidTargetPlatform
[2019.01.04-13.24.40:050][  0]LogTemp: Display: Loaded TP AndroidTargetPlatform
[2019.01.04-13.24.40:050][  0]LogTemp: Display: Loaded TP AndroidTargetPlatform
[2019.01.04-13.24.40:050][  0]LogTemp: Display: Loaded TP AndroidTargetPlatform
[2019.01.04-13.24.40:051][  0]LogTemp: Display: Loaded TP AndroidTargetPlatform
[2019.01.04-13.24.40:051][  0]LogTemp: Display: Loaded TP AndroidTargetPlatform
[2019.01.04-13.24.40:051][  0]LogTemp: Display: Loaded TP AndroidTargetPlatform
[2019.01.04-13.24.40:051][  0]LogTemp: Display: Loaded TP AndroidTargetPlatform
[2019.01.04-13.24.40:056][  0]LogTemp: Display: Loaded TP HTML5TargetPlatform
[2019.01.04-13.24.40:265][  0]LogTemp: Display: Loaded TP IOSTargetPlatform
[2019.01.04-13.24.40:265][  0]LogTemp: Display: Loaded TP IOSTargetPlatform
[2019.01.04-13.24.40:421][  0]LogTemp: Display: Loaded TP TVOSTargetPlatform
[2019.01.04-13.24.40:421][  0]LogTemp: Display: Loaded TP TVOSTargetPlatform
[2019.01.04-13.24.40:500][  0]LogTemp: Display: Loaded TP LinuxClientTargetPlatform
[2019.01.04-13.24.40:582][  0]LogTemp: Display: Loaded TP LinuxNoEditorTargetPlatform
[2019.01.04-13.24.40:661][  0]LogTemp: Display: Loaded TP LinuxServerTargetPlatform
[2019.01.04-13.24.40:742][  0]LogTemp: Display: Loaded TP LinuxTargetPlatform
[2019.01.04-13.24.40:800][  0]LogTemp: Display: Loaded TP LuminTargetPlatform
[2019.01.04-13.24.40:800][  0]LogTargetPlatformManager: Display: Building Assets For Windows
[2019.01.04-13.24.41:129][  0]LogXGEController: Cannot use XGE Controller as Incredibuild is not installed on this machine.
[2019.01.04-13.24.41:130][  0]LogShaderCompilers: Cannot use XGE Shader Compiler as Incredibuild is not installed on this machine.
[2019.01.04-13.24.41:130][  0]LogShaderCompilers: Display: Using Local Shader Compiler.
[2019.01.04-13.24.46:386][  0]LogDerivedDataCache: Display: Max Cache Size: 512 MB
[2019.01.04-13.24.46:798][  0]LogDerivedDataCache: Loaded boot cache 0.41s 71MB C:/Users/אורלי/AppData/Local/UnrealEngine/4.20/DerivedDataCache/Boot.ddc.
[2019.01.04-13.24.46:800][  0]LogDerivedDataCache: Display: Loaded Boot cache: C:/Users/אורלי/AppData/Local/UnrealEngine/4.20/DerivedDataCache/Boot.ddc
[2019.01.04-13.24.46:801][  0]LogDerivedDataCache: FDerivedDataBackendGraph:  Pak pak cache file ../../../../../../Users/אורלי/Desktop/4-update temple run/TempleRun - tot_ 4 collect coins/DerivedDataCache/DDC.ddp not found, will not use a pak cache.
[2019.01.04-13.24.46:801][  0]LogDerivedDataCache: Unable to find inner node Pak for hierarchical cache Hierarchy.
[2019.01.04-13.24.46:801][  0]LogDerivedDataCache: FDerivedDataBackendGraph:  CompressedPak pak cache file ../../../../../../Users/אורלי/Desktop/4-update temple run/TempleRun - tot_ 4 collect coins/DerivedDataCache/Compressed.ddp not found, will not use a pak cache.
[2019.01.04-13.24.46:802][  0]LogDerivedDataCache: Unable to find inner node CompressedPak for hierarchical cache Hierarchy.
[2019.01.04-13.24.46:892][  0]LogDerivedDataCache: Display: Pak cache opened for reading ../../../Engine/DerivedDataCache/Compressed.ddp.
[2019.01.04-13.24.46:907][  0]LogDerivedDataCache: Using Local data cache path C:/Users/אורלי/AppData/Local/UnrealEngine/Common/DerivedDataCache: Writable
[2019.01.04-13.24.46:907][  0]LogDerivedDataCache: Shared data cache path not found in *engine.ini, will not use an Shared cache.
[2019.01.04-13.24.46:907][  0]LogDerivedDataCache: Unable to find inner node Shared for hierarchical cache Hierarchy.
[2019.01.04-13.24.47:027][  0]LogMaterial: Verifying Global Shaders for PCD3D_SM5
[2019.01.04-13.24.47:036][  0]LogSlate: Using FreeType 2.6.0
[2019.01.04-13.24.47:038][  0]LogSlate: SlateFontServices - WITH_FREETYPE: 1, WITH_HARFBUZZ: 1
[2019.01.04-13.24.47:378][  0]LogAssetRegistry: FAssetRegistry took 0.0554 seconds to start up
[2019.01.04-13.24.49:545][  0]LogInit: Selected Device Profile: [Windows]
[2019.01.04-13.24.50:353][  0]LogSimplygon: Simplygon DLL not present - disabling.
[2019.01.04-13.24.50:370][  0]LogMeshReduction: Using SimplygonSwarm for distributed automatic mesh merging
[2019.01.04-13.24.50:370][  0]LogMeshReduction: Using ProxyLODMeshReduction for automatic mesh merging
[2019.01.04-13.24.50:370][  0]LogMeshReduction: Using QuadricMeshReduction for automatic static mesh reduction
[2019.01.04-13.24.50:371][  0]LogMeshReduction: No automatic skeletal mesh reduction module available
[2019.01.04-13.24.50:437][  0]LogNetVersion: TempleRun 1.0.0, NetCL: 4212847, EngineNetVer: 5, GameNetVer: 0 (Checksum: 2232543940)
[2019.01.04-13.24.52:976][  0]LogPackageLocalizationCache: Processed 11 localized package path(s) for 1 prioritized culture(s) in 0.249650 seconds
[2019.01.04-13.24.53:018][  0]LogUObjectArray: 38425 objects as part of root set at end of initial load.
[2019.01.04-13.24.53:018][  0]LogUObjectAllocator: 6690864 out of 0 bytes used by permanent object pool.
[2019.01.04-13.24.53:018][  0]LogUObjectArray: CloseDisregardForGC: 0/0 objects in disregard for GC pool
[2019.01.04-13.24.57:765][  0]LogTcpMessaging: Initializing TcpMessaging bridge
[2019.01.04-13.24.57:787][  0]LogUdpMessaging: Initializing bridge on interface 0.0.0.0:0 to multicast group 230.0.0.1:6666.
[2019.01.04-13.24.58:309][  0]SourceControl: Source control is disabled
[2019.01.04-13.24.58:309][  0]SourceControl: Source control is disabled
[2019.01.04-13.24.58:316][  0]SourceControl: Source control is disabled
[2019.01.04-13.24.58:321][  0]SourceControl: Source control is disabled
[2019.01.04-13.24.58:808][  0]LogAndroidPermission: UAndroidPermissionCallbackProxy::GetInstance
[2019.01.04-13.24.58:972][  0]LogOcInput: OculusInput pre-init called
[2019.01.04-13.24.59:301][  0]LogEngine: Initializing Engine...
[2019.01.04-13.24.59:307][  0]LogHMD: Failed to initialize OpenVR with code 110
[2019.01.04-13.24.59:319][  0]LogStats: UGameplayTagsManager::ConstructGameplayTagTree: ImportINI prefixes -  0.000 s
[2019.01.04-13.24.59:320][  0]LogStats: UGameplayTagsManager::ConstructGameplayTagTree: Construct from data asset -  0.000 s
[2019.01.04-13.24.59:320][  0]LogStats: UGameplayTagsManager::ConstructGameplayTagTree: ImportINI -  0.001 s
[2019.01.04-13.24.59:321][  0]LogStats: UGameplayTagsManager::ConstructGameplayTagTree: GameplayTagTreeChangedEvent.Broadcast -  0.000 s
[2019.01.04-13.25.00:739][  0]LogInit: Initializing FReadOnlyCVARCache
[2019.01.04-13.25.00:800][  0]LogAIModule: Creating AISystem for world Untitled
[2019.01.04-13.25.00:831][  0]LogInit: XAudio2 using 'Speakers (Realtek High Definition Audio)' : 2 channels at 48 kHz using 32 bits per sample (channel mask 0x3)
[2019.01.04-13.25.00:976][  0]LogInit: FAudioDevice initialized.
[2019.01.04-13.25.00:978][  0]LogNetVersion: Set ProjectVersion to 1.0.0.0. Version Checksum will be recalculated on next use.
[2019.01.04-13.25.01:262][  0]LogDerivedDataCache: Saved boot cache 0.28s 71MB C:/Users/אורלי/AppData/Local/UnrealEngine/4.20/DerivedDataCache/Boot.ddc.
[2019.01.04-13.25.01:290][  0]LogInit: Texture streaming: Enabled
[2019.01.04-13.25.01:409][  0]LogEngineSessionManager: EngineSessionManager initialized
[2019.01.04-13.25.01:485][  0]LogInit: Transaction tracking system initialized
[2019.01.04-13.25.01:662][  0]BlueprintLog: New page: Editor Load
[2019.01.04-13.25.02:206][  0]LocalizationService: Localization service is disabled
[2019.01.04-13.25.03:939][  0]LogCook: Display: Max memory allowance for cook 16384mb min free memory 0mb
[2019.01.04-13.25.03:940][  0]LogCook: Display: Mobile HDR setting 1
[2019.01.04-13.25.03:940][  0]LogGameplayTags: Display: UGameplayTagsManager::DoneAddingNativeTags. DelegateIsBound: 0
[2019.01.04-13.25.03:940][  0]LogStats: UGameplayTagsManager::ConstructGameplayTagTree: ImportINI prefixes -  0.000 s
[2019.01.04-13.25.03:941][  0]LogStats: UGameplayTagsManager::ConstructGameplayTagTree: Construct from data asset -  0.000 s
[2019.01.04-13.25.03:941][  0]LogStats: UGameplayTagsManager::ConstructGameplayTagTree: ImportINI -  0.000 s
[2019.01.04-13.25.03:942][  0]LogStats: UGameplayTagsManager::ConstructGameplayTagTree: GameplayTagTreeChangedEvent.Broadcast -  0.000 s
[2019.01.04-13.25.04:001][  0]LogFileCache: Scanning file cache for directory 'C:/Users/אורלי/Desktop/4-update temple run/TempleRun - tot_ 4 collect coins/Content/' took 0.04s
[2019.01.04-13.25.04:755][  0]SourceControl: Source control is disabled
[2019.01.04-13.25.04:758][  0]LightingResults: New page: Lighting Build
[2019.01.04-13.25.04:775][  0]MapCheck: New page: Map Check
[2019.01.04-13.25.04:775][  0]LightingResults: New page: Lighting Build
[2019.01.04-13.25.08:514][  0]LogAIModule: Creating AISystem for world ThirdPersonExampleMap
[2019.01.04-13.25.08:591][  0]LogEditorServer: Finished looking for orphan Actors (0.001 secs)
[2019.01.04-13.25.08:765][  0]Cmd: MAP CHECKDEP NOCLEARLOG
[2019.01.04-13.25.09:102][  0]MapCheck: Map check complete: 0 Error(s), 0 Warning(s), took 336.461ms to complete.
[2019.01.04-13.25.09:103][  0]LogFileHelpers: Loading map 'ThirdPersonExampleMap' took 4.347
[2019.01.04-13.25.09:224][  0]LogWindowsTextInputMethodSystem: Display: IME system now deactivated.
[2019.01.04-13.25.09:451][  0]LogSlate: Updating window title bar state: overlay mode, drag disabled, window buttons hidden, title bar hidden
[2019.01.04-13.25.09:500][  0]LogSlate: Updating window title bar state: overlay mode, drag disabled, window buttons hidden, title bar hidden
[2019.01.04-13.25.09:548][  0]LogSlate: Updating window title bar state: overlay mode, drag disabled, window buttons hidden, title bar hidden
[2019.01.04-13.25.09:594][  0]LogSlate: Updating window title bar state: overlay mode, drag disabled, window buttons hidden, title bar hidden
[2019.01.04-13.25.09:624][  0]LogCollectionManager: Loaded 0 collections in 0.008259 seconds
[2019.01.04-13.25.09:694][  0]LogFileCache: Scanning file cache for directory 'C:/Users/אורלי/Desktop/4-update temple run/TempleRun - tot_ 4 collect coins/Saved/Collections/' took 0.01s
[2019.01.04-13.25.09:694][  0]LogFileCache: Scanning file cache for directory 'C:/Users/אורלי/Desktop/4-update temple run/TempleRun - tot_ 4 collect coins/Content/Developers/אורלי/Collections/' took 0.01s
[2019.01.04-13.25.09:694][  0]LogFileCache: Scanning file cache for directory 'C:/Users/אורלי/Desktop/4-update temple run/TempleRun - tot_ 4 collect coins/Content/Collections/' took 0.01s
[2019.01.04-13.25.09:694][  0]LogCollectionManager: Rebuilt the GUID cache for 0 collections in 0.000001 seconds
[2019.01.04-13.25.09:751][  0]LogContentBrowser: Native class hierarchy populated in 0.0555 seconds. Added 2572 classes and 603 folders.
[2019.01.04-13.25.09:782][  0]LogContentBrowser: Native class hierarchy updated for 'WidgetCarousel' in 0.0015 seconds. Added 0 classes and 0 folders.
[2019.01.04-13.25.09:976][  0]LogContentBrowser: Native class hierarchy updated for 'AddContentDialog' in 0.0013 seconds. Added 0 classes and 0 folders.
[2019.01.04-13.25.09:999][  0]LogContentBrowser: Native class hierarchy updated for 'SceneOutliner' in 0.0015 seconds. Added 1 classes and 2 folders.
[2019.01.04-13.25.10:421][  0]LogSlate: Took 0.001044 seconds to synchronously load lazily loaded font '../../../Engine/Content/Slate/Fonts/Roboto-Regular.ttf' (155K)
[2019.01.04-13.25.10:438][  0]LogSlate: Took 0.001298 seconds to synchronously load lazily loaded font '../../../Engine/Content/Slate/Fonts/Roboto-Bold.ttf' (160K)
[2019.01.04-13.25.10:472][  0]LogSlate: Took 0.000867 seconds to synchronously load lazily loaded font '../../../Engine/Content/Editor/Slate/Fonts/FontAwesome.ttf' (139K)
[2019.01.04-13.25.11:133][  0]LogRenderer: Reallocating scene render targets to support 904x464 Format 10 NumSamples 1 (Frame:1).
[2019.01.04-13.25.12:994][  0]LogSlate: Took 0.013725 seconds to synchronously load lazily loaded font '../../../Engine/Content/Slate/Fonts/DroidSansFallback.ttf' (3848K)
[2019.01.04-13.25.13:351][  0]LogContentBrowser: Native class hierarchy updated for 'HierarchicalLODOutliner' in 0.0016 seconds. Added 0 classes and 0 folders.
[2019.01.04-13.25.13:351][  0]LogLoad: (Engine Initialization) Total time: 46.71 seconds
[2019.01.04-13.25.13:351][  0]LogLoad: (Engine Initialization) Total Blueprint compile time: 0.00 seconds
[2019.01.04-13.25.13:428][  0]LogContentStreaming: Texture pool size now 1000 MB
[2019.01.04-13.25.13:633][  1]LogSlate: Took 0.000817 seconds to synchronously load lazily loaded font '../../../Engine/Content/Slate/Fonts/Roboto-Light.ttf' (167K)
[2019.01.04-13.25.17:971][ 19]LogAssetRegistry: Asset discovery search completed in 30.6178 seconds
[2019.01.04-13.25.18:002][ 19]LogCollectionManager: Rebuilt the object cache for 0 collections in 0.000004 seconds (found 0 objects)
[2019.01.04-13.25.18:003][ 19]LogCollectionManager: Fixed up redirectors for 0 collections in 0.000567 seconds (updated 0 objects)
[2019.01.04-13.25.23:798][ 66]LogSlate: FSceneViewport::OnFocusLost() reason 0
[2019.01.04-13.25.26:537][ 89]LogSlate: Took 0.003006 seconds to synchronously load lazily loaded font '../../../Engine/Content/Slate/Fonts/Roboto-Light.ttf' (167K)
[2019.01.04-13.25.28:105][ 89]LogAIModule: Creating AISystem for world Level1
[2019.01.04-13.25.28:147][ 89]LogAssetEditorManager: Opening Asset editor for World /Game/ThirdPersonBP/Levels/Level1.Level1
[2019.01.04-13.25.28:280][ 89]Cmd: MAP LOAD FILE="../../../../../../Users/אורלי/Desktop/4-update temple run/TempleRun - tot_ 4 collect coins/Content/ThirdPersonBP/Levels/Level1.umap" TEMPLATE=0 SHOWPROGRESS=1 FEATURELEVEL=3
[2019.01.04-13.25.28:280][ 89]LightingResults: New page: Lighting Build
[2019.01.04-13.25.28:285][ 89]LoadErrors: New page: Loading map: Level1.umap
[2019.01.04-13.25.28:288][ 89]MapCheck: New page: Map Check
[2019.01.04-13.25.28:289][ 89]LightingResults: New page: Lighting Build
[2019.01.04-13.25.28:903][ 89]LogEditorServer: Finished looking for orphan Actors (0.001 secs)
[2019.01.04-13.25.29:186][ 89]Cmd: MAP CHECKDEP NOCLEARLOG
[2019.01.04-13.25.29:638][ 89]MapCheck: Map check complete: 0 Error(s), 0 Warning(s), took 452.01ms to complete.
[2019.01.04-13.25.29:647][ 89]LogFileHelpers: Loading map 'Level1' took 1.371
[2019.01.04-13.25.31:686][100]LogTemp: Repeating last play command: Selected Viewport
[2019.01.04-13.25.31:773][100]LogPlayLevel: PlayLevel: No blueprints needed recompiling
[2019.01.04-13.25.31:791][100]PIE: New page: PIE session: Level1 (4 בינו׳ 2019, 17:25:31)
[2019.01.04-13.25.31:792][100]LogPlayLevel: Creating play world package: /Game/ThirdPersonBP/Levels/UEDPIE_0_Level1
[2019.01.04-13.25.31:814][100]LogPlayLevel: PIE: StaticDuplicateObject took: (0.021116s)
[2019.01.04-13.25.31:821][100]LogAIModule: Creating AISystem for world Level1
[2019.01.04-13.25.31:822][100]LogPlayLevel: PIE: World Init took: (0.007431s)
[2019.01.04-13.25.31:822][100]LogPlayLevel: PIE: Created PIE world by copying editor world from /Game/ThirdPersonBP/Levels/Level1.Level1 to /Game/ThirdPersonBP/Levels/UEDPIE_0_Level1.Level1 (0.029560s)
[2019.01.04-13.25.31:957][100]LogInit: XAudio2 using 'Speakers (Realtek High Definition Audio)' : 2 channels at 48 kHz using 32 bits per sample (channel mask 0x3)
[2019.01.04-13.25.31:997][100]LogInit: FAudioDevice initialized.
[2019.01.04-13.25.32:065][100]LogLoad: Game class is 'RunGameMode_C'
[2019.01.04-13.25.32:074][100]LogWorld: Bringing World /Game/ThirdPersonBP/Levels/UEDPIE_0_Level1.Level1 up for play (max tick rate 60) at 2019.01.04-15.25.32
[2019.01.04-13.25.32:076][100]LogWorld: Bringing up level for play took: 0.002701
[2019.01.04-13.25.32:117][100]LogContentBrowser: Native class hierarchy updated for 'MovieSceneCapture' in 0.0016 seconds. Added 10 classes and 0 folders.
[2019.01.04-13.25.32:257][100]PIE: Play in editor start time for /Game/ThirdPersonBP/Levels/UEDPIE_0_Level1 0.974
[2019.01.04-13.25.50:931][219]LogSlate: Updating window title bar state: overlay mode, drag disabled, window buttons hidden, title bar hidden
[2019.01.04-13.25.51:141][219]LogPlayLevel: Display: Shutting down PIE online subsystems
[2019.01.04-13.25.51:278][219]LogSlate: Updating window title bar state: overlay mode, drag disabled, window buttons hidden, title bar hidden
[2019.01.04-13.25.51:389][220]LogPlayLevel: Display: Destroying online subsystem :Context_1
[2019.01.04-13.25.52:411][229]LogTemp: Repeating last play command: Selected Viewport
[2019.01.04-13.25.52:589][229]LogPlayLevel: PlayLevel: No blueprints needed recompiling
[2019.01.04-13.25.52:591][229]PIE: New page: PIE session: Level1 (4 בינו׳ 2019, 17:25:52)
[2019.01.04-13.25.52:593][229]LogPlayLevel: Creating play world package: /Game/ThirdPersonBP/Levels/UEDPIE_0_Level1
[2019.01.04-13.25.52:626][229]LogPlayLevel: PIE: StaticDuplicateObject took: (0.032757s)
[2019.01.04-13.25.52:633][229]LogAIModule: Creating AISystem for world Level1
[2019.01.04-13.25.52:634][229]LogPlayLevel: PIE: World Init took: (0.006929s)
[2019.01.04-13.25.52:635][229]LogPlayLevel: PIE: Created PIE world by copying editor world from /Game/ThirdPersonBP/Levels/Level1.Level1 to /Game/ThirdPersonBP/Levels/UEDPIE_0_Level1.Level1 (0.041719s)
[2019.01.04-13.25.52:772][229]LogInit: XAudio2 using 'Speakers (Realtek High Definition Audio)' : 2 channels at 48 kHz using 32 bits per sample (channel mask 0x3)
[2019.01.04-13.25.52:813][229]LogInit: FAudioDevice initialized.
[2019.01.04-13.25.52:814][229]LogSlate: FSceneViewport::OnFocusLost() reason 2
[2019.01.04-13.25.52:875][229]LogLoad: Game class is 'RunGameMode_C'
[2019.01.04-13.25.52:880][229]LogWorld: Bringing World /Game/ThirdPersonBP/Levels/UEDPIE_0_Level1.Level1 up for play (max tick rate 60) at 2019.01.04-15.25.52
[2019.01.04-13.25.52:881][229]LogWorld: Bringing up level for play took: 0.003129
[2019.01.04-13.25.53:055][229]PIE: Play in editor start time for /Game/ThirdPersonBP/Levels/UEDPIE_0_Level1 ‎-0.227
[2019.01.04-13.25.59:842][259]Cmd: RestartLevel
[2019.01.04-13.26.00:018][260]LogNet: Browse: /Game/ThirdPersonBP/Levels/Level1?restart
[2019.01.04-13.26.00:196][260]LogLoad: LoadMap: /Game/ThirdPersonBP/Levels/Level1
[2019.01.04-13.26.00:417][260]LogPlayLevel: Creating play world package: /Game/ThirdPersonBP/Levels/UEDPIE_0_Level1
[2019.01.04-13.26.00:429][260]LogPlayLevel: PIE: StaticDuplicateObject took: (0.011984s)
[2019.01.04-13.26.00:432][260]LogAIModule: Creating AISystem for world Level1
[2019.01.04-13.26.00:434][260]LogPlayLevel: PIE: World Init took: (0.004415s)
[2019.01.04-13.26.00:434][260]LogPlayLevel: PIE: Created PIE world by copying editor world from /Game/ThirdPersonBP/Levels/Level1.Level1 to /Game/ThirdPersonBP/Levels/UEDPIE_0_Level1.Level1 (0.017442s)
[2019.01.04-13.26.00:435][260]LogLoad: Game class is 'RunGameMode_C'
[2019.01.04-13.26.00:440][260]LogWorld: Bringing World /Game/ThirdPersonBP/Levels/UEDPIE_0_Level1.Level1 up for play (max tick rate 60) at 2019.01.04-15.26.00
[2019.01.04-13.26.00:443][260]LogWorld: Bringing up level for play took: 0.004066
[2019.01.04-13.26.00:530][260]LogLoad: Took 0.333953 seconds to LoadMap(/Game/ThirdPersonBP/Levels/UEDPIE_0_Level1)
[2019.01.04-13.26.02:867][278]Cmd: RestartLevel
[2019.01.04-13.26.02:987][279]LogNet: Browse: /Game/ThirdPersonBP/Levels/Level1?restart
[2019.01.04-13.26.03:100][279]LogLoad: LoadMap: /Game/ThirdPersonBP/Levels/Level1
[2019.01.04-13.26.03:288][279]LogPlayLevel: Creating play world package: /Game/ThirdPersonBP/Levels/UEDPIE_0_Level1
[2019.01.04-13.26.03:299][279]LogPlayLevel: PIE: StaticDuplicateObject took: (0.010207s)
[2019.01.04-13.26.03:302][279]LogAIModule: Creating AISystem for world Level1
[2019.01.04-13.26.03:304][279]LogPlayLevel: PIE: World Init took: (0.004581s)
[2019.01.04-13.26.03:304][279]LogPlayLevel: PIE: Created PIE world by copying editor world from /Game/ThirdPersonBP/Levels/Level1.Level1 to /Game/ThirdPersonBP/Levels/UEDPIE_0_Level1.Level1 (0.015636s)
[2019.01.04-13.26.03:304][279]LogLoad: Game class is 'RunGameMode_C'
[2019.01.04-13.26.03:308][279]LogWorld: Bringing World /Game/ThirdPersonBP/Levels/UEDPIE_0_Level1.Level1 up for play (max tick rate 60) at 2019.01.04-15.26.03
[2019.01.04-13.26.03:309][279]LogWorld: Bringing up level for play took: 0.002309
[2019.01.04-13.26.03:415][279]LogLoad: Took 0.315942 seconds to LoadMap(/Game/ThirdPersonBP/Levels/UEDPIE_0_Level1)
[2019.01.04-13.26.05:785][297]Cmd: RestartLevel
[2019.01.04-13.26.05:910][298]LogNet: Browse: /Game/ThirdPersonBP/Levels/Level1?restart
[2019.01.04-13.26.06:030][298]LogLoad: LoadMap: /Game/ThirdPersonBP/Levels/Level1
[2019.01.04-13.26.06:225][298]LogPlayLevel: Creating play world package: /Game/ThirdPersonBP/Levels/UEDPIE_0_Level1
[2019.01.04-13.26.06:236][298]LogPlayLevel: PIE: StaticDuplicateObject took: (0.010310s)
[2019.01.04-13.26.06:238][298]LogAIModule: Creating AISystem for world Level1
[2019.01.04-13.26.06:239][298]LogPlayLevel: PIE: World Init took: (0.003109s)
[2019.01.04-13.26.06:239][298]LogPlayLevel: PIE: Created PIE world by copying editor world from /Game/ThirdPersonBP/Levels/Level1.Level1 to /Game/ThirdPersonBP/Levels/UEDPIE_0_Level1.Level1 (0.014251s)
[2019.01.04-13.26.06:240][298]LogLoad: Game class is 'RunGameMode_C'
[2019.01.04-13.26.06:244][298]LogWorld: Bringing World /Game/ThirdPersonBP/Levels/UEDPIE_0_Level1.Level1 up for play (max tick rate 60) at 2019.01.04-15.26.06
[2019.01.04-13.26.06:245][298]LogWorld: Bringing up level for play took: 0.002481
[2019.01.04-13.26.06:343][298]LogLoad: Took 0.313261 seconds to LoadMap(/Game/ThirdPersonBP/Levels/UEDPIE_0_Level1)
[2019.01.04-13.26.42:397][534]LogSlate: Updating window title bar state: overlay mode, drag disabled, window buttons hidden, title bar hidden
[2019.01.04-13.26.42:635][534]LogPlayLevel: Display: Shutting down PIE online subsystems
[2019.01.04-13.26.42:772][534]LogSlate: Updating window title bar state: overlay mode, drag disabled, window buttons hidden, title bar hidden
[2019.01.04-13.26.42:917][535]LogPlayLevel: Display: Destroying online subsystem :Context_2
[2019.01.04-13.30.21:798][716]LogSlate: FSceneViewport::OnFocusLost() reason 0
[2019.01.04-13.30.21:916][716]LogSlate: Window 'TempleRun - Unreal Editor' being destroyed
[2019.01.04-13.30.21:917][716]LogWindowsTextInputMethodSystem: Display: IME system now deactivated.
[2019.01.04-13.30.22:089][717]Cmd: QUIT_EDITOR
[2019.01.04-13.30.22:771][717]LogExit: Preparing to exit.
[2019.01.04-13.30.23:447][717]LogExit: Editor shut down
[2019.01.04-13.30.23:447][717]LogExit: Transaction tracking system shut down
[2019.01.04-13.30.24:014][717]LogExit: Object subsystem successfully closed.
[2019.01.04-13.30.24:028][717]LogShaderCompilers: Display: Shaders left to compile 0
[2019.01.04-13.30.24:032][717]LogD3D11RHI: Shutdown
[2019.01.04-13.30.24:032][717]LogD3D11RHI: CleanupD3DDevice
[2019.01.04-13.30.24:036][717]LogD3D11RHI: ~FD3D11DynamicRHI
[2019.01.04-13.30.24:059][717]LogModuleManager: Shutting down and abandoning module MovieSceneCapture (614)
[2019.01.04-13.30.24:059][717]LogModuleManager: Shutting down and abandoning module Voice (612)
[2019.01.04-13.30.24:059][717]LogModuleManager: Shutting down and abandoning module HierarchicalLODOutliner (610)
[2019.01.04-13.30.24:059][717]LogModuleManager: Shutting down and abandoning module SceneOutliner (608)
[2019.01.04-13.30.24:059][717]LogModuleManager: Shutting down and abandoning module AddContentDialog (606)
[2019.01.04-13.30.24:060][717]LogModuleManager: Shutting down and abandoning module WidgetCarousel (605)
[2019.01.04-13.30.24:060][717]LogModuleManager: Shutting down and abandoning module EditorWidgets (602)
[2019.01.04-13.30.24:060][717]LogModuleManager: Shutting down and abandoning module CollectionManager (600)
[2019.01.04-13.30.24:060][717]LogModuleManager: Shutting down and abandoning module StatsViewer (598)
[2019.01.04-13.30.24:060][717]LogModuleManager: Shutting down and abandoning module FoliageEdit (596)
[2019.01.04-13.30.24:060][717]LogModuleManager: Shutting down and abandoning module LandscapeEditor (594)
[2019.01.04-13.30.24:060][717]LogModuleManager: Shutting down and abandoning module MeshPaintMode (592)
[2019.01.04-13.30.24:060][717]LogModuleManager: Shutting down and abandoning module SceneDepthPickerMode (590)
[2019.01.04-13.30.24:060][717]LogModuleManager: Shutting down and abandoning module ActorPickerMode (588)
[2019.01.04-13.30.24:060][717]LogModuleManager: Shutting down and abandoning module GeometryMode (586)
[2019.01.04-13.30.24:060][717]LogModuleManager: Shutting down and abandoning module TextureAlignMode (584)
[2019.01.04-13.30.24:060][717]LogModuleManager: Shutting down and abandoning module BspMode (582)
[2019.01.04-13.30.24:060][717]LogModuleManager: Shutting down and abandoning module PIEPreviewDeviceProfileSelector (580)
[2019.01.04-13.30.24:060][717]LogModuleManager: Shutting down and abandoning module SequenceRecorderSections (578)
[2019.01.04-13.30.24:060][717]LogModuleManager: Shutting down and abandoning module AutomationWorker (576)
[2019.01.04-13.30.24:060][717]LogModuleManager: Shutting down and abandoning module AudioCaptureEditor (574)
[2019.01.04-13.30.24:060][717]LogModuleManager: Shutting down and abandoning module SequenceRecorder (573)
[2019.01.04-13.30.24:060][717]LogModuleManager: Shutting down and abandoning module MatineeToLevelSequence (570)
[2019.01.04-13.30.24:060][717]LogModuleManager: Shutting down and abandoning module LevelSequenceEditor (568)
[2019.01.04-13.30.24:060][717]LogModuleManager: Shutting down and abandoning module PlacementMode (567)
[2019.01.04-13.30.24:060][717]LogModuleManager: Shutting down and abandoning module MaterialEditor (566)
[2019.01.04-13.30.24:060][717]LogModuleManager: Shutting down and abandoning module WmfMediaFactory (562)
[2019.01.04-13.30.24:060][717]LogModuleManager: Shutting down and abandoning module WmfMediaEditor (560)
[2019.01.04-13.30.24:060][717]LogModuleManager: Shutting down and abandoning module MediaPlayerEditor (558)
[2019.01.04-13.30.24:060][717]LogModuleManager: Shutting down and abandoning module OpenExrWrapper (556)
[2019.01.04-13.30.24:060][717]LogModuleManager: Shutting down and abandoning module ImgMediaFactory (554)
[2019.01.04-13.30.24:061][717]LogModuleManager: Shutting down and abandoning module ImgMediaEditor (552)
[2019.01.04-13.30.24:061][717]LogModuleManager: Shutting down and abandoning module AvfMediaFactory (550)
[2019.01.04-13.30.24:061][717]LogModuleManager: Shutting down and abandoning module AvfMediaEditor (548)
[2019.01.04-13.30.24:061][717]LogModuleManager: Shutting down and abandoning module AndroidMediaFactory (546)
[2019.01.04-13.30.24:061][717]LogModuleManager: Shutting down and abandoning module AndroidMediaEditor (544)
[2019.01.04-13.30.24:061][717]LogModuleManager: Shutting down and abandoning module MagicLeapCameraPreviewFactory (542)
[2019.01.04-13.30.24:061][717]LogModuleManager: Shutting down and abandoning module MagicLeapMediaFactory (540)
[2019.01.04-13.30.24:061][717]LogModuleManager: Shutting down and abandoning module MagicLeapMediaEditor (538)
[2019.01.04-13.30.24:061][717]LogModuleManager: Shutting down and abandoning module CharacterAI (536)
[2019.01.04-13.30.24:061][717]LogModuleManager: Shutting down and abandoning module SmartSnapping (534)
[2019.01.04-13.30.24:061][717]LogModuleManager: Shutting down and abandoning module SessionServices (532)
[2019.01.04-13.30.24:061][717]LogModuleManager: Shutting down and abandoning module ViewportSnapping (530)
[2019.01.04-13.30.24:061][717]LogModuleManager: Shutting down and abandoning module ViewportInteraction (528)
[2019.01.04-13.30.24:061][717]LogModuleManager: Shutting down and abandoning module ClothPainter (526)
[2019.01.04-13.30.24:061][717]LogModuleManager: Shutting down and abandoning module SkeletalMeshEditor (525)
[2019.01.04-13.30.24:061][717]LogModuleManager: Shutting down and abandoning module LogVisualizer (522)
[2019.01.04-13.30.24:061][717]LogModuleManager: Shutting down and abandoning module IntroTutorials (520)
[2019.01.04-13.30.24:061][717]LogModuleManager: Shutting down and abandoning module GameProjectGeneration (519)
[2019.01.04-13.30.24:061][717]LogModuleManager: Shutting down and abandoning module LuminPlatformEditor (516)
[2019.01.04-13.30.24:061][717]LogModuleManager: Shutting down and abandoning module IOSPlatformEditor (514)
[2019.01.04-13.30.24:061][717]LogModuleManager: Shutting down and abandoning module HTML5PlatformEditor (512)
[2019.01.04-13.30.24:061][717]LogModuleManager: Shutting down and abandoning module AndroidPlatformEditor (510)
[2019.01.04-13.30.24:061][717]LogModuleManager: Shutting down and abandoning module AndroidDeviceDetection (509)
[2019.01.04-13.30.24:567][717]LogModuleManager: Shutting down and abandoning module WindowsPlatformEditor (506)
[2019.01.04-13.30.24:567][717]LogModuleManager: Shutting down and abandoning module LuminRuntimeSettings (504)
[2019.01.04-13.30.24:567][717]LogModuleManager: Shutting down and abandoning module IOSRuntimeSettings (502)
[2019.01.04-13.30.24:567][717]LogModuleManager: Shutting down and abandoning module AndroidRuntimeSettings (500)
[2019.01.04-13.30.24:567][717]LogModuleManager: Shutting down and abandoning module InputBindingEditor (498)
[2019.01.04-13.30.24:567][717]LogModuleManager: Shutting down and abandoning module MergeActors (496)
[2019.01.04-13.30.24:567][717]LogModuleManager: Shutting down and abandoning module LocalizationDashboard (494)
[2019.01.04-13.30.24:567][717]LogModuleManager: Shutting down and abandoning module LocalizationService (493)
[2019.01.04-13.30.24:567][717]LogModuleManager: Shutting down and abandoning module HardwareTargeting (490)
[2019.01.04-13.30.24:568][717]LogModuleManager: Shutting down and abandoning module DeviceProfileEditor (488)
[2019.01.04-13.30.24:568][717]LogModuleManager: Shutting down and abandoning module UndoHistory (486)
[2019.01.04-13.30.24:568][717]LogModuleManager: Shutting down and abandoning module XmlParser (484)
[2019.01.04-13.30.24:568][717]LogModuleManager: Shutting down and abandoning module Blutility (482)
[2019.01.04-13.30.24:568][717]LogModuleManager: Shutting down and abandoning module ProjectSettingsViewer (480)
[2019.01.04-13.30.24:568][717]LogModuleManager: Shutting down and abandoning module ProjectTargetPlatformEditor (479)
[2019.01.04-13.30.24:568][717]LogModuleManager: Shutting down and abandoning module EditorSettingsViewer (476)
[2019.01.04-13.30.24:569][717]LogModuleManager: Shutting down and abandoning module SettingsEditor (474)
[2019.01.04-13.30.24:569][717]LogModuleManager: Shutting down and abandoning module ProjectLauncher (472)
[2019.01.04-13.30.24:569][717]LogModuleManager: Shutting down and abandoning module SessionFrontend (470)
[2019.01.04-13.30.24:569][717]LogModuleManager: Shutting down and abandoning module ProfilerClient (468)
[2019.01.04-13.30.24:569][717]LogModuleManager: Shutting down and abandoning module DeviceManager (466)
[2019.01.04-13.30.24:569][717]LogModuleManager: Shutting down and abandoning module TargetDeviceServices (465)
[2019.01.04-13.30.24:631][717]LogModuleManager: Shutting down and abandoning module AutomationController (462)
[2019.01.04-13.30.24:631][717]LogModuleManager: Shutting down and abandoning module AutomationWindow (460)
[2019.01.04-13.30.24:631][717]LogModuleManager: Shutting down and abandoning module Layers (458)
[2019.01.04-13.30.24:631][717]LogModuleManager: Shutting down and abandoning module ComponentVisualizers (456)
[2019.01.04-13.30.24:631][717]LogModuleManager: Shutting down and abandoning module DetailCustomizations (454)
[2019.01.04-13.30.24:631][717]LogModuleManager: Shutting down and abandoning module PackagesDialog (452)
[2019.01.04-13.30.24:631][717]LogModuleManager: Shutting down and abandoning module Persona (450)
[2019.01.04-13.30.24:631][717]LogModuleManager: Shutting down and abandoning module AdvancedPreviewScene (449)
[2019.01.04-13.30.24:631][717]LogModuleManager: Shutting down and abandoning module AnimGraph (447)
[2019.01.04-13.30.24:631][717]LogModuleManager: Shutting down and abandoning module Kismet (444)
[2019.01.04-13.30.24:632][717]LogModuleManager: Shutting down and abandoning module GraphEditor (442)
[2019.01.04-13.30.24:632][717]LogModuleManager: Shutting down and abandoning module ClassViewer (440)
[2019.01.04-13.30.24:632][717]LogModuleManager: Shutting down and abandoning module Toolbox (438)
[2019.01.04-13.30.24:632][717]LogModuleManager: Shutting down and abandoning module ModuleUI (436)
[2019.01.04-13.30.24:632][717]LogModuleManager: Shutting down and abandoning module MovieSceneTools (434)
[2019.01.04-13.30.24:633][717]LogModuleManager: Shutting down and abandoning module OutputLog (432)
[2019.01.04-13.30.24:633][717]LogModuleManager: Shutting down and abandoning module GammaUI (430)
[2019.01.04-13.30.24:633][717]LogModuleManager: Shutting down and abandoning module Documentation (428)
[2019.01.04-13.30.24:633][717]LogModuleManager: Shutting down and abandoning module MovieSceneTracks (426)
[2019.01.04-13.30.24:633][717]LogModuleManager: Shutting down and abandoning module MovieScene (424)
[2019.01.04-13.30.24:633][717]LogModuleManager: Shutting down and abandoning module StreamingPauseRendering (422)
[2019.01.04-13.30.24:633][717]LogModuleManager: Shutting down and abandoning module LauncherPlatform (420)
[2019.01.04-13.30.24:633][717]LogModuleManager: Shutting down and abandoning module AnalyticsET (418)
[2019.01.04-13.30.24:633][717]LogModuleManager: Shutting down and abandoning module PortalServices (416)
[2019.01.04-13.30.24:633][717]LogModuleManager: Shutting down and abandoning module PortalRpc (414)
[2019.01.04-13.30.24:633][717]LogModuleManager: Shutting down and abandoning module MessagingRpc (412)
[2019.01.04-13.30.24:633][717]LogModuleManager: Shutting down and abandoning module AIModule (410)
[2019.01.04-13.30.24:633][717]LogModuleManager: Shutting down and abandoning module GameplayDebugger (409)
[2019.01.04-13.30.24:633][717]LogModuleManager: Shutting down and abandoning module AITestSuite (407)
[2019.01.04-13.30.24:633][717]LogModuleManager: Shutting down and abandoning module NavigationSystem (405)
[2019.01.04-13.30.24:633][717]LogModuleManager: Shutting down and abandoning module DesktopPlatform (402)
[2019.01.04-13.30.24:633][717]LogModuleManager: Shutting down and abandoning module ProfilerService (400)
[2019.01.04-13.30.24:665][717]LogModuleManager: Shutting down and abandoning module TaskGraph (398)
[2019.01.04-13.30.24:666][717]LogModuleManager: Shutting down and abandoning module SteamVRController (396)
[2019.01.04-13.30.24:666][717]LogModuleManager: Shutting down and abandoning module ProceduralMeshComponentEditor (394)
[2019.01.04-13.30.24:666][717]LogModuleManager: Shutting down and abandoning module ProceduralMeshComponent (392)
[2019.01.04-13.30.24:666][717]LogModuleManager: Shutting down and abandoning module OculusInput (390)
[2019.01.04-13.30.24:666][717]LogModuleManager: Shutting down and abandoning module MobilePatchingUtils (388)
[2019.01.04-13.30.24:666][717]LogModuleManager: Shutting down and abandoning module EditableMesh (386)
[2019.01.04-13.30.24:666][717]LogModuleManager: Shutting down and abandoning module CustomMeshComponent (384)
[2019.01.04-13.30.24:666][717]LogModuleManager: Shutting down and abandoning module CableComponent (382)
[2019.01.04-13.30.24:666][717]LogModuleManager: Shutting down and abandoning module AudioCapture (380)
[2019.01.04-13.30.24:666][717]LogModuleManager: Shutting down and abandoning module ArchVisCharacter (378)
[2019.01.04-13.30.24:666][717]LogModuleManager: Shutting down and abandoning module AndroidPermission (376)
[2019.01.04-13.30.24:666][717]LogModuleManager: Shutting down and abandoning module NUTUnrealEngine4 (374)
[2019.01.04-13.30.24:666][717]LogModuleManager: Shutting down and abandoning module NetcodeUnitTest (372)
[2019.01.04-13.30.24:666][717]LogModuleManager: Shutting down and abandoning module MediaCompositingEditor (370)
[2019.01.04-13.30.24:666][717]LogModuleManager: Shutting down and abandoning module MediaCompositing (368)
[2019.01.04-13.30.24:666][717]LogModuleManager: Shutting down and abandoning module LinearTimecode (366)
[2019.01.04-13.30.24:666][717]LogModuleManager: Shutting down and abandoning module ImgMedia (364)
[2019.01.04-13.30.24:672][717]LogModuleManager: Shutting down and abandoning module HTML5Networking (362)
[2019.01.04-13.30.24:672][717]LogModuleManager: Shutting down and abandoning module GeometryCacheTracks (360)
[2019.01.04-13.30.24:672][717]LogModuleManager: Shutting down and abandoning module GeometryCacheSequencer (358)
[2019.01.04-13.30.24:672][717]LogModuleManager: Shutting down and abandoning module BackChannel (356)
[2019.01.04-13.30.24:672][717]LogModuleManager: Shutting down and abandoning module AppleVision (354)
[2019.01.04-13.30.24:673][717]LogModuleManager: Shutting down and abandoning module AppleImageUtils (352)
[2019.01.04-13.30.24:673][717]LogModuleManager: Shutting down and abandoning module AlembicImporter (350)
[2019.01.04-13.30.24:673][717]LogModuleManager: Shutting down and abandoning module AlembicLibrary (349)
[2019.01.04-13.30.24:673][717]LogModuleManager: Shutting down and abandoning module GeometryCache (348)
[2019.01.04-13.30.24:673][717]LogModuleManager: Shutting down and abandoning module GeometryCacheEd (347)
[2019.01.04-13.30.24:673][717]LogModuleManager: Shutting down and abandoning module DatasmithContentEditor (342)
[2019.01.04-13.30.24:673][717]LogModuleManager: Shutting down and abandoning module DatasmithContent (340)
[2019.01.04-13.30.24:675][717]LogModuleManager: Shutting down and abandoning module SpeedTreeImporter (338)
[2019.01.04-13.30.24:675][717]LogModuleManager: Shutting down and abandoning module PluginBrowser (336)
[2019.01.04-13.30.24:675][717]LogModuleManager: Shutting down and abandoning module MobileLauncherProfileWizard (334)
[2019.01.04-13.30.24:675][717]LogModuleManager: Shutting down and abandoning module PolygonModeling (332)
[2019.01.04-13.30.24:676][717]LogModuleManager: Shutting down and abandoning module MeshEditor (330)
[2019.01.04-13.30.24:676][717]LogModuleManager: Shutting down and abandoning module CryptoKeysOpenSSL (328)
[2019.01.04-13.30.24:676][717]LogModuleManager: Shutting down and abandoning module CryptoKeys (326)
[2019.01.04-13.30.24:676][717]LogModuleManager: Shutting down and abandoning module VisualStudioSourceCodeAccess (324)
[2019.01.04-13.30.24:676][717]LogModuleManager: Shutting down and abandoning module VisualStudioCodeSourceCodeAccess (322)
[2019.01.04-13.30.24:676][717]LogModuleManager: Shutting down and abandoning module UObjectPlugin (320)
[2019.01.04-13.30.24:676][717]LogModuleManager: Shutting down and abandoning module SubversionSourceControl (318)
[2019.01.04-13.30.24:676][717]LogModuleManager: Shutting down and abandoning module PerforceSourceControl (316)
[2019.01.04-13.30.24:676][717]LogModuleManager: Shutting down and abandoning module GitSourceControl (314)
[2019.01.04-13.30.24:676][717]LogModuleManager: Shutting down and abandoning module SourceControl (313)
[2019.01.04-13.30.24:676][717]LogModuleManager: Shutting down and abandoning module CLionSourceCodeAccess (310)
[2019.01.04-13.30.24:677][717]LogModuleManager: Shutting down and abandoning module LightPropagationVolumeEditor (308)
[2019.01.04-13.30.24:677][717]LogModuleManager: Shutting down and abandoning module PaperTiledImporter (306)
[2019.01.04-13.30.24:677][717]LogModuleManager: Shutting down and abandoning module PaperSpriteSheetImporter (304)
[2019.01.04-13.30.24:677][717]LogModuleManager: Shutting down and abandoning module Paper2DEditor (302)
[2019.01.04-13.30.24:677][717]LogModuleManager: Shutting down and abandoning module MeshPaint (301)
[2019.01.04-13.30.24:677][717]LogModuleManager: Shutting down and abandoning module RuntimePhysXCooking (298)
[2019.01.04-13.30.24:677][717]LogModuleManager: Shutting down and abandoning module PhysXVehiclesEditor (296)
[2019.01.04-13.30.24:677][717]LogModuleManager: Shutting down and abandoning module PhysXVehicles (294)
[2019.01.04-13.30.24:677][717]LogModuleManager: Shutting down and abandoning module OculusEditor (292)
[2019.01.04-13.30.24:677][717]LogModuleManager: Shutting down and abandoning module LocationServicesBPLibrary (290)
[2019.01.04-13.30.24:677][717]LogModuleManager: Shutting down and abandoning module ImmediatePhysicsEditor (288)
[2019.01.04-13.30.24:677][717]LogModuleManager: Shutting down and abandoning module ImmediatePhysics (286)
[2019.01.04-13.30.24:677][717]LogModuleManager: Shutting down and abandoning module ActorSequence (284)
[2019.01.04-13.30.24:677][717]LogModuleManager: Shutting down and abandoning module UdpMessaging (282)
[2019.01.04-13.30.24:778][717]LogModuleManager: Shutting down and abandoning module TcpMessaging (280)
[2019.01.04-13.30.24:878][717]LogModuleManager: Shutting down and abandoning module MagicLeapAudio (278)
[2019.01.04-13.30.24:878][717]LogModuleManager: Shutting down and abandoning module GameplayTagsEditor (276)
[2019.01.04-13.30.24:878][717]LogModuleManager: Shutting down and abandoning module FacialAnimationEditor (274)
[2019.01.04-13.30.24:878][717]LogModuleManager: Shutting down and abandoning module FacialAnimation (272)
[2019.01.04-13.30.24:879][717]LogModuleManager: Shutting down and abandoning module DataValidation (270)
[2019.01.04-13.30.24:879][717]LogModuleManager: Shutting down and abandoning module AssetManagerEditor (268)
[2019.01.04-13.30.24:879][717]LogModuleManager: Shutting down and abandoning module LevelEditor (267)
[2019.01.04-13.30.24:880][717]LogModuleManager: Shutting down and abandoning module PixelInspectorModule (266)
[2019.01.04-13.30.24:880][717]LogModuleManager: Shutting down and abandoning module CommonMenuExtensions (264)
[2019.01.04-13.30.24:881][717]LogModuleManager: Shutting down and abandoning module MainFrame (262)
[2019.01.04-13.30.24:881][717]LogModuleManager: Shutting down and abandoning module HotReload (261)
[2019.01.04-13.30.24:882][717]LogModuleManager: Shutting down and abandoning module ContentBrowser (257)
[2019.01.04-13.30.24:884][717]LogModuleManager: Shutting down and abandoning module TreeMap (255)
[2019.01.04-13.30.24:884][717]LogModuleManager: Shutting down and abandoning module LightPropagationVolumeRuntime (252)
[2019.01.04-13.30.24:884][717]LogModuleManager: Shutting down and abandoning module AISupportModule (250)
[2019.01.04-13.30.24:884][717]LogModuleManager: Shutting down and abandoning module Paper2D (248)
[2019.01.04-13.30.24:884][717]LogModuleManager: Shutting down and abandoning module WindowsMoviePlayer (246)
[2019.01.04-13.30.24:884][717]LogModuleManager: Shutting down and abandoning module WmfMedia (244)
[2019.01.04-13.30.24:885][717]LogModuleManager: Shutting down and abandoning module Media (243)
[2019.01.04-13.30.24:892][717]LogModuleManager: Shutting down and abandoning module PacketHandler (240)
[2019.01.04-13.30.24:892][717]LogModuleManager: Shutting down and abandoning module ClothingSystemEditor (238)
[2019.01.04-13.30.24:892][717]LogModuleManager: Shutting down and abandoning module ClothingSystemRuntime (236)
[2019.01.04-13.30.24:892][717]LogModuleManager: Shutting down and abandoning module MediaAssets (234)
[2019.01.04-13.30.24:892][717]LogModuleManager: Shutting down and abandoning module Overlay (232)
[2019.01.04-13.30.24:892][717]LogModuleManager: Shutting down and abandoning module OverlayEditor (231)
[2019.01.04-13.30.24:892][717]LogModuleManager: Shutting down and abandoning module VREditor (228)
[2019.01.04-13.30.24:892][717]LogModuleManager: Shutting down and abandoning module StringTableEditor (226)
[2019.01.04-13.30.24:892][717]LogModuleManager: Shutting down and abandoning module GameplayTasksEditor (224)
[2019.01.04-13.30.24:892][717]LogModuleManager: Shutting down and abandoning module BehaviorTreeEditor (222)
[2019.01.04-13.30.24:892][717]LogModuleManager: Shutting down and abandoning module FunctionalTesting (220)
[2019.01.04-13.30.24:892][717]LogModuleManager: Shutting down and abandoning module CollisionAnalyzer (218)
[2019.01.04-13.30.24:892][717]LogModuleManager: Shutting down and abandoning module WorkspaceMenuStructure (217)
[2019.01.04-13.30.24:892][717]LogModuleManager: Shutting down and abandoning module UMG (214)
[2019.01.04-13.30.24:892][717]LogModuleManager: Shutting down and abandoning module UMGEditor (213)
[2019.01.04-13.30.24:892][717]LogModuleManager: Shutting down and abandoning module Sequencer (212)
[2019.01.04-13.30.24:893][717]LogModuleManager: Shutting down and abandoning module MessageLog (209)
[2019.01.04-13.30.24:893][717]LogModuleManager: Shutting down and abandoning module SlateReflector (204)
[2019.01.04-13.30.24:893][717]LogModuleManager: Shutting down and abandoning module Slate (202)
[2019.01.04-13.30.24:893][717]LogModuleManager: Shutting down and abandoning module EditorStyle (200)
[2019.01.04-13.30.24:897][717]LogModuleManager: Shutting down and abandoning module MRMesh (198)
[2019.01.04-13.30.24:897][717]LogModuleManager: Shutting down and abandoning module SourceCodeAccess (196)
[2019.01.04-13.30.24:897][717]LogModuleManager: Shutting down and abandoning module HeadMountedDisplay (194)
[2019.01.04-13.30.24:897][717]LogModuleManager: Shutting down and abandoning module XAudio2 (192)
[2019.01.04-13.30.24:898][717]LogModuleManager: Shutting down and abandoning module Networking (190)
[2019.01.04-13.30.24:898][717]LogModuleManager: Shutting down and abandoning module Core (188)
[2019.01.04-13.30.24:898][717]LogModuleManager: Shutting down and abandoning module LevelSequence (186)
[2019.01.04-13.30.24:898][717]LogModuleManager: Shutting down and abandoning module KismetCompiler (184)
[2019.01.04-13.30.24:898][717]LogModuleManager: Shutting down and abandoning module MeshUtilities (182)
[2019.01.04-13.30.24:898][717]LogModuleManager: Shutting down and abandoning module MeshMergeUtilities (181)
[2019.01.04-13.30.24:898][717]LogModuleManager: Shutting down and abandoning module MeshReductionInterface (180)
[2019.01.04-13.30.24:898][717]LogModuleManager: Shutting down and abandoning module SimplygonSwarm (179)
[2019.01.04-13.30.24:898][717]LogModuleManager: Shutting down and abandoning module ProxyLODMeshReduction (177)
[2019.01.04-13.30.24:898][717]LogModuleManager: Shutting down and abandoning module SimplygonMeshReduction (175)
[2019.01.04-13.30.24:898][717]LogModuleManager: Shutting down and abandoning module QuadricMeshReduction (173)
[2019.01.04-13.30.24:898][717]LogModuleManager: Shutting down and abandoning module MaterialBaking (169)
[2019.01.04-13.30.24:898][717]LogModuleManager: Shutting down and abandoning module DirectoryWatcher (165)
[2019.01.04-13.30.24:898][717]LogModuleManager: Shutting down and abandoning module DerivedDataCache (162)
[2019.01.04-13.30.24:953][717]LogDerivedDataCache: Shutdown
[2019.01.04-13.30.24:954][717]LogModuleManager: Shutting down and abandoning module XGEController (160)
[2019.01.04-13.30.24:954][717]LogModuleManager: Shutting down and abandoning module TargetPlatform (158)
[2019.01.04-13.30.24:954][717]LogModuleManager: Shutting down and abandoning module VulkanShaderFormat (157)
[2019.01.04-13.30.24:954][717]LogModuleManager: Shutting down and abandoning module ShaderFormatVectorVM (155)
[2019.01.04-13.30.24:954][717]LogModuleManager: Shutting down and abandoning module ShaderFormatOpenGL (153)
[2019.01.04-13.30.24:954][717]LogModuleManager: Shutting down and abandoning module ShaderFormatD3D (151)
[2019.01.04-13.30.24:954][717]LogModuleManager: Shutting down and abandoning module MetalShaderFormat (149)
[2019.01.04-13.30.24:954][717]LogModuleManager: Shutting down and abandoning module TextureFormatUncompressed (147)
[2019.01.04-13.30.24:954][717]LogModuleManager: Shutting down and abandoning module TextureFormatPVR (145)
[2019.01.04-13.30.24:954][717]LogModuleManager: Shutting down and abandoning module TextureFormatDXT (143)
[2019.01.04-13.30.24:954][717]LogModuleManager: Shutting down and abandoning module TextureFormatIntelISPCTexComp (141)
[2019.01.04-13.30.24:954][717]LogModuleManager: Shutting down and abandoning module TextureFormatASTC (139)
[2019.01.04-13.30.24:954][717]LogModuleManager: Shutting down and abandoning module ImageWrapper (138)
[2019.01.04-13.30.24:954][717]LogModuleManager: Shutting down and abandoning module TextureFormatAndroid (135)
[2019.01.04-13.30.24:954][717]LogModuleManager: Shutting down and abandoning module AudioFormatOpus (133)
[2019.01.04-13.30.24:955][717]LogModuleManager: Shutting down and abandoning module AudioFormatOgg (131)
[2019.01.04-13.30.24:955][717]LogModuleManager: Shutting down and abandoning module AudioFormatADPCM (129)
[2019.01.04-13.30.24:955][717]LogModuleManager: Shutting down and abandoning module LuminTargetPlatform (127)
[2019.01.04-13.30.24:955][717]LogModuleManager: Shutting down and abandoning module LinuxTargetPlatform (125)
[2019.01.04-13.30.24:955][717]LogModuleManager: Shutting down and abandoning module LinuxServerTargetPlatform (123)
[2019.01.04-13.30.24:955][717]LogModuleManager: Shutting down and abandoning module LinuxNoEditorTargetPlatform (121)
[2019.01.04-13.30.24:955][717]LogModuleManager: Shutting down and abandoning module LinuxClientTargetPlatform (119)
[2019.01.04-13.30.24:955][717]LogModuleManager: Shutting down and abandoning module TVOSTargetPlatform (117)
[2019.01.04-13.30.24:958][717]LogModuleManager: Shutting down and abandoning module Messaging (115)
[2019.01.04-13.30.24:958][717]LogModuleManager: Shutting down and abandoning module IOSTargetPlatform (113)
[2019.01.04-13.30.24:960][717]LogModuleManager: Shutting down and abandoning module HTML5TargetPlatform (111)
[2019.01.04-13.30.24:960][717]LogModuleManager: Shutting down and abandoning module AndroidTargetPlatform (109)
[2019.01.04-13.30.24:974][717]LogModuleManager: Shutting down and abandoning module WindowsTargetPlatform (107)
[2019.01.04-13.30.24:974][717]LogModuleManager: Shutting down and abandoning module WindowsServerTargetPlatform (105)
[2019.01.04-13.30.24:974][717]LogModuleManager: Shutting down and abandoning module WindowsNoEditorTargetPlatform (103)
[2019.01.04-13.30.24:974][717]LogModuleManager: Shutting down and abandoning module WindowsClientTargetPlatform (101)
[2019.01.04-13.30.24:974][717]LogModuleManager: Shutting down and abandoning module MacTargetPlatform (99)
[2019.01.04-13.30.24:974][717]LogModuleManager: Shutting down and abandoning module MacServerTargetPlatform (97)
[2019.01.04-13.30.24:974][717]LogModuleManager: Shutting down and abandoning module MacNoEditorTargetPlatform (95)
[2019.01.04-13.30.24:974][717]LogModuleManager: Shutting down and abandoning module MacClientTargetPlatform (93)
[2019.01.04-13.30.24:974][717]LogModuleManager: Shutting down and abandoning module AllDesktopTargetPlatform (91)
[2019.01.04-13.30.24:974][717]LogModuleManager: Shutting down and abandoning module InputCore (88)
[2019.01.04-13.30.24:974][717]LogModuleManager: Shutting down and abandoning module Settings (86)
[2019.01.04-13.30.24:975][717]LogModuleManager: Shutting down and abandoning module PhysXCooking (84)
[2019.01.04-13.30.24:975][717]LogModuleManager: Shutting down and abandoning module SteamVR (82)
[2019.01.04-13.30.24:975][717]LogModuleManager: Shutting down and abandoning module OculusHMD (80)
[2019.01.04-13.30.24:975][717]LogModuleManager: Shutting down and abandoning module ExampleDeviceProfileSelector (78)
[2019.01.04-13.30.24:975][717]LogModuleManager: Shutting down and abandoning module LauncherChunkInstaller (76)
[2019.01.04-13.30.24:975][717]LogModuleManager: Shutting down and abandoning module OnlineBlueprintSupport (74)
[2019.01.04-13.30.24:975][717]LogModuleManager: Shutting down and abandoning module OnlineSubsystem (70)
[2019.01.04-13.30.24:976][717]LogModuleManager: Shutting down and abandoning module XMPP (65)
[2019.01.04-13.30.24:976][717]LogModuleManager: Shutting down and abandoning module WebSockets (64)
[2019.01.04-13.30.24:979][717]LogModuleManager: Shutting down and abandoning module HTTP (61)
[2019.01.04-13.30.24:980][717]LogHttp: Display: Http module shutting down, but needs to wait on 1 outstanding Http requests:
[2019.01.04-13.30.24:980][717]LogHttp: Display: 	verb=[POST] url=[https://datarouter.ol.epicgames.com/datarouter/api/v1/public/data?SessionID=%7B5F5D9DF2-47C7-8B0F-6819-7C99215B2CC8%7D&AppID=UEEditor.Rocket.Release&AppVersion=4.20.3-4369336%2B%2B%2BUE4%2BRelease-4.20&UserID=275563794eb2f285a301eeb9b73aeb10%7C2e359d416f14471aab8308ec227836a8%7C979a699b-0543-4aaa-b7c2-8c9493cd5850&AppEnvironment=datacollector-binary&UploadType=eteventstream] status=Processing
[2019.01.04-13.30.25:012][717]LogModuleManager: Shutting down and abandoning module SSL (60)
[2019.01.04-13.30.25:014][717]LogModuleManager: Shutting down and abandoning module MagicLeapEmulator (56)
[2019.01.04-13.30.25:015][717]LogModuleManager: Shutting down and abandoning module MagicLeapPrivileges (54)
[2019.01.04-13.30.25:015][717]LogModuleManager: Shutting down and abandoning module MagicLeapIdentity (52)
[2019.01.04-13.30.25:015][717]LogModuleManager: Shutting down and abandoning module MagicLeapHelperVulkan (50)
[2019.01.04-13.30.25:015][717]LogModuleManager: Shutting down and abandoning module MagicLeapHelperOpenGL (48)
[2019.01.04-13.30.25:015][717]LogModuleManager: Shutting down and abandoning module MagicLeapSecureStorage (46)
[2019.01.04-13.30.25:015][717]LogModuleManager: Shutting down and abandoning module MagicLeapGestures (44)
[2019.01.04-13.30.25:015][717]LogModuleManager: Shutting down and abandoning module MagicLeapEyeTracker (42)
[2019.01.04-13.30.25:015][717]LogModuleManager: Shutting down and abandoning module MagicLeapController (40)
[2019.01.04-13.30.25:015][717]LogSlate: Slate User Destroyed.  User Index 0, Is Virtual User: 0
[2019.01.04-13.30.25:015][717]LogModuleManager: Shutting down and abandoning module MagicLeap (38)
[2019.01.04-13.30.25:015][717]LogModuleManager: Shutting down and abandoning module AnimationModifiers (36)
[2019.01.04-13.30.25:015][717]LogModuleManager: Shutting down and abandoning module PropertyEditor (35)
[2019.01.04-13.30.25:015][717]LogModuleManager: Shutting down and abandoning module AudioEditor (32)
[2019.01.04-13.30.25:015][717]LogModuleManager: Shutting down and abandoning module TextureCompressor (30)
[2019.01.04-13.30.25:016][717]LogModuleManager: Shutting down and abandoning module ShaderCore (28)
[2019.01.04-13.30.25:016][717]LogModuleManager: Shutting down and abandoning module Landscape (26)
[2019.01.04-13.30.25:016][717]LogModuleManager: Shutting down and abandoning module SlateRHIRenderer (24)
[2019.01.04-13.30.25:016][717]LogModuleManager: Shutting down and abandoning module OpenGLDrv (22)
[2019.01.04-13.30.25:016][717]LogModuleManager: Shutting down and abandoning module D3D11RHI (20)
[2019.01.04-13.30.25:016][717]LogModuleManager: Shutting down and abandoning module AnimGraphRuntime (18)
[2019.01.04-13.30.25:017][717]LogModuleManager: Shutting down and abandoning module Renderer (16)
[2019.01.04-13.30.25:017][717]LogModuleManager: Shutting down and abandoning module Engine (14)
[2019.01.04-13.30.25:017][717]LogModuleManager: Shutting down and abandoning module CoreUObject (12)
[2019.01.04-13.30.25:017][717]LogModuleManager: Shutting down and abandoning module NetworkFile (10)
[2019.01.04-13.30.25:017][717]LogModuleManager: Shutting down and abandoning module CookedIterativeFile (8)
[2019.01.04-13.30.25:017][717]LogModuleManager: Shutting down and abandoning module StreamingFile (6)
[2019.01.04-13.30.25:017][717]LogModuleManager: Shutting down and abandoning module SandboxFile (4)
[2019.01.04-13.30.25:017][717]LogModuleManager: Shutting down and abandoning module PakFile (2)
[2019.01.04-13.30.25:022][717]LogExit: Exiting.
[2019.01.04-13.30.25:031][717]Log file closed, 01/04/19 15:30:25
