Log file open, 01/08/19 18:48:49
LogWindows: Failed to load 'aqProf.dll' (GetLastError=126)
LogWindows: File 'aqProf.dll' does not exist
LogWindows: Failed to load 'VSPerf140.dll' (GetLastError=126)
LogWindows: File 'VSPerf140.dll' does not exist
LogWindows: Failed to load 'VtuneApi.dll' (GetLastError=126)
LogWindows: File 'VtuneApi.dll' does not exist
LogWindows: Failed to load 'VtuneApi32e.dll' (GetLastError=126)
LogWindows: File 'VtuneApi32e.dll' does not exist
LogInit: Display: Running engine for game: TempleRun
LogPlatformFile: Not using cached read wrapper
LogTaskGraph: Started task graph with 5 named threads and 11 total threads with 3 sets of task threads.
LogStats: Stats thread started at 0.172639
LogD3D11RHI: Loaded GFSDK_Aftermath_Lib.x64.dll
LogICUInternationalization: Display: ICU TimeZone Detection - Raw Offset: +2:00, Platform Override: ''
LogPluginManager: Mounting plugin Paper2D
LogPluginManager: Mounting plugin AISupport
LogPluginManager: Mounting plugin LightPropagationVolume
LogPluginManager: Mounting plugin CLionSourceCodeAccess
LogPluginManager: Mounting plugin CodeLiteSourceCodeAccess
LogPluginManager: Mounting plugin GitSourceControl
LogPluginManager: Mounting plugin KDevelopSourceCodeAccess
LogPluginManager: Mounting plugin NullSourceCodeAccess
LogPluginManager: Mounting plugin PerforceSourceControl
LogPluginManager: Mounting plugin SubversionSourceControl
LogPluginManager: Mounting plugin UObjectPlugin
LogPluginManager: Mounting plugin VisualStudioCodeSourceCodeAccess
LogPluginManager: Mounting plugin VisualStudioSourceCodeAccess
LogPluginManager: Mounting plugin XCodeSourceCodeAccess
LogPluginManager: Mounting plugin AssetManagerEditor
LogPluginManager: Mounting plugin CryptoKeys
LogPluginManager: Mounting plugin DataValidation
LogPluginManager: Mounting plugin FacialAnimation
LogPluginManager: Mounting plugin GameplayTagsEditor
LogPluginManager: Mounting plugin MacGraphicsSwitching
LogPluginManager: Mounting plugin MeshEditor
LogPluginManager: Mounting plugin MobileLauncherProfileWizard
LogPluginManager: Mounting plugin PluginBrowser
LogPluginManager: Mounting plugin SpeedTreeImporter
LogPluginManager: Mounting plugin DatasmithContent
LogPluginManager: Mounting plugin AlembicImporter
LogPluginManager: Mounting plugin AppleImageUtils
LogPluginManager: Mounting plugin AppleVision
LogPluginManager: Mounting plugin BackChannel
LogPluginManager: Mounting plugin CharacterAI
LogPluginManager: Mounting plugin GeometryCache
LogPluginManager: Mounting plugin HTML5Networking
LogPluginManager: Mounting plugin ProxyLODPlugin
LogPluginManager: Mounting plugin MagicLeap
LogPluginManager: Mounting plugin MagicLeapEmulator
LogPluginManager: Mounting plugin MagicLeapMedia
LogPluginManager: Mounting plugin AndroidMedia
LogPluginManager: Mounting plugin AvfMedia
LogPluginManager: Mounting plugin ImgMedia
LogPluginManager: Mounting plugin LinearTimecode
LogPluginManager: Mounting plugin MediaCompositing
LogPluginManager: Mounting plugin MediaPlayerEditor
LogPluginManager: Mounting plugin WmfMedia
LogPluginManager: Mounting plugin TcpMessaging
LogPluginManager: Mounting plugin UdpMessaging
LogPluginManager: Mounting plugin ActorSequence
LogPluginManager: Mounting plugin LevelSequenceEditor
LogPluginManager: Mounting plugin MatineeToLevelSequence
LogPluginManager: Mounting plugin NetcodeUnitTest
LogPluginManager: Mounting plugin NUTUnrealEngine4
LogPluginManager: Mounting plugin OnlineSubsystemGooglePlay
LogPluginManager: Mounting plugin OnlineSubsystemIOS
LogPluginManager: Mounting plugin OnlineSubsystem
LogPluginManager: Mounting plugin OnlineSubsystemNull
LogPluginManager: Mounting plugin OnlineSubsystemUtils
LogPluginManager: Mounting plugin LauncherChunkInstaller
LogPluginManager: Mounting plugin AndroidDeviceProfileSelector
LogPluginManager: Mounting plugin AndroidMoviePlayer
LogPluginManager: Mounting plugin AndroidPermission
LogPluginManager: Mounting plugin AppleMoviePlayer
LogPluginManager: Mounting plugin ArchVisCharacter
LogPluginManager: Mounting plugin AudioCapture
LogPluginManager: Mounting plugin CableComponent
LogPluginManager: Mounting plugin CustomMeshComponent
LogPluginManager: Mounting plugin EditableMesh
LogPluginManager: Mounting plugin ExampleDeviceProfileSelector
LogPluginManager: Mounting plugin GoogleCloudMessaging
LogPluginManager: Mounting plugin ImmediatePhysics
LogPluginManager: Mounting plugin IOSDeviceProfileSelector
LogPluginManager: Mounting plugin LinuxDeviceProfileSelector
LogPluginManager: Mounting plugin LocationServicesBPLibrary
LogPluginManager: Mounting plugin MobilePatchingUtils
LogPluginManager: Mounting plugin OculusVR
LogPluginManager: Plugin shader directory ../../../Engine/Plugins/Runtime/Oculus/OculusVR/Shaders found
LogPluginManager: Mapping shader source directory ../../../Engine/Plugins/Runtime/Oculus/OculusVR/Shaders to virtual directory /Plugin/OculusVR
LogPluginManager: Mounting plugin PhysXVehicles
LogPluginManager: Mounting plugin ProceduralMeshComponent
LogPluginManager: Mounting plugin RuntimePhysXCooking
LogPluginManager: Mounting plugin SteamVR
LogPluginManager: Mounting plugin WindowsMoviePlayer
LogStreaming: Display: Took  0.109s to configure plugins.
LogInit: Using libcurl 7.55.1-DEV
LogInit:  - built for x86_64-pc-win32
LogInit:  - supports SSL with OpenSSL/1.0.2h
LogInit:  - supports HTTP deflate (compression) using libz 1.2.8
LogInit:  - other features:
LogInit:      CURL_VERSION_SSL
LogInit:      CURL_VERSION_LIBZ
LogInit:      CURL_VERSION_IPV6
LogInit:      CURL_VERSION_ASYNCHDNS
LogInit:      CURL_VERSION_LARGEFILE
LogInit:      CURL_VERSION_IDN
LogInit:  CurlRequestOptions (configurable via config and command line):
LogInit:  - bVerifyPeer = false  - Libcurl will NOT verify peer certificate
LogInit:  - bUseHttpProxy = false  - Libcurl will NOT use HTTP proxy
LogInit:  - bDontReuseConnections = false  - Libcurl will reuse connections
LogInit:  - CertBundlePath = nullptr  - Libcurl will use whatever was configured at build time.
LogInit:  - MaxHostConnections = 16  - Libcurl will limit the number of connections to a host
LogInit:  - LocalHostAddr = Default
LogInit:  - BufferSize = 65536
LogInit: WinSock: version 1.1 (2.2), MaxSocks=32767, MaxUdp=65467
LogInit: Build: ++UE4+Release-4.20-CL-4369336
LogInit: Engine Version: 4.20.3-4369336+++UE4+Release-4.20
LogInit: Compatible Engine Version: 4.20.0-4212847+++UE4+Release-4.20
LogInit: Net CL: 4212847
LogInit: OS: Windows 10 (), CPU: Intel(R) Core(TM) i7-5500U CPU @ 2.40GHz, GPU: Intel(R) HD Graphics 5500
LogInit: Compiled (64-bit): Sep 17 2018 12:26:19
LogInit: Compiled with Visual C++: 19.13.26129.00
LogInit: Build Configuration: Development
LogInit: Branch Name: ++UE4+Release-4.20
LogInit: Command Line: 
LogInit: Base Directory: C:/Program Files/Epic Games/UE_4.20/Engine/Binaries/Win64/
LogInit: Installed Engine Build: 1
LogDevObjectVersion: Number of dev versions registered: 20
LogDevObjectVersion:   Dev-Blueprints (B0D832E4-1F89-4F0D-ACCF-7EB736FD4AA2): 10
LogDevObjectVersion:   Dev-Build (E1C64328-A22C-4D53-A36C-8E866417BD8C): 0
LogDevObjectVersion:   Dev-Core (375EC13C-06E4-48FB-B500-84F0262A717E): 2
LogDevObjectVersion:   Dev-Editor (E4B068ED-F494-42E9-A231-DA0B2E46BB41): 24
LogDevObjectVersion:   Dev-Framework (CFFC743F-43B0-4480-9391-14DF171D2073): 34
LogDevObjectVersion:   Dev-Mobile (B02B49B5-BB20-44E9-A304-32B752E40360): 2
LogDevObjectVersion:   Dev-Networking (A4E4105C-59A1-49B5-A7C5-40C4547EDFEE): 0
LogDevObjectVersion:   Dev-Online (39C831C9-5AE6-47DC-9A44-9C173E1C8E7C): 0
LogDevObjectVersion:   Dev-Physics (78F01B33-EBEA-4F98-B9B4-84EACCB95AA2): 0
LogDevObjectVersion:   Dev-Platform (6631380F-2D4D-43E0-8009-CF276956A95A): 0
LogDevObjectVersion:   Dev-Rendering (12F88B9F-8875-4AFC-A67C-D90C383ABD29): 26
LogDevObjectVersion:   Dev-Sequencer (7B5AE74C-D270-4C10-A958-57980B212A5A): 9
LogDevObjectVersion:   Dev-VR (D7296918-1DD6-4BDD-9DE2-64A83CC13884): 2
LogDevObjectVersion:   Dev-LoadTimes (C2A15278-BFE7-4AFE-6C17-90FF531DF755): 1
LogDevObjectVersion:   Private-Geometry (6EACA3D4-40EC-4CC1-B786-8BED09428FC5): 3
LogDevObjectVersion:   Dev-AnimPhys (29E575DD-E0A3-4627-9D10-D276232CDCEA): 17
LogDevObjectVersion:   Dev-ReflectionCapture (6B266CEC-1EC7-4B8F-A30B-E4D90942FC07): 1
LogDevObjectVersion:   Dev-Automation (0DF73D61-A23F-47EA-B727-89E90C41499A): 1
LogDevObjectVersion:   FortniteMain (601D1886-AC64-4F84-AA16-D3DE0DEAC7D6): 12
LogDevObjectVersion:   Dev-Enterprise (9DFFBCD6-494F-0158-E221-12823C92A888): 1
LogStreaming: Display: Took  0.023s to delete old logs.
LogInit: Presizing for max 8388607 objects, including 0 objects not considered by GC, pre-allocating 0 bytes for permanent pool.
LogInit: Object subsystem initialized
[2019.01.08-16.48.50:082][  0]LogInit: Selected Device Profile: [Windows]
[2019.01.08-16.48.50:083][  0]LogInit: Applying CVar settings loaded from the selected device profile: [Windows]
[2019.01.08-16.48.50:107][  0]LogHAL: Display: Platform has ~ 8 GB [8488329216 / 8589934592 / 8], which maps to Default [LargestMinGB=32, LargerMinGB=12, DefaultMinGB=8, SmallerMinGB=6, SmallestMinGB=0)
[2019.01.08-16.48.50:108][  0]LogInit: Setting Device Profile CVar: [[r.Vulkan.UseRealUBs:1]]
[2019.01.08-16.48.50:108][  0]LogInit: Going up to parent DeviceProfile []
[2019.01.08-16.48.50:109][  0]LogInit: Computer: DESKTOP-GD1OE23
[2019.01.08-16.48.50:109][  0]LogInit: User: אורלי
[2019.01.08-16.48.50:109][  0]LogInit: CPU Page size=4096, Cores=2
[2019.01.08-16.48.50:109][  0]LogInit: High frequency timer resolution =2.340363 MHz
[2019.01.08-16.48.50:110][  0]LogMemory: Memory total: Physical=7.9GB (8GB approx)
[2019.01.08-16.48.50:110][  0]LogMemory: Platform Memory Stats for Windows
[2019.01.08-16.48.50:110][  0]LogMemory: Process Physical Memory: 99.97 MB used, 99.97 MB peak
[2019.01.08-16.48.50:110][  0]LogMemory: Process Virtual Memory: 84.40 MB used, 84.40 MB peak
[2019.01.08-16.48.50:111][  0]LogMemory: Physical Memory: 4214.07 MB used,  3881.03 MB free, 8095.10 MB total
[2019.01.08-16.48.50:111][  0]LogMemory: Virtual Memory: 485.85 MB used,  3881.03 MB free, 134217728.00 MB total
[2019.01.08-16.48.50:146][  0]LogInit: Using OS detected language (he-IL).
[2019.01.08-16.48.50:146][  0]LogInit: Using OS detected locale (he-IL).
[2019.01.08-16.48.50:147][  0]LogTextLocalizationManager: No localization for 'he-IL' exists, so 'en' will be used for the language.
[2019.01.08-16.48.51:034][  0]LogStreaming: Display: Took  0.888s to InitEngineTextLocalization.
[2019.01.08-16.48.51:034][  0]LogInit: Setting process to per monitor DPI aware
[2019.01.08-16.48.51:052][  0]LogSlate: New Slate User Created.  User Index 0, Is Virtual User: 0
[2019.01.08-16.48.51:052][  0]LogSlate: Slate User Registered.  User Index 0, Is Virtual User: 0
[2019.01.08-16.48.51:254][  0]LogHMD: Failed to initialize OpenVR with code 110
[2019.01.08-16.48.51:254][  0]LogD3D11RHI: D3D11 adapters:
[2019.01.08-16.48.51:269][  0]LogD3D11RHI:    0. 'Intel(R) HD Graphics 5500' (Feature Level 11_0)
[2019.01.08-16.48.51:269][  0]LogD3D11RHI:       128/0/4047 MB DedicatedVideo/DedicatedSystem/SharedSystem, Outputs:1, VendorId:0x8086
[2019.01.08-16.48.51:270][  0]LogD3D11RHI:    1. 'Microsoft Basic Render Driver' (Feature Level 11_0)
[2019.01.08-16.48.51:270][  0]LogD3D11RHI:       0/0/4047 MB DedicatedVideo/DedicatedSystem/SharedSystem, Outputs:0, VendorId:0x1414
[2019.01.08-16.48.51:270][  0]LogD3D11RHI: Chosen D3D11 Adapter: 0
[2019.01.08-16.48.51:275][  0]LogD3D11RHI: Creating new Direct3DDevice
[2019.01.08-16.48.51:275][  0]LogD3D11RHI:     GPU DeviceId: 0x1616 (for the marketing name, search the web for "GPU Device Id")
[2019.01.08-16.48.51:275][  0]LogWindows: EnumDisplayDevices:
[2019.01.08-16.48.51:276][  0]LogWindows:    0. 'Intel(R) HD Graphics 5500' (P:1 D:1)
[2019.01.08-16.48.51:276][  0]LogWindows:    1. 'Intel(R) HD Graphics 5500' (P:0 D:0)
[2019.01.08-16.48.51:276][  0]LogWindows:    2. 'Intel(R) HD Graphics 5500' (P:0 D:0)
[2019.01.08-16.48.51:276][  0]LogWindows: DebugString: FoundDriverCount:3 
[2019.01.08-16.48.51:276][  0]LogD3D11RHI:     Adapter Name: Intel(R) HD Graphics 5500
[2019.01.08-16.48.51:276][  0]LogD3D11RHI:   Driver Version: 20.19.15.4549 (internal:20.19.15.4549, unified:20.19.15.4549)
[2019.01.08-16.48.51:276][  0]LogD3D11RHI:      Driver Date: 11-10-2016
[2019.01.08-16.48.51:276][  0]LogRHI: Texture pool is 1506 MB (70% of 2151 MB)
[2019.01.08-16.48.51:281][  0]LogD3D11RHI: Async texture creation enabled
[2019.01.08-16.48.51:286][  0]LogD3D11RHI: GPU Timing Frequency: 12.500000 (Debug: 2 0)
[2019.01.08-16.48.51:287][  0]LogShaderCompilers: Guid format shader working directory is -33 characters bigger than the processId version (../../../../../../Users/אורלי/Documents/GitHub/TempelRun-UnrealEngine/TempleRun/Intermediate/Shaders/WorkingDirectory/5784/).
[2019.01.08-16.48.51:288][  0]LogShaderCompilers: Cleaned the shader compiler working directory 'C:/Users/אורלי/AppData/Local/Temp/UnrealShaderWorkingDir/869FB5A344C59FB9DA3CF1BC6E69C75A/'.
[2019.01.08-16.48.51:603][  0]LogTemp: Display: Loaded TP AllDesktopTargetPlatform
[2019.01.08-16.48.51:620][  0]LogTemp: Display: Loaded TP MacClientTargetPlatform
[2019.01.08-16.48.51:637][  0]LogTemp: Display: Loaded TP MacNoEditorTargetPlatform
[2019.01.08-16.48.51:653][  0]LogTemp: Display: Loaded TP MacServerTargetPlatform
[2019.01.08-16.48.51:671][  0]LogTemp: Display: Loaded TP MacTargetPlatform
[2019.01.08-16.48.51:691][  0]LogTemp: Display: Loaded TP WindowsClientTargetPlatform
[2019.01.08-16.48.51:708][  0]LogTemp: Display: Loaded TP WindowsNoEditorTargetPlatform
[2019.01.08-16.48.51:729][  0]LogTemp: Display: Loaded TP WindowsServerTargetPlatform
[2019.01.08-16.48.51:735][  0]LogTemp: Display: Loaded TP WindowsTargetPlatform
[2019.01.08-16.48.51:829][  0]LogTemp: Display: Loaded TP AndroidTargetPlatform
[2019.01.08-16.48.51:829][  0]LogTemp: Display: Loaded TP AndroidTargetPlatform
[2019.01.08-16.48.51:829][  0]LogTemp: Display: Loaded TP AndroidTargetPlatform
[2019.01.08-16.48.51:829][  0]LogTemp: Display: Loaded TP AndroidTargetPlatform
[2019.01.08-16.48.51:829][  0]LogTemp: Display: Loaded TP AndroidTargetPlatform
[2019.01.08-16.48.51:829][  0]LogTemp: Display: Loaded TP AndroidTargetPlatform
[2019.01.08-16.48.51:829][  0]LogTemp: Display: Loaded TP AndroidTargetPlatform
[2019.01.08-16.48.51:829][  0]LogTemp: Display: Loaded TP AndroidTargetPlatform
[2019.01.08-16.48.51:829][  0]LogTemp: Display: Loaded TP AndroidTargetPlatform
[2019.01.08-16.48.51:829][  0]LogTemp: Display: Loaded TP AndroidTargetPlatform
[2019.01.08-16.48.51:829][  0]LogTemp: Display: Loaded TP AndroidTargetPlatform
[2019.01.08-16.48.51:829][  0]LogTemp: Display: Loaded TP AndroidTargetPlatform
[2019.01.08-16.48.51:829][  0]LogTemp: Display: Loaded TP AndroidTargetPlatform
[2019.01.08-16.48.51:829][  0]LogTemp: Display: Loaded TP AndroidTargetPlatform
[2019.01.08-16.48.51:829][  0]LogTemp: Display: Loaded TP AndroidTargetPlatform
[2019.01.08-16.48.51:829][  0]LogTemp: Display: Loaded TP AndroidTargetPlatform
[2019.01.08-16.48.51:829][  0]LogTemp: Display: Loaded TP AndroidTargetPlatform
[2019.01.08-16.48.51:829][  0]LogTemp: Display: Loaded TP AndroidTargetPlatform
[2019.01.08-16.48.51:830][  0]LogTemp: Display: Loaded TP HTML5TargetPlatform
[2019.01.08-16.48.51:892][  0]LogTemp: Display: Loaded TP IOSTargetPlatform
[2019.01.08-16.48.51:892][  0]LogTemp: Display: Loaded TP IOSTargetPlatform
[2019.01.08-16.48.51:936][  0]LogTemp: Display: Loaded TP TVOSTargetPlatform
[2019.01.08-16.48.51:936][  0]LogTemp: Display: Loaded TP TVOSTargetPlatform
[2019.01.08-16.48.51:958][  0]LogTemp: Display: Loaded TP LinuxClientTargetPlatform
[2019.01.08-16.48.51:976][  0]LogTemp: Display: Loaded TP LinuxNoEditorTargetPlatform
[2019.01.08-16.48.51:992][  0]LogTemp: Display: Loaded TP LinuxServerTargetPlatform
[2019.01.08-16.48.52:007][  0]LogTemp: Display: Loaded TP LinuxTargetPlatform
[2019.01.08-16.48.52:018][  0]LogTemp: Display: Loaded TP LuminTargetPlatform
[2019.01.08-16.48.52:018][  0]LogTargetPlatformManager: Display: Building Assets For Windows
[2019.01.08-16.48.52:067][  0]LogXGEController: Cannot use XGE Controller as Incredibuild is not installed on this machine.
[2019.01.08-16.48.52:067][  0]LogShaderCompilers: Cannot use XGE Shader Compiler as Incredibuild is not installed on this machine.
[2019.01.08-16.48.52:067][  0]LogShaderCompilers: Display: Using Local Shader Compiler.
[2019.01.08-16.48.52:960][  0]LogDerivedDataCache: Display: Max Cache Size: 512 MB
[2019.01.08-16.48.53:190][  0]LogDerivedDataCache: Loaded boot cache 0.13s 71MB C:/Users/אורלי/AppData/Local/UnrealEngine/4.20/DerivedDataCache/Boot.ddc.
[2019.01.08-16.48.53:190][  0]LogDerivedDataCache: Display: Loaded Boot cache: C:/Users/אורלי/AppData/Local/UnrealEngine/4.20/DerivedDataCache/Boot.ddc
[2019.01.08-16.48.53:190][  0]LogDerivedDataCache: FDerivedDataBackendGraph:  Pak pak cache file ../../../../../../Users/אורלי/Documents/GitHub/TempelRun-UnrealEngine/TempleRun/DerivedDataCache/DDC.ddp not found, will not use a pak cache.
[2019.01.08-16.48.53:190][  0]LogDerivedDataCache: Unable to find inner node Pak for hierarchical cache Hierarchy.
[2019.01.08-16.48.53:190][  0]LogDerivedDataCache: FDerivedDataBackendGraph:  CompressedPak pak cache file ../../../../../../Users/אורלי/Documents/GitHub/TempelRun-UnrealEngine/TempleRun/DerivedDataCache/Compressed.ddp not found, will not use a pak cache.
[2019.01.08-16.48.53:190][  0]LogDerivedDataCache: Unable to find inner node CompressedPak for hierarchical cache Hierarchy.
[2019.01.08-16.48.53:209][  0]LogDerivedDataCache: Display: Pak cache opened for reading ../../../Engine/DerivedDataCache/Compressed.ddp.
[2019.01.08-16.48.53:220][  0]LogDerivedDataCache: Using Local data cache path C:/Users/אורלי/AppData/Local/UnrealEngine/Common/DerivedDataCache: Writable
[2019.01.08-16.48.53:220][  0]LogDerivedDataCache: Shared data cache path not found in *engine.ini, will not use an Shared cache.
[2019.01.08-16.48.53:220][  0]LogDerivedDataCache: Unable to find inner node Shared for hierarchical cache Hierarchy.
[2019.01.08-16.48.53:275][  0]LogMaterial: Verifying Global Shaders for PCD3D_SM5
[2019.01.08-16.48.53:277][  0]LogSlate: Using FreeType 2.6.0
[2019.01.08-16.48.53:278][  0]LogSlate: SlateFontServices - WITH_FREETYPE: 1, WITH_HARFBUZZ: 1
[2019.01.08-16.48.53:385][  0]LogAssetRegistry: FAssetRegistry took 0.0265 seconds to start up
[2019.01.08-16.48.53:803][  0]LogInit: Selected Device Profile: [Windows]
[2019.01.08-16.48.53:953][  0]LogSimplygon: Simplygon DLL not present - disabling.
[2019.01.08-16.48.53:956][  0]LogMeshReduction: Using SimplygonSwarm for distributed automatic mesh merging
[2019.01.08-16.48.53:956][  0]LogMeshReduction: Using ProxyLODMeshReduction for automatic mesh merging
[2019.01.08-16.48.53:956][  0]LogMeshReduction: Using QuadricMeshReduction for automatic static mesh reduction
[2019.01.08-16.48.53:956][  0]LogMeshReduction: No automatic skeletal mesh reduction module available
[2019.01.08-16.48.53:973][  0]LogNetVersion: TempleRun 1.0.0, NetCL: 4212847, EngineNetVer: 5, GameNetVer: 0 (Checksum: 2232543940)
[2019.01.08-16.48.54:797][  0]LogPackageLocalizationCache: Processed 11 localized package path(s) for 1 prioritized culture(s) in 0.064862 seconds
[2019.01.08-16.48.54:809][  0]LogUObjectArray: 38425 objects as part of root set at end of initial load.
[2019.01.08-16.48.54:809][  0]LogUObjectAllocator: 6690864 out of 0 bytes used by permanent object pool.
[2019.01.08-16.48.54:809][  0]LogUObjectArray: CloseDisregardForGC: 0/0 objects in disregard for GC pool
[2019.01.08-16.48.55:877][  0]LogTcpMessaging: Initializing TcpMessaging bridge
[2019.01.08-16.48.55:894][  0]LogUdpMessaging: Initializing bridge on interface 0.0.0.0:0 to multicast group 230.0.0.1:6666.
[2019.01.08-16.48.56:160][  0]SourceControl: Source control is disabled
[2019.01.08-16.48.56:160][  0]SourceControl: Source control is disabled
[2019.01.08-16.48.56:161][  0]SourceControl: Source control is disabled
[2019.01.08-16.48.56:162][  0]SourceControl: Source control is disabled
[2019.01.08-16.48.56:348][  0]LogAndroidPermission: UAndroidPermissionCallbackProxy::GetInstance
[2019.01.08-16.48.56:443][  0]LogOcInput: OculusInput pre-init called
[2019.01.08-16.48.56:609][  0]LogEngine: Initializing Engine...
[2019.01.08-16.48.56:610][  0]LogHMD: Failed to initialize OpenVR with code 110
[2019.01.08-16.48.56:612][  0]LogStats: UGameplayTagsManager::ConstructGameplayTagTree: ImportINI prefixes -  0.000 s
[2019.01.08-16.48.56:612][  0]LogStats: UGameplayTagsManager::ConstructGameplayTagTree: Construct from data asset -  0.000 s
[2019.01.08-16.48.56:612][  0]LogStats: UGameplayTagsManager::ConstructGameplayTagTree: ImportINI -  0.000 s
[2019.01.08-16.48.56:612][  0]LogStats: UGameplayTagsManager::ConstructGameplayTagTree: GameplayTagTreeChangedEvent.Broadcast -  0.000 s
[2019.01.08-16.48.56:880][  0]LogInit: Initializing FReadOnlyCVARCache
[2019.01.08-16.48.56:896][  0]LogAIModule: Creating AISystem for world Untitled
[2019.01.08-16.48.56:906][  0]LogInit: XAudio2 using 'Speakers (Realtek High Definition Audio)' : 2 channels at 48 kHz using 32 bits per sample (channel mask 0x3)
[2019.01.08-16.48.56:914][  0]LogInit: FAudioDevice initialized.
[2019.01.08-16.48.56:915][  0]LogNetVersion: Set ProjectVersion to 1.0.0.0. Version Checksum will be recalculated on next use.
[2019.01.08-16.48.57:834][  0]LogDerivedDataCache: Saved boot cache 0.92s 71MB C:/Users/אורלי/AppData/Local/UnrealEngine/4.20/DerivedDataCache/Boot.ddc.
[2019.01.08-16.48.57:835][  0]LogInit: Texture streaming: Enabled
[2019.01.08-16.48.57:880][  0]LogEngineSessionManager: EngineSessionManager initialized
[2019.01.08-16.48.57:911][  0]LogInit: Transaction tracking system initialized
[2019.01.08-16.48.57:975][  0]BlueprintLog: New page: Editor Load
[2019.01.08-16.48.58:099][  0]LocalizationService: Localization service is disabled
[2019.01.08-16.48.58:511][  0]LogCook: Display: Max memory allowance for cook 16384mb min free memory 0mb
[2019.01.08-16.48.58:512][  0]LogCook: Display: Mobile HDR setting 1
[2019.01.08-16.48.58:512][  0]LogGameplayTags: Display: UGameplayTagsManager::DoneAddingNativeTags. DelegateIsBound: 0
[2019.01.08-16.48.58:512][  0]LogStats: UGameplayTagsManager::ConstructGameplayTagTree: ImportINI prefixes -  0.000 s
[2019.01.08-16.48.58:512][  0]LogStats: UGameplayTagsManager::ConstructGameplayTagTree: Construct from data asset -  0.000 s
[2019.01.08-16.48.58:512][  0]LogStats: UGameplayTagsManager::ConstructGameplayTagTree: ImportINI -  0.000 s
[2019.01.08-16.48.58:512][  0]LogStats: UGameplayTagsManager::ConstructGameplayTagTree: GameplayTagTreeChangedEvent.Broadcast -  0.000 s
[2019.01.08-16.48.58:647][  0]LogFileCache: Scanning file cache for directory 'C:/Users/אורלי/Documents/GitHub/TempelRun-UnrealEngine/TempleRun/Content/' took 0.02s
[2019.01.08-16.48.58:647][  0]SourceControl: Source control is disabled
[2019.01.08-16.48.58:647][  0]Cmd: MAP LOAD FILE="../../../../../../Users/אורלי/Documents/GitHub/TempelRun-UnrealEngine/TempleRun/Content/ThirdPersonBP/Levels/MainMenu.umap" TEMPLATE=0 SHOWPROGRESS=1 FEATURELEVEL=3
[2019.01.08-16.48.58:648][  0]LightingResults: New page: Lighting Build
[2019.01.08-16.48.58:652][  0]MapCheck: New page: Map Check
[2019.01.08-16.48.58:652][  0]LightingResults: New page: Lighting Build
[2019.01.08-16.48.58:760][  0]LogAIModule: Creating AISystem for world MainMenu
[2019.01.08-16.48.58:762][  0]LogEditorServer: Finished looking for orphan Actors (0.000 secs)
[2019.01.08-16.48.58:797][  0]Cmd: MAP CHECKDEP NOCLEARLOG
[2019.01.08-16.48.58:853][  0]MapCheck: Map check complete: 0 Error(s), 0 Warning(s), took 56.08ms to complete.
[2019.01.08-16.48.58:853][  0]LogFileHelpers: Loading map 'MainMenu' took 0.206
[2019.01.08-16.48.58:930][  0]LogWindowsTextInputMethodSystem: Display: IME system now deactivated.
[2019.01.08-16.48.59:017][  0]LogSlate: Updating window title bar state: overlay mode, drag disabled, window buttons hidden, title bar hidden
[2019.01.08-16.48.59:029][  0]LogSlate: Updating window title bar state: overlay mode, drag disabled, window buttons hidden, title bar hidden
[2019.01.08-16.48.59:041][  0]LogSlate: Updating window title bar state: overlay mode, drag disabled, window buttons hidden, title bar hidden
[2019.01.08-16.48.59:052][  0]LogSlate: Updating window title bar state: overlay mode, drag disabled, window buttons hidden, title bar hidden
[2019.01.08-16.48.59:061][  0]LogCollectionManager: Loaded 0 collections in 0.002078 seconds
[2019.01.08-16.48.59:106][  0]LogFileCache: Scanning file cache for directory 'C:/Users/אורלי/Documents/GitHub/TempelRun-UnrealEngine/TempleRun/Saved/Collections/' took 0.01s
[2019.01.08-16.48.59:106][  0]LogFileCache: Scanning file cache for directory 'C:/Users/אורלי/Documents/GitHub/TempelRun-UnrealEngine/TempleRun/Content/Developers/אורלי/Collections/' took 0.01s
[2019.01.08-16.48.59:107][  0]LogFileCache: Scanning file cache for directory 'C:/Users/אורלי/Documents/GitHub/TempelRun-UnrealEngine/TempleRun/Content/Collections/' took 0.01s
[2019.01.08-16.48.59:107][  0]LogCollectionManager: Rebuilt the GUID cache for 0 collections in 0.000000 seconds
[2019.01.08-16.48.59:144][  0]LogContentBrowser: Native class hierarchy populated in 0.0372 seconds. Added 2572 classes and 603 folders.
[2019.01.08-16.48.59:163][  0]LogContentBrowser: Native class hierarchy updated for 'WidgetCarousel' in 0.0007 seconds. Added 0 classes and 0 folders.
[2019.01.08-16.48.59:227][  0]LogContentBrowser: Native class hierarchy updated for 'AddContentDialog' in 0.0005 seconds. Added 0 classes and 0 folders.
[2019.01.08-16.48.59:234][  0]LogContentBrowser: Native class hierarchy updated for 'SceneOutliner' in 0.0006 seconds. Added 1 classes and 2 folders.
[2019.01.08-16.48.59:312][  0]LogSlate: Took 0.000195 seconds to synchronously load lazily loaded font '../../../Engine/Content/Slate/Fonts/Roboto-Regular.ttf' (155K)
[2019.01.08-16.48.59:315][  0]LogSlate: Took 0.000192 seconds to synchronously load lazily loaded font '../../../Engine/Content/Slate/Fonts/Roboto-Bold.ttf' (160K)
[2019.01.08-16.48.59:320][  0]LogSlate: Took 0.000146 seconds to synchronously load lazily loaded font '../../../Engine/Content/Editor/Slate/Fonts/FontAwesome.ttf' (139K)
[2019.01.08-16.48.59:406][  0]LogRenderer: Reallocating scene render targets to support 816x360 Format 10 NumSamples 1 (Frame:1).
[2019.01.08-16.48.59:756][  0]LogSlate: Took 0.004346 seconds to synchronously load lazily loaded font '../../../Engine/Content/Slate/Fonts/DroidSansFallback.ttf' (3848K)
[2019.01.08-16.48.59:883][  0]LogContentBrowser: Native class hierarchy updated for 'HierarchicalLODOutliner' in 0.0007 seconds. Added 0 classes and 0 folders.
[2019.01.08-16.48.59:883][  0]LogLoad: (Engine Initialization) Total time: 11.20 seconds
[2019.01.08-16.48.59:883][  0]LogLoad: (Engine Initialization) Total Blueprint compile time: 0.00 seconds
[2019.01.08-16.48.59:933][  0]LogContentStreaming: Texture pool size now 1000 MB
[2019.01.08-16.49.00:500][  3]LogAssetRegistry: Asset discovery search completed in 7.1366 seconds
[2019.01.08-16.49.00:511][  3]LogCollectionManager: Rebuilt the object cache for 0 collections in 0.000001 seconds (found 0 objects)
[2019.01.08-16.49.00:511][  3]LogCollectionManager: Fixed up redirectors for 0 collections in 0.000243 seconds (updated 0 objects)
[2019.01.08-16.49.18:003][770]LogSlate: FSceneViewport::OnFocusLost() reason 0
[2019.01.08-16.49.21:604][954]LogBlueprintUserMessages: Early PlayInEditor Detection: Level '/Game/ThirdPersonBP/Levels/MainMenu.MainMenu:PersistentLevel' has LevelScriptBlueprint '/Game/ThirdPersonBP/Levels/MainMenu.MainMenu:PersistentLevel.MainMenu' with GeneratedClass '/Game/ThirdPersonBP/Levels/MainMenu.MainMenu_C' with ClassGeneratedBy '/Game/ThirdPersonBP/Levels/MainMenu.MainMenu:PersistentLevel.MainMenu'
[2019.01.08-16.49.21:604][954]LogPlayLevel: PlayLevel: No blueprints needed recompiling
[2019.01.08-16.49.21:618][954]PIE: New page: SIE session: MainMenu (8 בינו׳ 2019, 20:49:21)
[2019.01.08-16.49.21:618][954]LogPlayLevel: Creating play world package: /Game/ThirdPersonBP/Levels/UEDPIE_0_MainMenu
[2019.01.08-16.49.21:620][954]LogPlayLevel: PIE: StaticDuplicateObject took: (0.001801s)
[2019.01.08-16.49.21:621][954]LogAIModule: Creating AISystem for world MainMenu
[2019.01.08-16.49.21:621][954]LogPlayLevel: PIE: World Init took: (0.001131s)
[2019.01.08-16.49.21:622][954]LogPlayLevel: PIE: Created PIE world by copying editor world from /Game/ThirdPersonBP/Levels/MainMenu.MainMenu to /Game/ThirdPersonBP/Levels/UEDPIE_0_MainMenu.MainMenu (0.003138s)
[2019.01.08-16.49.21:650][954]LogInit: XAudio2 using 'Speakers (Realtek High Definition Audio)' : 2 channels at 48 kHz using 32 bits per sample (channel mask 0x3)
[2019.01.08-16.49.21:661][954]LogInit: FAudioDevice initialized.
[2019.01.08-16.49.21:702][954]LogLinker: Warning: Can't find file '/Game/ThirdPersonBP/Blueprints/ThirdPersonGameMode'
[2019.01.08-16.49.21:703][954]LogLinker: Warning: Can't find file '/Game/ThirdPersonBP/Blueprints/ThirdPersonGameMode'
[2019.01.08-16.49.21:703][954]LogUObjectGlobals: Warning: Failed to find object 'Class /Game/ThirdPersonBP/Blueprints/ThirdPersonGameMode.ThirdPersonGameMode_C'
[2019.01.08-16.49.21:703][954]LogLoad: Game class is 'GameModeBase'
[2019.01.08-16.49.21:705][954]LogWorld: Bringing World /Game/ThirdPersonBP/Levels/UEDPIE_0_MainMenu.MainMenu up for play (max tick rate 60) at 2019.01.08-18.49.21
[2019.01.08-16.49.21:705][954]LogWorld: Bringing up level for play took: 0.000642
[2019.01.08-16.49.21:717][954]LogGameMode: FindPlayerStart: PATHS NOT DEFINED or NO PLAYERSTART with positive rating
[2019.01.08-16.49.21:722][954]LogContentBrowser: Native class hierarchy updated for 'MovieSceneCapture' in 0.0004 seconds. Added 10 classes and 0 folders.
[2019.01.08-16.49.21:724][954]PIE: Play in editor start time for /Game/ThirdPersonBP/Levels/UEDPIE_0_MainMenu ‎-0.344
[2019.01.08-16.49.21:738][954]LogBlueprintUserMessages: Late PlayInEditor Detection: Level '/Game/ThirdPersonBP/Levels/MainMenu.MainMenu:PersistentLevel' has LevelScriptBlueprint '/Game/ThirdPersonBP/Levels/MainMenu.MainMenu:PersistentLevel.MainMenu' with GeneratedClass '/Game/ThirdPersonBP/Levels/MainMenu.MainMenu_C' with ClassGeneratedBy '/Game/ThirdPersonBP/Levels/MainMenu.MainMenu:PersistentLevel.MainMenu'
[2019.01.08-16.49.22:946][979]LogSlate: FSceneViewport::OnFocusLost() reason 0
[2019.01.08-16.49.23:044][981]LogNet: Browse: /Game/ThirdPersonBP/Levels/Level1
[2019.01.08-16.49.23:044][981]LogLoad: LoadMap: /Game/ThirdPersonBP/Levels/Level1
[2019.01.08-16.49.25:743][981]LogAIModule: Creating AISystem for world Level1
[2019.01.08-16.49.25:743][981]LogLoad: Game class is 'RunGameMode_C'
[2019.01.08-16.49.25:747][981]LogWorld: Bringing World /Game/ThirdPersonBP/Levels/UEDPIE_0_Level1.Level1 up for play (max tick rate 60) at 2019.01.08-18.49.25
[2019.01.08-16.49.25:748][981]LogWorld: Bringing up level for play took: 0.003317
[2019.01.08-16.49.25:777][981]LogLoad: Took 2.732956 seconds to LoadMap(/Game/ThirdPersonBP/Levels/Level1)
[2019.01.08-16.49.25:967][982]LogEditorViewport: Clicking Background
[2019.01.08-16.49.27:517][  8]LogEditorViewport: Clicking on Actor (LMB): BP_FloorTile_RampDown_C (BP_FloorTile_RampDown)
[2019.01.08-16.49.30:076][ 68]LogSlate: FSceneViewport::OnFocusLost() reason 0
[2019.01.08-16.49.30:181][ 73]LogBlueprintUserMessages: Early EndPlayMap Detection: Level '/Game/ThirdPersonBP/Levels/MainMenu.MainMenu:PersistentLevel' has LevelScriptBlueprint '/Game/ThirdPersonBP/Levels/MainMenu.MainMenu:PersistentLevel.MainMenu' with GeneratedClass '/Game/ThirdPersonBP/Levels/MainMenu.MainMenu_C' with ClassGeneratedBy '/Game/ThirdPersonBP/Levels/MainMenu.MainMenu:PersistentLevel.MainMenu'
[2019.01.08-16.49.30:182][ 73]LogSlate: Updating window title bar state: overlay mode, drag disabled, window buttons hidden, title bar hidden
[2019.01.08-16.49.30:219][ 73]LogPlayLevel: Display: Shutting down PIE online subsystems
[2019.01.08-16.49.30:220][ 73]LogBlueprintUserMessages: Late EndPlayMap Detection: Level '/Game/ThirdPersonBP/Levels/MainMenu.MainMenu:PersistentLevel' has LevelScriptBlueprint '/Game/ThirdPersonBP/Levels/MainMenu.MainMenu:PersistentLevel.MainMenu' with GeneratedClass '/Game/ThirdPersonBP/Levels/MainMenu.MainMenu_C' with ClassGeneratedBy '/Game/ThirdPersonBP/Levels/MainMenu.MainMenu:PersistentLevel.MainMenu'
[2019.01.08-16.49.30:296][ 73]LogSlate: Updating window title bar state: overlay mode, drag disabled, window buttons hidden, title bar hidden
[2019.01.08-16.49.30:346][ 74]LogPlayLevel: Display: Destroying online subsystem :Context_1
[2019.01.08-16.49.36:585][399]LogTemp: Repeating last play command: Mobile Preview ES2 (PIE)
[2019.01.08-16.50.34:024][855]LogBlueprintUserMessages: Early PlayInEditor Detection: Level '/Game/ThirdPersonBP/Levels/MainMenu.MainMenu:PersistentLevel' has LevelScriptBlueprint '/Game/ThirdPersonBP/Levels/MainMenu.MainMenu:PersistentLevel.MainMenu' with GeneratedClass '/Game/ThirdPersonBP/Levels/MainMenu.MainMenu_C' with ClassGeneratedBy '/Game/ThirdPersonBP/Levels/MainMenu.MainMenu:PersistentLevel.MainMenu'
[2019.01.08-16.50.34:024][855]LogPlayLevel: PlayLevel: No blueprints needed recompiling
[2019.01.08-16.50.34:024][855]PIE: New page: PIE session: MainMenu (8 בינו׳ 2019, 20:50:34)
[2019.01.08-16.50.34:024][855]LogPlayLevel: Creating play world package: /Game/ThirdPersonBP/Levels/UEDPIE_0_MainMenu
[2019.01.08-16.50.34:027][855]LogPlayLevel: PIE: StaticDuplicateObject took: (0.002502s)
[2019.01.08-16.50.34:028][855]LogAIModule: Creating AISystem for world MainMenu
[2019.01.08-16.50.34:028][855]LogPlayLevel: PIE: World Init took: (0.001284s)
[2019.01.08-16.50.34:028][855]LogPlayLevel: PIE: Created PIE world by copying editor world from /Game/ThirdPersonBP/Levels/MainMenu.MainMenu to /Game/ThirdPersonBP/Levels/UEDPIE_0_MainMenu.MainMenu (0.004004s)
[2019.01.08-16.50.34:057][855]LogInit: XAudio2 using 'Speakers (Realtek High Definition Audio)' : 2 channels at 48 kHz using 32 bits per sample (channel mask 0x3)
[2019.01.08-16.50.34:067][855]LogInit: FAudioDevice initialized.
[2019.01.08-16.50.34:071][855]LogSlate: Updating window title bar state: overlay mode, drag disabled, window buttons hidden, title bar hidden
[2019.01.08-16.50.34:109][855]LogLoad: Game class is 'GameModeBase'
[2019.01.08-16.50.34:109][855]LogWorld: Bringing World /Game/ThirdPersonBP/Levels/UEDPIE_0_MainMenu.MainMenu up for play (max tick rate 60) at 2019.01.08-18.50.34
[2019.01.08-16.50.34:110][855]LogWorld: Bringing up level for play took: 0.000663
[2019.01.08-16.50.34:129][855]PIE: Play in editor start time for /Game/ThirdPersonBP/Levels/UEDPIE_0_MainMenu 0.061
[2019.01.08-16.50.34:130][855]LogBlueprintUserMessages: Late PlayInEditor Detection: Level '/Game/ThirdPersonBP/Levels/MainMenu.MainMenu:PersistentLevel' has LevelScriptBlueprint '/Game/ThirdPersonBP/Levels/MainMenu.MainMenu:PersistentLevel.MainMenu' with GeneratedClass '/Game/ThirdPersonBP/Levels/MainMenu.MainMenu_C' with ClassGeneratedBy '/Game/ThirdPersonBP/Levels/MainMenu.MainMenu:PersistentLevel.MainMenu'
[2019.01.08-16.50.34:165][855]LogRenderer: Reallocating scene render targets to support 1292x756 Format 10 NumSamples 1 (Frame:1).
[2019.01.08-16.50.35:140][875]LogSlate: FSceneViewport::OnFocusLost() reason 0
[2019.01.08-16.50.35:241][878]LogNet: Browse: /Game/ThirdPersonBP/Levels/Level1
[2019.01.08-16.50.35:271][878]LogLoad: LoadMap: /Game/ThirdPersonBP/Levels/Level1
[2019.01.08-16.50.35:814][878]LogAIModule: Creating AISystem for world Level1
[2019.01.08-16.50.35:814][878]LogLoad: Game class is 'RunGameMode_C'
[2019.01.08-16.50.35:817][878]LogWorld: Bringing World /Game/ThirdPersonBP/Levels/UEDPIE_0_Level1.Level1 up for play (max tick rate 60) at 2019.01.08-18.50.35
[2019.01.08-16.50.35:818][878]LogWorld: Bringing up level for play took: 0.002390
[2019.01.08-16.50.35:877][878]LogLoad: Took 0.605669 seconds to LoadMap(/Game/ThirdPersonBP/Levels/Level1)
[2019.01.08-16.50.45:641][999]Cmd: RestartLevel
[2019.01.08-16.50.45:688][  0]LogNet: Browse: /Game/ThirdPersonBP/Levels/Level1?restart
[2019.01.08-16.50.45:735][  0]LogLoad: LoadMap: /Game/ThirdPersonBP/Levels/Level1
[2019.01.08-16.50.46:264][  0]LogAIModule: Creating AISystem for world Level1
[2019.01.08-16.50.46:265][  0]LogLoad: Game class is 'RunGameMode_C'
[2019.01.08-16.50.46:268][  0]LogWorld: Bringing World /Game/ThirdPersonBP/Levels/UEDPIE_0_Level1.Level1 up for play (max tick rate 60) at 2019.01.08-18.50.46
[2019.01.08-16.50.46:268][  0]LogWorld: Bringing up level for play took: 0.002193
[2019.01.08-16.50.46:309][  0]LogLoad: Took 0.573485 seconds to LoadMap(/Game/ThirdPersonBP/Levels/Level1)
[2019.01.08-16.50.52:635][ 87]LogBlueprintUserMessages: Early EndPlayMap Detection: Level '/Game/ThirdPersonBP/Levels/MainMenu.MainMenu:PersistentLevel' has LevelScriptBlueprint '/Game/ThirdPersonBP/Levels/MainMenu.MainMenu:PersistentLevel.MainMenu' with GeneratedClass '/Game/ThirdPersonBP/Levels/MainMenu.MainMenu_C' with ClassGeneratedBy '/Game/ThirdPersonBP/Levels/MainMenu.MainMenu:PersistentLevel.MainMenu'
[2019.01.08-16.50.52:635][ 87]LogSlate: Updating window title bar state: overlay mode, drag disabled, window buttons hidden, title bar hidden
[2019.01.08-16.50.52:685][ 87]LogSlate: Window 'TempleRun Game Preview Standalone (64-bit/PCD3D_SM5)' being destroyed
[2019.01.08-16.50.52:804][ 87]LogPlayLevel: Display: Shutting down PIE online subsystems
[2019.01.08-16.50.52:804][ 87]LogBlueprintUserMessages: Late EndPlayMap Detection: Level '/Game/ThirdPersonBP/Levels/MainMenu.MainMenu:PersistentLevel' has LevelScriptBlueprint '/Game/ThirdPersonBP/Levels/MainMenu.MainMenu:PersistentLevel.MainMenu' with GeneratedClass '/Game/ThirdPersonBP/Levels/MainMenu.MainMenu_C' with ClassGeneratedBy '/Game/ThirdPersonBP/Levels/MainMenu.MainMenu:PersistentLevel.MainMenu'
[2019.01.08-16.50.52:876][ 88]LogPlayLevel: Display: Destroying online subsystem :Context_2
[2019.01.08-16.50.54:837][156]LogSlate: Took 0.000809 seconds to synchronously load lazily loaded font '../../../Engine/Content/Slate/Fonts/Roboto-Light.ttf' (167K)
[2019.01.08-16.50.54:853][156]LogAssetEditorManager: Opening Asset editor for WidgetBlueprint /Game/ThirdPersonBP/UMG/RanHUD.RanHUD
[2019.01.08-16.50.55:797][156]LogContentBrowser: Native class hierarchy updated for 'BlueprintGraph' in 0.0014 seconds. Added 116 classes and 0 folders.
[2019.01.08-16.50.56:737][156]LogSlate: Took 0.000168 seconds to synchronously load lazily loaded font '../../../Engine/Content/Slate/Fonts/Roboto-BoldCondensed.ttf' (158K)
[2019.01.08-16.51.01:326][400]LogAssetEditorManager: Opening Asset editor for WidgetBlueprint /Game/ThirdPersonBP/UMG/PauseMenu.PauseMenu
[2019.01.08-16.51.03:906][484]LogSlate: Window 'PauseMenu' being destroyed
[2019.01.08-16.51.06:970][633]LogSlate: Took 0.000197 seconds to synchronously load lazily loaded font '../../../Engine/Content/Slate/Fonts/Roboto-Italic.ttf' (157K)
[2019.01.08-16.53.29:744][159]BlueprintLog: New page: Compile PauseMenu
[2019.01.08-16.53.30:433][175]LogSavePackage: Moving '../../../../../../Users/אורלי/Documents/GitHub/TempelRun-UnrealEngine/TempleRun/Saved/PauseMenu9418879F4F4D710027FCB3A6789EA87D.tmp' to '../../../../../../Users/אורלי/Documents/GitHub/TempelRun-UnrealEngine/TempleRun/Content/ThirdPersonBP/UMG/PauseMenu.uasset'
[2019.01.08-16.53.31:511][216]LogTemp: Repeating last play command: New Editor Window (PIE)
[2019.01.08-16.53.31:561][216]LogBlueprintUserMessages: Early PlayInEditor Detection: Level '/Game/ThirdPersonBP/Levels/MainMenu.MainMenu:PersistentLevel' has LevelScriptBlueprint '/Game/ThirdPersonBP/Levels/MainMenu.MainMenu:PersistentLevel.MainMenu' with GeneratedClass '/Game/ThirdPersonBP/Levels/MainMenu.MainMenu_C' with ClassGeneratedBy '/Game/ThirdPersonBP/Levels/MainMenu.MainMenu:PersistentLevel.MainMenu'
[2019.01.08-16.53.31:562][216]LogPlayLevel: PlayLevel: No blueprints needed recompiling
[2019.01.08-16.53.31:562][216]PIE: New page: PIE session: MainMenu (8 בינו׳ 2019, 20:53:31)
[2019.01.08-16.53.31:562][216]LogPlayLevel: Creating play world package: /Game/ThirdPersonBP/Levels/UEDPIE_0_MainMenu
[2019.01.08-16.53.31:566][216]LogPlayLevel: PIE: StaticDuplicateObject took: (0.003895s)
[2019.01.08-16.53.31:568][216]LogAIModule: Creating AISystem for world MainMenu
[2019.01.08-16.53.31:569][216]LogPlayLevel: PIE: World Init took: (0.002124s)
[2019.01.08-16.53.31:569][216]LogPlayLevel: PIE: Created PIE world by copying editor world from /Game/ThirdPersonBP/Levels/MainMenu.MainMenu to /Game/ThirdPersonBP/Levels/UEDPIE_0_MainMenu.MainMenu (0.006405s)
[2019.01.08-16.53.31:640][216]LogInit: XAudio2 using 'Speakers (Realtek High Definition Audio)' : 2 channels at 48 kHz using 32 bits per sample (channel mask 0x3)
[2019.01.08-16.53.31:652][216]LogInit: FAudioDevice initialized.
[2019.01.08-16.53.31:658][216]LogSlate: Updating window title bar state: overlay mode, drag disabled, window buttons hidden, title bar hidden
[2019.01.08-16.53.31:698][216]LogLoad: Game class is 'GameModeBase'
[2019.01.08-16.53.31:700][216]LogWorld: Bringing World /Game/ThirdPersonBP/Levels/UEDPIE_0_MainMenu.MainMenu up for play (max tick rate 60) at 2019.01.08-18.53.31
[2019.01.08-16.53.31:700][216]LogWorld: Bringing up level for play took: 0.000907
[2019.01.08-16.53.31:722][216]PIE: Play in editor start time for /Game/ThirdPersonBP/Levels/UEDPIE_0_MainMenu ‎-0.346
[2019.01.08-16.53.31:723][216]LogBlueprintUserMessages: Late PlayInEditor Detection: Level '/Game/ThirdPersonBP/Levels/MainMenu.MainMenu:PersistentLevel' has LevelScriptBlueprint '/Game/ThirdPersonBP/Levels/MainMenu.MainMenu:PersistentLevel.MainMenu' with GeneratedClass '/Game/ThirdPersonBP/Levels/MainMenu.MainMenu_C' with ClassGeneratedBy '/Game/ThirdPersonBP/Levels/MainMenu.MainMenu:PersistentLevel.MainMenu'
[2019.01.08-16.53.32:756][244]LogSlate: FSceneViewport::OnFocusLost() reason 0
[2019.01.08-16.53.32:857][247]LogNet: Browse: /Game/ThirdPersonBP/Levels/Level1
[2019.01.08-16.53.32:887][247]LogLoad: LoadMap: /Game/ThirdPersonBP/Levels/Level1
[2019.01.08-16.53.33:365][247]LogAIModule: Creating AISystem for world Level1
[2019.01.08-16.53.33:366][247]LogLoad: Game class is 'RunGameMode_C'
[2019.01.08-16.53.33:368][247]LogWorld: Bringing World /Game/ThirdPersonBP/Levels/UEDPIE_0_Level1.Level1 up for play (max tick rate 60) at 2019.01.08-18.53.33
[2019.01.08-16.53.33:368][247]LogWorld: Bringing up level for play took: 0.002009
[2019.01.08-16.53.33:405][247]LogLoad: Took 0.517446 seconds to LoadMap(/Game/ThirdPersonBP/Levels/Level1)
[2019.01.08-16.53.39:850][327]LogBlueprintUserMessages: Early EndPlayMap Detection: Level '/Game/ThirdPersonBP/Levels/MainMenu.MainMenu:PersistentLevel' has LevelScriptBlueprint '/Game/ThirdPersonBP/Levels/MainMenu.MainMenu:PersistentLevel.MainMenu' with GeneratedClass '/Game/ThirdPersonBP/Levels/MainMenu.MainMenu_C' with ClassGeneratedBy '/Game/ThirdPersonBP/Levels/MainMenu.MainMenu:PersistentLevel.MainMenu'
[2019.01.08-16.53.39:851][327]LogSlate: Updating window title bar state: overlay mode, drag disabled, window buttons hidden, title bar hidden
[2019.01.08-16.53.39:925][327]LogSlate: Window 'TempleRun Game Preview Standalone (64-bit/PCD3D_SM5)' being destroyed
[2019.01.08-16.53.40:033][327]LogPlayLevel: Display: Shutting down PIE online subsystems
[2019.01.08-16.53.40:034][327]LogBlueprintUserMessages: Late EndPlayMap Detection: Level '/Game/ThirdPersonBP/Levels/MainMenu.MainMenu:PersistentLevel' has LevelScriptBlueprint '/Game/ThirdPersonBP/Levels/MainMenu.MainMenu:PersistentLevel.MainMenu' with GeneratedClass '/Game/ThirdPersonBP/Levels/MainMenu.MainMenu_C' with ClassGeneratedBy '/Game/ThirdPersonBP/Levels/MainMenu.MainMenu:PersistentLevel.MainMenu'
[2019.01.08-16.53.40:136][328]LogPlayLevel: Display: Destroying online subsystem :Context_7
[2019.01.08-16.53.42:218][422]LogSavePackage: Moving '../../../../../../Users/אורלי/Documents/GitHub/TempelRun-UnrealEngine/TempleRun/Saved/PauseMenu2AA0A84341787D41E84ED0B6E4655579.tmp' to '../../../../../../Users/אורלי/Documents/GitHub/TempelRun-UnrealEngine/TempleRun/Content/ThirdPersonBP/UMG/PauseMenu.uasset'
[2019.01.08-16.53.43:857][494]LogTemp: Repeating last play command: New Editor Window (PIE)
[2019.01.08-16.53.43:901][494]LogBlueprintUserMessages: Early PlayInEditor Detection: Level '/Game/ThirdPersonBP/Levels/MainMenu.MainMenu:PersistentLevel' has LevelScriptBlueprint '/Game/ThirdPersonBP/Levels/MainMenu.MainMenu:PersistentLevel.MainMenu' with GeneratedClass '/Game/ThirdPersonBP/Levels/MainMenu.MainMenu_C' with ClassGeneratedBy '/Game/ThirdPersonBP/Levels/MainMenu.MainMenu:PersistentLevel.MainMenu'
[2019.01.08-16.53.43:902][494]LogPlayLevel: PlayLevel: No blueprints needed recompiling
[2019.01.08-16.53.43:902][494]PIE: New page: PIE session: MainMenu (8 בינו׳ 2019, 20:53:43)
[2019.01.08-16.53.43:902][494]LogPlayLevel: Creating play world package: /Game/ThirdPersonBP/Levels/UEDPIE_0_MainMenu
[2019.01.08-16.53.43:905][494]LogPlayLevel: PIE: StaticDuplicateObject took: (0.003326s)
[2019.01.08-16.53.43:907][494]LogAIModule: Creating AISystem for world MainMenu
[2019.01.08-16.53.43:907][494]LogPlayLevel: PIE: World Init took: (0.001603s)
[2019.01.08-16.53.43:907][494]LogPlayLevel: PIE: Created PIE world by copying editor world from /Game/ThirdPersonBP/Levels/MainMenu.MainMenu to /Game/ThirdPersonBP/Levels/UEDPIE_0_MainMenu.MainMenu (0.005231s)
[2019.01.08-16.53.43:982][494]LogInit: XAudio2 using 'Speakers (Realtek High Definition Audio)' : 2 channels at 48 kHz using 32 bits per sample (channel mask 0x3)
[2019.01.08-16.53.43:997][494]LogInit: FAudioDevice initialized.
[2019.01.08-16.53.44:005][494]LogSlate: Updating window title bar state: overlay mode, drag disabled, window buttons hidden, title bar hidden
[2019.01.08-16.53.44:051][494]LogLoad: Game class is 'GameModeBase'
[2019.01.08-16.53.44:052][494]LogWorld: Bringing World /Game/ThirdPersonBP/Levels/UEDPIE_0_MainMenu.MainMenu up for play (max tick rate 60) at 2019.01.08-18.53.44
[2019.01.08-16.53.44:053][494]LogWorld: Bringing up level for play took: 0.000879
[2019.01.08-16.53.44:078][494]PIE: Play in editor start time for /Game/ThirdPersonBP/Levels/UEDPIE_0_MainMenu 0.009
[2019.01.08-16.53.44:079][494]LogBlueprintUserMessages: Late PlayInEditor Detection: Level '/Game/ThirdPersonBP/Levels/MainMenu.MainMenu:PersistentLevel' has LevelScriptBlueprint '/Game/ThirdPersonBP/Levels/MainMenu.MainMenu:PersistentLevel.MainMenu' with GeneratedClass '/Game/ThirdPersonBP/Levels/MainMenu.MainMenu_C' with ClassGeneratedBy '/Game/ThirdPersonBP/Levels/MainMenu.MainMenu:PersistentLevel.MainMenu'
[2019.01.08-16.53.44:882][515]LogSlate: FSceneViewport::OnFocusLost() reason 0
[2019.01.08-16.53.44:954][517]LogNet: Browse: /Game/ThirdPersonBP/Levels/Level1
[2019.01.08-16.53.44:982][517]LogLoad: LoadMap: /Game/ThirdPersonBP/Levels/Level1
[2019.01.08-16.53.45:481][517]LogAIModule: Creating AISystem for world Level1
[2019.01.08-16.53.45:481][517]LogLoad: Game class is 'RunGameMode_C'
[2019.01.08-16.53.45:484][517]LogWorld: Bringing World /Game/ThirdPersonBP/Levels/UEDPIE_0_Level1.Level1 up for play (max tick rate 60) at 2019.01.08-18.53.45
[2019.01.08-16.53.45:484][517]LogWorld: Bringing up level for play took: 0.002054
[2019.01.08-16.53.45:516][517]LogLoad: Took 0.533989 seconds to LoadMap(/Game/ThirdPersonBP/Levels/Level1)
[2019.01.08-16.53.51:359][591]LogBlueprintUserMessages: Early EndPlayMap Detection: Level '/Game/ThirdPersonBP/Levels/MainMenu.MainMenu:PersistentLevel' has LevelScriptBlueprint '/Game/ThirdPersonBP/Levels/MainMenu.MainMenu:PersistentLevel.MainMenu' with GeneratedClass '/Game/ThirdPersonBP/Levels/MainMenu.MainMenu_C' with ClassGeneratedBy '/Game/ThirdPersonBP/Levels/MainMenu.MainMenu:PersistentLevel.MainMenu'
[2019.01.08-16.53.51:361][591]LogSlate: Updating window title bar state: overlay mode, drag disabled, window buttons hidden, title bar hidden
[2019.01.08-16.53.51:425][591]LogSlate: Window 'TempleRun Game Preview Standalone (64-bit/PCD3D_SM5)' being destroyed
[2019.01.08-16.53.51:515][591]LogPlayLevel: Display: Shutting down PIE online subsystems
[2019.01.08-16.53.51:516][591]LogBlueprintUserMessages: Late EndPlayMap Detection: Level '/Game/ThirdPersonBP/Levels/MainMenu.MainMenu:PersistentLevel' has LevelScriptBlueprint '/Game/ThirdPersonBP/Levels/MainMenu.MainMenu:PersistentLevel.MainMenu' with GeneratedClass '/Game/ThirdPersonBP/Levels/MainMenu.MainMenu_C' with ClassGeneratedBy '/Game/ThirdPersonBP/Levels/MainMenu.MainMenu:PersistentLevel.MainMenu'
[2019.01.08-16.53.51:623][592]LogPlayLevel: Display: Destroying online subsystem :Context_8
[2019.01.08-16.53.55:337][786]BlueprintLog: New page: Compile PauseMenu
[2019.01.08-16.53.55:817][806]LogSavePackage: Moving '../../../../../../Users/אורלי/Documents/GitHub/TempelRun-UnrealEngine/TempleRun/Saved/PauseMenu6674DE0C419C3E540929B291920AA1D5.tmp' to '../../../../../../Users/אורלי/Documents/GitHub/TempelRun-UnrealEngine/TempleRun/Content/ThirdPersonBP/UMG/PauseMenu.uasset'
[2019.01.08-16.54.11:646][596]LogTemp: Repeating last play command: New Editor Window (PIE)
[2019.01.08-16.54.11:689][596]LogBlueprintUserMessages: Early PlayInEditor Detection: Level '/Game/ThirdPersonBP/Levels/MainMenu.MainMenu:PersistentLevel' has LevelScriptBlueprint '/Game/ThirdPersonBP/Levels/MainMenu.MainMenu:PersistentLevel.MainMenu' with GeneratedClass '/Game/ThirdPersonBP/Levels/MainMenu.MainMenu_C' with ClassGeneratedBy '/Game/ThirdPersonBP/Levels/MainMenu.MainMenu:PersistentLevel.MainMenu'
[2019.01.08-16.54.11:689][596]LogPlayLevel: PlayLevel: No blueprints needed recompiling
[2019.01.08-16.54.11:689][596]PIE: New page: PIE session: MainMenu (8 בינו׳ 2019, 20:54:11)
[2019.01.08-16.54.11:689][596]LogPlayLevel: Creating play world package: /Game/ThirdPersonBP/Levels/UEDPIE_0_MainMenu
[2019.01.08-16.54.11:692][596]LogPlayLevel: PIE: StaticDuplicateObject took: (0.002151s)
[2019.01.08-16.54.11:693][596]LogAIModule: Creating AISystem for world MainMenu
[2019.01.08-16.54.11:693][596]LogPlayLevel: PIE: World Init took: (0.001249s)
[2019.01.08-16.54.11:693][596]LogPlayLevel: PIE: Created PIE world by copying editor world from /Game/ThirdPersonBP/Levels/MainMenu.MainMenu to /Game/ThirdPersonBP/Levels/UEDPIE_0_MainMenu.MainMenu (0.003649s)
[2019.01.08-16.54.11:752][596]LogInit: XAudio2 using 'Speakers (Realtek High Definition Audio)' : 2 channels at 48 kHz using 32 bits per sample (channel mask 0x3)
[2019.01.08-16.54.11:764][596]LogInit: FAudioDevice initialized.
[2019.01.08-16.54.11:770][596]LogSlate: Updating window title bar state: overlay mode, drag disabled, window buttons hidden, title bar hidden
[2019.01.08-16.54.11:811][596]LogLoad: Game class is 'GameModeBase'
[2019.01.08-16.54.11:812][596]LogWorld: Bringing World /Game/ThirdPersonBP/Levels/UEDPIE_0_MainMenu.MainMenu up for play (max tick rate 60) at 2019.01.08-18.54.11
[2019.01.08-16.54.11:812][596]LogWorld: Bringing up level for play took: 0.000689
[2019.01.08-16.54.11:837][596]PIE: Play in editor start time for /Game/ThirdPersonBP/Levels/UEDPIE_0_MainMenu ‎-0.232
[2019.01.08-16.54.11:837][596]LogBlueprintUserMessages: Late PlayInEditor Detection: Level '/Game/ThirdPersonBP/Levels/MainMenu.MainMenu:PersistentLevel' has LevelScriptBlueprint '/Game/ThirdPersonBP/Levels/MainMenu.MainMenu:PersistentLevel.MainMenu' with GeneratedClass '/Game/ThirdPersonBP/Levels/MainMenu.MainMenu_C' with ClassGeneratedBy '/Game/ThirdPersonBP/Levels/MainMenu.MainMenu:PersistentLevel.MainMenu'
[2019.01.08-16.54.13:910][655]LogSlate: FSceneViewport::OnFocusLost() reason 0
[2019.01.08-16.54.14:046][659]LogNet: Browse: /Game/ThirdPersonBP/Levels/Level1
[2019.01.08-16.54.14:077][659]LogLoad: LoadMap: /Game/ThirdPersonBP/Levels/Level1
[2019.01.08-16.54.14:942][659]LogAIModule: Creating AISystem for world Level1
[2019.01.08-16.54.14:942][659]LogLoad: Game class is 'RunGameMode_C'
[2019.01.08-16.54.14:947][659]LogWorld: Bringing World /Game/ThirdPersonBP/Levels/UEDPIE_0_Level1.Level1 up for play (max tick rate 60) at 2019.01.08-18.54.14
[2019.01.08-16.54.14:947][659]LogWorld: Bringing up level for play took: 0.003454
[2019.01.08-16.54.14:996][659]LogLoad: Took 0.919657 seconds to LoadMap(/Game/ThirdPersonBP/Levels/Level1)
[2019.01.08-16.54.18:296][721]Cmd: RestartLevel
[2019.01.08-16.54.18:346][722]LogNet: Browse: /Game/ThirdPersonBP/Levels/Level1?restart
[2019.01.08-16.54.18:394][722]LogLoad: LoadMap: /Game/ThirdPersonBP/Levels/Level1
[2019.01.08-16.54.19:063][722]LogAIModule: Creating AISystem for world Level1
[2019.01.08-16.54.19:063][722]LogLoad: Game class is 'RunGameMode_C'
[2019.01.08-16.54.19:066][722]LogWorld: Bringing World /Game/ThirdPersonBP/Levels/UEDPIE_0_Level1.Level1 up for play (max tick rate 60) at 2019.01.08-18.54.19
[2019.01.08-16.54.19:067][722]LogWorld: Bringing up level for play took: 0.002327
[2019.01.08-16.54.19:109][722]LogLoad: Took 0.715219 seconds to LoadMap(/Game/ThirdPersonBP/Levels/Level1)
[2019.01.08-16.54.28:279][867]Cmd: RestartLevel
[2019.01.08-16.54.28:327][868]LogNet: Browse: /Game/ThirdPersonBP/Levels/Level1?restart
[2019.01.08-16.54.28:377][868]LogLoad: LoadMap: /Game/ThirdPersonBP/Levels/Level1
[2019.01.08-16.54.28:876][868]LogAIModule: Creating AISystem for world Level1
[2019.01.08-16.54.28:876][868]LogLoad: Game class is 'RunGameMode_C'
[2019.01.08-16.54.28:879][868]LogWorld: Bringing World /Game/ThirdPersonBP/Levels/UEDPIE_0_Level1.Level1 up for play (max tick rate 60) at 2019.01.08-18.54.28
[2019.01.08-16.54.28:879][868]LogWorld: Bringing up level for play took: 0.001915
[2019.01.08-16.54.28:908][868]LogLoad: Took 0.531024 seconds to LoadMap(/Game/ThirdPersonBP/Levels/Level1)
[2019.01.08-16.54.47:256][145]LogSlate: FSceneViewport::OnFocusLost() reason 0
[2019.01.08-16.54.53:482][235]Cmd: RestartLevel
[2019.01.08-16.54.53:567][236]LogNet: Browse: /Game/ThirdPersonBP/Levels/Level1?restart
[2019.01.08-16.54.53:652][236]LogLoad: LoadMap: /Game/ThirdPersonBP/Levels/Level1
[2019.01.08-16.54.54:232][236]LogAIModule: Creating AISystem for world Level1
[2019.01.08-16.54.54:233][236]LogLoad: Game class is 'RunGameMode_C'
[2019.01.08-16.54.54:236][236]LogWorld: Bringing World /Game/ThirdPersonBP/Levels/UEDPIE_0_Level1.Level1 up for play (max tick rate 60) at 2019.01.08-18.54.54
[2019.01.08-16.54.54:236][236]LogWorld: Bringing up level for play took: 0.002152
[2019.01.08-16.54.54:274][236]LogLoad: Took 0.622135 seconds to LoadMap(/Game/ThirdPersonBP/Levels/Level1)
[2019.01.08-16.55.00:732][336]Cmd: RestartLevel
[2019.01.08-16.55.00:783][337]LogNet: Browse: /Game/ThirdPersonBP/Levels/Level1?restart
[2019.01.08-16.55.00:833][337]LogLoad: LoadMap: /Game/ThirdPersonBP/Levels/Level1
[2019.01.08-16.55.01:265][337]LogAIModule: Creating AISystem for world Level1
[2019.01.08-16.55.01:266][337]LogLoad: Game class is 'RunGameMode_C'
[2019.01.08-16.55.01:268][337]LogWorld: Bringing World /Game/ThirdPersonBP/Levels/UEDPIE_0_Level1.Level1 up for play (max tick rate 60) at 2019.01.08-18.55.01
[2019.01.08-16.55.01:268][337]LogWorld: Bringing up level for play took: 0.001570
[2019.01.08-16.55.01:292][337]LogLoad: Took 0.458587 seconds to LoadMap(/Game/ThirdPersonBP/Levels/Level1)
[2019.01.08-16.55.02:215][347]LogBlueprintUserMessages: Early EndPlayMap Detection: Level '/Game/ThirdPersonBP/Levels/MainMenu.MainMenu:PersistentLevel' has LevelScriptBlueprint '/Game/ThirdPersonBP/Levels/MainMenu.MainMenu:PersistentLevel.MainMenu' with GeneratedClass '/Game/ThirdPersonBP/Levels/MainMenu.MainMenu_C' with ClassGeneratedBy '/Game/ThirdPersonBP/Levels/MainMenu.MainMenu:PersistentLevel.MainMenu'
[2019.01.08-16.55.02:215][347]LogSlate: Updating window title bar state: overlay mode, drag disabled, window buttons hidden, title bar hidden
[2019.01.08-16.55.02:299][347]LogSlate: Window 'TempleRun Game Preview Standalone (64-bit/PCD3D_SM5)' being destroyed
[2019.01.08-16.55.02:432][347]LogPlayLevel: Display: Shutting down PIE online subsystems
[2019.01.08-16.55.02:433][347]LogBlueprintUserMessages: Late EndPlayMap Detection: Level '/Game/ThirdPersonBP/Levels/MainMenu.MainMenu:PersistentLevel' has LevelScriptBlueprint '/Game/ThirdPersonBP/Levels/MainMenu.MainMenu:PersistentLevel.MainMenu' with GeneratedClass '/Game/ThirdPersonBP/Levels/MainMenu.MainMenu_C' with ClassGeneratedBy '/Game/ThirdPersonBP/Levels/MainMenu.MainMenu:PersistentLevel.MainMenu'
[2019.01.08-16.55.02:567][348]LogPlayLevel: Display: Destroying online subsystem :Context_9
[2019.01.08-16.55.26:862][190]LogSavePackage: Moving '../../../../../../Users/אורלי/Documents/GitHub/TempelRun-UnrealEngine/TempleRun/Saved/MainMenu434EE8EC441FCD98EBAE9CAD27D4CEE2.tmp' to '../../../../../../Users/אורלי/Documents/GitHub/TempelRun-UnrealEngine/TempleRun/Content/ThirdPersonBP/Levels/MainMenu.umap'
[2019.01.08-16.55.30:298][300]LogSlate: Window 'TempleRun - Unreal Editor' being destroyed
[2019.01.08-16.55.30:548][301]Cmd: QUIT_EDITOR
[2019.01.08-16.55.30:724][301]LogWindowsTextInputMethodSystem: Display: IME system now deactivated.
[2019.01.08-16.55.30:738][301]LogExit: Preparing to exit.
[2019.01.08-16.55.31:242][301]LogExit: Editor shut down
[2019.01.08-16.55.31:243][301]LogExit: Transaction tracking system shut down
[2019.01.08-16.55.31:959][301]LogExit: Object subsystem successfully closed.
[2019.01.08-16.55.31:994][301]LogShaderCompilers: Display: Shaders left to compile 0
[2019.01.08-16.55.32:005][301]LogD3D11RHI: Shutdown
[2019.01.08-16.55.32:005][301]LogD3D11RHI: CleanupD3DDevice
[2019.01.08-16.55.32:046][301]LogD3D11RHI: ~FD3D11DynamicRHI
[2019.01.08-16.55.32:140][301]LogModuleManager: Shutting down and abandoning module SequencerWidgets (618)
[2019.01.08-16.55.32:140][301]LogModuleManager: Shutting down and abandoning module BlueprintGraph (616)
[2019.01.08-16.55.32:140][301]LogModuleManager: Shutting down and abandoning module MovieSceneCapture (614)
[2019.01.08-16.55.32:140][301]LogModuleManager: Shutting down and abandoning module Voice (612)
[2019.01.08-16.55.32:140][301]LogModuleManager: Shutting down and abandoning module HierarchicalLODOutliner (610)
[2019.01.08-16.55.32:140][301]LogModuleManager: Shutting down and abandoning module SceneOutliner (608)
[2019.01.08-16.55.32:140][301]LogModuleManager: Shutting down and abandoning module AddContentDialog (606)
[2019.01.08-16.55.32:140][301]LogModuleManager: Shutting down and abandoning module WidgetCarousel (605)
[2019.01.08-16.55.32:140][301]LogModuleManager: Shutting down and abandoning module EditorWidgets (602)
[2019.01.08-16.55.32:140][301]LogModuleManager: Shutting down and abandoning module CollectionManager (600)
[2019.01.08-16.55.32:140][301]LogModuleManager: Shutting down and abandoning module StatsViewer (598)
[2019.01.08-16.55.32:140][301]LogModuleManager: Shutting down and abandoning module FoliageEdit (596)
[2019.01.08-16.55.32:140][301]LogModuleManager: Shutting down and abandoning module LandscapeEditor (594)
[2019.01.08-16.55.32:140][301]LogModuleManager: Shutting down and abandoning module MeshPaintMode (592)
[2019.01.08-16.55.32:141][301]LogModuleManager: Shutting down and abandoning module SceneDepthPickerMode (590)
[2019.01.08-16.55.32:141][301]LogModuleManager: Shutting down and abandoning module ActorPickerMode (588)
[2019.01.08-16.55.32:141][301]LogModuleManager: Shutting down and abandoning module GeometryMode (586)
[2019.01.08-16.55.32:141][301]LogModuleManager: Shutting down and abandoning module TextureAlignMode (584)
[2019.01.08-16.55.32:141][301]LogModuleManager: Shutting down and abandoning module BspMode (582)
[2019.01.08-16.55.32:141][301]LogModuleManager: Shutting down and abandoning module PIEPreviewDeviceProfileSelector (580)
[2019.01.08-16.55.32:141][301]LogModuleManager: Shutting down and abandoning module SequenceRecorderSections (578)
[2019.01.08-16.55.32:141][301]LogModuleManager: Shutting down and abandoning module AutomationWorker (576)
[2019.01.08-16.55.32:141][301]LogModuleManager: Shutting down and abandoning module AudioCaptureEditor (574)
[2019.01.08-16.55.32:141][301]LogModuleManager: Shutting down and abandoning module SequenceRecorder (573)
[2019.01.08-16.55.32:141][301]LogModuleManager: Shutting down and abandoning module MatineeToLevelSequence (570)
[2019.01.08-16.55.32:141][301]LogModuleManager: Shutting down and abandoning module LevelSequenceEditor (568)
[2019.01.08-16.55.32:141][301]LogModuleManager: Shutting down and abandoning module PlacementMode (567)
[2019.01.08-16.55.32:141][301]LogModuleManager: Shutting down and abandoning module MaterialEditor (566)
[2019.01.08-16.55.32:141][301]LogModuleManager: Shutting down and abandoning module WmfMediaFactory (562)
[2019.01.08-16.55.32:141][301]LogModuleManager: Shutting down and abandoning module WmfMediaEditor (560)
[2019.01.08-16.55.32:141][301]LogModuleManager: Shutting down and abandoning module MediaPlayerEditor (558)
[2019.01.08-16.55.32:141][301]LogModuleManager: Shutting down and abandoning module OpenExrWrapper (556)
[2019.01.08-16.55.32:141][301]LogModuleManager: Shutting down and abandoning module ImgMediaFactory (554)
[2019.01.08-16.55.32:141][301]LogModuleManager: Shutting down and abandoning module ImgMediaEditor (552)
[2019.01.08-16.55.32:141][301]LogModuleManager: Shutting down and abandoning module AvfMediaFactory (550)
[2019.01.08-16.55.32:141][301]LogModuleManager: Shutting down and abandoning module AvfMediaEditor (548)
[2019.01.08-16.55.32:141][301]LogModuleManager: Shutting down and abandoning module AndroidMediaFactory (546)
[2019.01.08-16.55.32:141][301]LogModuleManager: Shutting down and abandoning module AndroidMediaEditor (544)
[2019.01.08-16.55.32:141][301]LogModuleManager: Shutting down and abandoning module MagicLeapCameraPreviewFactory (542)
[2019.01.08-16.55.32:141][301]LogModuleManager: Shutting down and abandoning module MagicLeapMediaFactory (540)
[2019.01.08-16.55.32:141][301]LogModuleManager: Shutting down and abandoning module MagicLeapMediaEditor (538)
[2019.01.08-16.55.32:141][301]LogModuleManager: Shutting down and abandoning module CharacterAI (536)
[2019.01.08-16.55.32:141][301]LogModuleManager: Shutting down and abandoning module SmartSnapping (534)
[2019.01.08-16.55.32:141][301]LogModuleManager: Shutting down and abandoning module SessionServices (532)
[2019.01.08-16.55.32:141][301]LogModuleManager: Shutting down and abandoning module ViewportSnapping (530)
[2019.01.08-16.55.32:141][301]LogModuleManager: Shutting down and abandoning module ViewportInteraction (528)
[2019.01.08-16.55.32:141][301]LogModuleManager: Shutting down and abandoning module ClothPainter (526)
[2019.01.08-16.55.32:141][301]LogModuleManager: Shutting down and abandoning module SkeletalMeshEditor (525)
[2019.01.08-16.55.32:141][301]LogModuleManager: Shutting down and abandoning module LogVisualizer (522)
[2019.01.08-16.55.32:141][301]LogModuleManager: Shutting down and abandoning module IntroTutorials (520)
[2019.01.08-16.55.32:142][301]LogModuleManager: Shutting down and abandoning module GameProjectGeneration (519)
[2019.01.08-16.55.32:142][301]LogModuleManager: Shutting down and abandoning module LuminPlatformEditor (516)
[2019.01.08-16.55.32:142][301]LogModuleManager: Shutting down and abandoning module IOSPlatformEditor (514)
[2019.01.08-16.55.32:142][301]LogModuleManager: Shutting down and abandoning module HTML5PlatformEditor (512)
[2019.01.08-16.55.32:142][301]LogModuleManager: Shutting down and abandoning module AndroidPlatformEditor (510)
[2019.01.08-16.55.32:142][301]LogModuleManager: Shutting down and abandoning module AndroidDeviceDetection (509)
[2019.01.08-16.55.32:283][301]LogModuleManager: Shutting down and abandoning module WindowsPlatformEditor (506)
[2019.01.08-16.55.32:283][301]LogModuleManager: Shutting down and abandoning module LuminRuntimeSettings (504)
[2019.01.08-16.55.32:283][301]LogModuleManager: Shutting down and abandoning module IOSRuntimeSettings (502)
[2019.01.08-16.55.32:284][301]LogModuleManager: Shutting down and abandoning module AndroidRuntimeSettings (500)
[2019.01.08-16.55.32:284][301]LogModuleManager: Shutting down and abandoning module InputBindingEditor (498)
[2019.01.08-16.55.32:284][301]LogModuleManager: Shutting down and abandoning module MergeActors (496)
[2019.01.08-16.55.32:284][301]LogModuleManager: Shutting down and abandoning module LocalizationDashboard (494)
[2019.01.08-16.55.32:284][301]LogModuleManager: Shutting down and abandoning module LocalizationService (493)
[2019.01.08-16.55.32:284][301]LogModuleManager: Shutting down and abandoning module HardwareTargeting (490)
[2019.01.08-16.55.32:284][301]LogModuleManager: Shutting down and abandoning module DeviceProfileEditor (488)
[2019.01.08-16.55.32:284][301]LogModuleManager: Shutting down and abandoning module UndoHistory (486)
[2019.01.08-16.55.32:284][301]LogModuleManager: Shutting down and abandoning module XmlParser (484)
[2019.01.08-16.55.32:284][301]LogModuleManager: Shutting down and abandoning module Blutility (482)
[2019.01.08-16.55.32:284][301]LogModuleManager: Shutting down and abandoning module ProjectSettingsViewer (480)
[2019.01.08-16.55.32:284][301]LogModuleManager: Shutting down and abandoning module ProjectTargetPlatformEditor (479)
[2019.01.08-16.55.32:284][301]LogModuleManager: Shutting down and abandoning module EditorSettingsViewer (476)
[2019.01.08-16.55.32:284][301]LogModuleManager: Shutting down and abandoning module SettingsEditor (474)
[2019.01.08-16.55.32:284][301]LogModuleManager: Shutting down and abandoning module ProjectLauncher (472)
[2019.01.08-16.55.32:284][301]LogModuleManager: Shutting down and abandoning module SessionFrontend (470)
[2019.01.08-16.55.32:284][301]LogModuleManager: Shutting down and abandoning module ProfilerClient (468)
[2019.01.08-16.55.32:284][301]LogModuleManager: Shutting down and abandoning module DeviceManager (466)
[2019.01.08-16.55.32:284][301]LogModuleManager: Shutting down and abandoning module TargetDeviceServices (465)
[2019.01.08-16.55.32:348][301]LogModuleManager: Shutting down and abandoning module AutomationController (462)
[2019.01.08-16.55.32:348][301]LogModuleManager: Shutting down and abandoning module AutomationWindow (460)
[2019.01.08-16.55.32:348][301]LogModuleManager: Shutting down and abandoning module Layers (458)
[2019.01.08-16.55.32:348][301]LogModuleManager: Shutting down and abandoning module ComponentVisualizers (456)
[2019.01.08-16.55.32:348][301]LogModuleManager: Shutting down and abandoning module DetailCustomizations (454)
[2019.01.08-16.55.32:348][301]LogModuleManager: Shutting down and abandoning module PackagesDialog (452)
[2019.01.08-16.55.32:349][301]LogModuleManager: Shutting down and abandoning module Persona (450)
[2019.01.08-16.55.32:349][301]LogModuleManager: Shutting down and abandoning module AdvancedPreviewScene (449)
[2019.01.08-16.55.32:349][301]LogModuleManager: Shutting down and abandoning module AnimGraph (447)
[2019.01.08-16.55.32:349][301]LogModuleManager: Shutting down and abandoning module Kismet (444)
[2019.01.08-16.55.32:356][301]LogModuleManager: Shutting down and abandoning module GraphEditor (442)
[2019.01.08-16.55.32:357][301]LogModuleManager: Shutting down and abandoning module ClassViewer (440)
[2019.01.08-16.55.32:357][301]LogModuleManager: Shutting down and abandoning module Toolbox (438)
[2019.01.08-16.55.32:357][301]LogModuleManager: Shutting down and abandoning module ModuleUI (436)
[2019.01.08-16.55.32:357][301]LogModuleManager: Shutting down and abandoning module MovieSceneTools (434)
[2019.01.08-16.55.32:357][301]LogModuleManager: Shutting down and abandoning module OutputLog (432)
[2019.01.08-16.55.32:357][301]LogModuleManager: Shutting down and abandoning module GammaUI (430)
[2019.01.08-16.55.32:357][301]LogModuleManager: Shutting down and abandoning module Documentation (428)
[2019.01.08-16.55.32:357][301]LogModuleManager: Shutting down and abandoning module MovieSceneTracks (426)
[2019.01.08-16.55.32:357][301]LogModuleManager: Shutting down and abandoning module MovieScene (424)
[2019.01.08-16.55.32:357][301]LogModuleManager: Shutting down and abandoning module StreamingPauseRendering (422)
[2019.01.08-16.55.32:357][301]LogModuleManager: Shutting down and abandoning module LauncherPlatform (420)
[2019.01.08-16.55.32:357][301]LogModuleManager: Shutting down and abandoning module AnalyticsET (418)
[2019.01.08-16.55.32:357][301]LogModuleManager: Shutting down and abandoning module PortalServices (416)
[2019.01.08-16.55.32:357][301]LogModuleManager: Shutting down and abandoning module PortalRpc (414)
[2019.01.08-16.55.32:357][301]LogModuleManager: Shutting down and abandoning module MessagingRpc (412)
[2019.01.08-16.55.32:357][301]LogModuleManager: Shutting down and abandoning module AIModule (410)
[2019.01.08-16.55.32:357][301]LogModuleManager: Shutting down and abandoning module GameplayDebugger (409)
[2019.01.08-16.55.32:357][301]LogModuleManager: Shutting down and abandoning module AITestSuite (407)
[2019.01.08-16.55.32:357][301]LogModuleManager: Shutting down and abandoning module NavigationSystem (405)
[2019.01.08-16.55.32:357][301]LogModuleManager: Shutting down and abandoning module DesktopPlatform (402)
[2019.01.08-16.55.32:357][301]LogModuleManager: Shutting down and abandoning module ProfilerService (400)
[2019.01.08-16.55.32:396][301]LogModuleManager: Shutting down and abandoning module TaskGraph (398)
[2019.01.08-16.55.32:396][301]LogModuleManager: Shutting down and abandoning module SteamVRController (396)
[2019.01.08-16.55.32:396][301]LogModuleManager: Shutting down and abandoning module ProceduralMeshComponentEditor (394)
[2019.01.08-16.55.32:396][301]LogModuleManager: Shutting down and abandoning module ProceduralMeshComponent (392)
[2019.01.08-16.55.32:396][301]LogModuleManager: Shutting down and abandoning module OculusInput (390)
[2019.01.08-16.55.32:396][301]LogModuleManager: Shutting down and abandoning module MobilePatchingUtils (388)
[2019.01.08-16.55.32:396][301]LogModuleManager: Shutting down and abandoning module EditableMesh (386)
[2019.01.08-16.55.32:396][301]LogModuleManager: Shutting down and abandoning module CustomMeshComponent (384)
[2019.01.08-16.55.32:396][301]LogModuleManager: Shutting down and abandoning module CableComponent (382)
[2019.01.08-16.55.32:396][301]LogModuleManager: Shutting down and abandoning module AudioCapture (380)
[2019.01.08-16.55.32:396][301]LogModuleManager: Shutting down and abandoning module ArchVisCharacter (378)
[2019.01.08-16.55.32:396][301]LogModuleManager: Shutting down and abandoning module AndroidPermission (376)
[2019.01.08-16.55.32:396][301]LogModuleManager: Shutting down and abandoning module NUTUnrealEngine4 (374)
[2019.01.08-16.55.32:396][301]LogModuleManager: Shutting down and abandoning module NetcodeUnitTest (372)
[2019.01.08-16.55.32:396][301]LogModuleManager: Shutting down and abandoning module MediaCompositingEditor (370)
[2019.01.08-16.55.32:396][301]LogModuleManager: Shutting down and abandoning module MediaCompositing (368)
[2019.01.08-16.55.32:396][301]LogModuleManager: Shutting down and abandoning module LinearTimecode (366)
[2019.01.08-16.55.32:396][301]LogModuleManager: Shutting down and abandoning module ImgMedia (364)
[2019.01.08-16.55.32:401][301]LogModuleManager: Shutting down and abandoning module HTML5Networking (362)
[2019.01.08-16.55.32:401][301]LogModuleManager: Shutting down and abandoning module GeometryCacheTracks (360)
[2019.01.08-16.55.32:401][301]LogModuleManager: Shutting down and abandoning module GeometryCacheSequencer (358)
[2019.01.08-16.55.32:402][301]LogModuleManager: Shutting down and abandoning module BackChannel (356)
[2019.01.08-16.55.32:402][301]LogModuleManager: Shutting down and abandoning module AppleVision (354)
[2019.01.08-16.55.32:402][301]LogModuleManager: Shutting down and abandoning module AppleImageUtils (352)
[2019.01.08-16.55.32:402][301]LogModuleManager: Shutting down and abandoning module AlembicImporter (350)
[2019.01.08-16.55.32:402][301]LogModuleManager: Shutting down and abandoning module AlembicLibrary (349)
[2019.01.08-16.55.32:402][301]LogModuleManager: Shutting down and abandoning module GeometryCache (348)
[2019.01.08-16.55.32:402][301]LogModuleManager: Shutting down and abandoning module GeometryCacheEd (347)
[2019.01.08-16.55.32:402][301]LogModuleManager: Shutting down and abandoning module DatasmithContentEditor (342)
[2019.01.08-16.55.32:402][301]LogModuleManager: Shutting down and abandoning module DatasmithContent (340)
[2019.01.08-16.55.32:402][301]LogModuleManager: Shutting down and abandoning module SpeedTreeImporter (338)
[2019.01.08-16.55.32:402][301]LogModuleManager: Shutting down and abandoning module PluginBrowser (336)
[2019.01.08-16.55.32:402][301]LogModuleManager: Shutting down and abandoning module MobileLauncherProfileWizard (334)
[2019.01.08-16.55.32:402][301]LogModuleManager: Shutting down and abandoning module PolygonModeling (332)
[2019.01.08-16.55.32:402][301]LogModuleManager: Shutting down and abandoning module MeshEditor (330)
[2019.01.08-16.55.32:402][301]LogModuleManager: Shutting down and abandoning module CryptoKeysOpenSSL (328)
[2019.01.08-16.55.32:402][301]LogModuleManager: Shutting down and abandoning module CryptoKeys (326)
[2019.01.08-16.55.32:402][301]LogModuleManager: Shutting down and abandoning module VisualStudioSourceCodeAccess (324)
[2019.01.08-16.55.32:402][301]LogModuleManager: Shutting down and abandoning module VisualStudioCodeSourceCodeAccess (322)
[2019.01.08-16.55.32:402][301]LogModuleManager: Shutting down and abandoning module UObjectPlugin (320)
[2019.01.08-16.55.32:402][301]LogModuleManager: Shutting down and abandoning module SubversionSourceControl (318)
[2019.01.08-16.55.32:402][301]LogModuleManager: Shutting down and abandoning module PerforceSourceControl (316)
[2019.01.08-16.55.32:402][301]LogModuleManager: Shutting down and abandoning module GitSourceControl (314)
[2019.01.08-16.55.32:402][301]LogModuleManager: Shutting down and abandoning module SourceControl (313)
[2019.01.08-16.55.32:403][301]LogModuleManager: Shutting down and abandoning module CLionSourceCodeAccess (310)
[2019.01.08-16.55.32:403][301]LogModuleManager: Shutting down and abandoning module LightPropagationVolumeEditor (308)
[2019.01.08-16.55.32:403][301]LogModuleManager: Shutting down and abandoning module PaperTiledImporter (306)
[2019.01.08-16.55.32:403][301]LogModuleManager: Shutting down and abandoning module PaperSpriteSheetImporter (304)
[2019.01.08-16.55.32:403][301]LogModuleManager: Shutting down and abandoning module Paper2DEditor (302)
[2019.01.08-16.55.32:403][301]LogModuleManager: Shutting down and abandoning module MeshPaint (301)
[2019.01.08-16.55.32:403][301]LogModuleManager: Shutting down and abandoning module RuntimePhysXCooking (298)
[2019.01.08-16.55.32:403][301]LogModuleManager: Shutting down and abandoning module PhysXVehiclesEditor (296)
[2019.01.08-16.55.32:403][301]LogModuleManager: Shutting down and abandoning module PhysXVehicles (294)
[2019.01.08-16.55.32:403][301]LogModuleManager: Shutting down and abandoning module OculusEditor (292)
[2019.01.08-16.55.32:403][301]LogModuleManager: Shutting down and abandoning module LocationServicesBPLibrary (290)
[2019.01.08-16.55.32:403][301]LogModuleManager: Shutting down and abandoning module ImmediatePhysicsEditor (288)
[2019.01.08-16.55.32:403][301]LogModuleManager: Shutting down and abandoning module ImmediatePhysics (286)
[2019.01.08-16.55.32:403][301]LogModuleManager: Shutting down and abandoning module ActorSequence (284)
[2019.01.08-16.55.32:403][301]LogModuleManager: Shutting down and abandoning module UdpMessaging (282)
[2019.01.08-16.55.32:504][301]LogModuleManager: Shutting down and abandoning module TcpMessaging (280)
[2019.01.08-16.55.32:604][301]LogModuleManager: Shutting down and abandoning module MagicLeapAudio (278)
[2019.01.08-16.55.32:604][301]LogModuleManager: Shutting down and abandoning module GameplayTagsEditor (276)
[2019.01.08-16.55.32:604][301]LogModuleManager: Shutting down and abandoning module FacialAnimationEditor (274)
[2019.01.08-16.55.32:604][301]LogModuleManager: Shutting down and abandoning module FacialAnimation (272)
[2019.01.08-16.55.32:604][301]LogModuleManager: Shutting down and abandoning module DataValidation (270)
[2019.01.08-16.55.32:604][301]LogModuleManager: Shutting down and abandoning module AssetManagerEditor (268)
[2019.01.08-16.55.32:604][301]LogModuleManager: Shutting down and abandoning module LevelEditor (267)
[2019.01.08-16.55.32:606][301]LogModuleManager: Shutting down and abandoning module PixelInspectorModule (266)
[2019.01.08-16.55.32:606][301]LogModuleManager: Shutting down and abandoning module CommonMenuExtensions (264)
[2019.01.08-16.55.32:606][301]LogModuleManager: Shutting down and abandoning module MainFrame (262)
[2019.01.08-16.55.32:606][301]LogModuleManager: Shutting down and abandoning module HotReload (261)
[2019.01.08-16.55.32:607][301]LogModuleManager: Shutting down and abandoning module ContentBrowser (257)
[2019.01.08-16.55.32:609][301]LogModuleManager: Shutting down and abandoning module TreeMap (255)
[2019.01.08-16.55.32:609][301]LogModuleManager: Shutting down and abandoning module LightPropagationVolumeRuntime (252)
[2019.01.08-16.55.32:609][301]LogModuleManager: Shutting down and abandoning module AISupportModule (250)
[2019.01.08-16.55.32:609][301]LogModuleManager: Shutting down and abandoning module Paper2D (248)
[2019.01.08-16.55.32:609][301]LogModuleManager: Shutting down and abandoning module WindowsMoviePlayer (246)
[2019.01.08-16.55.32:609][301]LogModuleManager: Shutting down and abandoning module WmfMedia (244)
[2019.01.08-16.55.32:609][301]LogModuleManager: Shutting down and abandoning module Media (243)
[2019.01.08-16.55.32:617][301]LogModuleManager: Shutting down and abandoning module PacketHandler (240)
[2019.01.08-16.55.32:618][301]LogModuleManager: Shutting down and abandoning module ClothingSystemEditor (238)
[2019.01.08-16.55.32:618][301]LogModuleManager: Shutting down and abandoning module ClothingSystemRuntime (236)
[2019.01.08-16.55.32:618][301]LogModuleManager: Shutting down and abandoning module MediaAssets (234)
[2019.01.08-16.55.32:618][301]LogModuleManager: Shutting down and abandoning module Overlay (232)
[2019.01.08-16.55.32:618][301]LogModuleManager: Shutting down and abandoning module OverlayEditor (231)
[2019.01.08-16.55.32:618][301]LogModuleManager: Shutting down and abandoning module VREditor (228)
[2019.01.08-16.55.32:618][301]LogModuleManager: Shutting down and abandoning module StringTableEditor (226)
[2019.01.08-16.55.32:618][301]LogModuleManager: Shutting down and abandoning module GameplayTasksEditor (224)
[2019.01.08-16.55.32:618][301]LogModuleManager: Shutting down and abandoning module BehaviorTreeEditor (222)
[2019.01.08-16.55.32:619][301]LogModuleManager: Shutting down and abandoning module FunctionalTesting (220)
[2019.01.08-16.55.32:619][301]LogModuleManager: Shutting down and abandoning module CollisionAnalyzer (218)
[2019.01.08-16.55.32:619][301]LogModuleManager: Shutting down and abandoning module WorkspaceMenuStructure (217)
[2019.01.08-16.55.32:619][301]LogModuleManager: Shutting down and abandoning module UMG (214)
[2019.01.08-16.55.32:619][301]LogModuleManager: Shutting down and abandoning module UMGEditor (213)
[2019.01.08-16.55.32:619][301]LogModuleManager: Shutting down and abandoning module Sequencer (212)
[2019.01.08-16.55.32:619][301]LogModuleManager: Shutting down and abandoning module MessageLog (209)
[2019.01.08-16.55.32:619][301]LogModuleManager: Shutting down and abandoning module SlateReflector (204)
[2019.01.08-16.55.32:620][301]LogModuleManager: Shutting down and abandoning module Slate (202)
[2019.01.08-16.55.32:620][301]LogModuleManager: Shutting down and abandoning module EditorStyle (200)
[2019.01.08-16.55.32:624][301]LogModuleManager: Shutting down and abandoning module MRMesh (198)
[2019.01.08-16.55.32:624][301]LogModuleManager: Shutting down and abandoning module SourceCodeAccess (196)
[2019.01.08-16.55.32:624][301]LogModuleManager: Shutting down and abandoning module HeadMountedDisplay (194)
[2019.01.08-16.55.32:624][301]LogModuleManager: Shutting down and abandoning module XAudio2 (192)
[2019.01.08-16.55.32:624][301]LogModuleManager: Shutting down and abandoning module Networking (190)
[2019.01.08-16.55.32:624][301]LogModuleManager: Shutting down and abandoning module Core (188)
[2019.01.08-16.55.32:624][301]LogModuleManager: Shutting down and abandoning module LevelSequence (186)
[2019.01.08-16.55.32:624][301]LogModuleManager: Shutting down and abandoning module KismetCompiler (184)
[2019.01.08-16.55.32:624][301]LogModuleManager: Shutting down and abandoning module MeshUtilities (182)
[2019.01.08-16.55.32:624][301]LogModuleManager: Shutting down and abandoning module MeshMergeUtilities (181)
[2019.01.08-16.55.32:625][301]LogModuleManager: Shutting down and abandoning module MeshReductionInterface (180)
[2019.01.08-16.55.32:625][301]LogModuleManager: Shutting down and abandoning module SimplygonSwarm (179)
[2019.01.08-16.55.32:625][301]LogModuleManager: Shutting down and abandoning module ProxyLODMeshReduction (177)
[2019.01.08-16.55.32:625][301]LogModuleManager: Shutting down and abandoning module SimplygonMeshReduction (175)
[2019.01.08-16.55.32:625][301]LogModuleManager: Shutting down and abandoning module QuadricMeshReduction (173)
[2019.01.08-16.55.32:625][301]LogModuleManager: Shutting down and abandoning module MaterialBaking (169)
[2019.01.08-16.55.32:625][301]LogModuleManager: Shutting down and abandoning module DirectoryWatcher (165)
[2019.01.08-16.55.32:625][301]LogModuleManager: Shutting down and abandoning module DerivedDataCache (162)
[2019.01.08-16.55.32:639][301]LogDerivedDataCache: Shutdown
[2019.01.08-16.55.32:639][301]LogModuleManager: Shutting down and abandoning module XGEController (160)
[2019.01.08-16.55.32:639][301]LogModuleManager: Shutting down and abandoning module TargetPlatform (158)
[2019.01.08-16.55.32:639][301]LogModuleManager: Shutting down and abandoning module VulkanShaderFormat (157)
[2019.01.08-16.55.32:639][301]LogModuleManager: Shutting down and abandoning module ShaderFormatVectorVM (155)
[2019.01.08-16.55.32:639][301]LogModuleManager: Shutting down and abandoning module ShaderFormatOpenGL (153)
[2019.01.08-16.55.32:639][301]LogModuleManager: Shutting down and abandoning module ShaderFormatD3D (151)
[2019.01.08-16.55.32:639][301]LogModuleManager: Shutting down and abandoning module MetalShaderFormat (149)
[2019.01.08-16.55.32:639][301]LogModuleManager: Shutting down and abandoning module TextureFormatUncompressed (147)
[2019.01.08-16.55.32:639][301]LogModuleManager: Shutting down and abandoning module TextureFormatPVR (145)
[2019.01.08-16.55.32:639][301]LogModuleManager: Shutting down and abandoning module TextureFormatDXT (143)
[2019.01.08-16.55.32:639][301]LogModuleManager: Shutting down and abandoning module TextureFormatIntelISPCTexComp (141)
[2019.01.08-16.55.32:639][301]LogModuleManager: Shutting down and abandoning module TextureFormatASTC (139)
[2019.01.08-16.55.32:639][301]LogModuleManager: Shutting down and abandoning module ImageWrapper (138)
[2019.01.08-16.55.32:639][301]LogModuleManager: Shutting down and abandoning module TextureFormatAndroid (135)
[2019.01.08-16.55.32:639][301]LogModuleManager: Shutting down and abandoning module AudioFormatOpus (133)
[2019.01.08-16.55.32:639][301]LogModuleManager: Shutting down and abandoning module AudioFormatOgg (131)
[2019.01.08-16.55.32:639][301]LogModuleManager: Shutting down and abandoning module AudioFormatADPCM (129)
[2019.01.08-16.55.32:639][301]LogModuleManager: Shutting down and abandoning module LuminTargetPlatform (127)
[2019.01.08-16.55.32:639][301]LogModuleManager: Shutting down and abandoning module LinuxTargetPlatform (125)
[2019.01.08-16.55.32:640][301]LogModuleManager: Shutting down and abandoning module LinuxServerTargetPlatform (123)
[2019.01.08-16.55.32:640][301]LogModuleManager: Shutting down and abandoning module LinuxNoEditorTargetPlatform (121)
[2019.01.08-16.55.32:640][301]LogModuleManager: Shutting down and abandoning module LinuxClientTargetPlatform (119)
[2019.01.08-16.55.32:640][301]LogModuleManager: Shutting down and abandoning module TVOSTargetPlatform (117)
[2019.01.08-16.55.32:641][301]LogModuleManager: Shutting down and abandoning module Messaging (115)
[2019.01.08-16.55.32:641][301]LogModuleManager: Shutting down and abandoning module IOSTargetPlatform (113)
[2019.01.08-16.55.32:643][301]LogModuleManager: Shutting down and abandoning module HTML5TargetPlatform (111)
[2019.01.08-16.55.32:643][301]LogModuleManager: Shutting down and abandoning module AndroidTargetPlatform (109)
[2019.01.08-16.55.32:657][301]LogModuleManager: Shutting down and abandoning module WindowsTargetPlatform (107)
[2019.01.08-16.55.32:657][301]LogModuleManager: Shutting down and abandoning module WindowsServerTargetPlatform (105)
[2019.01.08-16.55.32:657][301]LogModuleManager: Shutting down and abandoning module WindowsNoEditorTargetPlatform (103)
[2019.01.08-16.55.32:657][301]LogModuleManager: Shutting down and abandoning module WindowsClientTargetPlatform (101)
[2019.01.08-16.55.32:657][301]LogModuleManager: Shutting down and abandoning module MacTargetPlatform (99)
[2019.01.08-16.55.32:657][301]LogModuleManager: Shutting down and abandoning module MacServerTargetPlatform (97)
[2019.01.08-16.55.32:657][301]LogModuleManager: Shutting down and abandoning module MacNoEditorTargetPlatform (95)
[2019.01.08-16.55.32:658][301]LogModuleManager: Shutting down and abandoning module MacClientTargetPlatform (93)
[2019.01.08-16.55.32:658][301]LogModuleManager: Shutting down and abandoning module AllDesktopTargetPlatform (91)
[2019.01.08-16.55.32:658][301]LogModuleManager: Shutting down and abandoning module InputCore (88)
[2019.01.08-16.55.32:658][301]LogModuleManager: Shutting down and abandoning module Settings (86)
[2019.01.08-16.55.32:658][301]LogModuleManager: Shutting down and abandoning module PhysXCooking (84)
[2019.01.08-16.55.32:658][301]LogModuleManager: Shutting down and abandoning module SteamVR (82)
[2019.01.08-16.55.32:658][301]LogModuleManager: Shutting down and abandoning module OculusHMD (80)
[2019.01.08-16.55.32:658][301]LogModuleManager: Shutting down and abandoning module ExampleDeviceProfileSelector (78)
[2019.01.08-16.55.32:658][301]LogModuleManager: Shutting down and abandoning module LauncherChunkInstaller (76)
[2019.01.08-16.55.32:658][301]LogModuleManager: Shutting down and abandoning module OnlineBlueprintSupport (74)
[2019.01.08-16.55.32:658][301]LogModuleManager: Shutting down and abandoning module OnlineSubsystem (70)
[2019.01.08-16.55.32:659][301]LogModuleManager: Shutting down and abandoning module XMPP (65)
[2019.01.08-16.55.32:659][301]LogModuleManager: Shutting down and abandoning module WebSockets (64)
[2019.01.08-16.55.32:682][301]LogModuleManager: Shutting down and abandoning module HTTP (61)
[2019.01.08-16.55.32:682][301]LogHttp: Display: Http module shutting down, but needs to wait on 1 outstanding Http requests:
[2019.01.08-16.55.32:682][301]LogHttp: Display: 	verb=[POST] url=[https://datarouter.ol.epicgames.com/datarouter/api/v1/public/data?SessionID=%7BD64322F6-44F7-A8BE-4791-F2AAD30C60FB%7D&AppID=UEEditor.Rocket.Release&AppVersion=4.20.3-4369336%2B%2B%2BUE4%2BRelease-4.20&UserID=275563794eb2f285a301eeb9b73aeb10%7C2e359d416f14471aab8308ec227836a8%7C979a699b-0543-4aaa-b7c2-8c9493cd5850&AppEnvironment=datacollector-binary&UploadType=eteventstream] status=Processing
[2019.01.08-16.55.32:717][301]LogModuleManager: Shutting down and abandoning module SSL (60)
[2019.01.08-16.55.32:721][301]LogModuleManager: Shutting down and abandoning module MagicLeapEmulator (56)
[2019.01.08-16.55.32:721][301]LogModuleManager: Shutting down and abandoning module MagicLeapPrivileges (54)
[2019.01.08-16.55.32:721][301]LogModuleManager: Shutting down and abandoning module MagicLeapIdentity (52)
[2019.01.08-16.55.32:722][301]LogModuleManager: Shutting down and abandoning module MagicLeapHelperVulkan (50)
[2019.01.08-16.55.32:722][301]LogModuleManager: Shutting down and abandoning module MagicLeapHelperOpenGL (48)
[2019.01.08-16.55.32:722][301]LogModuleManager: Shutting down and abandoning module MagicLeapSecureStorage (46)
[2019.01.08-16.55.32:722][301]LogModuleManager: Shutting down and abandoning module MagicLeapGestures (44)
[2019.01.08-16.55.32:722][301]LogModuleManager: Shutting down and abandoning module MagicLeapEyeTracker (42)
[2019.01.08-16.55.32:722][301]LogModuleManager: Shutting down and abandoning module MagicLeapController (40)
[2019.01.08-16.55.32:722][301]LogSlate: Slate User Destroyed.  User Index 0, Is Virtual User: 0
[2019.01.08-16.55.32:722][301]LogModuleManager: Shutting down and abandoning module MagicLeap (38)
[2019.01.08-16.55.32:722][301]LogModuleManager: Shutting down and abandoning module AnimationModifiers (36)
[2019.01.08-16.55.32:723][301]LogModuleManager: Shutting down and abandoning module PropertyEditor (35)
[2019.01.08-16.55.32:723][301]LogModuleManager: Shutting down and abandoning module AudioEditor (32)
[2019.01.08-16.55.32:723][301]LogModuleManager: Shutting down and abandoning module TextureCompressor (30)
[2019.01.08-16.55.32:723][301]LogModuleManager: Shutting down and abandoning module ShaderCore (28)
[2019.01.08-16.55.32:723][301]LogModuleManager: Shutting down and abandoning module Landscape (26)
[2019.01.08-16.55.32:723][301]LogModuleManager: Shutting down and abandoning module SlateRHIRenderer (24)
[2019.01.08-16.55.32:726][301]LogModuleManager: Shutting down and abandoning module OpenGLDrv (22)
[2019.01.08-16.55.32:726][301]LogModuleManager: Shutting down and abandoning module D3D11RHI (20)
[2019.01.08-16.55.32:727][301]LogModuleManager: Shutting down and abandoning module AnimGraphRuntime (18)
[2019.01.08-16.55.32:727][301]LogModuleManager: Shutting down and abandoning module Renderer (16)
[2019.01.08-16.55.32:727][301]LogModuleManager: Shutting down and abandoning module Engine (14)
[2019.01.08-16.55.32:727][301]LogModuleManager: Shutting down and abandoning module CoreUObject (12)
[2019.01.08-16.55.32:727][301]LogModuleManager: Shutting down and abandoning module NetworkFile (10)
[2019.01.08-16.55.32:727][301]LogModuleManager: Shutting down and abandoning module CookedIterativeFile (8)
[2019.01.08-16.55.32:727][301]LogModuleManager: Shutting down and abandoning module StreamingFile (6)
[2019.01.08-16.55.32:727][301]LogModuleManager: Shutting down and abandoning module SandboxFile (4)
[2019.01.08-16.55.32:727][301]LogModuleManager: Shutting down and abandoning module PakFile (2)
[2019.01.08-16.55.32:736][301]LogExit: Exiting.
[2019.01.08-16.55.32:742][301]Log file closed, 01/08/19 18:55:32
