Log file open, 01/03/19 15:24:48
LogWindows: Failed to load 'aqProf.dll' (GetLastError=126)
LogWindows: File 'aqProf.dll' does not exist
LogWindows: Failed to load 'VSPerf140.dll' (GetLastError=126)
LogWindows: File 'VSPerf140.dll' does not exist
LogWindows: Failed to load 'VtuneApi.dll' (GetLastError=126)
LogWindows: File 'VtuneApi.dll' does not exist
LogWindows: Failed to load 'VtuneApi32e.dll' (GetLastError=126)
LogWindows: File 'VtuneApi32e.dll' does not exist
LogInit: Display: Running engine for game: TempleRun
LogPlatformFile: Not using cached read wrapper
LogTaskGraph: Started task graph with 5 named threads and 11 total threads with 3 sets of task threads.
LogStats: Stats thread started at 0.168327
LogD3D11RHI: Loaded GFSDK_Aftermath_Lib.x64.dll
LogICUInternationalization: Display: ICU TimeZone Detection - Raw Offset: +2:00, Platform Override: ''
LogPluginManager: Mounting plugin Paper2D
LogPluginManager: Mounting plugin AISupport
LogPluginManager: Mounting plugin LightPropagationVolume
LogPluginManager: Mounting plugin CLionSourceCodeAccess
LogPluginManager: Mounting plugin CodeLiteSourceCodeAccess
LogPluginManager: Mounting plugin GitSourceControl
LogPluginManager: Mounting plugin KDevelopSourceCodeAccess
LogPluginManager: Mounting plugin NullSourceCodeAccess
LogPluginManager: Mounting plugin PerforceSourceControl
LogPluginManager: Mounting plugin SubversionSourceControl
LogPluginManager: Mounting plugin UObjectPlugin
LogPluginManager: Mounting plugin VisualStudioCodeSourceCodeAccess
LogPluginManager: Mounting plugin VisualStudioSourceCodeAccess
LogPluginManager: Mounting plugin XCodeSourceCodeAccess
LogPluginManager: Mounting plugin AssetManagerEditor
LogPluginManager: Mounting plugin CryptoKeys
LogPluginManager: Mounting plugin DataValidation
LogPluginManager: Mounting plugin FacialAnimation
LogPluginManager: Mounting plugin GameplayTagsEditor
LogPluginManager: Mounting plugin MacGraphicsSwitching
LogPluginManager: Mounting plugin MeshEditor
LogPluginManager: Mounting plugin MobileLauncherProfileWizard
LogPluginManager: Mounting plugin PluginBrowser
LogPluginManager: Mounting plugin SpeedTreeImporter
LogPluginManager: Mounting plugin DatasmithContent
LogPluginManager: Mounting plugin AlembicImporter
LogPluginManager: Mounting plugin AppleImageUtils
LogPluginManager: Mounting plugin AppleVision
LogPluginManager: Mounting plugin BackChannel
LogPluginManager: Mounting plugin CharacterAI
LogPluginManager: Mounting plugin GeometryCache
LogPluginManager: Mounting plugin HTML5Networking
LogPluginManager: Mounting plugin ProxyLODPlugin
LogPluginManager: Mounting plugin MagicLeap
LogPluginManager: Mounting plugin MagicLeapEmulator
LogPluginManager: Mounting plugin MagicLeapMedia
LogPluginManager: Mounting plugin AndroidMedia
LogPluginManager: Mounting plugin AvfMedia
LogPluginManager: Mounting plugin ImgMedia
LogPluginManager: Mounting plugin LinearTimecode
LogPluginManager: Mounting plugin MediaCompositing
LogPluginManager: Mounting plugin MediaPlayerEditor
LogPluginManager: Mounting plugin WmfMedia
LogPluginManager: Mounting plugin TcpMessaging
LogPluginManager: Mounting plugin UdpMessaging
LogPluginManager: Mounting plugin ActorSequence
LogPluginManager: Mounting plugin LevelSequenceEditor
LogPluginManager: Mounting plugin MatineeToLevelSequence
LogPluginManager: Mounting plugin NetcodeUnitTest
LogPluginManager: Mounting plugin NUTUnrealEngine4
LogPluginManager: Mounting plugin OnlineSubsystemGooglePlay
LogPluginManager: Mounting plugin OnlineSubsystemIOS
LogPluginManager: Mounting plugin OnlineSubsystem
LogPluginManager: Mounting plugin OnlineSubsystemNull
LogPluginManager: Mounting plugin OnlineSubsystemUtils
LogPluginManager: Mounting plugin LauncherChunkInstaller
LogPluginManager: Mounting plugin AndroidDeviceProfileSelector
LogPluginManager: Mounting plugin AndroidMoviePlayer
LogPluginManager: Mounting plugin AndroidPermission
LogPluginManager: Mounting plugin AppleMoviePlayer
LogPluginManager: Mounting plugin ArchVisCharacter
LogPluginManager: Mounting plugin AudioCapture
LogPluginManager: Mounting plugin CableComponent
LogPluginManager: Mounting plugin CustomMeshComponent
LogPluginManager: Mounting plugin EditableMesh
LogPluginManager: Mounting plugin ExampleDeviceProfileSelector
LogPluginManager: Mounting plugin GoogleCloudMessaging
LogPluginManager: Mounting plugin ImmediatePhysics
LogPluginManager: Mounting plugin IOSDeviceProfileSelector
LogPluginManager: Mounting plugin LinuxDeviceProfileSelector
LogPluginManager: Mounting plugin LocationServicesBPLibrary
LogPluginManager: Mounting plugin MobilePatchingUtils
LogPluginManager: Mounting plugin OculusVR
LogPluginManager: Plugin shader directory ../../../Engine/Plugins/Runtime/Oculus/OculusVR/Shaders found
LogPluginManager: Mapping shader source directory ../../../Engine/Plugins/Runtime/Oculus/OculusVR/Shaders to virtual directory /Plugin/OculusVR
LogPluginManager: Mounting plugin PhysXVehicles
LogPluginManager: Mounting plugin ProceduralMeshComponent
LogPluginManager: Mounting plugin RuntimePhysXCooking
LogPluginManager: Mounting plugin SteamVR
LogPluginManager: Mounting plugin WindowsMoviePlayer
LogStreaming: Display: Took  0.079s to configure plugins.
LogInit: Using libcurl 7.55.1-DEV
LogInit:  - built for x86_64-pc-win32
LogInit:  - supports SSL with OpenSSL/1.0.2h
LogInit:  - supports HTTP deflate (compression) using libz 1.2.8
LogInit:  - other features:
LogInit:      CURL_VERSION_SSL
LogInit:      CURL_VERSION_LIBZ
LogInit:      CURL_VERSION_IPV6
LogInit:      CURL_VERSION_ASYNCHDNS
LogInit:      CURL_VERSION_LARGEFILE
LogInit:      CURL_VERSION_IDN
LogInit:  CurlRequestOptions (configurable via config and command line):
LogInit:  - bVerifyPeer = false  - Libcurl will NOT verify peer certificate
LogInit:  - bUseHttpProxy = false  - Libcurl will NOT use HTTP proxy
LogInit:  - bDontReuseConnections = false  - Libcurl will reuse connections
LogInit:  - CertBundlePath = nullptr  - Libcurl will use whatever was configured at build time.
LogInit:  - MaxHostConnections = 16  - Libcurl will limit the number of connections to a host
LogInit:  - LocalHostAddr = Default
LogInit:  - BufferSize = 65536
LogInit: WinSock: version 1.1 (2.2), MaxSocks=32767, MaxUdp=65467
LogInit: Build: ++UE4+Release-4.20-CL-4369336
LogInit: Engine Version: 4.20.3-4369336+++UE4+Release-4.20
LogInit: Compatible Engine Version: 4.20.0-4212847+++UE4+Release-4.20
LogInit: Net CL: 4212847
LogInit: OS: Windows 10 (), CPU: Intel(R) Core(TM) i7-5500U CPU @ 2.40GHz, GPU: Intel(R) HD Graphics 5500
LogInit: Compiled (64-bit): Sep 17 2018 12:26:19
LogInit: Compiled with Visual C++: 19.13.26129.00
LogInit: Build Configuration: Development
LogInit: Branch Name: ++UE4+Release-4.20
LogInit: Command Line:  
LogInit: Base Directory: C:/Program Files/Epic Games/UE_4.20/Engine/Binaries/Win64/
LogInit: Installed Engine Build: 1
LogDevObjectVersion: Number of dev versions registered: 20
LogDevObjectVersion:   Dev-Blueprints (B0D832E4-1F89-4F0D-ACCF-7EB736FD4AA2): 10
LogDevObjectVersion:   Dev-Build (E1C64328-A22C-4D53-A36C-8E866417BD8C): 0
LogDevObjectVersion:   Dev-Core (375EC13C-06E4-48FB-B500-84F0262A717E): 2
LogDevObjectVersion:   Dev-Editor (E4B068ED-F494-42E9-A231-DA0B2E46BB41): 24
LogDevObjectVersion:   Dev-Framework (CFFC743F-43B0-4480-9391-14DF171D2073): 34
LogDevObjectVersion:   Dev-Mobile (B02B49B5-BB20-44E9-A304-32B752E40360): 2
LogDevObjectVersion:   Dev-Networking (A4E4105C-59A1-49B5-A7C5-40C4547EDFEE): 0
LogDevObjectVersion:   Dev-Online (39C831C9-5AE6-47DC-9A44-9C173E1C8E7C): 0
LogDevObjectVersion:   Dev-Physics (78F01B33-EBEA-4F98-B9B4-84EACCB95AA2): 0
LogDevObjectVersion:   Dev-Platform (6631380F-2D4D-43E0-8009-CF276956A95A): 0
LogDevObjectVersion:   Dev-Rendering (12F88B9F-8875-4AFC-A67C-D90C383ABD29): 26
LogDevObjectVersion:   Dev-Sequencer (7B5AE74C-D270-4C10-A958-57980B212A5A): 9
LogDevObjectVersion:   Dev-VR (D7296918-1DD6-4BDD-9DE2-64A83CC13884): 2
LogDevObjectVersion:   Dev-LoadTimes (C2A15278-BFE7-4AFE-6C17-90FF531DF755): 1
LogDevObjectVersion:   Private-Geometry (6EACA3D4-40EC-4CC1-B786-8BED09428FC5): 3
LogDevObjectVersion:   Dev-AnimPhys (29E575DD-E0A3-4627-9D10-D276232CDCEA): 17
LogDevObjectVersion:   Dev-ReflectionCapture (6B266CEC-1EC7-4B8F-A30B-E4D90942FC07): 1
LogDevObjectVersion:   Dev-Automation (0DF73D61-A23F-47EA-B727-89E90C41499A): 1
LogDevObjectVersion:   FortniteMain (601D1886-AC64-4F84-AA16-D3DE0DEAC7D6): 12
LogDevObjectVersion:   Dev-Enterprise (9DFFBCD6-494F-0158-E221-12823C92A888): 1
LogStreaming: Display: Took  0.002s to delete old logs.
LogInit: Presizing for max 8388607 objects, including 0 objects not considered by GC, pre-allocating 0 bytes for permanent pool.
LogInit: Object subsystem initialized
[2019.01.03-13.24.49:097][  0]LogInit: Selected Device Profile: [Windows]
[2019.01.03-13.24.49:097][  0]LogInit: Applying CVar settings loaded from the selected device profile: [Windows]
[2019.01.03-13.24.49:130][  0]LogHAL: Display: Platform has ~ 8 GB [8488329216 / 8589934592 / 8], which maps to Default [LargestMinGB=32, LargerMinGB=12, DefaultMinGB=8, SmallerMinGB=6, SmallestMinGB=0)
[2019.01.03-13.24.49:130][  0]LogInit: Setting Device Profile CVar: [[r.Vulkan.UseRealUBs:1]]
[2019.01.03-13.24.49:130][  0]LogInit: Going up to parent DeviceProfile []
[2019.01.03-13.24.49:131][  0]LogInit: Computer: DESKTOP-GD1OE23
[2019.01.03-13.24.49:131][  0]LogInit: User: אורלי
[2019.01.03-13.24.49:131][  0]LogInit: CPU Page size=4096, Cores=2
[2019.01.03-13.24.49:131][  0]LogInit: High frequency timer resolution =2.340362 MHz
[2019.01.03-13.24.49:132][  0]LogMemory: Memory total: Physical=7.9GB (8GB approx)
[2019.01.03-13.24.49:132][  0]LogMemory: Platform Memory Stats for Windows
[2019.01.03-13.24.49:133][  0]LogMemory: Process Physical Memory: 100.00 MB used, 100.00 MB peak
[2019.01.03-13.24.49:133][  0]LogMemory: Process Virtual Memory: 84.36 MB used, 84.36 MB peak
[2019.01.03-13.24.49:133][  0]LogMemory: Physical Memory: 4187.22 MB used,  3907.88 MB free, 8095.10 MB total
[2019.01.03-13.24.49:133][  0]LogMemory: Virtual Memory: 485.85 MB used,  3907.88 MB free, 134217728.00 MB total
[2019.01.03-13.24.49:183][  0]LogInit: Using OS detected language (he-IL).
[2019.01.03-13.24.49:183][  0]LogInit: Using OS detected locale (he-IL).
[2019.01.03-13.24.49:185][  0]LogTextLocalizationManager: No localization for 'he-IL' exists, so 'en' will be used for the language.
[2019.01.03-13.24.49:965][  0]LogStreaming: Display: Took  0.782s to InitEngineTextLocalization.
[2019.01.03-13.24.49:965][  0]LogInit: Setting process to per monitor DPI aware
[2019.01.03-13.24.50:001][  0]LogSlate: New Slate User Created.  User Index 0, Is Virtual User: 0
[2019.01.03-13.24.50:001][  0]LogSlate: Slate User Registered.  User Index 0, Is Virtual User: 0
[2019.01.03-13.24.50:201][  0]LogHMD: Failed to initialize OpenVR with code 110
[2019.01.03-13.24.50:201][  0]LogD3D11RHI: D3D11 adapters:
[2019.01.03-13.24.50:208][  0]LogD3D11RHI:    0. 'Intel(R) HD Graphics 5500' (Feature Level 11_0)
[2019.01.03-13.24.50:208][  0]LogD3D11RHI:       128/0/4047 MB DedicatedVideo/DedicatedSystem/SharedSystem, Outputs:1, VendorId:0x8086
[2019.01.03-13.24.50:209][  0]LogD3D11RHI:    1. 'Microsoft Basic Render Driver' (Feature Level 11_0)
[2019.01.03-13.24.50:209][  0]LogD3D11RHI:       0/0/4047 MB DedicatedVideo/DedicatedSystem/SharedSystem, Outputs:0, VendorId:0x1414
[2019.01.03-13.24.50:209][  0]LogD3D11RHI: Chosen D3D11 Adapter: 0
[2019.01.03-13.24.50:214][  0]LogD3D11RHI: Creating new Direct3DDevice
[2019.01.03-13.24.50:214][  0]LogD3D11RHI:     GPU DeviceId: 0x1616 (for the marketing name, search the web for "GPU Device Id")
[2019.01.03-13.24.50:214][  0]LogWindows: EnumDisplayDevices:
[2019.01.03-13.24.50:214][  0]LogWindows:    0. 'Intel(R) HD Graphics 5500' (P:1 D:1)
[2019.01.03-13.24.50:214][  0]LogWindows:    1. 'Intel(R) HD Graphics 5500' (P:0 D:0)
[2019.01.03-13.24.50:214][  0]LogWindows:    2. 'Intel(R) HD Graphics 5500' (P:0 D:0)
[2019.01.03-13.24.50:214][  0]LogWindows: DebugString: FoundDriverCount:3 
[2019.01.03-13.24.50:214][  0]LogD3D11RHI:     Adapter Name: Intel(R) HD Graphics 5500
[2019.01.03-13.24.50:214][  0]LogD3D11RHI:   Driver Version: 20.19.15.4549 (internal:20.19.15.4549, unified:20.19.15.4549)
[2019.01.03-13.24.50:214][  0]LogD3D11RHI:      Driver Date: 11-10-2016
[2019.01.03-13.24.50:214][  0]LogRHI: Texture pool is 1506 MB (70% of 2151 MB)
[2019.01.03-13.24.50:220][  0]LogD3D11RHI: Async texture creation enabled
[2019.01.03-13.24.50:224][  0]LogD3D11RHI: GPU Timing Frequency: 12.500000 (Debug: 2 0)
[2019.01.03-13.24.50:225][  0]LogShaderCompilers: Guid format shader working directory is -44 characters bigger than the processId version (../../../../../../Users/אורלי/Desktop/4-update temple run/TempleRun - tot_ 4 collect coins/Intermediate/Shaders/WorkingDirectory/8024/).
[2019.01.03-13.24.50:225][  0]LogShaderCompilers: Cleaned the shader compiler working directory 'C:/Users/אורלי/AppData/Local/Temp/UnrealShaderWorkingDir/901F1B58420D1B43519395A29E9601F1/'.
[2019.01.03-13.25.01:635][  0]LogTemp: Display: Loaded TP AllDesktopTargetPlatform
[2019.01.03-13.25.01:670][  0]LogTemp: Display: Loaded TP MacClientTargetPlatform
[2019.01.03-13.25.01:717][  0]LogTemp: Display: Loaded TP MacNoEditorTargetPlatform
[2019.01.03-13.25.01:747][  0]LogTemp: Display: Loaded TP MacServerTargetPlatform
[2019.01.03-13.25.01:773][  0]LogTemp: Display: Loaded TP MacTargetPlatform
[2019.01.03-13.25.01:799][  0]LogTemp: Display: Loaded TP WindowsClientTargetPlatform
[2019.01.03-13.25.01:828][  0]LogTemp: Display: Loaded TP WindowsNoEditorTargetPlatform
[2019.01.03-13.25.01:853][  0]LogTemp: Display: Loaded TP WindowsServerTargetPlatform
[2019.01.03-13.25.01:864][  0]LogTemp: Display: Loaded TP WindowsTargetPlatform
[2019.01.03-13.25.02:023][  0]LogTemp: Display: Loaded TP AndroidTargetPlatform
[2019.01.03-13.25.02:023][  0]LogTemp: Display: Loaded TP AndroidTargetPlatform
[2019.01.03-13.25.02:023][  0]LogTemp: Display: Loaded TP AndroidTargetPlatform
[2019.01.03-13.25.02:024][  0]LogTemp: Display: Loaded TP AndroidTargetPlatform
[2019.01.03-13.25.02:024][  0]LogTemp: Display: Loaded TP AndroidTargetPlatform
[2019.01.03-13.25.02:024][  0]LogTemp: Display: Loaded TP AndroidTargetPlatform
[2019.01.03-13.25.02:024][  0]LogTemp: Display: Loaded TP AndroidTargetPlatform
[2019.01.03-13.25.02:024][  0]LogTemp: Display: Loaded TP AndroidTargetPlatform
[2019.01.03-13.25.02:024][  0]LogTemp: Display: Loaded TP AndroidTargetPlatform
[2019.01.03-13.25.02:024][  0]LogTemp: Display: Loaded TP AndroidTargetPlatform
[2019.01.03-13.25.02:024][  0]LogTemp: Display: Loaded TP AndroidTargetPlatform
[2019.01.03-13.25.02:024][  0]LogTemp: Display: Loaded TP AndroidTargetPlatform
[2019.01.03-13.25.02:024][  0]LogTemp: Display: Loaded TP AndroidTargetPlatform
[2019.01.03-13.25.02:024][  0]LogTemp: Display: Loaded TP AndroidTargetPlatform
[2019.01.03-13.25.02:024][  0]LogTemp: Display: Loaded TP AndroidTargetPlatform
[2019.01.03-13.25.02:024][  0]LogTemp: Display: Loaded TP AndroidTargetPlatform
[2019.01.03-13.25.02:024][  0]LogTemp: Display: Loaded TP AndroidTargetPlatform
[2019.01.03-13.25.02:024][  0]LogTemp: Display: Loaded TP AndroidTargetPlatform
[2019.01.03-13.25.02:025][  0]LogTemp: Display: Loaded TP HTML5TargetPlatform
[2019.01.03-13.25.02:164][  0]LogTemp: Display: Loaded TP IOSTargetPlatform
[2019.01.03-13.25.02:164][  0]LogTemp: Display: Loaded TP IOSTargetPlatform
[2019.01.03-13.25.02:241][  0]LogTemp: Display: Loaded TP TVOSTargetPlatform
[2019.01.03-13.25.02:241][  0]LogTemp: Display: Loaded TP TVOSTargetPlatform
[2019.01.03-13.25.02:278][  0]LogTemp: Display: Loaded TP LinuxClientTargetPlatform
[2019.01.03-13.25.02:312][  0]LogTemp: Display: Loaded TP LinuxNoEditorTargetPlatform
[2019.01.03-13.25.02:340][  0]LogTemp: Display: Loaded TP LinuxServerTargetPlatform
[2019.01.03-13.25.02:373][  0]LogTemp: Display: Loaded TP LinuxTargetPlatform
[2019.01.03-13.25.02:394][  0]LogTemp: Display: Loaded TP LuminTargetPlatform
[2019.01.03-13.25.02:394][  0]LogTargetPlatformManager: Display: Building Assets For Windows
[2019.01.03-13.25.02:479][  0]LogXGEController: Cleaning working directory: C:/Users/אורלי/AppData/Local/Temp/UnrealXGEWorkingDir/
[2019.01.03-13.25.02:480][  0]LogXGEController: Cannot use XGE Controller as Incredibuild is not installed on this machine.
[2019.01.03-13.25.02:480][  0]LogShaderCompilers: Cannot use XGE Shader Compiler as Incredibuild is not installed on this machine.
[2019.01.03-13.25.02:480][  0]LogShaderCompilers: Display: Using Local Shader Compiler.
[2019.01.03-13.25.04:133][  0]LogDerivedDataCache: Display: Max Cache Size: 512 MB
[2019.01.03-13.25.04:221][  0]LogDerivedDataCache: Loaded boot cache 0.09s 71MB C:/Users/אורלי/AppData/Local/UnrealEngine/4.20/DerivedDataCache/Boot.ddc.
[2019.01.03-13.25.04:221][  0]LogDerivedDataCache: Display: Loaded Boot cache: C:/Users/אורלי/AppData/Local/UnrealEngine/4.20/DerivedDataCache/Boot.ddc
[2019.01.03-13.25.04:221][  0]LogDerivedDataCache: FDerivedDataBackendGraph:  Pak pak cache file ../../../../../../Users/אורלי/Desktop/4-update temple run/TempleRun - tot_ 4 collect coins/DerivedDataCache/DDC.ddp not found, will not use a pak cache.
[2019.01.03-13.25.04:221][  0]LogDerivedDataCache: Unable to find inner node Pak for hierarchical cache Hierarchy.
[2019.01.03-13.25.04:221][  0]LogDerivedDataCache: FDerivedDataBackendGraph:  CompressedPak pak cache file ../../../../../../Users/אורלי/Desktop/4-update temple run/TempleRun - tot_ 4 collect coins/DerivedDataCache/Compressed.ddp not found, will not use a pak cache.
[2019.01.03-13.25.04:221][  0]LogDerivedDataCache: Unable to find inner node CompressedPak for hierarchical cache Hierarchy.
[2019.01.03-13.25.04:244][  0]LogDerivedDataCache: Display: Pak cache opened for reading ../../../Engine/DerivedDataCache/Compressed.ddp.
[2019.01.03-13.25.04:256][  0]LogDerivedDataCache: Using Local data cache path C:/Users/אורלי/AppData/Local/UnrealEngine/Common/DerivedDataCache: Writable
[2019.01.03-13.25.04:256][  0]LogDerivedDataCache: Shared data cache path not found in *engine.ini, will not use an Shared cache.
[2019.01.03-13.25.04:256][  0]LogDerivedDataCache: Unable to find inner node Shared for hierarchical cache Hierarchy.
[2019.01.03-13.25.04:280][  0]LogMaterial: Verifying Global Shaders for PCD3D_SM5
[2019.01.03-13.25.04:281][  0]LogSlate: Using FreeType 2.6.0
[2019.01.03-13.25.04:282][  0]LogSlate: SlateFontServices - WITH_FREETYPE: 1, WITH_HARFBUZZ: 1
[2019.01.03-13.25.04:368][  0]LogAssetRegistry: FAssetRegistry took 0.0262 seconds to start up
[2019.01.03-13.25.04:791][  0]LogInit: Selected Device Profile: [Windows]
[2019.01.03-13.25.04:967][  0]LogSimplygon: Simplygon DLL not present - disabling.
[2019.01.03-13.25.04:971][  0]LogMeshReduction: Using SimplygonSwarm for distributed automatic mesh merging
[2019.01.03-13.25.04:971][  0]LogMeshReduction: Using ProxyLODMeshReduction for automatic mesh merging
[2019.01.03-13.25.04:971][  0]LogMeshReduction: Using QuadricMeshReduction for automatic static mesh reduction
[2019.01.03-13.25.04:971][  0]LogMeshReduction: No automatic skeletal mesh reduction module available
[2019.01.03-13.25.04:987][  0]LogNetVersion: TempleRun 1.0.0, NetCL: 4212847, EngineNetVer: 5, GameNetVer: 0 (Checksum: 2232543940)
[2019.01.03-13.25.05:511][  0]LogPackageLocalizationCache: Processed 11 localized package path(s) for 1 prioritized culture(s) in 0.044371 seconds
[2019.01.03-13.25.05:519][  0]LogUObjectArray: 38425 objects as part of root set at end of initial load.
[2019.01.03-13.25.05:519][  0]LogUObjectAllocator: 6690872 out of 0 bytes used by permanent object pool.
[2019.01.03-13.25.05:519][  0]LogUObjectArray: CloseDisregardForGC: 0/0 objects in disregard for GC pool
[2019.01.03-13.25.06:524][  0]LogTcpMessaging: Initializing TcpMessaging bridge
[2019.01.03-13.25.06:537][  0]LogUdpMessaging: Initializing bridge on interface 0.0.0.0:0 to multicast group 230.0.0.1:6666.
[2019.01.03-13.25.06:886][  0]SourceControl: Source control is disabled
[2019.01.03-13.25.06:887][  0]SourceControl: Source control is disabled
[2019.01.03-13.25.06:891][  0]SourceControl: Source control is disabled
[2019.01.03-13.25.06:893][  0]SourceControl: Source control is disabled
[2019.01.03-13.25.07:133][  0]LogAndroidPermission: UAndroidPermissionCallbackProxy::GetInstance
[2019.01.03-13.25.07:220][  0]LogOcInput: OculusInput pre-init called
[2019.01.03-13.25.07:397][  0]LogEngine: Initializing Engine...
[2019.01.03-13.25.07:400][  0]LogHMD: Failed to initialize OpenVR with code 110
[2019.01.03-13.25.07:404][  0]LogStats: UGameplayTagsManager::ConstructGameplayTagTree: ImportINI prefixes -  0.000 s
[2019.01.03-13.25.07:404][  0]LogStats: UGameplayTagsManager::ConstructGameplayTagTree: Construct from data asset -  0.000 s
[2019.01.03-13.25.07:404][  0]LogStats: UGameplayTagsManager::ConstructGameplayTagTree: ImportINI -  0.000 s
[2019.01.03-13.25.07:404][  0]LogStats: UGameplayTagsManager::ConstructGameplayTagTree: GameplayTagTreeChangedEvent.Broadcast -  0.000 s
[2019.01.03-13.25.07:985][  0]LogInit: Initializing FReadOnlyCVARCache
[2019.01.03-13.25.08:016][  0]LogAIModule: Creating AISystem for world Untitled
[2019.01.03-13.25.08:026][  0]LogInit: XAudio2 using 'Speakers (Realtek High Definition Audio)' : 2 channels at 48 kHz using 32 bits per sample (channel mask 0x3)
[2019.01.03-13.25.08:039][  0]LogInit: FAudioDevice initialized.
[2019.01.03-13.25.08:040][  0]LogNetVersion: Set ProjectVersion to 1.0.0.0. Version Checksum will be recalculated on next use.
[2019.01.03-13.25.08:239][  0]LogDerivedDataCache: Saved boot cache 0.20s 71MB C:/Users/אורלי/AppData/Local/UnrealEngine/4.20/DerivedDataCache/Boot.ddc.
[2019.01.03-13.25.08:240][  0]LogInit: Texture streaming: Enabled
[2019.01.03-13.25.08:303][  0]LogEngineSessionManager: EngineSessionManager initialized
[2019.01.03-13.25.08:342][  0]LogInit: Transaction tracking system initialized
[2019.01.03-13.25.08:467][  0]BlueprintLog: New page: Editor Load
[2019.01.03-13.25.08:838][  0]LocalizationService: Localization service is disabled
[2019.01.03-13.25.09:480][  0]LogCook: Display: Max memory allowance for cook 16384mb min free memory 0mb
[2019.01.03-13.25.09:480][  0]LogCook: Display: Mobile HDR setting 1
[2019.01.03-13.25.09:480][  0]LogGameplayTags: Display: UGameplayTagsManager::DoneAddingNativeTags. DelegateIsBound: 0
[2019.01.03-13.25.09:480][  0]LogStats: UGameplayTagsManager::ConstructGameplayTagTree: ImportINI prefixes -  0.000 s
[2019.01.03-13.25.09:480][  0]LogStats: UGameplayTagsManager::ConstructGameplayTagTree: Construct from data asset -  0.000 s
[2019.01.03-13.25.09:481][  0]LogStats: UGameplayTagsManager::ConstructGameplayTagTree: ImportINI -  0.000 s
[2019.01.03-13.25.09:481][  0]LogStats: UGameplayTagsManager::ConstructGameplayTagTree: GameplayTagTreeChangedEvent.Broadcast -  0.000 s
[2019.01.03-13.25.09:808][  0]LogFileCache: Scanning file cache for directory 'C:/Users/אורלי/Desktop/4-update temple run/TempleRun - tot_ 4 collect coins/Content/' took 0.02s
[2019.01.03-13.25.09:808][  0]SourceControl: Source control is disabled
[2019.01.03-13.25.09:808][  0]LightingResults: New page: Lighting Build
[2019.01.03-13.25.09:813][  0]MapCheck: New page: Map Check
[2019.01.03-13.25.09:813][  0]LightingResults: New page: Lighting Build
[2019.01.03-13.25.10:919][  0]LogAIModule: Creating AISystem for world ThirdPersonExampleMap
[2019.01.03-13.25.10:965][  0]LogEditorServer: Finished looking for orphan Actors (0.000 secs)
[2019.01.03-13.25.10:991][  0]Cmd: MAP CHECKDEP NOCLEARLOG
[2019.01.03-13.25.11:061][  0]MapCheck: Map check complete: 0 Error(s), 0 Warning(s), took 69.91ms to complete.
[2019.01.03-13.25.11:061][  0]LogFileHelpers: Loading map 'ThirdPersonExampleMap' took 1.253
[2019.01.03-13.25.11:127][  0]LogWindowsTextInputMethodSystem: Display: IME system now deactivated.
[2019.01.03-13.25.11:170][  0]LogSlate: Updating window title bar state: overlay mode, drag disabled, window buttons hidden, title bar hidden
[2019.01.03-13.25.11:181][  0]LogSlate: Updating window title bar state: overlay mode, drag disabled, window buttons hidden, title bar hidden
[2019.01.03-13.25.11:188][  0]LogSlate: Updating window title bar state: overlay mode, drag disabled, window buttons hidden, title bar hidden
[2019.01.03-13.25.11:200][  0]LogSlate: Updating window title bar state: overlay mode, drag disabled, window buttons hidden, title bar hidden
[2019.01.03-13.25.11:211][  0]LogCollectionManager: Loaded 0 collections in 0.001733 seconds
[2019.01.03-13.25.11:253][  0]LogFileCache: Scanning file cache for directory 'C:/Users/אורלי/Desktop/4-update temple run/TempleRun - tot_ 4 collect coins/Saved/Collections/' took 0.01s
[2019.01.03-13.25.11:253][  0]LogFileCache: Scanning file cache for directory 'C:/Users/אורלי/Desktop/4-update temple run/TempleRun - tot_ 4 collect coins/Content/Developers/אורלי/Collections/' took 0.01s
[2019.01.03-13.25.11:253][  0]LogFileCache: Scanning file cache for directory 'C:/Users/אורלי/Desktop/4-update temple run/TempleRun - tot_ 4 collect coins/Content/Collections/' took 0.01s
[2019.01.03-13.25.11:253][  0]LogCollectionManager: Rebuilt the GUID cache for 0 collections in 0.000000 seconds
[2019.01.03-13.25.11:265][  0]LogContentBrowser: Native class hierarchy populated in 0.0115 seconds. Added 2572 classes and 603 folders.
[2019.01.03-13.25.11:281][  0]LogContentBrowser: Native class hierarchy updated for 'WidgetCarousel' in 0.0004 seconds. Added 0 classes and 0 folders.
[2019.01.03-13.25.11:435][  0]LogContentBrowser: Native class hierarchy updated for 'AddContentDialog' in 0.0004 seconds. Added 0 classes and 0 folders.
[2019.01.03-13.25.11:453][  0]LogContentBrowser: Native class hierarchy updated for 'SceneOutliner' in 0.0005 seconds. Added 1 classes and 2 folders.
[2019.01.03-13.25.11:563][  0]LogSlate: Took 0.002202 seconds to synchronously load lazily loaded font '../../../Engine/Content/Slate/Fonts/Roboto-Regular.ttf' (155K)
[2019.01.03-13.25.11:567][  0]LogSlate: Took 0.001822 seconds to synchronously load lazily loaded font '../../../Engine/Content/Slate/Fonts/Roboto-Bold.ttf' (160K)
[2019.01.03-13.25.11:574][  0]LogSlate: Took 0.002489 seconds to synchronously load lazily loaded font '../../../Engine/Content/Editor/Slate/Fonts/FontAwesome.ttf' (139K)
[2019.01.03-13.25.11:671][  0]LogRenderer: Reallocating scene render targets to support 656x408 Format 10 NumSamples 1 (Frame:1).
[2019.01.03-13.25.12:170][  0]LogContentBrowser: Native class hierarchy updated for 'HierarchicalLODOutliner' in 0.0003 seconds. Added 0 classes and 0 folders.
[2019.01.03-13.25.12:170][  0]LogLoad: (Engine Initialization) Total time: 24.30 seconds
[2019.01.03-13.25.12:170][  0]LogLoad: (Engine Initialization) Total Blueprint compile time: 0.00 seconds
[2019.01.03-13.25.12:210][  0]LogContentStreaming: Texture pool size now 1000 MB
[2019.01.03-13.25.12:250][  1]LogAssetRegistry: Asset discovery search completed in 7.9042 seconds
[2019.01.03-13.25.12:253][  1]LogCollectionManager: Rebuilt the object cache for 0 collections in 0.000000 seconds (found 0 objects)
[2019.01.03-13.25.12:253][  1]LogCollectionManager: Fixed up redirectors for 0 collections in 0.000065 seconds (updated 0 objects)
[2019.01.03-13.25.16:266][140]LogSlate: Took 0.002148 seconds to synchronously load lazily loaded font '../../../Engine/Content/Slate/Fonts/Roboto-Light.ttf' (167K)
[2019.01.03-13.25.16:321][143]LogSlate: FSceneViewport::OnFocusLost() reason 0
[2019.01.03-13.25.17:504][201]LogSlate: Took 0.000318 seconds to synchronously load lazily loaded font '../../../Engine/Content/Slate/Fonts/Roboto-Light.ttf' (167K)
[2019.01.03-13.25.17:858][201]LogAIModule: Creating AISystem for world Level1
[2019.01.03-13.25.17:870][201]LogAssetEditorManager: Opening Asset editor for World /Game/ThirdPersonBP/Levels/Level1.Level1
[2019.01.03-13.25.17:910][201]Cmd: MAP LOAD FILE="../../../../../../Users/אורלי/Desktop/4-update temple run/TempleRun - tot_ 4 collect coins/Content/ThirdPersonBP/Levels/Level1.umap" TEMPLATE=0 SHOWPROGRESS=1 FEATURELEVEL=3
[2019.01.03-13.25.17:910][201]LightingResults: New page: Lighting Build
[2019.01.03-13.25.17:911][201]LoadErrors: New page: Loading map: Level1.umap
[2019.01.03-13.25.17:913][201]MapCheck: New page: Map Check
[2019.01.03-13.25.17:913][201]LightingResults: New page: Lighting Build
[2019.01.03-13.25.18:130][201]LogEditorServer: Finished looking for orphan Actors (0.000 secs)
[2019.01.03-13.25.18:204][201]Cmd: MAP CHECKDEP NOCLEARLOG
[2019.01.03-13.25.18:323][201]MapCheck: Map check complete: 0 Error(s), 0 Warning(s), took 118.424ms to complete.
[2019.01.03-13.25.18:323][201]LogFileHelpers: Loading map 'Level1' took 0.415
[2019.01.03-13.25.21:303][323]LogRenderer: Reallocating scene render targets to support 660x408 Format 10 NumSamples 1 (Frame:117).
[2019.01.03-13.25.21:371][324]LogRenderer: Reallocating scene render targets to support 704x408 Format 10 NumSamples 1 (Frame:119).
[2019.01.03-13.25.21:468][325]LogRenderer: Reallocating scene render targets to support 760x408 Format 10 NumSamples 1 (Frame:121).
[2019.01.03-13.25.21:564][326]LogRenderer: Reallocating scene render targets to support 796x408 Format 10 NumSamples 1 (Frame:123).
[2019.01.03-13.25.21:639][327]LogRenderer: Reallocating scene render targets to support 816x408 Format 10 NumSamples 1 (Frame:125).
[2019.01.03-13.25.21:741][328]LogRenderer: Reallocating scene render targets to support 844x408 Format 10 NumSamples 1 (Frame:127).
[2019.01.03-13.25.21:837][329]LogRenderer: Reallocating scene render targets to support 868x408 Format 10 NumSamples 1 (Frame:129).
[2019.01.03-13.25.21:937][330]LogRenderer: Reallocating scene render targets to support 892x408 Format 10 NumSamples 1 (Frame:131).
[2019.01.03-13.25.22:048][331]LogRenderer: Reallocating scene render targets to support 940x408 Format 10 NumSamples 1 (Frame:133).
[2019.01.03-13.25.22:165][332]LogRenderer: Reallocating scene render targets to support 956x408 Format 10 NumSamples 1 (Frame:135).
[2019.01.03-13.25.22:333][333]LogRenderer: Reallocating scene render targets to support 980x408 Format 10 NumSamples 1 (Frame:137).
[2019.01.03-13.25.22:478][334]LogRenderer: Reallocating scene render targets to support 996x408 Format 10 NumSamples 1 (Frame:139).
[2019.01.03-13.25.23:350][362]LogRenderer: Reallocating scene render targets to support 996x416 Format 10 NumSamples 1 (Frame:166).
[2019.01.03-13.25.23:410][363]LogRenderer: Reallocating scene render targets to support 996x436 Format 10 NumSamples 1 (Frame:168).
[2019.01.03-13.25.23:480][364]LogRenderer: Reallocating scene render targets to support 996x456 Format 10 NumSamples 1 (Frame:170).
[2019.01.03-13.25.23:581][365]LogRenderer: Reallocating scene render targets to support 996x472 Format 10 NumSamples 1 (Frame:172).
[2019.01.03-13.25.23:692][366]LogRenderer: Reallocating scene render targets to support 996x504 Format 10 NumSamples 1 (Frame:174).
[2019.01.03-13.25.23:789][367]LogRenderer: Reallocating scene render targets to support 996x532 Format 10 NumSamples 1 (Frame:176).
[2019.01.03-13.25.23:897][368]LogRenderer: Reallocating scene render targets to support 996x544 Format 10 NumSamples 1 (Frame:178).
[2019.01.03-13.25.24:822][392]LogTemp: Repeating last play command: Selected Viewport
[2019.01.03-13.25.24:849][392]LogPlayLevel: PlayLevel: No blueprints needed recompiling
[2019.01.03-13.25.24:863][392]PIE: New page: PIE session: Level1 (3 בינו׳ 2019, 17:25:24)
[2019.01.03-13.25.24:864][392]LogPlayLevel: Creating play world package: /Game/ThirdPersonBP/Levels/UEDPIE_0_Level1
[2019.01.03-13.25.24:870][392]LogPlayLevel: PIE: StaticDuplicateObject took: (0.006177s)
[2019.01.03-13.25.24:871][392]LogAIModule: Creating AISystem for world Level1
[2019.01.03-13.25.24:872][392]LogPlayLevel: PIE: World Init took: (0.001825s)
[2019.01.03-13.25.24:872][392]LogPlayLevel: PIE: Created PIE world by copying editor world from /Game/ThirdPersonBP/Levels/Level1.Level1 to /Game/ThirdPersonBP/Levels/UEDPIE_0_Level1.Level1 (0.008277s)
[2019.01.03-13.25.24:910][392]LogInit: XAudio2 using 'Speakers (Realtek High Definition Audio)' : 2 channels at 48 kHz using 32 bits per sample (channel mask 0x3)
[2019.01.03-13.25.24:922][392]LogInit: FAudioDevice initialized.
[2019.01.03-13.25.24:968][392]LogLoad: Game class is 'RunGameMode_C'
[2019.01.03-13.25.24:971][392]LogWorld: Bringing World /Game/ThirdPersonBP/Levels/UEDPIE_0_Level1.Level1 up for play (max tick rate 60) at 2019.01.03-15.25.24
[2019.01.03-13.25.24:972][392]LogWorld: Bringing up level for play took: 0.002500
[2019.01.03-13.25.25:037][392]LogContentBrowser: Native class hierarchy updated for 'MovieSceneCapture' in 0.0010 seconds. Added 10 classes and 0 folders.
[2019.01.03-13.25.25:052][392]LogBlueprintUserMessages: [BP_FloorTile_C_0] Hello
[2019.01.03-13.25.25:069][392]LogBlueprintUserMessages: [BP_FloorTile_C_1] Hello
[2019.01.03-13.25.25:075][392]LogBlueprintUserMessages: [BP_FloorTile_C_2] Hello
[2019.01.03-13.25.25:087][392]LogBlueprintUserMessages: [BP_FloorTile_C_3] Hello
[2019.01.03-13.25.25:096][392]LogBlueprintUserMessages: [BP_FloorTile_C_4] Hello
[2019.01.03-13.25.25:099][392]LogBlueprintUserMessages: [BP_FloorTile_C_5] Hello
[2019.01.03-13.25.25:101][392]LogBlueprintUserMessages: [BP_FloorTile_C_6] Hello
[2019.01.03-13.25.25:106][392]LogBlueprintUserMessages: [BP_FloorTile_C_7] Hello
[2019.01.03-13.25.25:107][392]LogBlueprintUserMessages: [BP_FloorTile_C_8] Hello
[2019.01.03-13.25.25:109][392]LogBlueprintUserMessages: [BP_FloorTile_C_9] Hello
[2019.01.03-13.25.25:110][392]PIE: Play in editor start time for /Game/ThirdPersonBP/Levels/UEDPIE_0_Level1 0.273
[2019.01.03-13.25.26:382][399]LogBlueprintUserMessages: [BP_FloorTile_C_10] Hello
[2019.01.03-13.25.26:812][405]LogBlueprintUserMessages: [BP_FloorTile_C_11] Hello
[2019.01.03-13.25.27:164][408]LogBlueprintUserMessages: [BP_FloorTile_C_12] Hello
[2019.01.03-13.25.27:429][412]LogBlueprintUserMessages: [BP_FloorTile_C_13] Hello
[2019.01.03-13.25.27:705][415]LogBlueprintUserMessages: [BP_FloorTile_C_14] Hello
[2019.01.03-13.25.28:117][420]LogBlueprintUserMessages: [BP_FloorTile_C_15] Hello
[2019.01.03-13.25.28:387][423]LogBlueprintUserMessages: [BP_FloorTile_C_16] Hello
[2019.01.03-13.25.28:756][427]LogBlueprintUserMessages: [BP_FloorTile_C_17] Hello
[2019.01.03-13.25.29:043][430]LogBlueprintUserMessages: [BP_FloorTile_C_18] Hello
[2019.01.03-13.25.29:445][436]LogBlueprintUserMessages: [BP_FloorTile_C_19] Hello
[2019.01.03-13.25.29:687][440]LogBlueprintUserMessages: [BP_FloorTile_C_20] Hello
[2019.01.03-13.25.30:090][447]LogBlueprintUserMessages: [BP_FloorTile_C_21] Hello
[2019.01.03-13.25.30:789][455]LogBlueprintUserMessages: [BP_FloorTile_C_22] Hello
[2019.01.03-13.25.31:481][464]LogBlueprintUserMessages: [BP_FloorTile_C_23] Hello
[2019.01.03-13.25.32:129][473]LogBlueprintUserMessages: [BP_FloorTile_C_24] Hello
[2019.01.03-13.25.32:189][474]Cmd: RestartLevel
[2019.01.03-13.25.32:248][475]LogNet: Browse: /Game/ThirdPersonBP/Levels/Level1?restart
[2019.01.03-13.25.32:313][475]LogLoad: LoadMap: /Game/ThirdPersonBP/Levels/Level1
[2019.01.03-13.25.32:403][475]LogPlayLevel: Creating play world package: /Game/ThirdPersonBP/Levels/UEDPIE_0_Level1
[2019.01.03-13.25.32:409][475]LogPlayLevel: PIE: StaticDuplicateObject took: (0.006481s)
[2019.01.03-13.25.32:411][475]LogAIModule: Creating AISystem for world Level1
[2019.01.03-13.25.32:411][475]LogPlayLevel: PIE: World Init took: (0.001819s)
[2019.01.03-13.25.32:411][475]LogPlayLevel: PIE: Created PIE world by copying editor world from /Game/ThirdPersonBP/Levels/Level1.Level1 to /Game/ThirdPersonBP/Levels/UEDPIE_0_Level1.Level1 (0.008701s)
[2019.01.03-13.25.32:412][475]LogLoad: Game class is 'RunGameMode_C'
[2019.01.03-13.25.32:416][475]LogWorld: Bringing World /Game/ThirdPersonBP/Levels/UEDPIE_0_Level1.Level1 up for play (max tick rate 60) at 2019.01.03-15.25.32
[2019.01.03-13.25.32:417][475]LogWorld: Bringing up level for play took: 0.003602
[2019.01.03-13.25.32:424][475]LogBlueprintUserMessages: [BP_FloorTile_C_0] Hello
[2019.01.03-13.25.32:427][475]LogBlueprintUserMessages: [BP_FloorTile_C_1] Hello
[2019.01.03-13.25.32:433][475]LogBlueprintUserMessages: [BP_FloorTile_C_2] Hello
[2019.01.03-13.25.32:436][475]LogBlueprintUserMessages: [BP_FloorTile_C_3] Hello
[2019.01.03-13.25.32:443][475]LogBlueprintUserMessages: [BP_FloorTile_C_4] Hello
[2019.01.03-13.25.32:445][475]LogBlueprintUserMessages: [BP_FloorTile_C_5] Hello
[2019.01.03-13.25.32:451][475]LogBlueprintUserMessages: [BP_FloorTile_C_6] Hello
[2019.01.03-13.25.32:454][475]LogBlueprintUserMessages: [BP_FloorTile_C_7] Hello
[2019.01.03-13.25.32:461][475]LogBlueprintUserMessages: [BP_FloorTile_C_8] Hello
[2019.01.03-13.25.32:463][475]LogBlueprintUserMessages: [BP_FloorTile_C_9] Hello
[2019.01.03-13.25.32:463][475]LogLoad: Took 0.150691 seconds to LoadMap(/Game/ThirdPersonBP/Levels/UEDPIE_0_Level1)
[2019.01.03-13.25.33:461][495]LogBlueprintUserMessages: [BP_FloorTile_C_10] Hello
[2019.01.03-13.25.34:102][509]LogBlueprintUserMessages: [BP_FloorTile_C_11] Hello
[2019.01.03-13.25.34:790][523]LogBlueprintUserMessages: [BP_FloorTile_C_12] Hello
[2019.01.03-13.25.34:877][525]Cmd: RestartLevel
[2019.01.03-13.25.34:922][526]LogNet: Browse: /Game/ThirdPersonBP/Levels/Level1?restart
[2019.01.03-13.25.34:967][526]LogLoad: LoadMap: /Game/ThirdPersonBP/Levels/Level1
[2019.01.03-13.25.35:030][526]LogPlayLevel: Creating play world package: /Game/ThirdPersonBP/Levels/UEDPIE_0_Level1
[2019.01.03-13.25.35:034][526]LogPlayLevel: PIE: StaticDuplicateObject took: (0.004288s)
[2019.01.03-13.25.35:035][526]LogAIModule: Creating AISystem for world Level1
[2019.01.03-13.25.35:035][526]LogPlayLevel: PIE: World Init took: (0.001246s)
[2019.01.03-13.25.35:036][526]LogPlayLevel: PIE: Created PIE world by copying editor world from /Game/ThirdPersonBP/Levels/Level1.Level1 to /Game/ThirdPersonBP/Levels/UEDPIE_0_Level1.Level1 (0.005834s)
[2019.01.03-13.25.35:036][526]LogLoad: Game class is 'RunGameMode_C'
[2019.01.03-13.25.35:039][526]LogWorld: Bringing World /Game/ThirdPersonBP/Levels/UEDPIE_0_Level1.Level1 up for play (max tick rate 60) at 2019.01.03-15.25.35
[2019.01.03-13.25.35:040][526]LogWorld: Bringing up level for play took: 0.002761
[2019.01.03-13.25.35:050][526]LogBlueprintUserMessages: [BP_FloorTile_C_0] Hello
[2019.01.03-13.25.35:052][526]LogBlueprintUserMessages: [BP_FloorTile_C_1] Hello
[2019.01.03-13.25.35:054][526]LogBlueprintUserMessages: [BP_FloorTile_C_2] Hello
[2019.01.03-13.25.35:056][526]LogBlueprintUserMessages: [BP_FloorTile_C_3] Hello
[2019.01.03-13.25.35:062][526]LogBlueprintUserMessages: [BP_FloorTile_C_4] Hello
[2019.01.03-13.25.35:068][526]LogBlueprintUserMessages: [BP_FloorTile_C_5] Hello
[2019.01.03-13.25.35:070][526]LogBlueprintUserMessages: [BP_FloorTile_C_6] Hello
[2019.01.03-13.25.35:072][526]LogBlueprintUserMessages: [BP_FloorTile_C_7] Hello
[2019.01.03-13.25.35:078][526]LogBlueprintUserMessages: [BP_FloorTile_C_8] Hello
[2019.01.03-13.25.35:084][526]LogBlueprintUserMessages: [BP_FloorTile_C_9] Hello
[2019.01.03-13.25.35:084][526]LogLoad: Took 0.116276 seconds to LoadMap(/Game/ThirdPersonBP/Levels/UEDPIE_0_Level1)
[2019.01.03-13.25.35:744][536]LogBlueprintUserMessages: [BP_FloorTile_C_10] Hello
[2019.01.03-13.25.36:207][542]LogBlueprintUserMessages: [BP_FloorTile_C_11] Hello
[2019.01.03-13.25.36:375][544]LogBlueprintUserMessages: [BP_FloorTile_C_12] Hello
[2019.01.03-13.25.36:818][551]LogBlueprintUserMessages: [BP_FloorTile_C_13] Hello
[2019.01.03-13.25.37:047][555]LogBlueprintUserMessages: [BP_FloorTile_C_14] Hello
[2019.01.03-13.25.37:511][563]LogBlueprintUserMessages: [BP_FloorTile_C_15] Hello
[2019.01.03-13.25.38:164][574]LogBlueprintUserMessages: [BP_FloorTile_C_16] Hello
[2019.01.03-13.25.38:889][586]LogBlueprintUserMessages: [BP_FloorTile_C_17] Hello
[2019.01.03-13.25.39:532][597]LogBlueprintUserMessages: [BP_FloorTile_C_18] Hello
[2019.01.03-13.25.40:222][610]LogBlueprintUserMessages: [BP_FloorTile_C_19] Hello
[2019.01.03-13.25.40:878][623]LogBlueprintUserMessages: [BP_FloorTile_C_20] Hello
[2019.01.03-13.25.41:525][642]LogBlueprintUserMessages: [BP_FloorTile_C_21] Hello
[2019.01.03-13.25.42:184][663]LogBlueprintUserMessages: [BP_FloorTile_C_22] Hello
[2019.01.03-13.25.42:839][683]LogBlueprintUserMessages: [BP_FloorTile_C_23] Hello
[2019.01.03-13.25.43:521][704]LogBlueprintUserMessages: [BP_FloorTile_C_24] Hello
[2019.01.03-13.25.44:195][724]LogBlueprintUserMessages: [BP_FloorTile_C_25] Hello
[2019.01.03-13.25.44:248][725]LogSlate: Updating window title bar state: overlay mode, drag disabled, window buttons hidden, title bar hidden
[2019.01.03-13.25.44:329][725]LogPlayLevel: Display: Shutting down PIE online subsystems
[2019.01.03-13.25.44:374][725]LogSlate: Updating window title bar state: overlay mode, drag disabled, window buttons hidden, title bar hidden
[2019.01.03-13.25.44:430][726]LogPlayLevel: Display: Destroying online subsystem :Context_1
[2019.01.03-13.26.20:607][864]LogWindowsTextInputMethodSystem: Display: IME system now deactivated.
[2019.01.03-13.26.20:608][864]LogWindowsTextInputMethodSystem: Display: IME system now deactivated.
[2019.01.03-13.26.22:506][913]LogSlate: FSceneViewport::OnFocusLost() reason 0
[2019.01.03-13.26.22:612][916]LogTemp: Repeating last play command: Selected Viewport
[2019.01.03-13.26.22:652][916]LogPlayLevel: PlayLevel: No blueprints needed recompiling
[2019.01.03-13.26.22:653][916]PIE: New page: PIE session: Level1 (3 בינו׳ 2019, 17:26:22)
[2019.01.03-13.26.22:653][916]LogPlayLevel: Creating play world package: /Game/ThirdPersonBP/Levels/UEDPIE_0_Level1
[2019.01.03-13.26.22:663][916]LogPlayLevel: PIE: StaticDuplicateObject took: (0.009716s)
[2019.01.03-13.26.22:666][916]LogAIModule: Creating AISystem for world Level1
[2019.01.03-13.26.22:667][916]LogPlayLevel: PIE: World Init took: (0.003698s)
[2019.01.03-13.26.22:667][916]LogPlayLevel: PIE: Created PIE world by copying editor world from /Game/ThirdPersonBP/Levels/Level1.Level1 to /Game/ThirdPersonBP/Levels/UEDPIE_0_Level1.Level1 (0.014000s)
[2019.01.03-13.26.22:712][916]LogInit: XAudio2 using 'Speakers (Realtek High Definition Audio)' : 2 channels at 48 kHz using 32 bits per sample (channel mask 0x3)
[2019.01.03-13.26.22:727][916]LogInit: FAudioDevice initialized.
[2019.01.03-13.26.22:761][916]LogLoad: Game class is 'RunGameMode_C'
[2019.01.03-13.26.22:764][916]LogWorld: Bringing World /Game/ThirdPersonBP/Levels/UEDPIE_0_Level1.Level1 up for play (max tick rate 60) at 2019.01.03-15.26.22
[2019.01.03-13.26.22:765][916]LogWorld: Bringing up level for play took: 0.003190
[2019.01.03-13.26.22:792][916]LogBlueprintUserMessages: [BP_FloorTile_C_0] Hello
[2019.01.03-13.26.22:801][916]LogBlueprintUserMessages: [BP_FloorTile_C_1] Hello
[2019.01.03-13.26.22:809][916]LogBlueprintUserMessages: [BP_FloorTile_C_2] Hello
[2019.01.03-13.26.22:812][916]LogBlueprintUserMessages: [BP_FloorTile_C_3] Hello
[2019.01.03-13.26.22:821][916]LogBlueprintUserMessages: [BP_FloorTile_C_4] Hello
[2019.01.03-13.26.22:834][916]LogBlueprintUserMessages: [BP_FloorTile_C_5] Hello
[2019.01.03-13.26.22:837][916]LogBlueprintUserMessages: [BP_FloorTile_C_6] Hello
[2019.01.03-13.26.22:846][916]LogBlueprintUserMessages: [BP_FloorTile_C_7] Hello
[2019.01.03-13.26.22:850][916]LogBlueprintUserMessages: [BP_FloorTile_C_8] Hello
[2019.01.03-13.26.22:854][916]LogBlueprintUserMessages: [BP_FloorTile_C_9] Hello
[2019.01.03-13.26.22:855][916]PIE: Play in editor start time for /Game/ThirdPersonBP/Levels/UEDPIE_0_Level1 0.018
[2019.01.03-13.26.23:475][922]LogBlueprintUserMessages: [BP_FloorTile_C_10] Hello
[2019.01.03-13.26.23:918][926]LogBlueprintUserMessages: [BP_FloorTile_C_11] Hello
[2019.01.03-13.26.24:142][928]LogBlueprintUserMessages: [BP_FloorTile_C_12] Hello
[2019.01.03-13.26.24:573][932]LogBlueprintUserMessages: [BP_FloorTile_C_13] Hello
[2019.01.03-13.26.24:782][934]LogBlueprintUserMessages: [BP_FloorTile_C_14] Hello
[2019.01.03-13.26.25:207][939]LogBlueprintUserMessages: [BP_FloorTile_C_15] Hello
[2019.01.03-13.26.25:441][942]LogBlueprintUserMessages: [BP_FloorTile_C_16] Hello
[2019.01.03-13.26.25:874][947]LogBlueprintUserMessages: [BP_FloorTile_C_17] Hello
[2019.01.03-13.26.26:145][950]LogBlueprintUserMessages: [BP_FloorTile_C_18] Hello
[2019.01.03-13.26.26:555][955]LogBlueprintUserMessages: [BP_FloorTile_C_19] Hello
[2019.01.03-13.26.27:231][965]LogBlueprintUserMessages: [BP_FloorTile_C_20] Hello
[2019.01.03-13.26.27:933][979]LogBlueprintUserMessages: [BP_FloorTile_C_21] Hello
[2019.01.03-13.26.28:620][993]LogBlueprintUserMessages: [BP_FloorTile_C_22] Hello
[2019.01.03-13.26.29:241][  7]LogBlueprintUserMessages: [BP_FloorTile_C_23] Hello
[2019.01.03-13.26.31:122][ 64]LogSlate: Updating window title bar state: overlay mode, drag disabled, window buttons hidden, title bar hidden
[2019.01.03-13.26.31:199][ 64]LogPlayLevel: Display: Shutting down PIE online subsystems
[2019.01.03-13.26.31:256][ 64]LogSlate: Updating window title bar state: overlay mode, drag disabled, window buttons hidden, title bar hidden
[2019.01.03-13.26.31:316][ 65]LogPlayLevel: Display: Destroying online subsystem :Context_2
[2019.01.03-13.26.32:001][ 84]LogSlate: FSceneViewport::OnFocusLost() reason 0
[2019.01.03-13.26.32:074][ 86]LogTemp: Repeating last play command: Selected Viewport
[2019.01.03-13.26.32:126][ 86]LogPlayLevel: PlayLevel: No blueprints needed recompiling
[2019.01.03-13.26.32:126][ 86]PIE: New page: PIE session: Level1 (3 בינו׳ 2019, 17:26:32)
[2019.01.03-13.26.32:127][ 86]LogPlayLevel: Creating play world package: /Game/ThirdPersonBP/Levels/UEDPIE_0_Level1
[2019.01.03-13.26.32:137][ 86]LogPlayLevel: PIE: StaticDuplicateObject took: (0.009970s)
[2019.01.03-13.26.32:139][ 86]LogAIModule: Creating AISystem for world Level1
[2019.01.03-13.26.32:141][ 86]LogPlayLevel: PIE: World Init took: (0.003874s)
[2019.01.03-13.26.32:141][ 86]LogPlayLevel: PIE: Created PIE world by copying editor world from /Game/ThirdPersonBP/Levels/Level1.Level1 to /Game/ThirdPersonBP/Levels/UEDPIE_0_Level1.Level1 (0.014797s)
[2019.01.03-13.26.32:195][ 86]LogInit: XAudio2 using 'Speakers (Realtek High Definition Audio)' : 2 channels at 48 kHz using 32 bits per sample (channel mask 0x3)
[2019.01.03-13.26.32:210][ 86]LogInit: FAudioDevice initialized.
[2019.01.03-13.26.32:251][ 86]LogLoad: Game class is 'RunGameMode_C'
[2019.01.03-13.26.32:254][ 86]LogWorld: Bringing World /Game/ThirdPersonBP/Levels/UEDPIE_0_Level1.Level1 up for play (max tick rate 60) at 2019.01.03-15.26.32
[2019.01.03-13.26.32:255][ 86]LogWorld: Bringing up level for play took: 0.003057
[2019.01.03-13.26.32:282][ 86]LogBlueprintUserMessages: [BP_FloorTile_C_0] Hello
[2019.01.03-13.26.32:285][ 86]LogBlueprintUserMessages: [BP_FloorTile_C_1] Hello
[2019.01.03-13.26.32:294][ 86]LogBlueprintUserMessages: [BP_FloorTile_C_2] Hello
[2019.01.03-13.26.32:302][ 86]LogBlueprintUserMessages: [BP_FloorTile_C_3] Hello
[2019.01.03-13.26.32:311][ 86]LogBlueprintUserMessages: [BP_FloorTile_C_4] Hello
[2019.01.03-13.26.32:314][ 86]LogBlueprintUserMessages: [BP_FloorTile_C_5] Hello
[2019.01.03-13.26.32:316][ 86]LogBlueprintUserMessages: [BP_FloorTile_C_6] Hello
[2019.01.03-13.26.32:324][ 86]LogBlueprintUserMessages: [BP_FloorTile_C_7] Hello
[2019.01.03-13.26.32:326][ 86]LogBlueprintUserMessages: [BP_FloorTile_C_8] Hello
[2019.01.03-13.26.32:333][ 86]LogBlueprintUserMessages: [BP_FloorTile_C_9] Hello
[2019.01.03-13.26.32:333][ 86]PIE: Play in editor start time for /Game/ThirdPersonBP/Levels/UEDPIE_0_Level1 ‎-0.504
[2019.01.03-13.26.32:907][ 93]LogBlueprintUserMessages: [BP_FloorTile_C_10] Hello
[2019.01.03-13.26.33:311][ 98]LogBlueprintUserMessages: [BP_FloorTile_C_11] Hello
[2019.01.03-13.26.33:535][101]LogBlueprintUserMessages: [BP_FloorTile_C_12] Hello
[2019.01.03-13.26.34:266][109]LogBlueprintUserMessages: [BP_FloorTile_C_13] Hello
[2019.01.03-13.26.34:896][115]LogBlueprintUserMessages: [BP_FloorTile_C_14] Hello
[2019.01.03-13.26.35:596][123]LogBlueprintUserMessages: [BP_FloorTile_C_15] Hello
[2019.01.03-13.26.35:839][127]Cmd: RestartLevel
[2019.01.03-13.26.35:899][128]LogNet: Browse: /Game/ThirdPersonBP/Levels/Level1?restart
[2019.01.03-13.26.35:961][128]LogLoad: LoadMap: /Game/ThirdPersonBP/Levels/Level1
[2019.01.03-13.26.36:025][128]LogPlayLevel: Creating play world package: /Game/ThirdPersonBP/Levels/UEDPIE_0_Level1
[2019.01.03-13.26.36:028][128]LogPlayLevel: PIE: StaticDuplicateObject took: (0.002524s)
[2019.01.03-13.26.36:028][128]LogAIModule: Creating AISystem for world Level1
[2019.01.03-13.26.36:029][128]LogPlayLevel: PIE: World Init took: (0.000783s)
[2019.01.03-13.26.36:029][128]LogPlayLevel: PIE: Created PIE world by copying editor world from /Game/ThirdPersonBP/Levels/Level1.Level1 to /Game/ThirdPersonBP/Levels/UEDPIE_0_Level1.Level1 (0.003511s)
[2019.01.03-13.26.36:029][128]LogLoad: Game class is 'RunGameMode_C'
[2019.01.03-13.26.36:031][128]LogWorld: Bringing World /Game/ThirdPersonBP/Levels/UEDPIE_0_Level1.Level1 up for play (max tick rate 60) at 2019.01.03-15.26.36
[2019.01.03-13.26.36:032][128]LogWorld: Bringing up level for play took: 0.002620
[2019.01.03-13.26.36:039][128]LogBlueprintUserMessages: [BP_FloorTile_C_0] Hello
[2019.01.03-13.26.36:040][128]LogBlueprintUserMessages: [BP_FloorTile_C_1] Hello
[2019.01.03-13.26.36:042][128]LogBlueprintUserMessages: [BP_FloorTile_C_2] Hello
[2019.01.03-13.26.36:043][128]LogBlueprintUserMessages: [BP_FloorTile_C_3] Hello
[2019.01.03-13.26.36:044][128]LogBlueprintUserMessages: [BP_FloorTile_C_4] Hello
[2019.01.03-13.26.36:045][128]LogBlueprintUserMessages: [BP_FloorTile_C_5] Hello
[2019.01.03-13.26.36:049][128]LogBlueprintUserMessages: [BP_FloorTile_C_6] Hello
[2019.01.03-13.26.36:053][128]LogBlueprintUserMessages: [BP_FloorTile_C_7] Hello
[2019.01.03-13.26.36:054][128]LogBlueprintUserMessages: [BP_FloorTile_C_8] Hello
[2019.01.03-13.26.36:057][128]LogBlueprintUserMessages: [BP_FloorTile_C_9] Hello
[2019.01.03-13.26.36:057][128]LogLoad: Took 0.096283 seconds to LoadMap(/Game/ThirdPersonBP/Levels/UEDPIE_0_Level1)
[2019.01.03-13.26.36:689][138]LogBlueprintUserMessages: [BP_FloorTile_C_10] Hello
[2019.01.03-13.26.37:154][145]LogBlueprintUserMessages: [BP_FloorTile_C_11] Hello
[2019.01.03-13.26.37:367][149]LogBlueprintUserMessages: [BP_FloorTile_C_12] Hello
[2019.01.03-13.26.38:010][164]LogBlueprintUserMessages: [BP_FloorTile_C_13] Hello
[2019.01.03-13.26.38:698][180]LogBlueprintUserMessages: [BP_FloorTile_C_14] Hello
[2019.01.03-13.26.39:373][195]LogBlueprintUserMessages: [BP_FloorTile_C_15] Hello
[2019.01.03-13.26.39:679][201]Cmd: RestartLevel
[2019.01.03-13.26.39:740][202]LogNet: Browse: /Game/ThirdPersonBP/Levels/Level1?restart
[2019.01.03-13.26.39:796][202]LogLoad: LoadMap: /Game/ThirdPersonBP/Levels/Level1
[2019.01.03-13.26.39:902][202]LogPlayLevel: Creating play world package: /Game/ThirdPersonBP/Levels/UEDPIE_0_Level1
[2019.01.03-13.26.39:906][202]LogPlayLevel: PIE: StaticDuplicateObject took: (0.004282s)
[2019.01.03-13.26.39:907][202]LogAIModule: Creating AISystem for world Level1
[2019.01.03-13.26.39:907][202]LogPlayLevel: PIE: World Init took: (0.001146s)
[2019.01.03-13.26.39:907][202]LogPlayLevel: PIE: Created PIE world by copying editor world from /Game/ThirdPersonBP/Levels/Level1.Level1 to /Game/ThirdPersonBP/Levels/UEDPIE_0_Level1.Level1 (0.005737s)
[2019.01.03-13.26.39:907][202]LogLoad: Game class is 'RunGameMode_C'
[2019.01.03-13.26.39:911][202]LogWorld: Bringing World /Game/ThirdPersonBP/Levels/UEDPIE_0_Level1.Level1 up for play (max tick rate 60) at 2019.01.03-15.26.39
[2019.01.03-13.26.39:912][202]LogWorld: Bringing up level for play took: 0.003239
[2019.01.03-13.26.39:918][202]LogBlueprintUserMessages: [BP_FloorTile_C_0] Hello
[2019.01.03-13.26.39:925][202]LogBlueprintUserMessages: [BP_FloorTile_C_1] Hello
[2019.01.03-13.26.39:931][202]LogBlueprintUserMessages: [BP_FloorTile_C_2] Hello
[2019.01.03-13.26.39:939][202]LogBlueprintUserMessages: [BP_FloorTile_C_3] Hello
[2019.01.03-13.26.39:942][202]LogBlueprintUserMessages: [BP_FloorTile_C_4] Hello
[2019.01.03-13.26.39:944][202]LogBlueprintUserMessages: [BP_FloorTile_C_5] Hello
[2019.01.03-13.26.39:946][202]LogBlueprintUserMessages: [BP_FloorTile_C_6] Hello
[2019.01.03-13.26.39:952][202]LogBlueprintUserMessages: [BP_FloorTile_C_7] Hello
[2019.01.03-13.26.39:955][202]LogBlueprintUserMessages: [BP_FloorTile_C_8] Hello
[2019.01.03-13.26.39:962][202]LogBlueprintUserMessages: [BP_FloorTile_C_9] Hello
[2019.01.03-13.26.39:962][202]LogLoad: Took 0.165740 seconds to LoadMap(/Game/ThirdPersonBP/Levels/UEDPIE_0_Level1)
[2019.01.03-13.26.40:501][210]LogBlueprintUserMessages: [BP_FloorTile_C_10] Hello
[2019.01.03-13.26.40:934][215]LogBlueprintUserMessages: [BP_FloorTile_C_11] Hello
[2019.01.03-13.26.41:262][218]LogBlueprintUserMessages: [BP_FloorTile_C_12] Hello
[2019.01.03-13.26.41:631][222]LogBlueprintUserMessages: [BP_FloorTile_C_13] Hello
[2019.01.03-13.26.41:919][225]LogBlueprintUserMessages: [BP_FloorTile_C_14] Hello
[2019.01.03-13.26.42:288][229]LogBlueprintUserMessages: [BP_FloorTile_C_15] Hello
[2019.01.03-13.26.42:526][232]LogBlueprintUserMessages: [BP_FloorTile_C_16] Hello
[2019.01.03-13.26.42:982][239]LogBlueprintUserMessages: [BP_FloorTile_C_17] Hello
[2019.01.03-13.26.43:614][251]LogBlueprintUserMessages: [BP_FloorTile_C_18] Hello
[2019.01.03-13.26.45:062][282]Cmd: RestartLevel
[2019.01.03-13.26.45:105][283]LogNet: Browse: /Game/ThirdPersonBP/Levels/Level1?restart
[2019.01.03-13.26.45:150][283]LogLoad: LoadMap: /Game/ThirdPersonBP/Levels/Level1
[2019.01.03-13.26.45:221][283]LogPlayLevel: Creating play world package: /Game/ThirdPersonBP/Levels/UEDPIE_0_Level1
[2019.01.03-13.26.45:225][283]LogPlayLevel: PIE: StaticDuplicateObject took: (0.004301s)
[2019.01.03-13.26.45:226][283]LogAIModule: Creating AISystem for world Level1
[2019.01.03-13.26.45:227][283]LogPlayLevel: PIE: World Init took: (0.001283s)
[2019.01.03-13.26.45:227][283]LogPlayLevel: PIE: Created PIE world by copying editor world from /Game/ThirdPersonBP/Levels/Level1.Level1 to /Game/ThirdPersonBP/Levels/UEDPIE_0_Level1.Level1 (0.005948s)
[2019.01.03-13.26.45:227][283]LogLoad: Game class is 'RunGameMode_C'
[2019.01.03-13.26.45:231][283]LogWorld: Bringing World /Game/ThirdPersonBP/Levels/UEDPIE_0_Level1.Level1 up for play (max tick rate 60) at 2019.01.03-15.26.45
[2019.01.03-13.26.45:232][283]LogWorld: Bringing up level for play took: 0.002965
[2019.01.03-13.26.45:242][283]LogBlueprintUserMessages: [BP_FloorTile_C_0] Hello
[2019.01.03-13.26.45:246][283]LogBlueprintUserMessages: [BP_FloorTile_C_1] Hello
[2019.01.03-13.26.45:258][283]LogBlueprintUserMessages: [BP_FloorTile_C_2] Hello
[2019.01.03-13.26.45:260][283]LogBlueprintUserMessages: [BP_FloorTile_C_3] Hello
[2019.01.03-13.26.45:266][283]LogBlueprintUserMessages: [BP_FloorTile_C_4] Hello
[2019.01.03-13.26.45:269][283]LogBlueprintUserMessages: [BP_FloorTile_C_5] Hello
[2019.01.03-13.26.45:271][283]LogBlueprintUserMessages: [BP_FloorTile_C_6] Hello
[2019.01.03-13.26.45:273][283]LogBlueprintUserMessages: [BP_FloorTile_C_7] Hello
[2019.01.03-13.26.45:275][283]LogBlueprintUserMessages: [BP_FloorTile_C_8] Hello
[2019.01.03-13.26.45:277][283]LogBlueprintUserMessages: [BP_FloorTile_C_9] Hello
[2019.01.03-13.26.45:277][283]LogLoad: Took 0.127072 seconds to LoadMap(/Game/ThirdPersonBP/Levels/UEDPIE_0_Level1)
[2019.01.03-13.26.45:891][292]LogBlueprintUserMessages: [BP_FloorTile_C_10] Hello
[2019.01.03-13.26.46:177][296]LogSlate: Updating window title bar state: overlay mode, drag disabled, window buttons hidden, title bar hidden
[2019.01.03-13.26.46:312][296]LogPlayLevel: Display: Shutting down PIE online subsystems
[2019.01.03-13.26.46:393][296]LogSlate: Updating window title bar state: overlay mode, drag disabled, window buttons hidden, title bar hidden
[2019.01.03-13.26.46:444][297]LogPlayLevel: Display: Destroying online subsystem :Context_3
[2019.01.03-13.26.49:523][383]LogSlate: FSceneViewport::OnFocusLost() reason 0
[2019.01.03-13.26.58:426][690]LogTemp: Repeating last play command: Selected Viewport
[2019.01.03-13.26.58:474][690]LogPlayLevel: PlayLevel: No blueprints needed recompiling
[2019.01.03-13.26.58:474][690]PIE: New page: PIE session: Level1 (3 בינו׳ 2019, 17:26:58)
[2019.01.03-13.26.58:474][690]LogPlayLevel: Creating play world package: /Game/ThirdPersonBP/Levels/UEDPIE_0_Level1
[2019.01.03-13.26.58:482][690]LogPlayLevel: PIE: StaticDuplicateObject took: (0.007906s)
[2019.01.03-13.26.58:484][690]LogAIModule: Creating AISystem for world Level1
[2019.01.03-13.26.58:484][690]LogPlayLevel: PIE: World Init took: (0.001566s)
[2019.01.03-13.26.58:484][690]LogPlayLevel: PIE: Created PIE world by copying editor world from /Game/ThirdPersonBP/Levels/Level1.Level1 to /Game/ThirdPersonBP/Levels/UEDPIE_0_Level1.Level1 (0.009846s)
[2019.01.03-13.26.58:535][690]LogInit: XAudio2 using 'Speakers (Realtek High Definition Audio)' : 2 channels at 48 kHz using 32 bits per sample (channel mask 0x3)
[2019.01.03-13.26.58:550][690]LogInit: FAudioDevice initialized.
[2019.01.03-13.26.58:590][690]LogLoad: Game class is 'RunGameMode_C'
[2019.01.03-13.26.58:594][690]LogWorld: Bringing World /Game/ThirdPersonBP/Levels/UEDPIE_0_Level1.Level1 up for play (max tick rate 60) at 2019.01.03-15.26.58
[2019.01.03-13.26.58:595][690]LogWorld: Bringing up level for play took: 0.003765
[2019.01.03-13.26.58:622][690]LogBlueprintUserMessages: [BP_FloorTile_C_0] Hello
[2019.01.03-13.26.58:631][690]LogBlueprintUserMessages: [BP_FloorTile_C_1] Hello
[2019.01.03-13.26.58:637][690]LogBlueprintUserMessages: [BP_FloorTile_C_2] Hello
[2019.01.03-13.26.58:648][690]LogBlueprintUserMessages: [BP_FloorTile_C_3] Hello
[2019.01.03-13.26.58:655][690]LogBlueprintUserMessages: [BP_FloorTile_C_4] Hello
[2019.01.03-13.26.58:665][690]LogBlueprintUserMessages: [BP_FloorTile_C_5] Hello
[2019.01.03-13.26.58:674][690]LogBlueprintUserMessages: [BP_FloorTile_C_6] Hello
[2019.01.03-13.26.58:677][690]LogBlueprintUserMessages: [BP_FloorTile_C_7] Hello
[2019.01.03-13.26.58:680][690]LogBlueprintUserMessages: [BP_FloorTile_C_8] Hello
[2019.01.03-13.26.58:690][690]LogBlueprintUserMessages: [BP_FloorTile_C_9] Hello
[2019.01.03-13.26.58:690][690]PIE: Play in editor start time for /Game/ThirdPersonBP/Levels/UEDPIE_0_Level1 ‎-0.147
[2019.01.03-13.26.59:385][696]LogBlueprintUserMessages: [BP_FloorTile_C_10] Hello
[2019.01.03-13.26.59:782][701]LogBlueprintUserMessages: [BP_FloorTile_C_11] Hello
[2019.01.03-13.27.00:055][704]LogBlueprintUserMessages: [BP_FloorTile_C_12] Hello
[2019.01.03-13.27.00:438][708]LogBlueprintUserMessages: [BP_FloorTile_C_13] Hello
[2019.01.03-13.27.00:695][711]LogBlueprintUserMessages: [BP_FloorTile_C_14] Hello
[2019.01.03-13.27.01:115][716]LogBlueprintUserMessages: [BP_FloorTile_C_15] Hello
[2019.01.03-13.27.01:375][719]LogBlueprintUserMessages: [BP_FloorTile_C_16] Hello
[2019.01.03-13.27.01:720][723]LogBlueprintUserMessages: [BP_FloorTile_C_17] Hello
[2019.01.03-13.27.02:024][727]LogBlueprintUserMessages: [BP_FloorTile_C_18] Hello
[2019.01.03-13.27.02:393][732]LogBlueprintUserMessages: [BP_FloorTile_C_19] Hello
[2019.01.03-13.27.02:624][735]LogBlueprintUserMessages: [BP_FloorTile_C_20] Hello
[2019.01.03-13.27.03:079][741]LogBlueprintUserMessages: [BP_FloorTile_C_21] Hello
[2019.01.03-13.27.03:368][745]LogBlueprintUserMessages: [BP_FloorTile_C_22] Hello
[2019.01.03-13.27.03:715][751]LogBlueprintUserMessages: [BP_FloorTile_C_23] Hello
[2019.01.03-13.27.04:416][766]LogBlueprintUserMessages: [BP_FloorTile_C_24] Hello
[2019.01.03-13.27.05:813][799]Cmd: RestartLevel
[2019.01.03-13.27.05:850][800]LogNet: Browse: /Game/ThirdPersonBP/Levels/Level1?restart
[2019.01.03-13.27.05:893][800]LogLoad: LoadMap: /Game/ThirdPersonBP/Levels/Level1
[2019.01.03-13.27.05:946][800]LogPlayLevel: Creating play world package: /Game/ThirdPersonBP/Levels/UEDPIE_0_Level1
[2019.01.03-13.27.05:950][800]LogPlayLevel: PIE: StaticDuplicateObject took: (0.003697s)
[2019.01.03-13.27.05:951][800]LogAIModule: Creating AISystem for world Level1
[2019.01.03-13.27.05:951][800]LogPlayLevel: PIE: World Init took: (0.000949s)
[2019.01.03-13.27.05:951][800]LogPlayLevel: PIE: Created PIE world by copying editor world from /Game/ThirdPersonBP/Levels/Level1.Level1 to /Game/ThirdPersonBP/Levels/UEDPIE_0_Level1.Level1 (0.004884s)
[2019.01.03-13.27.05:951][800]LogLoad: Game class is 'RunGameMode_C'
[2019.01.03-13.27.05:954][800]LogWorld: Bringing World /Game/ThirdPersonBP/Levels/UEDPIE_0_Level1.Level1 up for play (max tick rate 60) at 2019.01.03-15.27.05
[2019.01.03-13.27.05:954][800]LogWorld: Bringing up level for play took: 0.002687
[2019.01.03-13.27.05:960][800]LogBlueprintUserMessages: [BP_FloorTile_C_0] Hello
[2019.01.03-13.27.05:965][800]LogBlueprintUserMessages: [BP_FloorTile_C_1] Hello
[2019.01.03-13.27.05:966][800]LogBlueprintUserMessages: [BP_FloorTile_C_2] Hello
[2019.01.03-13.27.05:968][800]LogBlueprintUserMessages: [BP_FloorTile_C_3] Hello
[2019.01.03-13.27.05:969][800]LogBlueprintUserMessages: [BP_FloorTile_C_4] Hello
[2019.01.03-13.27.05:974][800]LogBlueprintUserMessages: [BP_FloorTile_C_5] Hello
[2019.01.03-13.27.05:978][800]LogBlueprintUserMessages: [BP_FloorTile_C_6] Hello
[2019.01.03-13.27.05:980][800]LogBlueprintUserMessages: [BP_FloorTile_C_7] Hello
[2019.01.03-13.27.05:982][800]LogBlueprintUserMessages: [BP_FloorTile_C_8] Hello
[2019.01.03-13.27.05:984][800]LogBlueprintUserMessages: [BP_FloorTile_C_9] Hello
[2019.01.03-13.27.05:984][800]LogLoad: Took 0.090623 seconds to LoadMap(/Game/ThirdPersonBP/Levels/UEDPIE_0_Level1)
[2019.01.03-13.27.07:089][824]LogBlueprintUserMessages: [BP_FloorTile_C_10] Hello
[2019.01.03-13.27.07:773][839]LogBlueprintUserMessages: [BP_FloorTile_C_11] Hello
[2019.01.03-13.27.08:446][857]Cmd: RestartLevel
[2019.01.03-13.27.08:482][858]LogNet: Browse: /Game/ThirdPersonBP/Levels/Level1?restart
[2019.01.03-13.27.08:519][858]LogLoad: LoadMap: /Game/ThirdPersonBP/Levels/Level1
[2019.01.03-13.27.08:592][858]LogPlayLevel: Creating play world package: /Game/ThirdPersonBP/Levels/UEDPIE_0_Level1
[2019.01.03-13.27.08:596][858]LogPlayLevel: PIE: StaticDuplicateObject took: (0.004801s)
[2019.01.03-13.27.08:598][858]LogAIModule: Creating AISystem for world Level1
[2019.01.03-13.27.08:598][858]LogPlayLevel: PIE: World Init took: (0.001580s)
[2019.01.03-13.27.08:598][858]LogPlayLevel: PIE: Created PIE world by copying editor world from /Game/ThirdPersonBP/Levels/Level1.Level1 to /Game/ThirdPersonBP/Levels/UEDPIE_0_Level1.Level1 (0.006789s)
[2019.01.03-13.27.08:598][858]LogLoad: Game class is 'RunGameMode_C'
[2019.01.03-13.27.08:602][858]LogWorld: Bringing World /Game/ThirdPersonBP/Levels/UEDPIE_0_Level1.Level1 up for play (max tick rate 60) at 2019.01.03-15.27.08
[2019.01.03-13.27.08:603][858]LogWorld: Bringing up level for play took: 0.002751
[2019.01.03-13.27.08:615][858]LogBlueprintUserMessages: [BP_FloorTile_C_0] Hello
[2019.01.03-13.27.08:624][858]LogBlueprintUserMessages: [BP_FloorTile_C_1] Hello
[2019.01.03-13.27.08:633][858]LogBlueprintUserMessages: [BP_FloorTile_C_2] Hello
[2019.01.03-13.27.08:636][858]LogBlueprintUserMessages: [BP_FloorTile_C_3] Hello
[2019.01.03-13.27.08:638][858]LogBlueprintUserMessages: [BP_FloorTile_C_4] Hello
[2019.01.03-13.27.08:641][858]LogBlueprintUserMessages: [BP_FloorTile_C_5] Hello
[2019.01.03-13.27.08:643][858]LogBlueprintUserMessages: [BP_FloorTile_C_6] Hello
[2019.01.03-13.27.08:650][858]LogBlueprintUserMessages: [BP_FloorTile_C_7] Hello
[2019.01.03-13.27.08:656][858]LogBlueprintUserMessages: [BP_FloorTile_C_8] Hello
[2019.01.03-13.27.08:659][858]LogBlueprintUserMessages: [BP_FloorTile_C_9] Hello
[2019.01.03-13.27.08:659][858]LogLoad: Took 0.139783 seconds to LoadMap(/Game/ThirdPersonBP/Levels/UEDPIE_0_Level1)
[2019.01.03-13.27.09:263][867]LogBlueprintUserMessages: [BP_FloorTile_C_10] Hello
[2019.01.03-13.27.09:702][873]LogBlueprintUserMessages: [BP_FloorTile_C_11] Hello
[2019.01.03-13.27.09:904][876]LogBlueprintUserMessages: [BP_FloorTile_C_12] Hello
[2019.01.03-13.27.10:411][883]LogBlueprintUserMessages: [BP_FloorTile_C_13] Hello
[2019.01.03-13.27.10:615][887]LogBlueprintUserMessages: [BP_FloorTile_C_14] Hello
[2019.01.03-13.27.11:067][896]LogBlueprintUserMessages: [BP_FloorTile_C_15] Hello
[2019.01.03-13.27.11:252][900]LogBlueprintUserMessages: [BP_FloorTile_C_16] Hello
[2019.01.03-13.27.13:597][965]Cmd: RestartLevel
[2019.01.03-13.27.13:631][966]LogNet: Browse: /Game/ThirdPersonBP/Levels/Level1?restart
[2019.01.03-13.27.13:670][966]LogLoad: LoadMap: /Game/ThirdPersonBP/Levels/Level1
[2019.01.03-13.27.13:723][966]LogPlayLevel: Creating play world package: /Game/ThirdPersonBP/Levels/UEDPIE_0_Level1
[2019.01.03-13.27.13:727][966]LogPlayLevel: PIE: StaticDuplicateObject took: (0.003471s)
[2019.01.03-13.27.13:728][966]LogAIModule: Creating AISystem for world Level1
[2019.01.03-13.27.13:728][966]LogPlayLevel: PIE: World Init took: (0.000947s)
[2019.01.03-13.27.13:728][966]LogPlayLevel: PIE: Created PIE world by copying editor world from /Game/ThirdPersonBP/Levels/Level1.Level1 to /Game/ThirdPersonBP/Levels/UEDPIE_0_Level1.Level1 (0.004648s)
[2019.01.03-13.27.13:728][966]LogLoad: Game class is 'RunGameMode_C'
[2019.01.03-13.27.13:733][966]LogWorld: Bringing World /Game/ThirdPersonBP/Levels/UEDPIE_0_Level1.Level1 up for play (max tick rate 60) at 2019.01.03-15.27.13
[2019.01.03-13.27.13:736][966]LogWorld: Bringing up level for play took: 0.007137
[2019.01.03-13.27.13:744][966]LogBlueprintUserMessages: [BP_FloorTile_C_0] Hello
[2019.01.03-13.27.13:746][966]LogBlueprintUserMessages: [BP_FloorTile_C_1] Hello
[2019.01.03-13.27.13:748][966]LogBlueprintUserMessages: [BP_FloorTile_C_2] Hello
[2019.01.03-13.27.13:752][966]LogBlueprintUserMessages: [BP_FloorTile_C_3] Hello
[2019.01.03-13.27.13:757][966]LogBlueprintUserMessages: [BP_FloorTile_C_4] Hello
[2019.01.03-13.27.13:758][966]LogBlueprintUserMessages: [BP_FloorTile_C_5] Hello
[2019.01.03-13.27.13:763][966]LogBlueprintUserMessages: [BP_FloorTile_C_6] Hello
[2019.01.03-13.27.13:765][966]LogBlueprintUserMessages: [BP_FloorTile_C_7] Hello
[2019.01.03-13.27.13:766][966]LogBlueprintUserMessages: [BP_FloorTile_C_8] Hello
[2019.01.03-13.27.13:771][966]LogBlueprintUserMessages: [BP_FloorTile_C_9] Hello
[2019.01.03-13.27.13:772][966]LogLoad: Took 0.101056 seconds to LoadMap(/Game/ThirdPersonBP/Levels/UEDPIE_0_Level1)
[2019.01.03-13.27.14:442][978]LogBlueprintUserMessages: [BP_FloorTile_C_10] Hello
[2019.01.03-13.27.14:862][986]LogBlueprintUserMessages: [BP_FloorTile_C_11] Hello
[2019.01.03-13.27.15:532][  1]LogBlueprintUserMessages: [BP_FloorTile_C_12] Hello
[2019.01.03-13.27.16:914][ 36]Cmd: RestartLevel
[2019.01.03-13.27.16:956][ 37]LogNet: Browse: /Game/ThirdPersonBP/Levels/Level1?restart
[2019.01.03-13.27.16:990][ 37]LogLoad: LoadMap: /Game/ThirdPersonBP/Levels/Level1
[2019.01.03-13.27.17:040][ 37]LogPlayLevel: Creating play world package: /Game/ThirdPersonBP/Levels/UEDPIE_0_Level1
[2019.01.03-13.27.17:044][ 37]LogPlayLevel: PIE: StaticDuplicateObject took: (0.003382s)
[2019.01.03-13.27.17:044][ 37]LogAIModule: Creating AISystem for world Level1
[2019.01.03-13.27.17:045][ 37]LogPlayLevel: PIE: World Init took: (0.001010s)
[2019.01.03-13.27.17:045][ 37]LogPlayLevel: PIE: Created PIE world by copying editor world from /Game/ThirdPersonBP/Levels/Level1.Level1 to /Game/ThirdPersonBP/Levels/UEDPIE_0_Level1.Level1 (0.004653s)
[2019.01.03-13.27.17:045][ 37]LogLoad: Game class is 'RunGameMode_C'
[2019.01.03-13.27.17:047][ 37]LogWorld: Bringing World /Game/ThirdPersonBP/Levels/UEDPIE_0_Level1.Level1 up for play (max tick rate 60) at 2019.01.03-15.27.17
[2019.01.03-13.27.17:047][ 37]LogWorld: Bringing up level for play took: 0.001971
[2019.01.03-13.27.17:056][ 37]LogBlueprintUserMessages: [BP_FloorTile_C_0] Hello
[2019.01.03-13.27.17:061][ 37]LogBlueprintUserMessages: [BP_FloorTile_C_1] Hello
[2019.01.03-13.27.17:065][ 37]LogBlueprintUserMessages: [BP_FloorTile_C_2] Hello
[2019.01.03-13.27.17:067][ 37]LogBlueprintUserMessages: [BP_FloorTile_C_3] Hello
[2019.01.03-13.27.17:068][ 37]LogBlueprintUserMessages: [BP_FloorTile_C_4] Hello
[2019.01.03-13.27.17:073][ 37]LogBlueprintUserMessages: [BP_FloorTile_C_5] Hello
[2019.01.03-13.27.17:074][ 37]LogBlueprintUserMessages: [BP_FloorTile_C_6] Hello
[2019.01.03-13.27.17:076][ 37]LogBlueprintUserMessages: [BP_FloorTile_C_7] Hello
[2019.01.03-13.27.17:081][ 37]LogBlueprintUserMessages: [BP_FloorTile_C_8] Hello
[2019.01.03-13.27.17:082][ 37]LogBlueprintUserMessages: [BP_FloorTile_C_9] Hello
[2019.01.03-13.27.17:082][ 37]LogLoad: Took 0.092180 seconds to LoadMap(/Game/ThirdPersonBP/Levels/UEDPIE_0_Level1)
[2019.01.03-13.27.17:712][ 46]LogBlueprintUserMessages: [BP_FloorTile_C_10] Hello
[2019.01.03-13.27.18:246][ 54]LogBlueprintUserMessages: [BP_FloorTile_C_11] Hello
[2019.01.03-13.27.18:398][ 56]LogBlueprintUserMessages: [BP_FloorTile_C_12] Hello
[2019.01.03-13.27.18:861][ 63]LogBlueprintUserMessages: [BP_FloorTile_C_13] Hello
[2019.01.03-13.27.19:099][ 67]LogBlueprintUserMessages: [BP_FloorTile_C_14] Hello
[2019.01.03-13.27.19:537][ 75]LogBlueprintUserMessages: [BP_FloorTile_C_15] Hello
[2019.01.03-13.27.19:742][ 79]LogBlueprintUserMessages: [BP_FloorTile_C_16] Hello
[2019.01.03-13.27.20:226][ 90]LogBlueprintUserMessages: [BP_FloorTile_C_17] Hello
[2019.01.03-13.27.20:414][ 94]LogBlueprintUserMessages: [BP_FloorTile_C_18] Hello
[2019.01.03-13.27.21:082][107]LogBlueprintUserMessages: [BP_FloorTile_C_19] Hello
[2019.01.03-13.27.21:745][122]LogBlueprintUserMessages: [BP_FloorTile_C_20] Hello
[2019.01.03-13.27.22:385][137]LogBlueprintUserMessages: [BP_FloorTile_C_21] Hello
[2019.01.03-13.27.22:741][144]Cmd: RestartLevel
[2019.01.03-13.27.22:788][145]LogNet: Browse: /Game/ThirdPersonBP/Levels/Level1?restart
[2019.01.03-13.27.22:838][145]LogLoad: LoadMap: /Game/ThirdPersonBP/Levels/Level1
[2019.01.03-13.27.22:900][145]LogPlayLevel: Creating play world package: /Game/ThirdPersonBP/Levels/UEDPIE_0_Level1
[2019.01.03-13.27.22:904][145]LogPlayLevel: PIE: StaticDuplicateObject took: (0.003925s)
[2019.01.03-13.27.22:905][145]LogAIModule: Creating AISystem for world Level1
[2019.01.03-13.27.22:905][145]LogPlayLevel: PIE: World Init took: (0.001077s)
[2019.01.03-13.27.22:905][145]LogPlayLevel: PIE: Created PIE world by copying editor world from /Game/ThirdPersonBP/Levels/Level1.Level1 to /Game/ThirdPersonBP/Levels/UEDPIE_0_Level1.Level1 (0.005262s)
[2019.01.03-13.27.22:906][145]LogLoad: Game class is 'RunGameMode_C'
[2019.01.03-13.27.22:908][145]LogWorld: Bringing World /Game/ThirdPersonBP/Levels/UEDPIE_0_Level1.Level1 up for play (max tick rate 60) at 2019.01.03-15.27.22
[2019.01.03-13.27.22:909][145]LogWorld: Bringing up level for play took: 0.002943
[2019.01.03-13.27.22:919][145]LogBlueprintUserMessages: [BP_FloorTile_C_0] Hello
[2019.01.03-13.27.22:921][145]LogBlueprintUserMessages: [BP_FloorTile_C_1] Hello
[2019.01.03-13.27.22:923][145]LogBlueprintUserMessages: [BP_FloorTile_C_2] Hello
[2019.01.03-13.27.22:925][145]LogBlueprintUserMessages: [BP_FloorTile_C_3] Hello
[2019.01.03-13.27.22:927][145]LogBlueprintUserMessages: [BP_FloorTile_C_4] Hello
[2019.01.03-13.27.22:928][145]LogBlueprintUserMessages: [BP_FloorTile_C_5] Hello
[2019.01.03-13.27.22:934][145]LogBlueprintUserMessages: [BP_FloorTile_C_6] Hello
[2019.01.03-13.27.22:936][145]LogBlueprintUserMessages: [BP_FloorTile_C_7] Hello
[2019.01.03-13.27.22:942][145]LogBlueprintUserMessages: [BP_FloorTile_C_8] Hello
[2019.01.03-13.27.22:951][145]LogBlueprintUserMessages: [BP_FloorTile_C_9] Hello
[2019.01.03-13.27.22:951][145]LogLoad: Took 0.112896 seconds to LoadMap(/Game/ThirdPersonBP/Levels/UEDPIE_0_Level1)
[2019.01.03-13.27.23:546][157]LogBlueprintUserMessages: [BP_FloorTile_C_10] Hello
[2019.01.03-13.27.23:995][167]LogBlueprintUserMessages: [BP_FloorTile_C_11] Hello
[2019.01.03-13.27.24:232][173]LogBlueprintUserMessages: [BP_FloorTile_C_12] Hello
[2019.01.03-13.27.24:885][193]LogBlueprintUserMessages: [BP_FloorTile_C_13] Hello
[2019.01.03-13.27.25:570][214]LogBlueprintUserMessages: [BP_FloorTile_C_14] Hello
[2019.01.03-13.27.26:251][233]LogBlueprintUserMessages: [BP_FloorTile_C_15] Hello
[2019.01.03-13.27.26:563][241]Cmd: RestartLevel
[2019.01.03-13.27.26:610][242]LogNet: Browse: /Game/ThirdPersonBP/Levels/Level1?restart
[2019.01.03-13.27.26:660][242]LogLoad: LoadMap: /Game/ThirdPersonBP/Levels/Level1
[2019.01.03-13.27.26:733][242]LogPlayLevel: Creating play world package: /Game/ThirdPersonBP/Levels/UEDPIE_0_Level1
[2019.01.03-13.27.26:737][242]LogPlayLevel: PIE: StaticDuplicateObject took: (0.003866s)
[2019.01.03-13.27.26:738][242]LogAIModule: Creating AISystem for world Level1
[2019.01.03-13.27.26:738][242]LogPlayLevel: PIE: World Init took: (0.000968s)
[2019.01.03-13.27.26:738][242]LogPlayLevel: PIE: Created PIE world by copying editor world from /Game/ThirdPersonBP/Levels/Level1.Level1 to /Game/ThirdPersonBP/Levels/UEDPIE_0_Level1.Level1 (0.005109s)
[2019.01.03-13.27.26:738][242]LogLoad: Game class is 'RunGameMode_C'
[2019.01.03-13.27.26:740][242]LogWorld: Bringing World /Game/ThirdPersonBP/Levels/UEDPIE_0_Level1.Level1 up for play (max tick rate 60) at 2019.01.03-15.27.26
[2019.01.03-13.27.26:741][242]LogWorld: Bringing up level for play took: 0.002221
[2019.01.03-13.27.26:746][242]LogBlueprintUserMessages: [BP_FloorTile_C_0] Hello
[2019.01.03-13.27.26:751][242]LogBlueprintUserMessages: [BP_FloorTile_C_1] Hello
[2019.01.03-13.27.26:753][242]LogBlueprintUserMessages: [BP_FloorTile_C_2] Hello
[2019.01.03-13.27.26:755][242]LogBlueprintUserMessages: [BP_FloorTile_C_3] Hello
[2019.01.03-13.27.26:757][242]LogBlueprintUserMessages: [BP_FloorTile_C_4] Hello
[2019.01.03-13.27.26:758][242]LogBlueprintUserMessages: [BP_FloorTile_C_5] Hello
[2019.01.03-13.27.26:763][242]LogBlueprintUserMessages: [BP_FloorTile_C_6] Hello
[2019.01.03-13.27.26:768][242]LogBlueprintUserMessages: [BP_FloorTile_C_7] Hello
[2019.01.03-13.27.26:773][242]LogBlueprintUserMessages: [BP_FloorTile_C_8] Hello
[2019.01.03-13.27.26:774][242]LogBlueprintUserMessages: [BP_FloorTile_C_9] Hello
[2019.01.03-13.27.26:774][242]LogLoad: Took 0.114762 seconds to LoadMap(/Game/ThirdPersonBP/Levels/UEDPIE_0_Level1)
[2019.01.03-13.27.27:390][255]LogBlueprintUserMessages: [BP_FloorTile_C_10] Hello
[2019.01.03-13.27.28:050][268]LogBlueprintUserMessages: [BP_FloorTile_C_11] Hello
[2019.01.03-13.27.28:716][285]LogBlueprintUserMessages: [BP_FloorTile_C_12] Hello
[2019.01.03-13.27.29:395][305]LogBlueprintUserMessages: [BP_FloorTile_C_13] Hello
[2019.01.03-13.27.29:727][314]Cmd: RestartLevel
[2019.01.03-13.27.29:771][315]LogNet: Browse: /Game/ThirdPersonBP/Levels/Level1?restart
[2019.01.03-13.27.29:804][315]LogLoad: LoadMap: /Game/ThirdPersonBP/Levels/Level1
[2019.01.03-13.27.29:861][315]LogPlayLevel: Creating play world package: /Game/ThirdPersonBP/Levels/UEDPIE_0_Level1
[2019.01.03-13.27.29:865][315]LogPlayLevel: PIE: StaticDuplicateObject took: (0.003899s)
[2019.01.03-13.27.29:866][315]LogAIModule: Creating AISystem for world Level1
[2019.01.03-13.27.29:866][315]LogPlayLevel: PIE: World Init took: (0.001078s)
[2019.01.03-13.27.29:866][315]LogPlayLevel: PIE: Created PIE world by copying editor world from /Game/ThirdPersonBP/Levels/Level1.Level1 to /Game/ThirdPersonBP/Levels/UEDPIE_0_Level1.Level1 (0.005254s)
[2019.01.03-13.27.29:866][315]LogLoad: Game class is 'RunGameMode_C'
[2019.01.03-13.27.29:869][315]LogWorld: Bringing World /Game/ThirdPersonBP/Levels/UEDPIE_0_Level1.Level1 up for play (max tick rate 60) at 2019.01.03-15.27.29
[2019.01.03-13.27.29:870][315]LogWorld: Bringing up level for play took: 0.002512
[2019.01.03-13.27.29:880][315]LogBlueprintUserMessages: [BP_FloorTile_C_0] Hello
[2019.01.03-13.27.29:883][315]LogBlueprintUserMessages: [BP_FloorTile_C_1] Hello
[2019.01.03-13.27.29:889][315]LogBlueprintUserMessages: [BP_FloorTile_C_2] Hello
[2019.01.03-13.27.29:891][315]LogBlueprintUserMessages: [BP_FloorTile_C_3] Hello
[2019.01.03-13.27.29:893][315]LogBlueprintUserMessages: [BP_FloorTile_C_4] Hello
[2019.01.03-13.27.29:895][315]LogBlueprintUserMessages: [BP_FloorTile_C_5] Hello
[2019.01.03-13.27.29:901][315]LogBlueprintUserMessages: [BP_FloorTile_C_6] Hello
[2019.01.03-13.27.29:903][315]LogBlueprintUserMessages: [BP_FloorTile_C_7] Hello
[2019.01.03-13.27.29:905][315]LogBlueprintUserMessages: [BP_FloorTile_C_8] Hello
[2019.01.03-13.27.29:907][315]LogBlueprintUserMessages: [BP_FloorTile_C_9] Hello
[2019.01.03-13.27.29:907][315]LogLoad: Took 0.103098 seconds to LoadMap(/Game/ThirdPersonBP/Levels/UEDPIE_0_Level1)
[2019.01.03-13.27.30:545][327]LogBlueprintUserMessages: [BP_FloorTile_C_10] Hello
[2019.01.03-13.27.31:012][336]LogBlueprintUserMessages: [BP_FloorTile_C_11] Hello
[2019.01.03-13.27.31:211][340]LogBlueprintUserMessages: [BP_FloorTile_C_12] Hello
[2019.01.03-13.27.31:679][349]LogBlueprintUserMessages: [BP_FloorTile_C_13] Hello
[2019.01.03-13.27.31:902][353]LogBlueprintUserMessages: [BP_FloorTile_C_14] Hello
[2019.01.03-13.27.32:344][363]LogBlueprintUserMessages: [BP_FloorTile_C_15] Hello
[2019.01.03-13.27.32:547][368]LogBlueprintUserMessages: [BP_FloorTile_C_16] Hello
[2019.01.03-13.27.33:224][387]LogBlueprintUserMessages: [BP_FloorTile_C_17] Hello
[2019.01.03-13.27.33:870][403]LogBlueprintUserMessages: [BP_FloorTile_C_18] Hello
[2019.01.03-13.27.34:555][417]LogBlueprintUserMessages: [BP_FloorTile_C_19] Hello
[2019.01.03-13.27.34:887][425]Cmd: RestartLevel
[2019.01.03-13.27.34:925][426]LogNet: Browse: /Game/ThirdPersonBP/Levels/Level1?restart
[2019.01.03-13.27.34:964][426]LogLoad: LoadMap: /Game/ThirdPersonBP/Levels/Level1
[2019.01.03-13.27.35:023][426]LogPlayLevel: Creating play world package: /Game/ThirdPersonBP/Levels/UEDPIE_0_Level1
[2019.01.03-13.27.35:027][426]LogPlayLevel: PIE: StaticDuplicateObject took: (0.003916s)
[2019.01.03-13.27.35:028][426]LogAIModule: Creating AISystem for world Level1
[2019.01.03-13.27.35:028][426]LogPlayLevel: PIE: World Init took: (0.001078s)
[2019.01.03-13.27.35:028][426]LogPlayLevel: PIE: Created PIE world by copying editor world from /Game/ThirdPersonBP/Levels/Level1.Level1 to /Game/ThirdPersonBP/Levels/UEDPIE_0_Level1.Level1 (0.005265s)
[2019.01.03-13.27.35:028][426]LogLoad: Game class is 'RunGameMode_C'
[2019.01.03-13.27.35:031][426]LogWorld: Bringing World /Game/ThirdPersonBP/Levels/UEDPIE_0_Level1.Level1 up for play (max tick rate 60) at 2019.01.03-15.27.35
[2019.01.03-13.27.35:032][426]LogWorld: Bringing up level for play took: 0.002481
[2019.01.03-13.27.35:038][426]LogBlueprintUserMessages: [BP_FloorTile_C_0] Hello
[2019.01.03-13.27.35:040][426]LogBlueprintUserMessages: [BP_FloorTile_C_1] Hello
[2019.01.03-13.27.35:042][426]LogBlueprintUserMessages: [BP_FloorTile_C_2] Hello
[2019.01.03-13.27.35:043][426]LogBlueprintUserMessages: [BP_FloorTile_C_3] Hello
[2019.01.03-13.27.35:045][426]LogBlueprintUserMessages: [BP_FloorTile_C_4] Hello
[2019.01.03-13.27.35:051][426]LogBlueprintUserMessages: [BP_FloorTile_C_5] Hello
[2019.01.03-13.27.35:053][426]LogBlueprintUserMessages: [BP_FloorTile_C_6] Hello
[2019.01.03-13.27.35:058][426]LogBlueprintUserMessages: [BP_FloorTile_C_7] Hello
[2019.01.03-13.27.35:060][426]LogBlueprintUserMessages: [BP_FloorTile_C_8] Hello
[2019.01.03-13.27.35:062][426]LogBlueprintUserMessages: [BP_FloorTile_C_9] Hello
[2019.01.03-13.27.35:062][426]LogLoad: Took 0.098492 seconds to LoadMap(/Game/ThirdPersonBP/Levels/UEDPIE_0_Level1)
[2019.01.03-13.27.35:702][445]LogBlueprintUserMessages: [BP_FloorTile_C_10] Hello
[2019.01.03-13.27.38:033][520]Cmd: RestartLevel
[2019.01.03-13.27.38:070][521]LogNet: Browse: /Game/ThirdPersonBP/Levels/Level1?restart
[2019.01.03-13.27.38:097][521]LogLoad: LoadMap: /Game/ThirdPersonBP/Levels/Level1
[2019.01.03-13.27.38:153][521]LogPlayLevel: Creating play world package: /Game/ThirdPersonBP/Levels/UEDPIE_0_Level1
[2019.01.03-13.27.38:157][521]LogPlayLevel: PIE: StaticDuplicateObject took: (0.004182s)
[2019.01.03-13.27.38:158][521]LogAIModule: Creating AISystem for world Level1
[2019.01.03-13.27.38:159][521]LogPlayLevel: PIE: World Init took: (0.001130s)
[2019.01.03-13.27.38:159][521]LogPlayLevel: PIE: Created PIE world by copying editor world from /Game/ThirdPersonBP/Levels/Level1.Level1 to /Game/ThirdPersonBP/Levels/UEDPIE_0_Level1.Level1 (0.005600s)
[2019.01.03-13.27.38:159][521]LogLoad: Game class is 'RunGameMode_C'
[2019.01.03-13.27.38:162][521]LogWorld: Bringing World /Game/ThirdPersonBP/Levels/UEDPIE_0_Level1.Level1 up for play (max tick rate 60) at 2019.01.03-15.27.38
[2019.01.03-13.27.38:162][521]LogWorld: Bringing up level for play took: 0.002450
[2019.01.03-13.27.38:168][521]LogBlueprintUserMessages: [BP_FloorTile_C_0] Hello
[2019.01.03-13.27.38:173][521]LogBlueprintUserMessages: [BP_FloorTile_C_1] Hello
[2019.01.03-13.27.38:179][521]LogBlueprintUserMessages: [BP_FloorTile_C_2] Hello
[2019.01.03-13.27.38:181][521]LogBlueprintUserMessages: [BP_FloorTile_C_3] Hello
[2019.01.03-13.27.38:186][521]LogBlueprintUserMessages: [BP_FloorTile_C_4] Hello
[2019.01.03-13.27.38:188][521]LogBlueprintUserMessages: [BP_FloorTile_C_5] Hello
[2019.01.03-13.27.38:194][521]LogBlueprintUserMessages: [BP_FloorTile_C_6] Hello
[2019.01.03-13.27.38:196][521]LogBlueprintUserMessages: [BP_FloorTile_C_7] Hello
[2019.01.03-13.27.38:202][521]LogBlueprintUserMessages: [BP_FloorTile_C_8] Hello
[2019.01.03-13.27.38:204][521]LogBlueprintUserMessages: [BP_FloorTile_C_9] Hello
[2019.01.03-13.27.38:204][521]LogLoad: Took 0.107060 seconds to LoadMap(/Game/ThirdPersonBP/Levels/UEDPIE_0_Level1)
[2019.01.03-13.27.38:848][533]LogBlueprintUserMessages: [BP_FloorTile_C_10] Hello
[2019.01.03-13.27.39:342][541]LogBlueprintUserMessages: [BP_FloorTile_C_11] Hello
[2019.01.03-13.27.39:534][544]LogBlueprintUserMessages: [BP_FloorTile_C_12] Hello
[2019.01.03-13.27.40:001][551]LogBlueprintUserMessages: [BP_FloorTile_C_13] Hello
[2019.01.03-13.27.40:197][554]LogBlueprintUserMessages: [BP_FloorTile_C_14] Hello
[2019.01.03-13.27.40:633][561]LogBlueprintUserMessages: [BP_FloorTile_C_15] Hello
[2019.01.03-13.27.40:933][566]LogBlueprintUserMessages: [BP_FloorTile_C_16] Hello
[2019.01.03-13.27.41:314][572]LogBlueprintUserMessages: [BP_FloorTile_C_17] Hello
[2019.01.03-13.27.42:005][584]LogBlueprintUserMessages: [BP_FloorTile_C_18] Hello
[2019.01.03-13.27.42:778][598]Cmd: RestartLevel
[2019.01.03-13.27.42:828][599]LogNet: Browse: /Game/ThirdPersonBP/Levels/Level1?restart
[2019.01.03-13.27.42:887][599]LogLoad: LoadMap: /Game/ThirdPersonBP/Levels/Level1
[2019.01.03-13.27.42:988][599]LogPlayLevel: Creating play world package: /Game/ThirdPersonBP/Levels/UEDPIE_0_Level1
[2019.01.03-13.27.42:993][599]LogPlayLevel: PIE: StaticDuplicateObject took: (0.004437s)
[2019.01.03-13.27.42:994][599]LogAIModule: Creating AISystem for world Level1
[2019.01.03-13.27.42:994][599]LogPlayLevel: PIE: World Init took: (0.001114s)
[2019.01.03-13.27.42:994][599]LogPlayLevel: PIE: Created PIE world by copying editor world from /Game/ThirdPersonBP/Levels/Level1.Level1 to /Game/ThirdPersonBP/Levels/UEDPIE_0_Level1.Level1 (0.005847s)
[2019.01.03-13.27.42:994][599]LogLoad: Game class is 'RunGameMode_C'
[2019.01.03-13.27.42:997][599]LogWorld: Bringing World /Game/ThirdPersonBP/Levels/UEDPIE_0_Level1.Level1 up for play (max tick rate 60) at 2019.01.03-15.27.42
[2019.01.03-13.27.42:997][599]LogWorld: Bringing up level for play took: 0.002412
[2019.01.03-13.27.43:004][599]LogBlueprintUserMessages: [BP_FloorTile_C_0] Hello
[2019.01.03-13.27.43:010][599]LogBlueprintUserMessages: [BP_FloorTile_C_1] Hello
[2019.01.03-13.27.43:016][599]LogBlueprintUserMessages: [BP_FloorTile_C_2] Hello
[2019.01.03-13.27.43:022][599]LogBlueprintUserMessages: [BP_FloorTile_C_3] Hello
[2019.01.03-13.27.43:027][599]LogBlueprintUserMessages: [BP_FloorTile_C_4] Hello
[2019.01.03-13.27.43:033][599]LogBlueprintUserMessages: [BP_FloorTile_C_5] Hello
[2019.01.03-13.27.43:039][599]LogBlueprintUserMessages: [BP_FloorTile_C_6] Hello
[2019.01.03-13.27.43:041][599]LogBlueprintUserMessages: [BP_FloorTile_C_7] Hello
[2019.01.03-13.27.43:043][599]LogBlueprintUserMessages: [BP_FloorTile_C_8] Hello
[2019.01.03-13.27.43:045][599]LogBlueprintUserMessages: [BP_FloorTile_C_9] Hello
[2019.01.03-13.27.43:045][599]LogLoad: Took 0.158965 seconds to LoadMap(/Game/ThirdPersonBP/Levels/UEDPIE_0_Level1)
[2019.01.03-13.27.43:566][608]LogSlate: Updating window title bar state: overlay mode, drag disabled, window buttons hidden, title bar hidden
[2019.01.03-13.27.43:717][608]LogPlayLevel: Display: Shutting down PIE online subsystems
[2019.01.03-13.27.43:771][608]LogSlate: Updating window title bar state: overlay mode, drag disabled, window buttons hidden, title bar hidden
[2019.01.03-13.27.43:802][609]LogPlayLevel: Display: Destroying online subsystem :Context_4
[2019.01.03-13.27.46:978][718]LogSlate: FSceneViewport::OnFocusLost() reason 0
[2019.01.03-13.27.52:608][853]LogAssetEditorManager: Opening Asset editor for Blueprint /Game/ThirdPersonBP/Blueprints/RunCharacter.RunCharacter
[2019.01.03-13.27.53:591][853]LogContentBrowser: Native class hierarchy updated for 'BlueprintGraph' in 0.0018 seconds. Added 116 classes and 0 folders.
[2019.01.03-13.27.54:999][853]LogSlate: Took 0.001672 seconds to synchronously load lazily loaded font '../../../Engine/Content/Slate/Fonts/Roboto-BoldCondensed.ttf' (158K)
[2019.01.03-13.28.00:062][137]LogSlate: Took 0.002033 seconds to synchronously load lazily loaded font '../../../Engine/Content/Slate/Fonts/Roboto-Italic.ttf' (157K)
[2019.01.03-13.28.40:568][520]LogSlate: Took 0.023072 seconds to synchronously load lazily loaded font '../../../Engine/Content/Slate/Fonts/DroidSansFallback.ttf' (3848K)
[2019.01.03-13.31.09:638][262]BlueprintLog: New page: Compile RunCharacter
[2019.01.03-13.31.11:963][333]LogSavePackage: Moving '../../../../../../Users/אורלי/Desktop/4-update temple run/TempleRun - tot_ 4 collect coins/Saved/RunCharacterE6ABCD4B4B9A5C350B2D5B817A5C5D0B.tmp' to '../../../../../../Users/אורלי/Desktop/4-update temple run/TempleRun - tot_ 4 collect coins/Content/ThirdPersonBP/Blueprints/RunCharacter.uasset'
[2019.01.03-13.31.14:037][421]LogTemp: Repeating last play command: Selected Viewport
[2019.01.03-13.31.14:121][421]LogPlayLevel: PlayLevel: No blueprints needed recompiling
[2019.01.03-13.31.14:122][421]PIE: New page: PIE session: Level1 (3 בינו׳ 2019, 17:31:14)
[2019.01.03-13.31.14:122][421]LogPlayLevel: Creating play world package: /Game/ThirdPersonBP/Levels/UEDPIE_0_Level1
[2019.01.03-13.31.14:129][421]LogPlayLevel: PIE: StaticDuplicateObject took: (0.006575s)
[2019.01.03-13.31.14:130][421]LogAIModule: Creating AISystem for world Level1
[2019.01.03-13.31.14:131][421]LogPlayLevel: PIE: World Init took: (0.001966s)
[2019.01.03-13.31.14:131][421]LogPlayLevel: PIE: Created PIE world by copying editor world from /Game/ThirdPersonBP/Levels/Level1.Level1 to /Game/ThirdPersonBP/Levels/UEDPIE_0_Level1.Level1 (0.008868s)
[2019.01.03-13.31.14:194][421]LogInit: XAudio2 using 'Speakers (Realtek High Definition Audio)' : 2 channels at 48 kHz using 32 bits per sample (channel mask 0x3)
[2019.01.03-13.31.14:208][421]LogInit: FAudioDevice initialized.
[2019.01.03-13.31.14:243][421]LogLoad: Game class is 'RunGameMode_C'
[2019.01.03-13.31.14:246][421]LogWorld: Bringing World /Game/ThirdPersonBP/Levels/UEDPIE_0_Level1.Level1 up for play (max tick rate 60) at 2019.01.03-15.31.14
[2019.01.03-13.31.14:247][421]LogWorld: Bringing up level for play took: 0.002616
[2019.01.03-13.31.14:273][421]LogBlueprintUserMessages: [BP_FloorTile_C_0] Hello
[2019.01.03-13.31.14:275][421]LogBlueprintUserMessages: [BP_FloorTile_C_1] Hello
[2019.01.03-13.31.14:281][421]LogBlueprintUserMessages: [BP_FloorTile_C_2] Hello
[2019.01.03-13.31.14:282][421]LogBlueprintUserMessages: [BP_FloorTile_C_3] Hello
[2019.01.03-13.31.14:288][421]LogBlueprintUserMessages: [BP_FloorTile_C_4] Hello
[2019.01.03-13.31.14:293][421]LogBlueprintUserMessages: [BP_FloorTile_C_5] Hello
[2019.01.03-13.31.14:299][421]LogBlueprintUserMessages: [BP_FloorTile_C_6] Hello
[2019.01.03-13.31.14:301][421]LogBlueprintUserMessages: [BP_FloorTile_C_7] Hello
[2019.01.03-13.31.14:303][421]LogBlueprintUserMessages: [BP_FloorTile_C_8] Hello
[2019.01.03-13.31.14:308][421]LogBlueprintUserMessages: [BP_FloorTile_C_9] Hello
[2019.01.03-13.31.14:308][421]PIE: Play in editor start time for /Game/ThirdPersonBP/Levels/UEDPIE_0_Level1 ‎-0.528
[2019.01.03-13.31.14:899][429]LogBlueprintUserMessages: [BP_FloorTile_C_10] Hello
[2019.01.03-13.31.16:063][446]LogRenderer: Reallocating scene render targets to support 996x552 Format 10 NumSamples 1 (Frame:22).
[2019.01.03-13.31.16:208][447]LogRenderer: Reallocating scene render targets to support 996x560 Format 10 NumSamples 1 (Frame:24).
[2019.01.03-13.31.16:233][447]LogBlueprintUserMessages: [BP_FloorTile_C_11] Hello
[2019.01.03-13.31.16:886][455]LogBlueprintUserMessages: [BP_FloorTile_C_12] Hello
[2019.01.03-13.31.17:566][464]LogBlueprintUserMessages: [BP_FloorTile_C_13] Hello
[2019.01.03-13.31.18:265][474]LogBlueprintUserMessages: [BP_FloorTile_C_14] Hello
[2019.01.03-13.31.18:931][484]LogBlueprintUserMessages: [BP_FloorTile_C_15] Hello
[2019.01.03-13.31.19:548][493]LogBlueprintUserMessages: [BP_FloorTile_C_16] Hello
[2019.01.03-13.31.20:210][506]LogBlueprintUserMessages: [BP_FloorTile_C_17] Hello
[2019.01.03-13.31.22:692][571]LogSlate: Updating window title bar state: overlay mode, drag disabled, window buttons hidden, title bar hidden
[2019.01.03-13.31.22:815][571]LogPlayLevel: Display: Shutting down PIE online subsystems
[2019.01.03-13.31.22:874][571]LogSlate: Updating window title bar state: overlay mode, drag disabled, window buttons hidden, title bar hidden
[2019.01.03-13.31.22:927][572]LogPlayLevel: Display: Destroying online subsystem :Context_10
[2019.01.03-13.31.27:441][693]LogSlate: FSceneViewport::OnFocusLost() reason 0
[2019.01.03-13.32.13:370][949]LogAssetEditorManager: Opening Asset editor for Blueprint /Game/ThirdPersonBP/Blueprints/RunGameMode.RunGameMode
[2019.01.03-13.32.35:677][473]LogSlate: Window 'RunGameMode' being destroyed
[2019.01.03-13.33.41:510][376]LogAssetEditorManager: Opening Asset editor for Blueprint /Game/ThirdPersonBP/Blueprints/BP_Bloker.BP_Bloker
[2019.01.03-13.35.06:001][953]LogAssetEditorManager: Opening Asset editor for Blueprint /Game/ThirdPersonBP/Blueprints/RunGameMode.RunGameMode
[2019.01.03-13.37.25:224][179]LogSavePackage: Moving '../../../../../../Users/אורלי/Desktop/4-update temple run/TempleRun - tot_ 4 collect coins/Saved/Level1_Auto14322663648167F099347ECAF0284ABBC.tmp' to '../../../../../../Users/אורלי/Desktop/4-update temple run/TempleRun - tot_ 4 collect coins/Saved/Autosaves/Game/ThirdPersonBP/Levels/Level1_Auto1.umap'
[2019.01.03-13.37.25:230][179]LogFileHelpers: Editor autosave (incl. sublevels) for '/Game/ThirdPersonBP/Levels/Level1' took 0.140
[2019.01.03-13.37.25:230][179]LogFileHelpers: Editor autosave (incl. sublevels) for all levels took 0.140
[2019.01.03-13.38.50:684][449]LogTemp: Repeating last play command: Selected Viewport
[2019.01.03-13.38.50:762][449]LogPlayLevel: PlayLevel: No blueprints needed recompiling
[2019.01.03-13.38.50:762][449]PIE: New page: PIE session: Level1 (3 בינו׳ 2019, 17:38:50)
[2019.01.03-13.38.50:763][449]LogPlayLevel: Creating play world package: /Game/ThirdPersonBP/Levels/UEDPIE_0_Level1
[2019.01.03-13.38.50:768][449]LogPlayLevel: PIE: StaticDuplicateObject took: (0.005573s)
[2019.01.03-13.38.50:769][449]LogAIModule: Creating AISystem for world Level1
[2019.01.03-13.38.50:770][449]LogPlayLevel: PIE: World Init took: (0.001568s)
[2019.01.03-13.38.50:770][449]LogPlayLevel: PIE: Created PIE world by copying editor world from /Game/ThirdPersonBP/Levels/Level1.Level1 to /Game/ThirdPersonBP/Levels/UEDPIE_0_Level1.Level1 (0.007410s)
[2019.01.03-13.38.50:825][449]LogInit: XAudio2 using 'Speakers (Realtek High Definition Audio)' : 2 channels at 48 kHz using 32 bits per sample (channel mask 0x3)
[2019.01.03-13.38.50:837][449]LogInit: FAudioDevice initialized.
[2019.01.03-13.38.50:875][449]LogLoad: Game class is 'RunGameMode_C'
[2019.01.03-13.38.50:877][449]LogWorld: Bringing World /Game/ThirdPersonBP/Levels/UEDPIE_0_Level1.Level1 up for play (max tick rate 60) at 2019.01.03-15.38.50
[2019.01.03-13.38.50:878][449]LogWorld: Bringing up level for play took: 0.002519
[2019.01.03-13.38.50:900][449]LogBlueprintUserMessages: [BP_FloorTile_C_0] Hello
[2019.01.03-13.38.50:905][449]LogBlueprintUserMessages: [BP_FloorTile_C_1] Hello
[2019.01.03-13.38.50:911][449]LogBlueprintUserMessages: [BP_FloorTile_C_2] Hello
[2019.01.03-13.38.50:913][449]LogBlueprintUserMessages: [BP_FloorTile_C_3] Hello
[2019.01.03-13.38.50:918][449]LogBlueprintUserMessages: [BP_FloorTile_C_4] Hello
[2019.01.03-13.38.50:920][449]LogBlueprintUserMessages: [BP_FloorTile_C_5] Hello
[2019.01.03-13.38.50:926][449]LogBlueprintUserMessages: [BP_FloorTile_C_6] Hello
[2019.01.03-13.38.50:927][449]LogBlueprintUserMessages: [BP_FloorTile_C_7] Hello
[2019.01.03-13.38.50:932][449]LogBlueprintUserMessages: [BP_FloorTile_C_8] Hello
[2019.01.03-13.38.50:934][449]LogBlueprintUserMessages: [BP_FloorTile_C_9] Hello
[2019.01.03-13.38.50:934][449]PIE: Play in editor start time for /Game/ThirdPersonBP/Levels/UEDPIE_0_Level1 0.098
[2019.01.03-13.38.51:564][456]LogBlueprintUserMessages: [BP_FloorTile_C_10] Hello
[2019.01.03-13.38.52:075][461]LogBlueprintUserMessages: [BP_FloorTile_C_11] Hello
[2019.01.03-13.38.52:216][464]LogBlueprintUserMessages: [BP_FloorTile_C_12] Hello
[2019.01.03-13.38.52:590][469]LogBlueprintUserMessages: [BP_FloorTile_C_13] Hello
[2019.01.03-13.38.52:856][473]LogBlueprintUserMessages: [BP_FloorTile_C_14] Hello
[2019.01.03-13.38.53:267][480]LogBlueprintUserMessages: [BP_FloorTile_C_15] Hello
[2019.01.03-13.38.53:919][491]LogBlueprintUserMessages: [BP_FloorTile_C_16] Hello
[2019.01.03-13.38.54:640][503]LogBlueprintUserMessages: [BP_FloorTile_C_17] Hello
[2019.01.03-13.38.55:261][514]LogBlueprintUserMessages: [BP_FloorTile_C_18] Hello
[2019.01.03-13.38.55:950][527]LogBlueprintUserMessages: [BP_FloorTile_C_19] Hello
[2019.01.03-13.38.56:613][540]LogBlueprintUserMessages: [BP_FloorTile_C_20] Hello
[2019.01.03-13.38.57:255][556]LogBlueprintUserMessages: [BP_FloorTile_C_21] Hello
[2019.01.03-13.38.57:699][568]LogSlate: Updating window title bar state: overlay mode, drag disabled, window buttons hidden, title bar hidden
[2019.01.03-13.38.57:835][568]LogPlayLevel: Display: Shutting down PIE online subsystems
[2019.01.03-13.38.57:898][568]LogSlate: Updating window title bar state: overlay mode, drag disabled, window buttons hidden, title bar hidden
[2019.01.03-13.38.57:938][569]LogPlayLevel: Display: Destroying online subsystem :Context_14
[2019.01.03-13.39.01:589][665]LogSlate: FSceneViewport::OnFocusLost() reason 0
[2019.01.03-15.28.05:531][ 27]LogHttp: Warning: 0000025927F08180: request failed, libcurl error: 28 (Timeout was reached)
[2019.01.03-15.28.05:531][ 27]LogHttp: Warning: 0000025927F08180: libcurl info message cache 0 (Connection 26 seems to be dead!)
[2019.01.03-15.28.05:532][ 27]LogHttp: Warning: 0000025927F08180: libcurl info message cache 1 (Closing connection 26)
[2019.01.03-15.28.05:532][ 27]LogHttp: Warning: 0000025927F08180: libcurl info message cache 2 (TLSv1.2 (OUT), TLS alert, Client hello (1):)
[2019.01.03-15.28.05:532][ 27]LogHttp: Warning: 0000025927F08180: libcurl info message cache 3 (Resolving timed out after 3531469 milliseconds)
[2019.01.03-15.28.05:532][ 27]LogHttp: Warning: 0000025927F08180: libcurl info message cache 4 (Closing connection 27)
[2019.01.03-15.28.27:713][ 44]LogSlate: Window 'RunCharacter' being destroyed
[2019.01.03-15.28.27:741][ 44]LogSlate: Window 'RunCharacter' being destroyed
[2019.01.03-15.28.32:736][ 44]LogSlate: Window 'Save Content' being destroyed
[2019.01.03-15.28.34:155][ 44]LogActorComponent: UnregisterComponent: (/Engine/Transient.EditorFloorComp) Not registered. Aborting.
[2019.01.03-15.28.35:176][ 44]LogActorComponent: UnregisterComponent: (/Engine/Transient.EditorFloorComp) Not registered. Aborting.
[2019.01.03-15.28.35:847][ 44]LogSlate: Window 'TempleRun - Unreal Editor' being destroyed
[2019.01.03-15.28.38:183][ 45]Cmd: QUIT_EDITOR
[2019.01.03-15.28.41:757][ 45]LogWindowsTextInputMethodSystem: Display: IME system now deactivated.
[2019.01.03-15.28.41:867][ 45]LogExit: Preparing to exit.
